[0.018s] Invoking command in '/home/harshdev/Learning-ROS/alffybot/build/alffy_description': CMAKE_PREFIX_PATH=${CMAKE_PREFIX_PATH}:/opt/ros/jazzy DEBUGINFOD_URLS=https://debuginfod.ubuntu.com /usr/bin/cmake /home/harshdev/Learning-ROS/alffybot/src/alffy_description -DCMAKE_INSTALL_PREFIX=/home/harshdev/Learning-ROS/alffybot/install/alffy_description
[0.105s] -- The C compiler identification is GNU 13.3.0
[0.179s] -- The CXX compiler identification is GNU 13.3.0
[0.201s] -- Detecting C compiler ABI info
[0.327s] -- Detecting C compiler ABI info - done
[0.340s] -- Check for working C compiler: /usr/bin/cc - skipped
[0.341s] -- Detecting C compile features
[0.341s] -- Detecting C compile features - done
[0.353s] -- Detecting CXX compiler ABI info
[0.485s] -- Detecting CXX compiler ABI info - done
[0.499s] -- Check for working CXX compiler: /usr/bin/c++ - skipped
[0.499s] -- Detecting CXX compile features
[0.500s] -- Detecting CXX compile features - done
[0.504s] -- Found ament_cmake: 2.5.3 (/opt/ros/jazzy/share/ament_cmake/cmake)
[0.701s] -- Found Python3: /usr/bin/python3 (found version "3.12.3") found components: Interpreter 
[0.852s] -- Found ament_lint_auto: 0.17.1 (/opt/ros/jazzy/share/ament_lint_auto/cmake)
[0.996s] -- Added test 'lint_cmake' to check CMake code style
[0.998s] -- Added test 'xmllint' to check XML markup files
[1.000s] -- Configuring done (1.0s)
[1.002s] -- Generating done (0.0s)
[1.004s] -- Build files have been written to: /home/harshdev/Learning-ROS/alffybot/build/alffy_description
[1.011s] Invoked command in '/home/harshdev/Learning-ROS/alffybot/build/alffy_description' returned '0': CMAKE_PREFIX_PATH=${CMAKE_PREFIX_PATH}:/opt/ros/jazzy DEBUGINFOD_URLS=https://debuginfod.ubuntu.com /usr/bin/cmake /home/harshdev/Learning-ROS/alffybot/src/alffy_description -DCMAKE_INSTALL_PREFIX=/home/harshdev/Learning-ROS/alffybot/install/alffy_description
[1.012s] Invoking command in '/home/harshdev/Learning-ROS/alffybot/build/alffy_description': CMAKE_PREFIX_PATH=${CMAKE_PREFIX_PATH}:/opt/ros/jazzy DEBUGINFOD_URLS=https://debuginfod.ubuntu.com /usr/bin/cmake --build /home/harshdev/Learning-ROS/alffybot/build/alffy_description -- -j12 -l12
[1.069s] Invoked command in '/home/harshdev/Learning-ROS/alffybot/build/alffy_description' returned '0': CMAKE_PREFIX_PATH=${CMAKE_PREFIX_PATH}:/opt/ros/jazzy DEBUGINFOD_URLS=https://debuginfod.ubuntu.com /usr/bin/cmake --build /home/harshdev/Learning-ROS/alffybot/build/alffy_description -- -j12 -l12
[1.082s] Invoking command in '/home/harshdev/Learning-ROS/alffybot/build/alffy_description': CMAKE_PREFIX_PATH=${CMAKE_PREFIX_PATH}:/opt/ros/jazzy DEBUGINFOD_URLS=https://debuginfod.ubuntu.com /usr/bin/cmake --install /home/harshdev/Learning-ROS/alffybot/build/alffy_description
[1.094s] -- Install configuration: ""
[1.094s] -- Installing: /home/harshdev/Learning-ROS/alffybot/install/alffy_description/share/alffy_description/launch
[1.095s] -- Installing: /home/harshdev/Learning-ROS/alffybot/install/alffy_description/share/alffy_description/meshes
[1.095s] -- Installing: /home/harshdev/Learning-ROS/alffybot/install/alffy_description/share/alffy_description/meshes/base_link.STL
[1.108s] -- Installing: /home/harshdev/Learning-ROS/alffybot/install/alffy_description/share/alffy_description/meshes/caster_front_link.STL
[1.109s] -- Installing: /home/harshdev/Learning-ROS/alffybot/install/alffy_description/share/alffy_description/meshes/imu_link.STL
[1.109s] -- Installing: /home/harshdev/Learning-ROS/alffybot/install/alffy_description/share/alffy_description/meshes/caster_rear_link.STL
[1.109s] -- Installing: /home/harshdev/Learning-ROS/alffybot/install/alffy_description/share/alffy_description/meshes/wheel_left_link.STL
[1.110s] -- Installing: /home/harshdev/Learning-ROS/alffybot/install/alffy_description/share/alffy_description/meshes/wheel_right_link.STL
[1.111s] -- Installing: /home/harshdev/Learning-ROS/alffybot/install/alffy_description/share/alffy_description/urdf
[1.111s] -- Installing: /home/harshdev/Learning-ROS/alffybot/install/alffy_description/share/alffy_description/urdf/alffy_gazebo.xacro
[1.111s] -- Installing: /home/harshdev/Learning-ROS/alffybot/install/alffy_description/share/alffy_description/urdf/alffy.urdf.xacro
[1.112s] -- Installing: /home/harshdev/Learning-ROS/alffybot/install/alffy_description/share/alffy_description/rviz
[1.112s] -- Installing: /home/harshdev/Learning-ROS/alffybot/install/alffy_description/share/ament_index/resource_index/package_run_dependencies/alffy_description
[1.112s] -- Installing: /home/harshdev/Learning-ROS/alffybot/install/alffy_description/share/ament_index/resource_index/parent_prefix_path/alffy_description
[1.112s] -- Installing: /home/harshdev/Learning-ROS/alffybot/install/alffy_description/share/alffy_description/environment/ament_prefix_path.sh
[1.112s] -- Installing: /home/harshdev/Learning-ROS/alffybot/install/alffy_description/share/alffy_description/environment/ament_prefix_path.dsv
[1.112s] -- Installing: /home/harshdev/Learning-ROS/alffybot/install/alffy_description/share/alffy_description/environment/path.sh
[1.112s] -- Installing: /home/harshdev/Learning-ROS/alffybot/install/alffy_description/share/alffy_description/environment/path.dsv
[1.112s] -- Installing: /home/harshdev/Learning-ROS/alffybot/install/alffy_description/share/alffy_description/local_setup.bash
[1.113s] -- Installing: /home/harshdev/Learning-ROS/alffybot/install/alffy_description/share/alffy_description/local_setup.sh
[1.113s] -- Installing: /home/harshdev/Learning-ROS/alffybot/install/alffy_description/share/alffy_description/local_setup.zsh
[1.113s] -- Installing: /home/harshdev/Learning-ROS/alffybot/install/alffy_description/share/alffy_description/local_setup.dsv
[1.113s] -- Installing: /home/harshdev/Learning-ROS/alffybot/install/alffy_description/share/alffy_description/package.dsv
[1.113s] -- Installing: /home/harshdev/Learning-ROS/alffybot/install/alffy_description/share/ament_index/resource_index/packages/alffy_description
[1.113s] -- Installing: /home/harshdev/Learning-ROS/alffybot/install/alffy_description/share/alffy_description/cmake/alffy_descriptionConfig.cmake
[1.113s] -- Installing: /home/harshdev/Learning-ROS/alffybot/install/alffy_description/share/alffy_description/cmake/alffy_descriptionConfig-version.cmake
[1.113s] -- Installing: /home/harshdev/Learning-ROS/alffybot/install/alffy_description/share/alffy_description/package.xml
[1.115s] Invoked command in '/home/harshdev/Learning-ROS/alffybot/build/alffy_description' returned '0': CMAKE_PREFIX_PATH=${CMAKE_PREFIX_PATH}:/opt/ros/jazzy DEBUGINFOD_URLS=https://debuginfod.ubuntu.com /usr/bin/cmake --install /home/harshdev/Learning-ROS/alffybot/build/alffy_description
