running egg_info
writing ../../build/alffy_talks/alffy_talks.egg-info/PKG-INFO
writing dependency_links to ../../build/alffy_talks/alffy_talks.egg-info/dependency_links.txt
writing entry points to ../../build/alffy_talks/alffy_talks.egg-info/entry_points.txt
writing requirements to ../../build/alffy_talks/alffy_talks.egg-info/requires.txt
writing top-level names to ../../build/alffy_talks/alffy_talks.egg-info/top_level.txt
reading manifest file '../../build/alffy_talks/alffy_talks.egg-info/SOURCES.txt'
writing manifest file '../../build/alffy_talks/alffy_talks.egg-info/SOURCES.txt'
running build
running build_py
running install
running install_lib
running install_data
running install_egg_info
removing '/home/harshdev/Learning-ROS/alffybot/install/alffy_talks/lib/python3.12/site-packages/alffy_talks-0.0.0-py3.12.egg-info' (and everything under it)
Copying ../../build/alffy_talks/alffy_talks.egg-info to /home/harshdev/Learning-ROS/alffybot/install/alffy_talks/lib/python3.12/site-packages/alffy_talks-0.0.0-py3.12.egg-info
running install_scripts
Installing parameters script to /home/harshdev/Learning-ROS/alffybot/install/alffy_talks/lib/alffy_talks
Installing publisher script to /home/harshdev/Learning-ROS/alffybot/install/alffy_talks/lib/alffy_talks
Installing subscriber script to /home/harshdev/Learning-ROS/alffybot/install/alffy_talks/lib/alffy_talks
writing list of installed files to '/home/harshdev/Learning-ROS/alffybot/build/alffy_talks/install.log'
