[0.021s] Invoking command in '/home/harshdev/Learning-ROS/articubot_one/build/articubot_one': CMAKE_PREFIX_PATH=${CMAKE_PREFIX_PATH}:/opt/ros/jazzy DEBUGINFOD_URLS=https://debuginfod.ubuntu.com /usr/bin/cmake /home/harshdev/Learning-ROS/articubot_one -DCMAKE_INSTALL_PREFIX=/home/harshdev/Learning-ROS/articubot_one/install/articubot_one
[0.228s] -- The C compiler identification is GNU 13.3.0
[0.419s] -- The CXX compiler identification is GNU 13.3.0
[0.458s] -- Detecting C compiler ABI info
[0.667s] -- Detecting C compiler ABI info - done
[0.682s] -- Check for working C compiler: /usr/bin/cc - skipped
[0.684s] -- Detecting C compile features
[0.685s] -- Detecting C compile features - done
[0.702s] -- Detecting CXX compiler ABI info
[0.855s] -- Detecting CXX compiler ABI info - done
[0.873s] -- Check for working CXX compiler: /usr/bin/c++ - skipped
[0.874s] -- Detecting CXX compile features
[0.875s] -- Detecting CXX compile features - done
[0.900s] -- Found ament_cmake: 2.5.3 (/opt/ros/jazzy/share/ament_cmake/cmake)
[1.309s] -- Found Python3: /usr/bin/python3 (found version "3.12.3") found components: Interpreter 
[1.673s] -- Found ament_lint_auto: 0.17.1 (/opt/ros/jazzy/share/ament_lint_auto/cmake)
[1.897s] -- Added test 'copyright' to check source files copyright and LICENSE
[1.908s] -- Added test 'cppcheck' to perform static code analysis on C / C++ code
[1.908s] -- Configured cppcheck include dirs: 
[1.908s] -- Configured cppcheck exclude dirs and/or files: 
[1.919s] -- Added test 'cpplint' to check C / C++ code against the Google style
[1.919s] -- Configured cpplint exclude dirs and/or files: 
[1.922s] -- Added test 'flake8' to check Python code syntax and style conventions
[1.922s] -- Configured 'flake8' exclude dirs and/or files: 
[1.926s] -- Added test 'lint_cmake' to check CMake code style
[1.929s] -- Added test 'pep257' to check Python code against some of the docstring style conventions in PEP 257
[1.940s] -- Added test 'uncrustify' to check C / C++ code style
[1.940s] -- Configured uncrustify additional arguments: 
[1.942s] -- Added test 'xmllint' to check XML markup files
[1.946s] -- Configuring done (1.9s)
[1.950s] -- Generating done (0.0s)
[1.952s] -- Build files have been written to: /home/harshdev/Learning-ROS/articubot_one/build/articubot_one
[1.960s] Invoked command in '/home/harshdev/Learning-ROS/articubot_one/build/articubot_one' returned '0': CMAKE_PREFIX_PATH=${CMAKE_PREFIX_PATH}:/opt/ros/jazzy DEBUGINFOD_URLS=https://debuginfod.ubuntu.com /usr/bin/cmake /home/harshdev/Learning-ROS/articubot_one -DCMAKE_INSTALL_PREFIX=/home/harshdev/Learning-ROS/articubot_one/install/articubot_one
[1.963s] Invoking command in '/home/harshdev/Learning-ROS/articubot_one/build/articubot_one': CMAKE_PREFIX_PATH=${CMAKE_PREFIX_PATH}:/opt/ros/jazzy DEBUGINFOD_URLS=https://debuginfod.ubuntu.com /usr/bin/cmake --build /home/harshdev/Learning-ROS/articubot_one/build/articubot_one -- -j12 -l12
[2.017s] Invoked command in '/home/harshdev/Learning-ROS/articubot_one/build/articubot_one' returned '0': CMAKE_PREFIX_PATH=${CMAKE_PREFIX_PATH}:/opt/ros/jazzy DEBUGINFOD_URLS=https://debuginfod.ubuntu.com /usr/bin/cmake --build /home/harshdev/Learning-ROS/articubot_one/build/articubot_one -- -j12 -l12
[2.032s] Invoking command in '/home/harshdev/Learning-ROS/articubot_one/build/articubot_one': CMAKE_PREFIX_PATH=${CMAKE_PREFIX_PATH}:/opt/ros/jazzy DEBUGINFOD_URLS=https://debuginfod.ubuntu.com /usr/bin/cmake --install /home/harshdev/Learning-ROS/articubot_one/build/articubot_one
[2.045s] -- Install configuration: ""
[2.045s] -- Up-to-date: /home/harshdev/Learning-ROS/articubot_one/install/articubot_one/share/articubot_one/config
[2.045s] -- Up-to-date: /home/harshdev/Learning-ROS/articubot_one/install/articubot_one/share/articubot_one/config/gz_bridge.yaml
[2.045s] -- Up-to-date: /home/harshdev/Learning-ROS/articubot_one/install/articubot_one/share/articubot_one/config/empty.yaml
[2.045s] -- Up-to-date: /home/harshdev/Learning-ROS/articubot_one/install/articubot_one/share/articubot_one/config/my_controllers.yaml
[2.045s] -- Up-to-date: /home/harshdev/Learning-ROS/articubot_one/install/articubot_one/share/articubot_one/config/nav2_params.yaml
[2.046s] -- Up-to-date: /home/harshdev/Learning-ROS/articubot_one/install/articubot_one/share/articubot_one/config/mapper_params_online_async.yaml
[2.046s] -- Up-to-date: /home/harshdev/Learning-ROS/articubot_one/install/articubot_one/share/articubot_one/config/map.rviz
[2.046s] -- Up-to-date: /home/harshdev/Learning-ROS/articubot_one/install/articubot_one/share/articubot_one/config/view_bot.rviz
[2.046s] -- Up-to-date: /home/harshdev/Learning-ROS/articubot_one/install/articubot_one/share/articubot_one/config/main.rviz
[2.046s] -- Up-to-date: /home/harshdev/Learning-ROS/articubot_one/install/articubot_one/share/articubot_one/config/gaz_ros2_ctl_use_sim.yaml
[2.046s] -- Up-to-date: /home/harshdev/Learning-ROS/articubot_one/install/articubot_one/share/articubot_one/config/ball_tracker_params_robot.yaml
[2.046s] -- Up-to-date: /home/harshdev/Learning-ROS/articubot_one/install/articubot_one/share/articubot_one/config/ball_tracker_params_sim.yaml
[2.047s] -- Up-to-date: /home/harshdev/Learning-ROS/articubot_one/install/articubot_one/share/articubot_one/config/joystick.yaml
[2.047s] -- Up-to-date: /home/harshdev/Learning-ROS/articubot_one/install/articubot_one/share/articubot_one/config/twist_mux.yaml
[2.047s] -- Up-to-date: /home/harshdev/Learning-ROS/articubot_one/install/articubot_one/share/articubot_one/config/drive_bot.rviz
[2.047s] -- Up-to-date: /home/harshdev/Learning-ROS/articubot_one/install/articubot_one/share/articubot_one/description
[2.047s] -- Up-to-date: /home/harshdev/Learning-ROS/articubot_one/install/articubot_one/share/articubot_one/description/inertial_macros.xacro
[2.047s] -- Up-to-date: /home/harshdev/Learning-ROS/articubot_one/install/articubot_one/share/articubot_one/description/depth_camera.xacro
[2.048s] -- Up-to-date: /home/harshdev/Learning-ROS/articubot_one/install/articubot_one/share/articubot_one/description/gazebo_control.xacro
[2.048s] -- Up-to-date: /home/harshdev/Learning-ROS/articubot_one/install/articubot_one/share/articubot_one/description/robot.urdf.xacro
[2.048s] -- Up-to-date: /home/harshdev/Learning-ROS/articubot_one/install/articubot_one/share/articubot_one/description/face.xacro
[2.048s] -- Up-to-date: /home/harshdev/Learning-ROS/articubot_one/install/articubot_one/share/articubot_one/description/robot_core.xacro
[2.048s] -- Up-to-date: /home/harshdev/Learning-ROS/articubot_one/install/articubot_one/share/articubot_one/description/camera.xacro
[2.048s] -- Up-to-date: /home/harshdev/Learning-ROS/articubot_one/install/articubot_one/share/articubot_one/description/ros2_control.xacro
[2.049s] -- Up-to-date: /home/harshdev/Learning-ROS/articubot_one/install/articubot_one/share/articubot_one/description/lidar.xacro
[2.049s] -- Up-to-date: /home/harshdev/Learning-ROS/articubot_one/install/articubot_one/share/articubot_one/launch
[2.049s] -- Up-to-date: /home/harshdev/Learning-ROS/articubot_one/install/articubot_one/share/articubot_one/launch/launch_robot.launch.py
[2.049s] -- Installing: /home/harshdev/Learning-ROS/articubot_one/install/articubot_one/share/articubot_one/launch/rsp.launch.py
[2.049s] -- Up-to-date: /home/harshdev/Learning-ROS/articubot_one/install/articubot_one/share/articubot_one/launch/camera.launch.py
[2.049s] -- Up-to-date: /home/harshdev/Learning-ROS/articubot_one/install/articubot_one/share/articubot_one/launch/joystick.launch.py
[2.049s] -- Up-to-date: /home/harshdev/Learning-ROS/articubot_one/install/articubot_one/share/articubot_one/launch/online_async_launch.py
[2.049s] -- Up-to-date: /home/harshdev/Learning-ROS/articubot_one/install/articubot_one/share/articubot_one/launch/launch_sim.launch.py
[2.050s] -- Up-to-date: /home/harshdev/Learning-ROS/articubot_one/install/articubot_one/share/articubot_one/launch/rplidar.launch.py
[2.050s] -- Up-to-date: /home/harshdev/Learning-ROS/articubot_one/install/articubot_one/share/articubot_one/launch/navigation_launch.py
[2.050s] -- Up-to-date: /home/harshdev/Learning-ROS/articubot_one/install/articubot_one/share/articubot_one/launch/ball_tracker.launch.py
[2.050s] -- Up-to-date: /home/harshdev/Learning-ROS/articubot_one/install/articubot_one/share/articubot_one/launch/localization_launch.py
[2.050s] -- Up-to-date: /home/harshdev/Learning-ROS/articubot_one/install/articubot_one/share/articubot_one/worlds
[2.050s] -- Up-to-date: /home/harshdev/Learning-ROS/articubot_one/install/articubot_one/share/articubot_one/worlds/obstacles.world
[2.050s] -- Installing: /home/harshdev/Learning-ROS/articubot_one/install/articubot_one/share/articubot_one/worlds/distribution_center.world
[2.051s] -- Up-to-date: /home/harshdev/Learning-ROS/articubot_one/install/articubot_one/share/articubot_one/worlds/empty.world
[2.051s] -- Installing: /home/harshdev/Learning-ROS/articubot_one/install/articubot_one/share/articubot_one/worlds/house.world
[2.051s] -- Installing: /home/harshdev/Learning-ROS/articubot_one/install/articubot_one/share/articubot_one/worlds/cafe.world
[2.051s] -- Installing: /home/harshdev/Learning-ROS/articubot_one/install/articubot_one/share/articubot_one/worlds/hospital.world
[2.051s] -- Installing: /home/harshdev/Learning-ROS/articubot_one/install/articubot_one/share/articubot_one/worlds/factory.world
[2.051s] -- Installing: /home/harshdev/Learning-ROS/articubot_one/install/articubot_one/share/ament_index/resource_index/package_run_dependencies/articubot_one
[2.051s] -- Installing: /home/harshdev/Learning-ROS/articubot_one/install/articubot_one/share/ament_index/resource_index/parent_prefix_path/articubot_one
[2.052s] -- Up-to-date: /home/harshdev/Learning-ROS/articubot_one/install/articubot_one/share/articubot_one/environment/ament_prefix_path.sh
[2.052s] -- Installing: /home/harshdev/Learning-ROS/articubot_one/install/articubot_one/share/articubot_one/environment/ament_prefix_path.dsv
[2.052s] -- Up-to-date: /home/harshdev/Learning-ROS/articubot_one/install/articubot_one/share/articubot_one/environment/path.sh
[2.052s] -- Installing: /home/harshdev/Learning-ROS/articubot_one/install/articubot_one/share/articubot_one/environment/path.dsv
[2.052s] -- Installing: /home/harshdev/Learning-ROS/articubot_one/install/articubot_one/share/articubot_one/local_setup.bash
[2.052s] -- Installing: /home/harshdev/Learning-ROS/articubot_one/install/articubot_one/share/articubot_one/local_setup.sh
[2.052s] -- Installing: /home/harshdev/Learning-ROS/articubot_one/install/articubot_one/share/articubot_one/local_setup.zsh
[2.053s] -- Installing: /home/harshdev/Learning-ROS/articubot_one/install/articubot_one/share/articubot_one/local_setup.dsv
[2.053s] -- Installing: /home/harshdev/Learning-ROS/articubot_one/install/articubot_one/share/articubot_one/package.dsv
[2.053s] -- Installing: /home/harshdev/Learning-ROS/articubot_one/install/articubot_one/share/ament_index/resource_index/packages/articubot_one
[2.053s] -- Installing: /home/harshdev/Learning-ROS/articubot_one/install/articubot_one/share/articubot_one/cmake/articubot_oneConfig.cmake
[2.053s] -- Installing: /home/harshdev/Learning-ROS/articubot_one/install/articubot_one/share/articubot_one/cmake/articubot_oneConfig-version.cmake
[2.054s] -- Up-to-date: /home/harshdev/Learning-ROS/articubot_one/install/articubot_one/share/articubot_one/package.xml
[2.055s] Invoked command in '/home/harshdev/Learning-ROS/articubot_one/build/articubot_one' returned '0': CMAKE_PREFIX_PATH=${CMAKE_PREFIX_PATH}:/opt/ros/jazzy DEBUGINFOD_URLS=https://debuginfod.ubuntu.com /usr/bin/cmake --install /home/harshdev/Learning-ROS/articubot_one/build/articubot_one
