[0.148s] DEBUG:colcon:Command line arguments: ['/usr/bin/colcon', 'build']
[0.148s] DEBUG:colcon:Parsed command line arguments: Namespace(log_base=None, log_level=None, verb_name='build', build_base='build', install_base='install', merge_install=False, symlink_install=False, test_result_base=None, continue_on_error=False, executor='parallel', parallel_workers=12, event_handlers=None, ignore_user_meta=False, metas=['./colcon.meta'], base_paths=['.'], packages_ignore=None, packages_ignore_regex=None, paths=None, packages_up_to=None, packages_up_to_regex=None, packages_above=None, packages_above_and_dependencies=None, packages_above_depth=None, packages_select_by_dep=None, packages_skip_by_dep=None, packages_skip_up_to=None, packages_select_build_failed=False, packages_skip_build_finished=False, packages_select_test_failures=False, packages_skip_test_passed=False, packages_select=None, packages_skip=None, packages_select_regex=None, packages_skip_regex=None, packages_start=None, packages_end=None, allow_overriding=[], cmake_args=None, cmake_target=None, cmake_target_skip_unavailable=False, cmake_clean_cache=False, cmake_clean_first=False, cmake_force_configure=False, ament_cmake_args=None, catkin_cmake_args=None, catkin_skip_building_tests=False, mixin_files=None, mixin=None, verb_parser=<colcon_mixin.mixin.mixin_argument.MixinArgumentDecorator object at 0x7b8d7216bfe0>, verb_extension=<colcon_core.verb.build.BuildVerb object at 0x7b8d722b83e0>, main=<bound method BuildVerb.main of <colcon_core.verb.build.BuildVerb object at 0x7b8d722b83e0>>, mixin_verb=('build',))
[0.190s] Level 1:colcon.colcon_core.package_discovery:discover_packages(colcon_meta) check parameters
[0.190s] Level 1:colcon.colcon_core.package_discovery:discover_packages(recursive) check parameters
[0.190s] Level 1:colcon.colcon_core.package_discovery:discover_packages(ignore) check parameters
[0.190s] Level 1:colcon.colcon_core.package_discovery:discover_packages(path) check parameters
[0.190s] Level 1:colcon.colcon_core.package_discovery:discover_packages(colcon_meta) discover
[0.190s] Level 1:colcon.colcon_core.package_discovery:discover_packages(recursive) discover
[0.190s] INFO:colcon.colcon_core.package_discovery:Crawling recursively for packages in '/home/harshdev/Documents/harsh/Learning-ROS/bumperbot'
[0.190s] Level 1:colcon.colcon_core.package_identification:_identify(.) by extensions ['ignore', 'ignore_ament_install']
[0.190s] Level 1:colcon.colcon_core.package_identification:_identify(.) by extension 'ignore'
[0.190s] Level 1:colcon.colcon_core.package_identification:_identify(.) by extension 'ignore_ament_install'
[0.190s] Level 1:colcon.colcon_core.package_identification:_identify(.) by extensions ['colcon_pkg']
[0.190s] Level 1:colcon.colcon_core.package_identification:_identify(.) by extension 'colcon_pkg'
[0.190s] Level 1:colcon.colcon_core.package_identification:_identify(.) by extensions ['colcon_meta']
[0.190s] Level 1:colcon.colcon_core.package_identification:_identify(.) by extension 'colcon_meta'
[0.190s] Level 1:colcon.colcon_core.package_identification:_identify(.) by extensions ['ros']
[0.191s] Level 1:colcon.colcon_core.package_identification:_identify(.) by extension 'ros'
[0.216s] Level 1:colcon.colcon_core.package_identification:_identify(.) by extensions ['cmake', 'python']
[0.216s] Level 1:colcon.colcon_core.package_identification:_identify(.) by extension 'cmake'
[0.216s] Level 1:colcon.colcon_core.package_identification:_identify(.) by extension 'python'
[0.216s] Level 1:colcon.colcon_core.package_identification:_identify(.) by extensions ['python_setup_py']
[0.216s] Level 1:colcon.colcon_core.package_identification:_identify(.) by extension 'python_setup_py'
[0.216s] Level 1:colcon.colcon_core.package_identification:_identify(build) by extensions ['ignore', 'ignore_ament_install']
[0.216s] Level 1:colcon.colcon_core.package_identification:_identify(build) by extension 'ignore'
[0.216s] Level 1:colcon.colcon_core.package_identification:_identify(build) ignored
[0.216s] Level 1:colcon.colcon_core.package_identification:_identify(install) by extensions ['ignore', 'ignore_ament_install']
[0.216s] Level 1:colcon.colcon_core.package_identification:_identify(install) by extension 'ignore'
[0.216s] Level 1:colcon.colcon_core.package_identification:_identify(install) ignored
[0.217s] Level 1:colcon.colcon_core.package_identification:_identify(log) by extensions ['ignore', 'ignore_ament_install']
[0.217s] Level 1:colcon.colcon_core.package_identification:_identify(log) by extension 'ignore'
[0.217s] Level 1:colcon.colcon_core.package_identification:_identify(log) ignored
[0.217s] Level 1:colcon.colcon_core.package_identification:_identify(src) by extensions ['ignore', 'ignore_ament_install']
[0.217s] Level 1:colcon.colcon_core.package_identification:_identify(src) by extension 'ignore'
[0.217s] Level 1:colcon.colcon_core.package_identification:_identify(src) by extension 'ignore_ament_install'
[0.217s] Level 1:colcon.colcon_core.package_identification:_identify(src) by extensions ['colcon_pkg']
[0.217s] Level 1:colcon.colcon_core.package_identification:_identify(src) by extension 'colcon_pkg'
[0.217s] Level 1:colcon.colcon_core.package_identification:_identify(src) by extensions ['colcon_meta']
[0.217s] Level 1:colcon.colcon_core.package_identification:_identify(src) by extension 'colcon_meta'
[0.217s] Level 1:colcon.colcon_core.package_identification:_identify(src) by extensions ['ros']
[0.217s] Level 1:colcon.colcon_core.package_identification:_identify(src) by extension 'ros'
[0.217s] Level 1:colcon.colcon_core.package_identification:_identify(src) by extensions ['cmake', 'python']
[0.217s] Level 1:colcon.colcon_core.package_identification:_identify(src) by extension 'cmake'
[0.217s] Level 1:colcon.colcon_core.package_identification:_identify(src) by extension 'python'
[0.217s] Level 1:colcon.colcon_core.package_identification:_identify(src) by extensions ['python_setup_py']
[0.217s] Level 1:colcon.colcon_core.package_identification:_identify(src) by extension 'python_setup_py'
[0.217s] Level 1:colcon.colcon_core.package_identification:_identify(src/bumperbot_description) by extensions ['ignore', 'ignore_ament_install']
[0.217s] Level 1:colcon.colcon_core.package_identification:_identify(src/bumperbot_description) by extension 'ignore'
[0.217s] Level 1:colcon.colcon_core.package_identification:_identify(src/bumperbot_description) by extension 'ignore_ament_install'
[0.217s] Level 1:colcon.colcon_core.package_identification:_identify(src/bumperbot_description) by extensions ['colcon_pkg']
[0.217s] Level 1:colcon.colcon_core.package_identification:_identify(src/bumperbot_description) by extension 'colcon_pkg'
[0.217s] Level 1:colcon.colcon_core.package_identification:_identify(src/bumperbot_description) by extensions ['colcon_meta']
[0.217s] Level 1:colcon.colcon_core.package_identification:_identify(src/bumperbot_description) by extension 'colcon_meta'
[0.217s] Level 1:colcon.colcon_core.package_identification:_identify(src/bumperbot_description) by extensions ['ros']
[0.217s] Level 1:colcon.colcon_core.package_identification:_identify(src/bumperbot_description) by extension 'ros'
[0.219s] DEBUG:colcon.colcon_core.package_identification:Package 'src/bumperbot_description' with type 'ros.ament_cmake' and name 'bumperbot_description'
[0.219s] Level 1:colcon.colcon_core.package_identification:_identify(src/bumperbot_package_py) by extensions ['ignore', 'ignore_ament_install']
[0.220s] Level 1:colcon.colcon_core.package_identification:_identify(src/bumperbot_package_py) by extension 'ignore'
[0.220s] Level 1:colcon.colcon_core.package_identification:_identify(src/bumperbot_package_py) by extension 'ignore_ament_install'
[0.220s] Level 1:colcon.colcon_core.package_identification:_identify(src/bumperbot_package_py) by extensions ['colcon_pkg']
[0.220s] Level 1:colcon.colcon_core.package_identification:_identify(src/bumperbot_package_py) by extension 'colcon_pkg'
[0.220s] Level 1:colcon.colcon_core.package_identification:_identify(src/bumperbot_package_py) by extensions ['colcon_meta']
[0.220s] Level 1:colcon.colcon_core.package_identification:_identify(src/bumperbot_package_py) by extension 'colcon_meta'
[0.220s] Level 1:colcon.colcon_core.package_identification:_identify(src/bumperbot_package_py) by extensions ['ros']
[0.220s] Level 1:colcon.colcon_core.package_identification:_identify(src/bumperbot_package_py) by extension 'ros'
[0.220s] DEBUG:colcon.colcon_core.package_identification:Package 'src/bumperbot_package_py' with type 'ros.ament_python' and name 'bumperbot_package_py'
[0.220s] Level 1:colcon.colcon_core.package_discovery:discover_packages(recursive) using defaults
[0.220s] Level 1:colcon.colcon_core.package_discovery:discover_packages(ignore) discover
[0.220s] Level 1:colcon.colcon_core.package_discovery:discover_packages(ignore) using defaults
[0.220s] Level 1:colcon.colcon_core.package_discovery:discover_packages(path) discover
[0.220s] Level 1:colcon.colcon_core.package_discovery:discover_packages(path) using defaults
[0.235s] Level 1:colcon.colcon_core.package_discovery:discover_packages(prefix_path) check parameters
[0.235s] Level 1:colcon.colcon_core.package_discovery:discover_packages(prefix_path) discover
[0.237s] DEBUG:colcon.colcon_installed_package_information.package_discovery:Found 380 installed packages in /opt/ros/jazzy
[0.238s] Level 1:colcon.colcon_core.package_discovery:discover_packages(prefix_path) using defaults
[0.264s] Level 5:colcon.colcon_core.verb:set package 'bumperbot_description' build argument 'cmake_args' from command line to 'None'
[0.264s] Level 5:colcon.colcon_core.verb:set package 'bumperbot_description' build argument 'cmake_target' from command line to 'None'
[0.264s] Level 5:colcon.colcon_core.verb:set package 'bumperbot_description' build argument 'cmake_target_skip_unavailable' from command line to 'False'
[0.264s] Level 5:colcon.colcon_core.verb:set package 'bumperbot_description' build argument 'cmake_clean_cache' from command line to 'False'
[0.264s] Level 5:colcon.colcon_core.verb:set package 'bumperbot_description' build argument 'cmake_clean_first' from command line to 'False'
[0.264s] Level 5:colcon.colcon_core.verb:set package 'bumperbot_description' build argument 'cmake_force_configure' from command line to 'False'
[0.264s] Level 5:colcon.colcon_core.verb:set package 'bumperbot_description' build argument 'ament_cmake_args' from command line to 'None'
[0.264s] Level 5:colcon.colcon_core.verb:set package 'bumperbot_description' build argument 'catkin_cmake_args' from command line to 'None'
[0.264s] Level 5:colcon.colcon_core.verb:set package 'bumperbot_description' build argument 'catkin_skip_building_tests' from command line to 'False'
[0.264s] DEBUG:colcon.colcon_core.verb:Building package 'bumperbot_description' with the following arguments: {'ament_cmake_args': None, 'build_base': '/home/harshdev/Documents/harsh/Learning-ROS/bumperbot/build/bumperbot_description', 'catkin_cmake_args': None, 'catkin_skip_building_tests': False, 'cmake_args': None, 'cmake_clean_cache': False, 'cmake_clean_first': False, 'cmake_force_configure': False, 'cmake_target': None, 'cmake_target_skip_unavailable': False, 'install_base': '/home/harshdev/Documents/harsh/Learning-ROS/bumperbot/install/bumperbot_description', 'merge_install': False, 'path': '/home/harshdev/Documents/harsh/Learning-ROS/bumperbot/src/bumperbot_description', 'symlink_install': False, 'test_result_base': None}
[0.264s] Level 5:colcon.colcon_core.verb:set package 'bumperbot_package_py' build argument 'cmake_args' from command line to 'None'
[0.264s] Level 5:colcon.colcon_core.verb:set package 'bumperbot_package_py' build argument 'cmake_target' from command line to 'None'
[0.264s] Level 5:colcon.colcon_core.verb:set package 'bumperbot_package_py' build argument 'cmake_target_skip_unavailable' from command line to 'False'
[0.264s] Level 5:colcon.colcon_core.verb:set package 'bumperbot_package_py' build argument 'cmake_clean_cache' from command line to 'False'
[0.264s] Level 5:colcon.colcon_core.verb:set package 'bumperbot_package_py' build argument 'cmake_clean_first' from command line to 'False'
[0.264s] Level 5:colcon.colcon_core.verb:set package 'bumperbot_package_py' build argument 'cmake_force_configure' from command line to 'False'
[0.264s] Level 5:colcon.colcon_core.verb:set package 'bumperbot_package_py' build argument 'ament_cmake_args' from command line to 'None'
[0.264s] Level 5:colcon.colcon_core.verb:set package 'bumperbot_package_py' build argument 'catkin_cmake_args' from command line to 'None'
[0.264s] Level 5:colcon.colcon_core.verb:set package 'bumperbot_package_py' build argument 'catkin_skip_building_tests' from command line to 'False'
[0.264s] DEBUG:colcon.colcon_core.verb:Building package 'bumperbot_package_py' with the following arguments: {'ament_cmake_args': None, 'build_base': '/home/harshdev/Documents/harsh/Learning-ROS/bumperbot/build/bumperbot_package_py', 'catkin_cmake_args': None, 'catkin_skip_building_tests': False, 'cmake_args': None, 'cmake_clean_cache': False, 'cmake_clean_first': False, 'cmake_force_configure': False, 'cmake_target': None, 'cmake_target_skip_unavailable': False, 'install_base': '/home/harshdev/Documents/harsh/Learning-ROS/bumperbot/install/bumperbot_package_py', 'merge_install': False, 'path': '/home/harshdev/Documents/harsh/Learning-ROS/bumperbot/src/bumperbot_package_py', 'symlink_install': False, 'test_result_base': None}
[0.264s] INFO:colcon.colcon_core.executor:Executing jobs using 'parallel' executor
[0.265s] DEBUG:colcon.colcon_parallel_executor.executor.parallel:run_until_complete
[0.265s] INFO:colcon.colcon_ros.task.ament_cmake.build:Building ROS package in '/home/harshdev/Documents/harsh/Learning-ROS/bumperbot/src/bumperbot_description' with build type 'ament_cmake'
[0.265s] INFO:colcon.colcon_cmake.task.cmake.build:Building CMake package in '/home/harshdev/Documents/harsh/Learning-ROS/bumperbot/src/bumperbot_description'
[0.270s] INFO:colcon.colcon_core.plugin_system:Skipping extension 'colcon_core.shell.bat': Not used on non-Windows systems
[0.270s] INFO:colcon.colcon_core.shell:Skip shell extension 'powershell' for command environment: Not usable outside of PowerShell
[0.270s] DEBUG:colcon.colcon_core.shell:Skip shell extension 'dsv' for command environment
[0.274s] INFO:colcon.colcon_ros.task.ament_python.build:Building ROS package in '/home/harshdev/Documents/harsh/Learning-ROS/bumperbot/src/bumperbot_package_py' with build type 'ament_python'
[0.274s] Level 1:colcon.colcon_core.shell:create_environment_hook('bumperbot_package_py', 'ament_prefix_path')
[0.274s] INFO:colcon.colcon_core.shell:Creating environment hook '/home/harshdev/Documents/harsh/Learning-ROS/bumperbot/install/bumperbot_package_py/share/bumperbot_package_py/hook/ament_prefix_path.ps1'
[0.275s] INFO:colcon.colcon_core.shell:Creating environment descriptor '/home/harshdev/Documents/harsh/Learning-ROS/bumperbot/install/bumperbot_package_py/share/bumperbot_package_py/hook/ament_prefix_path.dsv'
[0.276s] INFO:colcon.colcon_core.shell:Creating environment hook '/home/harshdev/Documents/harsh/Learning-ROS/bumperbot/install/bumperbot_package_py/share/bumperbot_package_py/hook/ament_prefix_path.sh'
[0.276s] INFO:colcon.colcon_core.shell:Skip shell extension 'powershell' for command environment: Not usable outside of PowerShell
[0.277s] DEBUG:colcon.colcon_core.shell:Skip shell extension 'dsv' for command environment
[0.284s] DEBUG:colcon.colcon_core.event_handler.log_command:Invoking command in '/home/harshdev/Documents/harsh/Learning-ROS/bumperbot/build/bumperbot_description': CMAKE_PREFIX_PATH=${CMAKE_PREFIX_PATH}:/opt/ros/jazzy DEBUGINFOD_URLS=https://debuginfod.ubuntu.com /usr/bin/cmake /home/harshdev/Documents/harsh/Learning-ROS/bumperbot/src/bumperbot_description -DCMAKE_INSTALL_PREFIX=/home/harshdev/Documents/harsh/Learning-ROS/bumperbot/install/bumperbot_description
[0.438s] INFO:colcon.colcon_core.task.python.build:Building Python package in '/home/harshdev/Documents/harsh/Learning-ROS/bumperbot/src/bumperbot_package_py'
[0.438s] INFO:colcon.colcon_core.shell:Skip shell extension 'powershell' for command environment: Not usable outside of PowerShell
[0.438s] DEBUG:colcon.colcon_core.shell:Skip shell extension 'dsv' for command environment
[0.938s] DEBUG:colcon.colcon_core.event_handler.log_command:Invoking command in '/home/harshdev/Documents/harsh/Learning-ROS/bumperbot/src/bumperbot_package_py': DEBUGINFOD_URLS=https://debuginfod.ubuntu.com PYTHONPATH=/home/harshdev/Documents/harsh/Learning-ROS/bumperbot/build/bumperbot_package_py/prefix_override:/usr/lib/python3/dist-packages/colcon_core/task/python/colcon_distutils_commands:/home/harshdev/Documents/harsh/Learning-ROS/bumperbot/install/bumperbot_package_py/lib/python3.12/site-packages:${PYTHONPATH} /usr/bin/python3 -W ignore:setup.py install is deprecated -W ignore:easy_install command is deprecated setup.py egg_info --egg-base ../../build/bumperbot_package_py build --build-base /home/harshdev/Documents/harsh/Learning-ROS/bumperbot/build/bumperbot_package_py/build install --record /home/harshdev/Documents/harsh/Learning-ROS/bumperbot/build/bumperbot_package_py/install.log --single-version-externally-managed install_data
[1.031s] DEBUG:colcon.colcon_core.event_handler.log_command:Invoked command in '/home/harshdev/Documents/harsh/Learning-ROS/bumperbot/build/bumperbot_description' returned '0': CMAKE_PREFIX_PATH=${CMAKE_PREFIX_PATH}:/opt/ros/jazzy DEBUGINFOD_URLS=https://debuginfod.ubuntu.com /usr/bin/cmake /home/harshdev/Documents/harsh/Learning-ROS/bumperbot/src/bumperbot_description -DCMAKE_INSTALL_PREFIX=/home/harshdev/Documents/harsh/Learning-ROS/bumperbot/install/bumperbot_description
[1.032s] DEBUG:colcon.colcon_core.event_handler.log_command:Invoking command in '/home/harshdev/Documents/harsh/Learning-ROS/bumperbot/build/bumperbot_description': CMAKE_PREFIX_PATH=${CMAKE_PREFIX_PATH}:/opt/ros/jazzy DEBUGINFOD_URLS=https://debuginfod.ubuntu.com /usr/bin/cmake --build /home/harshdev/Documents/harsh/Learning-ROS/bumperbot/build/bumperbot_description -- -j12 -l12
[1.070s] DEBUG:colcon.colcon_core.event_handler.log_command:Invoked command in '/home/harshdev/Documents/harsh/Learning-ROS/bumperbot/build/bumperbot_description' returned '0': CMAKE_PREFIX_PATH=${CMAKE_PREFIX_PATH}:/opt/ros/jazzy DEBUGINFOD_URLS=https://debuginfod.ubuntu.com /usr/bin/cmake --build /home/harshdev/Documents/harsh/Learning-ROS/bumperbot/build/bumperbot_description -- -j12 -l12
[1.081s] DEBUG:colcon.colcon_core.event_handler.log_command:Invoking command in '/home/harshdev/Documents/harsh/Learning-ROS/bumperbot/build/bumperbot_description': CMAKE_PREFIX_PATH=${CMAKE_PREFIX_PATH}:/opt/ros/jazzy DEBUGINFOD_URLS=https://debuginfod.ubuntu.com /usr/bin/cmake --install /home/harshdev/Documents/harsh/Learning-ROS/bumperbot/build/bumperbot_description
[1.090s] Level 1:colcon.colcon_core.environment:create_environment_scripts_only(bumperbot_description)
[1.091s] DEBUG:colcon.colcon_core.event_handler.log_command:Invoked command in '/home/harshdev/Documents/harsh/Learning-ROS/bumperbot/build/bumperbot_description' returned '0': CMAKE_PREFIX_PATH=${CMAKE_PREFIX_PATH}:/opt/ros/jazzy DEBUGINFOD_URLS=https://debuginfod.ubuntu.com /usr/bin/cmake --install /home/harshdev/Documents/harsh/Learning-ROS/bumperbot/build/bumperbot_description
[1.095s] Level 1:colcon.colcon_core.environment:checking '/home/harshdev/Documents/harsh/Learning-ROS/bumperbot/install/bumperbot_description' for CMake module files
[1.096s] Level 1:colcon.colcon_core.environment:checking '/home/harshdev/Documents/harsh/Learning-ROS/bumperbot/install/bumperbot_description' for CMake config files
[1.096s] Level 1:colcon.colcon_core.shell:create_environment_hook('bumperbot_description', 'cmake_prefix_path')
[1.096s] INFO:colcon.colcon_core.shell:Creating environment hook '/home/harshdev/Documents/harsh/Learning-ROS/bumperbot/install/bumperbot_description/share/bumperbot_description/hook/cmake_prefix_path.ps1'
[1.097s] INFO:colcon.colcon_core.shell:Creating environment descriptor '/home/harshdev/Documents/harsh/Learning-ROS/bumperbot/install/bumperbot_description/share/bumperbot_description/hook/cmake_prefix_path.dsv'
[1.097s] INFO:colcon.colcon_core.shell:Creating environment hook '/home/harshdev/Documents/harsh/Learning-ROS/bumperbot/install/bumperbot_description/share/bumperbot_description/hook/cmake_prefix_path.sh'
[1.098s] Level 1:colcon.colcon_core.environment:checking '/home/harshdev/Documents/harsh/Learning-ROS/bumperbot/install/bumperbot_description/bin'
[1.098s] Level 1:colcon.colcon_core.environment:checking '/home/harshdev/Documents/harsh/Learning-ROS/bumperbot/install/bumperbot_description/lib/pkgconfig/bumperbot_description.pc'
[1.098s] Level 1:colcon.colcon_core.environment:checking '/home/harshdev/Documents/harsh/Learning-ROS/bumperbot/install/bumperbot_description/lib/python3.12/site-packages'
[1.098s] Level 1:colcon.colcon_core.environment:checking '/home/harshdev/Documents/harsh/Learning-ROS/bumperbot/install/bumperbot_description/bin'
[1.098s] INFO:colcon.colcon_core.shell:Creating package script '/home/harshdev/Documents/harsh/Learning-ROS/bumperbot/install/bumperbot_description/share/bumperbot_description/package.ps1'
[1.099s] INFO:colcon.colcon_core.shell:Creating package descriptor '/home/harshdev/Documents/harsh/Learning-ROS/bumperbot/install/bumperbot_description/share/bumperbot_description/package.dsv'
[1.100s] INFO:colcon.colcon_core.shell:Creating package script '/home/harshdev/Documents/harsh/Learning-ROS/bumperbot/install/bumperbot_description/share/bumperbot_description/package.sh'
[1.100s] INFO:colcon.colcon_core.shell:Creating package script '/home/harshdev/Documents/harsh/Learning-ROS/bumperbot/install/bumperbot_description/share/bumperbot_description/package.bash'
[1.101s] INFO:colcon.colcon_core.shell:Creating package script '/home/harshdev/Documents/harsh/Learning-ROS/bumperbot/install/bumperbot_description/share/bumperbot_description/package.zsh'
[1.102s] Level 1:colcon.colcon_core.environment:create_file_with_runtime_dependencies(/home/harshdev/Documents/harsh/Learning-ROS/bumperbot/install/bumperbot_description/share/colcon-core/packages/bumperbot_description)
[1.102s] Level 1:colcon.colcon_core.environment:create_environment_scripts_only(bumperbot_description)
[1.102s] Level 1:colcon.colcon_core.environment:checking '/home/harshdev/Documents/harsh/Learning-ROS/bumperbot/install/bumperbot_description' for CMake module files
[1.103s] Level 1:colcon.colcon_core.environment:checking '/home/harshdev/Documents/harsh/Learning-ROS/bumperbot/install/bumperbot_description' for CMake config files
[1.103s] Level 1:colcon.colcon_core.shell:create_environment_hook('bumperbot_description', 'cmake_prefix_path')
[1.103s] INFO:colcon.colcon_core.shell:Creating environment hook '/home/harshdev/Documents/harsh/Learning-ROS/bumperbot/install/bumperbot_description/share/bumperbot_description/hook/cmake_prefix_path.ps1'
[1.104s] INFO:colcon.colcon_core.shell:Creating environment descriptor '/home/harshdev/Documents/harsh/Learning-ROS/bumperbot/install/bumperbot_description/share/bumperbot_description/hook/cmake_prefix_path.dsv'
[1.104s] INFO:colcon.colcon_core.shell:Creating environment hook '/home/harshdev/Documents/harsh/Learning-ROS/bumperbot/install/bumperbot_description/share/bumperbot_description/hook/cmake_prefix_path.sh'
[1.104s] Level 1:colcon.colcon_core.environment:checking '/home/harshdev/Documents/harsh/Learning-ROS/bumperbot/install/bumperbot_description/bin'
[1.104s] Level 1:colcon.colcon_core.environment:checking '/home/harshdev/Documents/harsh/Learning-ROS/bumperbot/install/bumperbot_description/lib/pkgconfig/bumperbot_description.pc'
[1.105s] Level 1:colcon.colcon_core.environment:checking '/home/harshdev/Documents/harsh/Learning-ROS/bumperbot/install/bumperbot_description/lib/python3.12/site-packages'
[1.105s] Level 1:colcon.colcon_core.environment:checking '/home/harshdev/Documents/harsh/Learning-ROS/bumperbot/install/bumperbot_description/bin'
[1.105s] INFO:colcon.colcon_core.shell:Creating package script '/home/harshdev/Documents/harsh/Learning-ROS/bumperbot/install/bumperbot_description/share/bumperbot_description/package.ps1'
[1.105s] INFO:colcon.colcon_core.shell:Creating package descriptor '/home/harshdev/Documents/harsh/Learning-ROS/bumperbot/install/bumperbot_description/share/bumperbot_description/package.dsv'
[1.106s] INFO:colcon.colcon_core.shell:Creating package script '/home/harshdev/Documents/harsh/Learning-ROS/bumperbot/install/bumperbot_description/share/bumperbot_description/package.sh'
[1.106s] INFO:colcon.colcon_core.shell:Creating package script '/home/harshdev/Documents/harsh/Learning-ROS/bumperbot/install/bumperbot_description/share/bumperbot_description/package.bash'
[1.107s] INFO:colcon.colcon_core.shell:Creating package script '/home/harshdev/Documents/harsh/Learning-ROS/bumperbot/install/bumperbot_description/share/bumperbot_description/package.zsh'
[1.107s] Level 1:colcon.colcon_core.environment:create_file_with_runtime_dependencies(/home/harshdev/Documents/harsh/Learning-ROS/bumperbot/install/bumperbot_description/share/colcon-core/packages/bumperbot_description)
[1.279s] Level 1:colcon.colcon_core.environment:checking '/home/harshdev/Documents/harsh/Learning-ROS/bumperbot/install/bumperbot_package_py' for CMake module files
[1.279s] DEBUG:colcon.colcon_core.event_handler.log_command:Invoked command in '/home/harshdev/Documents/harsh/Learning-ROS/bumperbot/src/bumperbot_package_py' returned '0': DEBUGINFOD_URLS=https://debuginfod.ubuntu.com PYTHONPATH=/home/harshdev/Documents/harsh/Learning-ROS/bumperbot/build/bumperbot_package_py/prefix_override:/usr/lib/python3/dist-packages/colcon_core/task/python/colcon_distutils_commands:/home/harshdev/Documents/harsh/Learning-ROS/bumperbot/install/bumperbot_package_py/lib/python3.12/site-packages:${PYTHONPATH} /usr/bin/python3 -W ignore:setup.py install is deprecated -W ignore:easy_install command is deprecated setup.py egg_info --egg-base ../../build/bumperbot_package_py build --build-base /home/harshdev/Documents/harsh/Learning-ROS/bumperbot/build/bumperbot_package_py/build install --record /home/harshdev/Documents/harsh/Learning-ROS/bumperbot/build/bumperbot_package_py/install.log --single-version-externally-managed install_data
[1.280s] Level 1:colcon.colcon_core.environment:checking '/home/harshdev/Documents/harsh/Learning-ROS/bumperbot/install/bumperbot_package_py' for CMake config files
[1.280s] Level 1:colcon.colcon_core.environment:checking '/home/harshdev/Documents/harsh/Learning-ROS/bumperbot/install/bumperbot_package_py/lib'
[1.281s] Level 1:colcon.colcon_core.environment:checking '/home/harshdev/Documents/harsh/Learning-ROS/bumperbot/install/bumperbot_package_py/bin'
[1.281s] Level 1:colcon.colcon_core.environment:checking '/home/harshdev/Documents/harsh/Learning-ROS/bumperbot/install/bumperbot_package_py/lib/pkgconfig/bumperbot_package_py.pc'
[1.281s] Level 1:colcon.colcon_core.environment:checking '/home/harshdev/Documents/harsh/Learning-ROS/bumperbot/install/bumperbot_package_py/lib/python3.12/site-packages'
[1.281s] Level 1:colcon.colcon_core.shell:create_environment_hook('bumperbot_package_py', 'pythonpath')
[1.281s] INFO:colcon.colcon_core.shell:Creating environment hook '/home/harshdev/Documents/harsh/Learning-ROS/bumperbot/install/bumperbot_package_py/share/bumperbot_package_py/hook/pythonpath.ps1'
[1.282s] INFO:colcon.colcon_core.shell:Creating environment descriptor '/home/harshdev/Documents/harsh/Learning-ROS/bumperbot/install/bumperbot_package_py/share/bumperbot_package_py/hook/pythonpath.dsv'
[1.282s] INFO:colcon.colcon_core.shell:Creating environment hook '/home/harshdev/Documents/harsh/Learning-ROS/bumperbot/install/bumperbot_package_py/share/bumperbot_package_py/hook/pythonpath.sh'
[1.283s] Level 1:colcon.colcon_core.environment:checking '/home/harshdev/Documents/harsh/Learning-ROS/bumperbot/install/bumperbot_package_py/bin'
[1.283s] Level 1:colcon.colcon_core.environment:create_environment_scripts_only(bumperbot_package_py)
[1.283s] INFO:colcon.colcon_core.shell:Creating package script '/home/harshdev/Documents/harsh/Learning-ROS/bumperbot/install/bumperbot_package_py/share/bumperbot_package_py/package.ps1'
[1.284s] INFO:colcon.colcon_core.shell:Creating package descriptor '/home/harshdev/Documents/harsh/Learning-ROS/bumperbot/install/bumperbot_package_py/share/bumperbot_package_py/package.dsv'
[1.284s] INFO:colcon.colcon_core.shell:Creating package script '/home/harshdev/Documents/harsh/Learning-ROS/bumperbot/install/bumperbot_package_py/share/bumperbot_package_py/package.sh'
[1.285s] INFO:colcon.colcon_core.shell:Creating package script '/home/harshdev/Documents/harsh/Learning-ROS/bumperbot/install/bumperbot_package_py/share/bumperbot_package_py/package.bash'
[1.285s] INFO:colcon.colcon_core.shell:Creating package script '/home/harshdev/Documents/harsh/Learning-ROS/bumperbot/install/bumperbot_package_py/share/bumperbot_package_py/package.zsh'
[1.285s] Level 1:colcon.colcon_core.environment:create_file_with_runtime_dependencies(/home/harshdev/Documents/harsh/Learning-ROS/bumperbot/install/bumperbot_package_py/share/colcon-core/packages/bumperbot_package_py)
[1.285s] DEBUG:colcon.colcon_parallel_executor.executor.parallel:closing loop
[1.286s] DEBUG:colcon.colcon_parallel_executor.executor.parallel:loop closed
[1.286s] DEBUG:colcon.colcon_parallel_executor.executor.parallel:run_until_complete finished with '0'
[1.286s] DEBUG:colcon.colcon_core.event_reactor:joining thread
[1.293s] INFO:colcon.colcon_core.plugin_system:Skipping extension 'colcon_notification.desktop_notification.terminal_notifier': Not used on non-Darwin systems
[1.293s] INFO:colcon.colcon_core.plugin_system:Skipping extension 'colcon_notification.desktop_notification.win32': Not used on non-Windows systems
[1.293s] INFO:colcon.colcon_notification.desktop_notification:Sending desktop notification using 'notify2'
[1.310s] DEBUG:colcon.colcon_core.event_reactor:joined thread
[1.310s] INFO:colcon.colcon_core.shell:Creating prefix script '/home/harshdev/Documents/harsh/Learning-ROS/bumperbot/install/local_setup.ps1'
[1.311s] INFO:colcon.colcon_core.shell:Creating prefix util module '/home/harshdev/Documents/harsh/Learning-ROS/bumperbot/install/_local_setup_util_ps1.py'
[1.313s] INFO:colcon.colcon_core.shell:Creating prefix chain script '/home/harshdev/Documents/harsh/Learning-ROS/bumperbot/install/setup.ps1'
[1.314s] INFO:colcon.colcon_core.shell:Creating prefix script '/home/harshdev/Documents/harsh/Learning-ROS/bumperbot/install/local_setup.sh'
[1.315s] INFO:colcon.colcon_core.shell:Creating prefix util module '/home/harshdev/Documents/harsh/Learning-ROS/bumperbot/install/_local_setup_util_sh.py'
[1.315s] INFO:colcon.colcon_core.shell:Creating prefix chain script '/home/harshdev/Documents/harsh/Learning-ROS/bumperbot/install/setup.sh'
[1.317s] INFO:colcon.colcon_core.shell:Creating prefix script '/home/harshdev/Documents/harsh/Learning-ROS/bumperbot/install/local_setup.bash'
[1.317s] INFO:colcon.colcon_core.shell:Creating prefix chain script '/home/harshdev/Documents/harsh/Learning-ROS/bumperbot/install/setup.bash'
[1.318s] INFO:colcon.colcon_core.shell:Creating prefix script '/home/harshdev/Documents/harsh/Learning-ROS/bumperbot/install/local_setup.zsh'
[1.319s] INFO:colcon.colcon_core.shell:Creating prefix chain script '/home/harshdev/Documents/harsh/Learning-ROS/bumperbot/install/setup.zsh'
