[0.683s] Invoking command in '/home/harshdev/Documents/harsh/ROS/bumperbot/src/bumperbot_py': DEBUGINFOD_URLS=https://debuginfod.ubuntu.com PYTHONPATH=/home/harshdev/Documents/harsh/ROS/bumperbot/build/bumperbot_py/prefix_override:/usr/lib/python3/dist-packages/colcon_core/task/python/colcon_distutils_commands:/home/harshdev/Documents/harsh/ROS/bumperbot/install/bumperbot_py/lib/python3.12/site-packages:${PYTHONPATH} /usr/bin/python3 -W ignore:setup.py install is deprecated -W ignore:easy_install command is deprecated setup.py egg_info --egg-base ../../build/bumperbot_py build --build-base /home/harshdev/Documents/harsh/ROS/bumperbot/build/bumperbot_py/build install --record /home/harshdev/Documents/harsh/ROS/bumperbot/build/bumperbot_py/install.log --single-version-externally-managed install_data
[0.879s] running egg_info
[0.890s] writing ../../build/bumperbot_py/bumperbot_py.egg-info/PKG-INFO
[0.891s] writing dependency_links to ../../build/bumperbot_py/bumperbot_py.egg-info/dependency_links.txt
[0.891s] writing entry points to ../../build/bumperbot_py/bumperbot_py.egg-info/entry_points.txt
[0.891s] writing requirements to ../../build/bumperbot_py/bumperbot_py.egg-info/requires.txt
[0.891s] writing top-level names to ../../build/bumperbot_py/bumperbot_py.egg-info/top_level.txt
[0.914s] reading manifest file '../../build/bumperbot_py/bumperbot_py.egg-info/SOURCES.txt'
[0.916s] writing manifest file '../../build/bumperbot_py/bumperbot_py.egg-info/SOURCES.txt'
[0.916s] running build
[0.916s] running build_py
[0.917s] running install
[0.923s] running install_lib
[0.935s] running install_data
[0.936s] running install_egg_info
[0.948s] removing '/home/harshdev/Documents/harsh/ROS/bumperbot/install/bumperbot_py/lib/python3.12/site-packages/bumperbot_py-0.0.0-py3.12.egg-info' (and everything under it)
[0.948s] Copying ../../build/bumperbot_py/bumperbot_py.egg-info to /home/harshdev/Documents/harsh/ROS/bumperbot/install/bumperbot_py/lib/python3.12/site-packages/bumperbot_py-0.0.0-py3.12.egg-info
[0.949s] running install_scripts
[1.032s] Installing publisher script to /home/harshdev/Documents/harsh/ROS/bumperbot/install/bumperbot_py/lib/bumperbot_py
[1.032s] Installing simple_publisher script to /home/harshdev/Documents/harsh/ROS/bumperbot/install/bumperbot_py/lib/bumperbot_py
[1.033s] Installing simple_subscriber script to /home/harshdev/Documents/harsh/ROS/bumperbot/install/bumperbot_py/lib/bumperbot_py
[1.033s] writing list of installed files to '/home/harshdev/Documents/harsh/ROS/bumperbot/build/bumperbot_py/install.log'
[1.052s] Invoked command in '/home/harshdev/Documents/harsh/ROS/bumperbot/src/bumperbot_py' returned '0': DEBUGINFOD_URLS=https://debuginfod.ubuntu.com PYTHONPATH=/home/harshdev/Documents/harsh/ROS/bumperbot/build/bumperbot_py/prefix_override:/usr/lib/python3/dist-packages/colcon_core/task/python/colcon_distutils_commands:/home/harshdev/Documents/harsh/ROS/bumperbot/install/bumperbot_py/lib/python3.12/site-packages:${PYTHONPATH} /usr/bin/python3 -W ignore:setup.py install is deprecated -W ignore:easy_install command is deprecated setup.py egg_info --egg-base ../../build/bumperbot_py build --build-base /home/harshdev/Documents/harsh/ROS/bumperbot/build/bumperbot_py/build install --record /home/harshdev/Documents/harsh/ROS/bumperbot/build/bumperbot_py/install.log --single-version-externally-managed install_data
