[0.176s] DEBUG:colcon:Command line arguments: ['/usr/bin/colcon', 'list', '-p', '--base-paths', '/home/harshdev/Documents/harsh/ROS/bumperbot']
[0.176s] DEBUG:colcon:Parsed command line arguments: Namespace(log_base=None, log_level=None, verb_name='list', build_base='build', ignore_user_meta=False, metas=['./colcon.meta'], base_paths=['/home/harshdev/Documents/harsh/ROS/bumperbot'], packages_ignore=None, packages_ignore_regex=None, paths=None, packages_up_to=None, packages_up_to_regex=None, packages_above=None, packages_above_and_dependencies=None, packages_above_depth=None, packages_select_by_dep=None, packages_skip_by_dep=None, packages_skip_up_to=None, packages_select_build_failed=False, packages_skip_build_finished=False, packages_select_test_failures=False, packages_skip_test_passed=False, packages_select=None, packages_skip=None, packages_select_regex=None, packages_skip_regex=None, packages_start=None, packages_end=None, allow_overriding=[], topological_order=False, names_only=False, paths_only=True, topological_graph=False, topological_graph_dot=False, topological_graph_density=False, topological_graph_legend=False, topological_graph_dot_cluster=False, topological_graph_dot_include_skipped=False, mixin_files=None, mixin=None, verb_parser=<colcon_mixin.mixin.mixin_argument.MixinArgumentDecorator object at 0x77dd11da95b0>, verb_extension=<colcon_package_information.verb.list.ListVerb object at 0x77dd11d2fe30>, main=<bound method ListVerb.main of <colcon_package_information.verb.list.ListVerb object at 0x77dd11d2fe30>>, mixin_verb=('list',))
[0.244s] Level 1:colcon.colcon_core.package_discovery:discover_packages(colcon_meta) check parameters
[0.245s] Level 1:colcon.colcon_core.package_discovery:discover_packages(recursive) check parameters
[0.245s] Level 1:colcon.colcon_core.package_discovery:discover_packages(ignore) check parameters
[0.245s] Level 1:colcon.colcon_core.package_discovery:discover_packages(path) check parameters
[0.245s] Level 1:colcon.colcon_core.package_discovery:discover_packages(recursive) discover
[0.245s] INFO:colcon.colcon_core.package_discovery:Crawling recursively for packages in '/home/harshdev/Documents/harsh/ROS/bumperbot'
[0.245s] Level 1:colcon.colcon_core.package_identification:_identify(/home/harshdev/Documents/harsh/ROS/bumperbot) by extensions ['ignore', 'ignore_ament_install']
[0.246s] Level 1:colcon.colcon_core.package_identification:_identify(/home/harshdev/Documents/harsh/ROS/bumperbot) by extension 'ignore'
[0.246s] Level 1:colcon.colcon_core.package_identification:_identify(/home/harshdev/Documents/harsh/ROS/bumperbot) by extension 'ignore_ament_install'
[0.246s] Level 1:colcon.colcon_core.package_identification:_identify(/home/harshdev/Documents/harsh/ROS/bumperbot) by extensions ['colcon_pkg']
[0.246s] Level 1:colcon.colcon_core.package_identification:_identify(/home/harshdev/Documents/harsh/ROS/bumperbot) by extension 'colcon_pkg'
[0.246s] Level 1:colcon.colcon_core.package_identification:_identify(/home/harshdev/Documents/harsh/ROS/bumperbot) by extensions ['colcon_meta']
[0.246s] Level 1:colcon.colcon_core.package_identification:_identify(/home/harshdev/Documents/harsh/ROS/bumperbot) by extension 'colcon_meta'
[0.246s] Level 1:colcon.colcon_core.package_identification:_identify(/home/harshdev/Documents/harsh/ROS/bumperbot) by extensions ['ros']
[0.246s] Level 1:colcon.colcon_core.package_identification:_identify(/home/harshdev/Documents/harsh/ROS/bumperbot) by extension 'ros'
[0.290s] Level 1:colcon.colcon_core.package_identification:_identify(/home/harshdev/Documents/harsh/ROS/bumperbot) by extensions ['cmake', 'python']
[0.290s] Level 1:colcon.colcon_core.package_identification:_identify(/home/harshdev/Documents/harsh/ROS/bumperbot) by extension 'cmake'
[0.290s] Level 1:colcon.colcon_core.package_identification:_identify(/home/harshdev/Documents/harsh/ROS/bumperbot) by extension 'python'
[0.290s] Level 1:colcon.colcon_core.package_identification:_identify(/home/harshdev/Documents/harsh/ROS/bumperbot) by extensions ['python_setup_py']
[0.291s] Level 1:colcon.colcon_core.package_identification:_identify(/home/harshdev/Documents/harsh/ROS/bumperbot) by extension 'python_setup_py'
[0.291s] Level 1:colcon.colcon_core.package_identification:_identify(/home/harshdev/Documents/harsh/ROS/bumperbot/build) by extensions ['ignore', 'ignore_ament_install']
[0.291s] Level 1:colcon.colcon_core.package_identification:_identify(/home/harshdev/Documents/harsh/ROS/bumperbot/build) by extension 'ignore'
[0.291s] Level 1:colcon.colcon_core.package_identification:_identify(/home/harshdev/Documents/harsh/ROS/bumperbot/build) ignored
[0.291s] Level 1:colcon.colcon_core.package_identification:_identify(/home/harshdev/Documents/harsh/ROS/bumperbot/install) by extensions ['ignore', 'ignore_ament_install']
[0.292s] Level 1:colcon.colcon_core.package_identification:_identify(/home/harshdev/Documents/harsh/ROS/bumperbot/install) by extension 'ignore'
[0.292s] Level 1:colcon.colcon_core.package_identification:_identify(/home/harshdev/Documents/harsh/ROS/bumperbot/install) ignored
[0.292s] Level 1:colcon.colcon_core.package_identification:_identify(/home/harshdev/Documents/harsh/ROS/bumperbot/log) by extensions ['ignore', 'ignore_ament_install']
[0.292s] Level 1:colcon.colcon_core.package_identification:_identify(/home/harshdev/Documents/harsh/ROS/bumperbot/log) by extension 'ignore'
[0.292s] Level 1:colcon.colcon_core.package_identification:_identify(/home/harshdev/Documents/harsh/ROS/bumperbot/log) ignored
[0.292s] Level 1:colcon.colcon_core.package_identification:_identify(/home/harshdev/Documents/harsh/ROS/bumperbot/src) by extensions ['ignore', 'ignore_ament_install']
[0.292s] Level 1:colcon.colcon_core.package_identification:_identify(/home/harshdev/Documents/harsh/ROS/bumperbot/src) by extension 'ignore'
[0.293s] Level 1:colcon.colcon_core.package_identification:_identify(/home/harshdev/Documents/harsh/ROS/bumperbot/src) by extension 'ignore_ament_install'
[0.293s] Level 1:colcon.colcon_core.package_identification:_identify(/home/harshdev/Documents/harsh/ROS/bumperbot/src) by extensions ['colcon_pkg']
[0.293s] Level 1:colcon.colcon_core.package_identification:_identify(/home/harshdev/Documents/harsh/ROS/bumperbot/src) by extension 'colcon_pkg'
[0.293s] Level 1:colcon.colcon_core.package_identification:_identify(/home/harshdev/Documents/harsh/ROS/bumperbot/src) by extensions ['colcon_meta']
[0.293s] Level 1:colcon.colcon_core.package_identification:_identify(/home/harshdev/Documents/harsh/ROS/bumperbot/src) by extension 'colcon_meta'
[0.293s] Level 1:colcon.colcon_core.package_identification:_identify(/home/harshdev/Documents/harsh/ROS/bumperbot/src) by extensions ['ros']
[0.293s] Level 1:colcon.colcon_core.package_identification:_identify(/home/harshdev/Documents/harsh/ROS/bumperbot/src) by extension 'ros'
[0.293s] Level 1:colcon.colcon_core.package_identification:_identify(/home/harshdev/Documents/harsh/ROS/bumperbot/src) by extensions ['cmake', 'python']
[0.293s] Level 1:colcon.colcon_core.package_identification:_identify(/home/harshdev/Documents/harsh/ROS/bumperbot/src) by extension 'cmake'
[0.293s] Level 1:colcon.colcon_core.package_identification:_identify(/home/harshdev/Documents/harsh/ROS/bumperbot/src) by extension 'python'
[0.293s] Level 1:colcon.colcon_core.package_identification:_identify(/home/harshdev/Documents/harsh/ROS/bumperbot/src) by extensions ['python_setup_py']
[0.293s] Level 1:colcon.colcon_core.package_identification:_identify(/home/harshdev/Documents/harsh/ROS/bumperbot/src) by extension 'python_setup_py'
[0.294s] Level 1:colcon.colcon_core.package_identification:_identify(/home/harshdev/Documents/harsh/ROS/bumperbot/src/bumperbot_package_py) by extensions ['ignore', 'ignore_ament_install']
[0.294s] Level 1:colcon.colcon_core.package_identification:_identify(/home/harshdev/Documents/harsh/ROS/bumperbot/src/bumperbot_package_py) by extension 'ignore'
[0.294s] Level 1:colcon.colcon_core.package_identification:_identify(/home/harshdev/Documents/harsh/ROS/bumperbot/src/bumperbot_package_py) by extension 'ignore_ament_install'
[0.294s] Level 1:colcon.colcon_core.package_identification:_identify(/home/harshdev/Documents/harsh/ROS/bumperbot/src/bumperbot_package_py) by extensions ['colcon_pkg']
[0.294s] Level 1:colcon.colcon_core.package_identification:_identify(/home/harshdev/Documents/harsh/ROS/bumperbot/src/bumperbot_package_py) by extension 'colcon_pkg'
[0.294s] Level 1:colcon.colcon_core.package_identification:_identify(/home/harshdev/Documents/harsh/ROS/bumperbot/src/bumperbot_package_py) by extensions ['colcon_meta']
[0.294s] Level 1:colcon.colcon_core.package_identification:_identify(/home/harshdev/Documents/harsh/ROS/bumperbot/src/bumperbot_package_py) by extension 'colcon_meta'
[0.294s] Level 1:colcon.colcon_core.package_identification:_identify(/home/harshdev/Documents/harsh/ROS/bumperbot/src/bumperbot_package_py) by extensions ['ros']
[0.294s] Level 1:colcon.colcon_core.package_identification:_identify(/home/harshdev/Documents/harsh/ROS/bumperbot/src/bumperbot_package_py) by extension 'ros'
[0.299s] DEBUG:colcon.colcon_core.package_identification:Package '/home/harshdev/Documents/harsh/ROS/bumperbot/src/bumperbot_package_py' with type 'ros.ament_python' and name 'bumperbot_package_py'
[0.299s] Level 1:colcon.colcon_core.package_identification:_identify(/home/harshdev/Documents/harsh/ROS/bumperbot/src/bumperbot_py) by extensions ['ignore', 'ignore_ament_install']
[0.299s] Level 1:colcon.colcon_core.package_identification:_identify(/home/harshdev/Documents/harsh/ROS/bumperbot/src/bumperbot_py) by extension 'ignore'
[0.300s] Level 1:colcon.colcon_core.package_identification:_identify(/home/harshdev/Documents/harsh/ROS/bumperbot/src/bumperbot_py) by extension 'ignore_ament_install'
[0.300s] Level 1:colcon.colcon_core.package_identification:_identify(/home/harshdev/Documents/harsh/ROS/bumperbot/src/bumperbot_py) by extensions ['colcon_pkg']
[0.300s] Level 1:colcon.colcon_core.package_identification:_identify(/home/harshdev/Documents/harsh/ROS/bumperbot/src/bumperbot_py) by extension 'colcon_pkg'
[0.300s] Level 1:colcon.colcon_core.package_identification:_identify(/home/harshdev/Documents/harsh/ROS/bumperbot/src/bumperbot_py) by extensions ['colcon_meta']
[0.300s] Level 1:colcon.colcon_core.package_identification:_identify(/home/harshdev/Documents/harsh/ROS/bumperbot/src/bumperbot_py) by extension 'colcon_meta'
[0.300s] Level 1:colcon.colcon_core.package_identification:_identify(/home/harshdev/Documents/harsh/ROS/bumperbot/src/bumperbot_py) by extensions ['ros']
[0.300s] Level 1:colcon.colcon_core.package_identification:_identify(/home/harshdev/Documents/harsh/ROS/bumperbot/src/bumperbot_py) by extension 'ros'
[0.301s] DEBUG:colcon.colcon_core.package_identification:Package '/home/harshdev/Documents/harsh/ROS/bumperbot/src/bumperbot_py' with type 'ros.ament_python' and name 'bumperbot_py'
[0.301s] Level 1:colcon.colcon_core.package_discovery:discover_packages(recursive) using defaults
