[0.550s] Invoking command in '/home/harshdev/alfred_workspace/src/joy_input': DEBUGINFOD_URLS=https://debuginfod.ubuntu.com PYTHONPATH=/home/harshdev/alfred_workspace/build/joy_input/prefix_override:/usr/lib/python3/dist-packages/colcon_core/task/python/colcon_distutils_commands:/home/harshdev/alfred_workspace/install/joy_input/lib/python3.12/site-packages:${PYTHONPATH} /usr/bin/python3 -W ignore:setup.py install is deprecated -W ignore:easy_install command is deprecated setup.py egg_info --egg-base ../../build/joy_input build --build-base /home/harshdev/alfred_workspace/build/joy_input/build install --record /home/harshdev/alfred_workspace/build/joy_input/install.log --single-version-externally-managed install_data
[0.708s] running egg_info
[0.719s] writing ../../build/joy_input/joy_input.egg-info/PKG-INFO
[0.719s] writing dependency_links to ../../build/joy_input/joy_input.egg-info/dependency_links.txt
[0.719s] writing entry points to ../../build/joy_input/joy_input.egg-info/entry_points.txt
[0.720s] writing requirements to ../../build/joy_input/joy_input.egg-info/requires.txt
[0.720s] writing top-level names to ../../build/joy_input/joy_input.egg-info/top_level.txt
[0.741s] reading manifest file '../../build/joy_input/joy_input.egg-info/SOURCES.txt'
[0.742s] writing manifest file '../../build/joy_input/joy_input.egg-info/SOURCES.txt'
[0.742s] running build
[0.742s] running build_py
[0.742s] running install
[0.746s] running install_lib
[0.757s] running install_data
[0.757s] running install_egg_info
[0.769s] removing '/home/harshdev/alfred_workspace/install/joy_input/lib/python3.12/site-packages/joy_input-0.0.0-py3.12.egg-info' (and everything under it)
[0.769s] Copying ../../build/joy_input/joy_input.egg-info to /home/harshdev/alfred_workspace/install/joy_input/lib/python3.12/site-packages/joy_input-0.0.0-py3.12.egg-info
[0.769s] running install_scripts
[0.845s] Installing joy_to_cmdvel script to /home/harshdev/alfred_workspace/install/joy_input/lib/joy_input
[0.846s] writing list of installed files to '/home/harshdev/alfred_workspace/build/joy_input/install.log'
[0.864s] Invoked command in '/home/harshdev/alfred_workspace/src/joy_input' returned '0': DEBUGINFOD_URLS=https://debuginfod.ubuntu.com PYTHONPATH=/home/harshdev/alfred_workspace/build/joy_input/prefix_override:/usr/lib/python3/dist-packages/colcon_core/task/python/colcon_distutils_commands:/home/harshdev/alfred_workspace/install/joy_input/lib/python3.12/site-packages:${PYTHONPATH} /usr/bin/python3 -W ignore:setup.py install is deprecated -W ignore:easy_install command is deprecated setup.py egg_info --egg-base ../../build/joy_input build --build-base /home/harshdev/alfred_workspace/build/joy_input/build install --record /home/harshdev/alfred_workspace/build/joy_input/install.log --single-version-externally-managed install_data
