[0.121s] DEBUG:colcon:Command line arguments: ['/usr/bin/colcon', 'build']
[0.121s] DEBUG:colcon:Parsed command line arguments: Namespace(log_base=None, log_level=None, verb_name='build', build_base='build', install_base='install', merge_install=False, symlink_install=False, test_result_base=None, continue_on_error=False, executor='parallel', parallel_workers=12, event_handlers=None, ignore_user_meta=False, metas=['./colcon.meta'], base_paths=['.'], packages_ignore=None, packages_ignore_regex=None, paths=None, packages_up_to=None, packages_up_to_regex=None, packages_above=None, packages_above_and_dependencies=None, packages_above_depth=None, packages_select_by_dep=None, packages_skip_by_dep=None, packages_skip_up_to=None, packages_select_build_failed=False, packages_skip_build_finished=False, packages_select_test_failures=False, packages_skip_test_passed=False, packages_select=None, packages_skip=None, packages_select_regex=None, packages_skip_regex=None, packages_start=None, packages_end=None, allow_overriding=[], cmake_args=None, cmake_target=None, cmake_target_skip_unavailable=False, cmake_clean_cache=False, cmake_clean_first=False, cmake_force_configure=False, ament_cmake_args=None, catkin_cmake_args=None, catkin_skip_building_tests=False, mixin_files=None, mixin=None, verb_parser=<colcon_mixin.mixin.mixin_argument.MixinArgumentDecorator object at 0x787a795a8f80>, verb_extension=<colcon_core.verb.build.BuildVerb object at 0x787a7964ab70>, main=<bound method BuildVerb.main of <colcon_core.verb.build.BuildVerb object at 0x787a7964ab70>>, mixin_verb=('build',))
[0.165s] Level 1:colcon.colcon_core.package_discovery:discover_packages(colcon_meta) check parameters
[0.165s] Level 1:colcon.colcon_core.package_discovery:discover_packages(recursive) check parameters
[0.165s] Level 1:colcon.colcon_core.package_discovery:discover_packages(ignore) check parameters
[0.165s] Level 1:colcon.colcon_core.package_discovery:discover_packages(path) check parameters
[0.165s] Level 1:colcon.colcon_core.package_discovery:discover_packages(colcon_meta) discover
[0.165s] Level 1:colcon.colcon_core.package_discovery:discover_packages(recursive) discover
[0.165s] INFO:colcon.colcon_core.package_discovery:Crawling recursively for packages in '/home/harshdev/Learning-ROS'
[0.165s] Level 1:colcon.colcon_core.package_identification:_identify(.) by extensions ['ignore', 'ignore_ament_install']
[0.165s] Level 1:colcon.colcon_core.package_identification:_identify(.) by extension 'ignore'
[0.165s] Level 1:colcon.colcon_core.package_identification:_identify(.) by extension 'ignore_ament_install'
[0.166s] Level 1:colcon.colcon_core.package_identification:_identify(.) by extensions ['colcon_pkg']
[0.166s] Level 1:colcon.colcon_core.package_identification:_identify(.) by extension 'colcon_pkg'
[0.166s] Level 1:colcon.colcon_core.package_identification:_identify(.) by extensions ['colcon_meta']
[0.166s] Level 1:colcon.colcon_core.package_identification:_identify(.) by extension 'colcon_meta'
[0.166s] Level 1:colcon.colcon_core.package_identification:_identify(.) by extensions ['ros']
[0.166s] Level 1:colcon.colcon_core.package_identification:_identify(.) by extension 'ros'
[0.197s] Level 1:colcon.colcon_core.package_identification:_identify(.) by extensions ['cmake', 'python']
[0.197s] Level 1:colcon.colcon_core.package_identification:_identify(.) by extension 'cmake'
[0.197s] Level 1:colcon.colcon_core.package_identification:_identify(.) by extension 'python'
[0.197s] Level 1:colcon.colcon_core.package_identification:_identify(.) by extensions ['python_setup_py']
[0.197s] Level 1:colcon.colcon_core.package_identification:_identify(.) by extension 'python_setup_py'
[0.197s] Level 1:colcon.colcon_core.package_identification:_identify(alfred_bot) by extensions ['ignore', 'ignore_ament_install']
[0.197s] Level 1:colcon.colcon_core.package_identification:_identify(alfred_bot) by extension 'ignore'
[0.197s] Level 1:colcon.colcon_core.package_identification:_identify(alfred_bot) by extension 'ignore_ament_install'
[0.197s] Level 1:colcon.colcon_core.package_identification:_identify(alfred_bot) by extensions ['colcon_pkg']
[0.197s] Level 1:colcon.colcon_core.package_identification:_identify(alfred_bot) by extension 'colcon_pkg'
[0.198s] Level 1:colcon.colcon_core.package_identification:_identify(alfred_bot) by extensions ['colcon_meta']
[0.198s] Level 1:colcon.colcon_core.package_identification:_identify(alfred_bot) by extension 'colcon_meta'
[0.198s] Level 1:colcon.colcon_core.package_identification:_identify(alfred_bot) by extensions ['ros']
[0.198s] Level 1:colcon.colcon_core.package_identification:_identify(alfred_bot) by extension 'ros'
[0.200s] DEBUG:colcon.colcon_core.package_identification:Package 'alfred_bot' with type 'ros.ament_cmake' and name 'alfred_bot'
[0.201s] Level 1:colcon.colcon_core.package_identification:_identify(articubot_one) by extensions ['ignore', 'ignore_ament_install']
[0.201s] Level 1:colcon.colcon_core.package_identification:_identify(articubot_one) by extension 'ignore'
[0.201s] Level 1:colcon.colcon_core.package_identification:_identify(articubot_one) by extension 'ignore_ament_install'
[0.201s] Level 1:colcon.colcon_core.package_identification:_identify(articubot_one) by extensions ['colcon_pkg']
[0.201s] Level 1:colcon.colcon_core.package_identification:_identify(articubot_one) by extension 'colcon_pkg'
[0.201s] Level 1:colcon.colcon_core.package_identification:_identify(articubot_one) by extensions ['colcon_meta']
[0.201s] Level 1:colcon.colcon_core.package_identification:_identify(articubot_one) by extension 'colcon_meta'
[0.201s] Level 1:colcon.colcon_core.package_identification:_identify(articubot_one) by extensions ['ros']
[0.201s] Level 1:colcon.colcon_core.package_identification:_identify(articubot_one) by extension 'ros'
[0.201s] DEBUG:colcon.colcon_core.package_identification:Package 'articubot_one' with type 'ros.ament_cmake' and name 'articubot_one'
[0.202s] Level 1:colcon.colcon_core.package_identification:_identify(build) by extensions ['ignore', 'ignore_ament_install']
[0.202s] Level 1:colcon.colcon_core.package_identification:_identify(build) by extension 'ignore'
[0.202s] Level 1:colcon.colcon_core.package_identification:_identify(build) ignored
[0.202s] Level 1:colcon.colcon_core.package_identification:_identify(install) by extensions ['ignore', 'ignore_ament_install']
[0.202s] Level 1:colcon.colcon_core.package_identification:_identify(install) by extension 'ignore'
[0.202s] Level 1:colcon.colcon_core.package_identification:_identify(install) ignored
[0.202s] Level 1:colcon.colcon_core.package_identification:_identify(joy_to_cmd_vel) by extensions ['ignore', 'ignore_ament_install']
[0.202s] Level 1:colcon.colcon_core.package_identification:_identify(joy_to_cmd_vel) by extension 'ignore'
[0.202s] Level 1:colcon.colcon_core.package_identification:_identify(joy_to_cmd_vel) by extension 'ignore_ament_install'
[0.202s] Level 1:colcon.colcon_core.package_identification:_identify(joy_to_cmd_vel) by extensions ['colcon_pkg']
[0.202s] Level 1:colcon.colcon_core.package_identification:_identify(joy_to_cmd_vel) by extension 'colcon_pkg'
[0.202s] Level 1:colcon.colcon_core.package_identification:_identify(joy_to_cmd_vel) by extensions ['colcon_meta']
[0.202s] Level 1:colcon.colcon_core.package_identification:_identify(joy_to_cmd_vel) by extension 'colcon_meta'
[0.202s] Level 1:colcon.colcon_core.package_identification:_identify(joy_to_cmd_vel) by extensions ['ros']
[0.202s] Level 1:colcon.colcon_core.package_identification:_identify(joy_to_cmd_vel) by extension 'ros'
[0.203s] DEBUG:colcon.colcon_core.package_identification:Package 'joy_to_cmd_vel' with type 'ros.ament_python' and name 'joy_to_cmd_vel'
[0.203s] Level 1:colcon.colcon_core.package_identification:_identify(log) by extensions ['ignore', 'ignore_ament_install']
[0.203s] Level 1:colcon.colcon_core.package_identification:_identify(log) by extension 'ignore'
[0.203s] Level 1:colcon.colcon_core.package_identification:_identify(log) ignored
[0.203s] Level 1:colcon.colcon_core.package_discovery:discover_packages(recursive) using defaults
[0.203s] Level 1:colcon.colcon_core.package_discovery:discover_packages(ignore) discover
[0.203s] Level 1:colcon.colcon_core.package_discovery:discover_packages(ignore) using defaults
[0.203s] Level 1:colcon.colcon_core.package_discovery:discover_packages(path) discover
[0.203s] Level 1:colcon.colcon_core.package_discovery:discover_packages(path) using defaults
[0.225s] Level 1:colcon.colcon_core.package_discovery:discover_packages(prefix_path) check parameters
[0.225s] Level 1:colcon.colcon_core.package_discovery:discover_packages(prefix_path) discover
[0.228s] DEBUG:colcon.colcon_installed_package_information.package_discovery:Found 464 installed packages in /opt/ros/jazzy
[0.230s] Level 1:colcon.colcon_core.package_discovery:discover_packages(prefix_path) using defaults
[0.290s] Level 5:colcon.colcon_core.verb:set package 'alfred_bot' build argument 'cmake_args' from command line to 'None'
[0.290s] Level 5:colcon.colcon_core.verb:set package 'alfred_bot' build argument 'cmake_target' from command line to 'None'
[0.290s] Level 5:colcon.colcon_core.verb:set package 'alfred_bot' build argument 'cmake_target_skip_unavailable' from command line to 'False'
[0.290s] Level 5:colcon.colcon_core.verb:set package 'alfred_bot' build argument 'cmake_clean_cache' from command line to 'False'
[0.290s] Level 5:colcon.colcon_core.verb:set package 'alfred_bot' build argument 'cmake_clean_first' from command line to 'False'
[0.290s] Level 5:colcon.colcon_core.verb:set package 'alfred_bot' build argument 'cmake_force_configure' from command line to 'False'
[0.290s] Level 5:colcon.colcon_core.verb:set package 'alfred_bot' build argument 'ament_cmake_args' from command line to 'None'
[0.290s] Level 5:colcon.colcon_core.verb:set package 'alfred_bot' build argument 'catkin_cmake_args' from command line to 'None'
[0.290s] Level 5:colcon.colcon_core.verb:set package 'alfred_bot' build argument 'catkin_skip_building_tests' from command line to 'False'
[0.290s] DEBUG:colcon.colcon_core.verb:Building package 'alfred_bot' with the following arguments: {'ament_cmake_args': None, 'build_base': '/home/harshdev/Learning-ROS/build/alfred_bot', 'catkin_cmake_args': None, 'catkin_skip_building_tests': False, 'cmake_args': None, 'cmake_clean_cache': False, 'cmake_clean_first': False, 'cmake_force_configure': False, 'cmake_target': None, 'cmake_target_skip_unavailable': False, 'install_base': '/home/harshdev/Learning-ROS/install/alfred_bot', 'merge_install': False, 'path': '/home/harshdev/Learning-ROS/alfred_bot', 'symlink_install': False, 'test_result_base': None}
[0.291s] Level 5:colcon.colcon_core.verb:set package 'articubot_one' build argument 'cmake_args' from command line to 'None'
[0.291s] Level 5:colcon.colcon_core.verb:set package 'articubot_one' build argument 'cmake_target' from command line to 'None'
[0.291s] Level 5:colcon.colcon_core.verb:set package 'articubot_one' build argument 'cmake_target_skip_unavailable' from command line to 'False'
[0.291s] Level 5:colcon.colcon_core.verb:set package 'articubot_one' build argument 'cmake_clean_cache' from command line to 'False'
[0.291s] Level 5:colcon.colcon_core.verb:set package 'articubot_one' build argument 'cmake_clean_first' from command line to 'False'
[0.291s] Level 5:colcon.colcon_core.verb:set package 'articubot_one' build argument 'cmake_force_configure' from command line to 'False'
[0.291s] Level 5:colcon.colcon_core.verb:set package 'articubot_one' build argument 'ament_cmake_args' from command line to 'None'
[0.291s] Level 5:colcon.colcon_core.verb:set package 'articubot_one' build argument 'catkin_cmake_args' from command line to 'None'
[0.291s] Level 5:colcon.colcon_core.verb:set package 'articubot_one' build argument 'catkin_skip_building_tests' from command line to 'False'
[0.291s] DEBUG:colcon.colcon_core.verb:Building package 'articubot_one' with the following arguments: {'ament_cmake_args': None, 'build_base': '/home/harshdev/Learning-ROS/build/articubot_one', 'catkin_cmake_args': None, 'catkin_skip_building_tests': False, 'cmake_args': None, 'cmake_clean_cache': False, 'cmake_clean_first': False, 'cmake_force_configure': False, 'cmake_target': None, 'cmake_target_skip_unavailable': False, 'install_base': '/home/harshdev/Learning-ROS/install/articubot_one', 'merge_install': False, 'path': '/home/harshdev/Learning-ROS/articubot_one', 'symlink_install': False, 'test_result_base': None}
[0.291s] Level 5:colcon.colcon_core.verb:set package 'joy_to_cmd_vel' build argument 'cmake_args' from command line to 'None'
[0.291s] Level 5:colcon.colcon_core.verb:set package 'joy_to_cmd_vel' build argument 'cmake_target' from command line to 'None'
[0.291s] Level 5:colcon.colcon_core.verb:set package 'joy_to_cmd_vel' build argument 'cmake_target_skip_unavailable' from command line to 'False'
[0.291s] Level 5:colcon.colcon_core.verb:set package 'joy_to_cmd_vel' build argument 'cmake_clean_cache' from command line to 'False'
[0.291s] Level 5:colcon.colcon_core.verb:set package 'joy_to_cmd_vel' build argument 'cmake_clean_first' from command line to 'False'
[0.291s] Level 5:colcon.colcon_core.verb:set package 'joy_to_cmd_vel' build argument 'cmake_force_configure' from command line to 'False'
[0.291s] Level 5:colcon.colcon_core.verb:set package 'joy_to_cmd_vel' build argument 'ament_cmake_args' from command line to 'None'
[0.291s] Level 5:colcon.colcon_core.verb:set package 'joy_to_cmd_vel' build argument 'catkin_cmake_args' from command line to 'None'
[0.291s] Level 5:colcon.colcon_core.verb:set package 'joy_to_cmd_vel' build argument 'catkin_skip_building_tests' from command line to 'False'
[0.291s] DEBUG:colcon.colcon_core.verb:Building package 'joy_to_cmd_vel' with the following arguments: {'ament_cmake_args': None, 'build_base': '/home/harshdev/Learning-ROS/build/joy_to_cmd_vel', 'catkin_cmake_args': None, 'catkin_skip_building_tests': False, 'cmake_args': None, 'cmake_clean_cache': False, 'cmake_clean_first': False, 'cmake_force_configure': False, 'cmake_target': None, 'cmake_target_skip_unavailable': False, 'install_base': '/home/harshdev/Learning-ROS/install/joy_to_cmd_vel', 'merge_install': False, 'path': '/home/harshdev/Learning-ROS/joy_to_cmd_vel', 'symlink_install': False, 'test_result_base': None}
[0.292s] INFO:colcon.colcon_core.executor:Executing jobs using 'parallel' executor
[0.292s] DEBUG:colcon.colcon_parallel_executor.executor.parallel:run_until_complete
[0.293s] INFO:colcon.colcon_ros.task.ament_cmake.build:Building ROS package in '/home/harshdev/Learning-ROS/alfred_bot' with build type 'ament_cmake'
[0.293s] INFO:colcon.colcon_cmake.task.cmake.build:Building CMake package in '/home/harshdev/Learning-ROS/alfred_bot'
[0.296s] INFO:colcon.colcon_core.plugin_system:Skipping extension 'colcon_core.shell.bat': Not used on non-Windows systems
[0.296s] INFO:colcon.colcon_core.shell:Skip shell extension 'powershell' for command environment: Not usable outside of PowerShell
[0.296s] DEBUG:colcon.colcon_core.shell:Skip shell extension 'dsv' for command environment
[0.301s] INFO:colcon.colcon_ros.task.ament_cmake.build:Building ROS package in '/home/harshdev/Learning-ROS/articubot_one' with build type 'ament_cmake'
[0.301s] INFO:colcon.colcon_cmake.task.cmake.build:Building CMake package in '/home/harshdev/Learning-ROS/articubot_one'
[0.301s] INFO:colcon.colcon_core.shell:Skip shell extension 'powershell' for command environment: Not usable outside of PowerShell
[0.301s] DEBUG:colcon.colcon_core.shell:Skip shell extension 'dsv' for command environment
[0.305s] INFO:colcon.colcon_ros.task.ament_python.build:Building ROS package in '/home/harshdev/Learning-ROS/joy_to_cmd_vel' with build type 'ament_python'
[0.306s] Level 1:colcon.colcon_core.shell:create_environment_hook('joy_to_cmd_vel', 'ament_prefix_path')
[0.306s] INFO:colcon.colcon_core.shell:Creating environment hook '/home/harshdev/Learning-ROS/install/joy_to_cmd_vel/share/joy_to_cmd_vel/hook/ament_prefix_path.ps1'
[0.307s] INFO:colcon.colcon_core.shell:Creating environment descriptor '/home/harshdev/Learning-ROS/install/joy_to_cmd_vel/share/joy_to_cmd_vel/hook/ament_prefix_path.dsv'
[0.307s] INFO:colcon.colcon_core.shell:Creating environment hook '/home/harshdev/Learning-ROS/install/joy_to_cmd_vel/share/joy_to_cmd_vel/hook/ament_prefix_path.sh'
[0.307s] INFO:colcon.colcon_core.shell:Skip shell extension 'powershell' for command environment: Not usable outside of PowerShell
[0.308s] DEBUG:colcon.colcon_core.shell:Skip shell extension 'dsv' for command environment
[0.323s] DEBUG:colcon.colcon_core.event_handler.log_command:Invoking command in '/home/harshdev/Learning-ROS/build/alfred_bot': CMAKE_PREFIX_PATH=${CMAKE_PREFIX_PATH}:/opt/ros/jazzy DEBUGINFOD_URLS=https://debuginfod.ubuntu.com /usr/bin/cmake --build /home/harshdev/Learning-ROS/build/alfred_bot -- -j12 -l12
[0.330s] DEBUG:colcon.colcon_core.event_handler.log_command:Invoking command in '/home/harshdev/Learning-ROS/build/articubot_one': CMAKE_PREFIX_PATH=${CMAKE_PREFIX_PATH}:/opt/ros/jazzy DEBUGINFOD_URLS=https://debuginfod.ubuntu.com /usr/bin/cmake --build /home/harshdev/Learning-ROS/build/articubot_one -- -j12 -l12
[0.602s] INFO:colcon.colcon_core.task.python.build:Building Python package in '/home/harshdev/Learning-ROS/joy_to_cmd_vel'
[0.603s] INFO:colcon.colcon_core.shell:Skip shell extension 'powershell' for command environment: Not usable outside of PowerShell
[0.603s] DEBUG:colcon.colcon_core.shell:Skip shell extension 'dsv' for command environment
[0.609s] DEBUG:colcon.colcon_core.event_handler.log_command:Invoked command in '/home/harshdev/Learning-ROS/build/articubot_one' returned '0': CMAKE_PREFIX_PATH=${CMAKE_PREFIX_PATH}:/opt/ros/jazzy DEBUGINFOD_URLS=https://debuginfod.ubuntu.com /usr/bin/cmake --build /home/harshdev/Learning-ROS/build/articubot_one -- -j12 -l12
[0.623s] DEBUG:colcon.colcon_core.event_handler.log_command:Invoking command in '/home/harshdev/Learning-ROS/build/articubot_one': CMAKE_PREFIX_PATH=${CMAKE_PREFIX_PATH}:/opt/ros/jazzy DEBUGINFOD_URLS=https://debuginfod.ubuntu.com /usr/bin/cmake --install /home/harshdev/Learning-ROS/build/articubot_one
[0.625s] DEBUG:colcon.colcon_core.event_handler.log_command:Invoked command in '/home/harshdev/Learning-ROS/build/alfred_bot' returned '0': CMAKE_PREFIX_PATH=${CMAKE_PREFIX_PATH}:/opt/ros/jazzy DEBUGINFOD_URLS=https://debuginfod.ubuntu.com /usr/bin/cmake --build /home/harshdev/Learning-ROS/build/alfred_bot -- -j12 -l12
[0.626s] DEBUG:colcon.colcon_core.event_handler.log_command:Invoking command in '/home/harshdev/Learning-ROS/build/alfred_bot': CMAKE_PREFIX_PATH=${CMAKE_PREFIX_PATH}:/opt/ros/jazzy DEBUGINFOD_URLS=https://debuginfod.ubuntu.com /usr/bin/cmake --install /home/harshdev/Learning-ROS/build/alfred_bot
[0.638s] Level 1:colcon.colcon_core.environment:create_environment_scripts_only(articubot_one)
[0.643s] Level 1:colcon.colcon_core.environment:checking '/home/harshdev/Learning-ROS/install/articubot_one' for CMake module files
[0.646s] Level 1:colcon.colcon_core.environment:checking '/home/harshdev/Learning-ROS/install/articubot_one' for CMake config files
[0.648s] Level 1:colcon.colcon_core.shell:create_environment_hook('articubot_one', 'cmake_prefix_path')
[0.648s] INFO:colcon.colcon_core.shell:Creating environment hook '/home/harshdev/Learning-ROS/install/articubot_one/share/articubot_one/hook/cmake_prefix_path.ps1'
[0.649s] DEBUG:colcon.colcon_core.event_handler.log_command:Invoked command in '/home/harshdev/Learning-ROS/build/articubot_one' returned '0': CMAKE_PREFIX_PATH=${CMAKE_PREFIX_PATH}:/opt/ros/jazzy DEBUGINFOD_URLS=https://debuginfod.ubuntu.com /usr/bin/cmake --install /home/harshdev/Learning-ROS/build/articubot_one
[0.649s] INFO:colcon.colcon_core.shell:Creating environment descriptor '/home/harshdev/Learning-ROS/install/articubot_one/share/articubot_one/hook/cmake_prefix_path.dsv'
[0.649s] INFO:colcon.colcon_core.shell:Creating environment hook '/home/harshdev/Learning-ROS/install/articubot_one/share/articubot_one/hook/cmake_prefix_path.sh'
[0.650s] Level 1:colcon.colcon_core.environment:checking '/home/harshdev/Learning-ROS/install/articubot_one/bin'
[0.650s] Level 1:colcon.colcon_core.environment:checking '/home/harshdev/Learning-ROS/install/articubot_one/lib/pkgconfig/articubot_one.pc'
[0.650s] Level 1:colcon.colcon_core.environment:checking '/home/harshdev/Learning-ROS/install/articubot_one/lib/python3.12/site-packages'
[0.650s] Level 1:colcon.colcon_core.environment:checking '/home/harshdev/Learning-ROS/install/articubot_one/bin'
[0.651s] INFO:colcon.colcon_core.shell:Creating package script '/home/harshdev/Learning-ROS/install/articubot_one/share/articubot_one/package.ps1'
[0.651s] INFO:colcon.colcon_core.shell:Creating package descriptor '/home/harshdev/Learning-ROS/install/articubot_one/share/articubot_one/package.dsv'
[0.652s] INFO:colcon.colcon_core.shell:Creating package script '/home/harshdev/Learning-ROS/install/articubot_one/share/articubot_one/package.sh'
[0.653s] INFO:colcon.colcon_core.shell:Creating package script '/home/harshdev/Learning-ROS/install/articubot_one/share/articubot_one/package.bash'
[0.653s] INFO:colcon.colcon_core.shell:Creating package script '/home/harshdev/Learning-ROS/install/articubot_one/share/articubot_one/package.zsh'
[0.654s] Level 1:colcon.colcon_core.environment:create_file_with_runtime_dependencies(/home/harshdev/Learning-ROS/install/articubot_one/share/colcon-core/packages/articubot_one)
[0.654s] Level 1:colcon.colcon_core.environment:create_environment_scripts_only(articubot_one)
[0.654s] Level 1:colcon.colcon_core.environment:checking '/home/harshdev/Learning-ROS/install/articubot_one' for CMake module files
[0.655s] Level 1:colcon.colcon_core.environment:checking '/home/harshdev/Learning-ROS/install/articubot_one' for CMake config files
[0.655s] Level 1:colcon.colcon_core.shell:create_environment_hook('articubot_one', 'cmake_prefix_path')
[0.655s] INFO:colcon.colcon_core.shell:Creating environment hook '/home/harshdev/Learning-ROS/install/articubot_one/share/articubot_one/hook/cmake_prefix_path.ps1'
[0.656s] INFO:colcon.colcon_core.shell:Creating environment descriptor '/home/harshdev/Learning-ROS/install/articubot_one/share/articubot_one/hook/cmake_prefix_path.dsv'
[0.656s] INFO:colcon.colcon_core.shell:Creating environment hook '/home/harshdev/Learning-ROS/install/articubot_one/share/articubot_one/hook/cmake_prefix_path.sh'
[0.656s] Level 1:colcon.colcon_core.environment:checking '/home/harshdev/Learning-ROS/install/articubot_one/bin'
[0.656s] Level 1:colcon.colcon_core.environment:checking '/home/harshdev/Learning-ROS/install/articubot_one/lib/pkgconfig/articubot_one.pc'
[0.657s] Level 1:colcon.colcon_core.environment:checking '/home/harshdev/Learning-ROS/install/articubot_one/lib/python3.12/site-packages'
[0.657s] Level 1:colcon.colcon_core.environment:checking '/home/harshdev/Learning-ROS/install/articubot_one/bin'
[0.657s] INFO:colcon.colcon_core.shell:Creating package script '/home/harshdev/Learning-ROS/install/articubot_one/share/articubot_one/package.ps1'
[0.658s] INFO:colcon.colcon_core.shell:Creating package descriptor '/home/harshdev/Learning-ROS/install/articubot_one/share/articubot_one/package.dsv'
[0.658s] INFO:colcon.colcon_core.shell:Creating package script '/home/harshdev/Learning-ROS/install/articubot_one/share/articubot_one/package.sh'
[0.659s] INFO:colcon.colcon_core.shell:Creating package script '/home/harshdev/Learning-ROS/install/articubot_one/share/articubot_one/package.bash'
[0.659s] INFO:colcon.colcon_core.shell:Creating package script '/home/harshdev/Learning-ROS/install/articubot_one/share/articubot_one/package.zsh'
[0.659s] Level 1:colcon.colcon_core.environment:create_file_with_runtime_dependencies(/home/harshdev/Learning-ROS/install/articubot_one/share/colcon-core/packages/articubot_one)
[0.660s] Level 1:colcon.colcon_core.environment:create_environment_scripts_only(alfred_bot)
[0.660s] Level 1:colcon.colcon_core.environment:checking '/home/harshdev/Learning-ROS/install/alfred_bot' for CMake module files
[0.661s] Level 1:colcon.colcon_core.environment:checking '/home/harshdev/Learning-ROS/install/alfred_bot' for CMake config files
[0.661s] DEBUG:colcon.colcon_core.event_handler.log_command:Invoked command in '/home/harshdev/Learning-ROS/build/alfred_bot' returned '0': CMAKE_PREFIX_PATH=${CMAKE_PREFIX_PATH}:/opt/ros/jazzy DEBUGINFOD_URLS=https://debuginfod.ubuntu.com /usr/bin/cmake --install /home/harshdev/Learning-ROS/build/alfred_bot
[0.662s] Level 1:colcon.colcon_core.shell:create_environment_hook('alfred_bot', 'cmake_prefix_path')
[0.662s] INFO:colcon.colcon_core.shell:Creating environment hook '/home/harshdev/Learning-ROS/install/alfred_bot/share/alfred_bot/hook/cmake_prefix_path.ps1'
[0.663s] INFO:colcon.colcon_core.shell:Creating environment descriptor '/home/harshdev/Learning-ROS/install/alfred_bot/share/alfred_bot/hook/cmake_prefix_path.dsv'
[0.663s] INFO:colcon.colcon_core.shell:Creating environment hook '/home/harshdev/Learning-ROS/install/alfred_bot/share/alfred_bot/hook/cmake_prefix_path.sh'
[0.664s] Level 1:colcon.colcon_core.environment:checking '/home/harshdev/Learning-ROS/install/alfred_bot/bin'
[0.665s] Level 1:colcon.colcon_core.environment:checking '/home/harshdev/Learning-ROS/install/alfred_bot/lib/pkgconfig/alfred_bot.pc'
[0.665s] Level 1:colcon.colcon_core.environment:checking '/home/harshdev/Learning-ROS/install/alfred_bot/lib/python3.12/site-packages'
[0.665s] Level 1:colcon.colcon_core.environment:checking '/home/harshdev/Learning-ROS/install/alfred_bot/bin'
[0.665s] INFO:colcon.colcon_core.shell:Creating package script '/home/harshdev/Learning-ROS/install/alfred_bot/share/alfred_bot/package.ps1'
[0.666s] INFO:colcon.colcon_core.shell:Creating package descriptor '/home/harshdev/Learning-ROS/install/alfred_bot/share/alfred_bot/package.dsv'
[0.667s] INFO:colcon.colcon_core.shell:Creating package script '/home/harshdev/Learning-ROS/install/alfred_bot/share/alfred_bot/package.sh'
[0.667s] INFO:colcon.colcon_core.shell:Creating package script '/home/harshdev/Learning-ROS/install/alfred_bot/share/alfred_bot/package.bash'
[0.667s] INFO:colcon.colcon_core.shell:Creating package script '/home/harshdev/Learning-ROS/install/alfred_bot/share/alfred_bot/package.zsh'
[0.668s] Level 1:colcon.colcon_core.environment:create_file_with_runtime_dependencies(/home/harshdev/Learning-ROS/install/alfred_bot/share/colcon-core/packages/alfred_bot)
[0.668s] Level 1:colcon.colcon_core.environment:create_environment_scripts_only(alfred_bot)
[0.669s] Level 1:colcon.colcon_core.environment:checking '/home/harshdev/Learning-ROS/install/alfred_bot' for CMake module files
[0.669s] Level 1:colcon.colcon_core.environment:checking '/home/harshdev/Learning-ROS/install/alfred_bot' for CMake config files
[0.670s] Level 1:colcon.colcon_core.shell:create_environment_hook('alfred_bot', 'cmake_prefix_path')
[0.670s] INFO:colcon.colcon_core.shell:Creating environment hook '/home/harshdev/Learning-ROS/install/alfred_bot/share/alfred_bot/hook/cmake_prefix_path.ps1'
[0.670s] INFO:colcon.colcon_core.shell:Creating environment descriptor '/home/harshdev/Learning-ROS/install/alfred_bot/share/alfred_bot/hook/cmake_prefix_path.dsv'
[0.671s] INFO:colcon.colcon_core.shell:Creating environment hook '/home/harshdev/Learning-ROS/install/alfred_bot/share/alfred_bot/hook/cmake_prefix_path.sh'
[0.671s] Level 1:colcon.colcon_core.environment:checking '/home/harshdev/Learning-ROS/install/alfred_bot/bin'
[0.671s] Level 1:colcon.colcon_core.environment:checking '/home/harshdev/Learning-ROS/install/alfred_bot/lib/pkgconfig/alfred_bot.pc'
[0.672s] Level 1:colcon.colcon_core.environment:checking '/home/harshdev/Learning-ROS/install/alfred_bot/lib/python3.12/site-packages'
[0.672s] Level 1:colcon.colcon_core.environment:checking '/home/harshdev/Learning-ROS/install/alfred_bot/bin'
[0.672s] INFO:colcon.colcon_core.shell:Creating package script '/home/harshdev/Learning-ROS/install/alfred_bot/share/alfred_bot/package.ps1'
[0.673s] INFO:colcon.colcon_core.shell:Creating package descriptor '/home/harshdev/Learning-ROS/install/alfred_bot/share/alfred_bot/package.dsv'
[0.673s] INFO:colcon.colcon_core.shell:Creating package script '/home/harshdev/Learning-ROS/install/alfred_bot/share/alfred_bot/package.sh'
[0.673s] INFO:colcon.colcon_core.shell:Creating package script '/home/harshdev/Learning-ROS/install/alfred_bot/share/alfred_bot/package.bash'
[0.674s] INFO:colcon.colcon_core.shell:Creating package script '/home/harshdev/Learning-ROS/install/alfred_bot/share/alfred_bot/package.zsh'
[0.674s] Level 1:colcon.colcon_core.environment:create_file_with_runtime_dependencies(/home/harshdev/Learning-ROS/install/alfred_bot/share/colcon-core/packages/alfred_bot)
[1.339s] DEBUG:colcon.colcon_core.event_handler.log_command:Invoking command in '/home/harshdev/Learning-ROS/joy_to_cmd_vel': DEBUGINFOD_URLS=https://debuginfod.ubuntu.com PYTHONPATH=/home/harshdev/Learning-ROS/build/joy_to_cmd_vel/prefix_override:/usr/lib/python3/dist-packages/colcon_core/task/python/colcon_distutils_commands:/home/harshdev/Learning-ROS/install/joy_to_cmd_vel/lib/python3.12/site-packages:${PYTHONPATH} /usr/bin/python3 -W ignore:setup.py install is deprecated -W ignore:easy_install command is deprecated setup.py egg_info --egg-base ../build/joy_to_cmd_vel build --build-base /home/harshdev/Learning-ROS/build/joy_to_cmd_vel/build install --record /home/harshdev/Learning-ROS/build/joy_to_cmd_vel/install.log --single-version-externally-managed install_data
[1.990s] Level 1:colcon.colcon_core.environment:checking '/home/harshdev/Learning-ROS/install/joy_to_cmd_vel' for CMake module files
[1.991s] DEBUG:colcon.colcon_core.event_handler.log_command:Invoked command in '/home/harshdev/Learning-ROS/joy_to_cmd_vel' returned '0': DEBUGINFOD_URLS=https://debuginfod.ubuntu.com PYTHONPATH=/home/harshdev/Learning-ROS/build/joy_to_cmd_vel/prefix_override:/usr/lib/python3/dist-packages/colcon_core/task/python/colcon_distutils_commands:/home/harshdev/Learning-ROS/install/joy_to_cmd_vel/lib/python3.12/site-packages:${PYTHONPATH} /usr/bin/python3 -W ignore:setup.py install is deprecated -W ignore:easy_install command is deprecated setup.py egg_info --egg-base ../build/joy_to_cmd_vel build --build-base /home/harshdev/Learning-ROS/build/joy_to_cmd_vel/build install --record /home/harshdev/Learning-ROS/build/joy_to_cmd_vel/install.log --single-version-externally-managed install_data
[1.991s] Level 1:colcon.colcon_core.environment:checking '/home/harshdev/Learning-ROS/install/joy_to_cmd_vel' for CMake config files
[1.992s] Level 1:colcon.colcon_core.environment:checking '/home/harshdev/Learning-ROS/install/joy_to_cmd_vel/lib'
[1.993s] Level 1:colcon.colcon_core.environment:checking '/home/harshdev/Learning-ROS/install/joy_to_cmd_vel/bin'
[1.993s] Level 1:colcon.colcon_core.environment:checking '/home/harshdev/Learning-ROS/install/joy_to_cmd_vel/lib/pkgconfig/joy_to_cmd_vel.pc'
[1.993s] Level 1:colcon.colcon_core.environment:checking '/home/harshdev/Learning-ROS/install/joy_to_cmd_vel/lib/python3.12/site-packages'
[1.993s] Level 1:colcon.colcon_core.shell:create_environment_hook('joy_to_cmd_vel', 'pythonpath')
[1.993s] INFO:colcon.colcon_core.shell:Creating environment hook '/home/harshdev/Learning-ROS/install/joy_to_cmd_vel/share/joy_to_cmd_vel/hook/pythonpath.ps1'
[1.994s] INFO:colcon.colcon_core.shell:Creating environment descriptor '/home/harshdev/Learning-ROS/install/joy_to_cmd_vel/share/joy_to_cmd_vel/hook/pythonpath.dsv'
[1.994s] INFO:colcon.colcon_core.shell:Creating environment hook '/home/harshdev/Learning-ROS/install/joy_to_cmd_vel/share/joy_to_cmd_vel/hook/pythonpath.sh'
[1.995s] Level 1:colcon.colcon_core.environment:checking '/home/harshdev/Learning-ROS/install/joy_to_cmd_vel/bin'
[1.995s] Level 1:colcon.colcon_core.environment:create_environment_scripts_only(joy_to_cmd_vel)
[1.995s] INFO:colcon.colcon_core.shell:Creating package script '/home/harshdev/Learning-ROS/install/joy_to_cmd_vel/share/joy_to_cmd_vel/package.ps1'
[1.995s] INFO:colcon.colcon_core.shell:Creating package descriptor '/home/harshdev/Learning-ROS/install/joy_to_cmd_vel/share/joy_to_cmd_vel/package.dsv'
[1.996s] INFO:colcon.colcon_core.shell:Creating package script '/home/harshdev/Learning-ROS/install/joy_to_cmd_vel/share/joy_to_cmd_vel/package.sh'
[1.996s] INFO:colcon.colcon_core.shell:Creating package script '/home/harshdev/Learning-ROS/install/joy_to_cmd_vel/share/joy_to_cmd_vel/package.bash'
[1.996s] INFO:colcon.colcon_core.shell:Creating package script '/home/harshdev/Learning-ROS/install/joy_to_cmd_vel/share/joy_to_cmd_vel/package.zsh'
[1.997s] Level 1:colcon.colcon_core.environment:create_file_with_runtime_dependencies(/home/harshdev/Learning-ROS/install/joy_to_cmd_vel/share/colcon-core/packages/joy_to_cmd_vel)
[1.997s] DEBUG:colcon.colcon_parallel_executor.executor.parallel:closing loop
[1.997s] DEBUG:colcon.colcon_parallel_executor.executor.parallel:loop closed
[1.997s] DEBUG:colcon.colcon_parallel_executor.executor.parallel:run_until_complete finished with '0'
[1.997s] DEBUG:colcon.colcon_core.event_reactor:joining thread
[2.004s] INFO:colcon.colcon_core.plugin_system:Skipping extension 'colcon_notification.desktop_notification.terminal_notifier': Not used on non-Darwin systems
[2.004s] INFO:colcon.colcon_core.plugin_system:Skipping extension 'colcon_notification.desktop_notification.win32': Not used on non-Windows systems
[2.004s] INFO:colcon.colcon_notification.desktop_notification:Sending desktop notification using 'notify2'
[2.025s] DEBUG:colcon.colcon_core.event_reactor:joined thread
[2.025s] INFO:colcon.colcon_core.shell:Creating prefix script '/home/harshdev/Learning-ROS/install/local_setup.ps1'
[2.027s] INFO:colcon.colcon_core.shell:Creating prefix util module '/home/harshdev/Learning-ROS/install/_local_setup_util_ps1.py'
[2.028s] INFO:colcon.colcon_core.shell:Creating prefix chain script '/home/harshdev/Learning-ROS/install/setup.ps1'
[2.030s] INFO:colcon.colcon_core.shell:Creating prefix script '/home/harshdev/Learning-ROS/install/local_setup.sh'
[2.030s] INFO:colcon.colcon_core.shell:Creating prefix util module '/home/harshdev/Learning-ROS/install/_local_setup_util_sh.py'
[2.031s] INFO:colcon.colcon_core.shell:Creating prefix chain script '/home/harshdev/Learning-ROS/install/setup.sh'
[2.033s] INFO:colcon.colcon_core.shell:Creating prefix script '/home/harshdev/Learning-ROS/install/local_setup.bash'
[2.033s] INFO:colcon.colcon_core.shell:Creating prefix chain script '/home/harshdev/Learning-ROS/install/setup.bash'
[2.034s] INFO:colcon.colcon_core.shell:Creating prefix script '/home/harshdev/Learning-ROS/install/local_setup.zsh'
[2.035s] INFO:colcon.colcon_core.shell:Creating prefix chain script '/home/harshdev/Learning-ROS/install/setup.zsh'
