[0.030s] Invoking command in '/home/harshdev/Learning-ROS/build/alfred_bot': CMAKE_PREFIX_PATH=${CMAKE_PREFIX_PATH}:/opt/ros/jazzy DEBUGINFOD_URLS=https://debuginfod.ubuntu.com /usr/bin/cmake --build /home/harshdev/Learning-ROS/build/alfred_bot -- -j12 -l12
[0.332s] Invoked command in '/home/harshdev/Learning-ROS/build/alfred_bot' returned '0': CMAKE_PREFIX_PATH=${CMAKE_PREFIX_PATH}:/opt/ros/jazzy DEBUGINFOD_URLS=https://debuginfod.ubuntu.com /usr/bin/cmake --build /home/harshdev/Learning-ROS/build/alfred_bot -- -j12 -l12
[0.333s] Invoking command in '/home/harshdev/Learning-ROS/build/alfred_bot': CMAKE_PREFIX_PATH=${CMAKE_PREFIX_PATH}:/opt/ros/jazzy DEBUGINFOD_URLS=https://debuginfod.ubuntu.com /usr/bin/cmake --install /home/harshdev/Learning-ROS/build/alfred_bot
[0.352s] -- Install configuration: ""
[0.352s] -- Up-to-date: /home/harshdev/Learning-ROS/install/alfred_bot/share/ament_index/resource_index/package_run_dependencies/alfred_bot
[0.352s] -- Up-to-date: /home/harshdev/Learning-ROS/install/alfred_bot/share/ament_index/resource_index/parent_prefix_path/alfred_bot
[0.352s] -- Up-to-date: /home/harshdev/Learning-ROS/install/alfred_bot/share/alfred_bot/environment/ament_prefix_path.sh
[0.352s] -- Up-to-date: /home/harshdev/Learning-ROS/install/alfred_bot/share/alfred_bot/environment/ament_prefix_path.dsv
[0.352s] -- Up-to-date: /home/harshdev/Learning-ROS/install/alfred_bot/share/alfred_bot/environment/path.sh
[0.352s] -- Up-to-date: /home/harshdev/Learning-ROS/install/alfred_bot/share/alfred_bot/environment/path.dsv
[0.352s] -- Up-to-date: /home/harshdev/Learning-ROS/install/alfred_bot/share/alfred_bot/local_setup.bash
[0.352s] -- Up-to-date: /home/harshdev/Learning-ROS/install/alfred_bot/share/alfred_bot/local_setup.sh
[0.352s] -- Up-to-date: /home/harshdev/Learning-ROS/install/alfred_bot/share/alfred_bot/local_setup.zsh
[0.353s] -- Up-to-date: /home/harshdev/Learning-ROS/install/alfred_bot/share/alfred_bot/local_setup.dsv
[0.353s] -- Up-to-date: /home/harshdev/Learning-ROS/install/alfred_bot/share/alfred_bot/package.dsv
[0.353s] -- Up-to-date: /home/harshdev/Learning-ROS/install/alfred_bot/share/ament_index/resource_index/packages/alfred_bot
[0.354s] -- Up-to-date: /home/harshdev/Learning-ROS/install/alfred_bot/share/alfred_bot/cmake/alfred_botConfig.cmake
[0.354s] -- Up-to-date: /home/harshdev/Learning-ROS/install/alfred_bot/share/alfred_bot/cmake/alfred_botConfig-version.cmake
[0.354s] -- Up-to-date: /home/harshdev/Learning-ROS/install/alfred_bot/share/alfred_bot/package.xml
[0.368s] Invoked command in '/home/harshdev/Learning-ROS/build/alfred_bot' returned '0': CMAKE_PREFIX_PATH=${CMAKE_PREFIX_PATH}:/opt/ros/jazzy DEBUGINFOD_URLS=https://debuginfod.ubuntu.com /usr/bin/cmake --install /home/harshdev/Learning-ROS/build/alfred_bot
