[0.025s] Invoking command in '/home/harshdev/alfred_workspace/build/alfred_bot': CMAKE_PREFIX_PATH=${CMAKE_PREFIX_PATH}:/opt/ros/jazzy DEBUGINFOD_URLS=https://debuginfod.ubuntu.com /usr/bin/cmake --build /home/harshdev/alfred_workspace/build/alfred_bot -- -j12 -l12
[0.312s] Invoked command in '/home/harshdev/alfred_workspace/build/alfred_bot' returned '0': CMAKE_PREFIX_PATH=${CMAKE_PREFIX_PATH}:/opt/ros/jazzy DEBUGINFOD_URLS=https://debuginfod.ubuntu.com /usr/bin/cmake --build /home/harshdev/alfred_workspace/build/alfred_bot -- -j12 -l12
[0.325s] Invoking command in '/home/harshdev/alfred_workspace/build/alfred_bot': CMAKE_PREFIX_PATH=${CMAKE_PREFIX_PATH}:/opt/ros/jazzy DEBUGINFOD_URLS=https://debuginfod.ubuntu.com /usr/bin/cmake --install /home/harshdev/alfred_workspace/build/alfred_bot
[0.341s] -- Install configuration: ""
[0.342s] -- Up-to-date: /home/harshdev/alfred_workspace/install/alfred_bot/share/ament_index/resource_index/package_run_dependencies/alfred_bot
[0.342s] -- Up-to-date: /home/harshdev/alfred_workspace/install/alfred_bot/share/ament_index/resource_index/parent_prefix_path/alfred_bot
[0.343s] -- Up-to-date: /home/harshdev/alfred_workspace/install/alfred_bot/share/alfred_bot/environment/ament_prefix_path.sh
[0.343s] -- Up-to-date: /home/harshdev/alfred_workspace/install/alfred_bot/share/alfred_bot/environment/ament_prefix_path.dsv
[0.343s] -- Up-to-date: /home/harshdev/alfred_workspace/install/alfred_bot/share/alfred_bot/environment/path.sh
[0.343s] -- Up-to-date: /home/harshdev/alfred_workspace/install/alfred_bot/share/alfred_bot/environment/path.dsv
[0.344s] -- Up-to-date: /home/harshdev/alfred_workspace/install/alfred_bot/share/alfred_bot/local_setup.bash
[0.345s] -- Up-to-date: /home/harshdev/alfred_workspace/install/alfred_bot/share/alfred_bot/local_setup.sh
[0.345s] -- Up-to-date: /home/harshdev/alfred_workspace/install/alfred_bot/share/alfred_bot/local_setup.zsh
[0.345s] -- Up-to-date: /home/harshdev/alfred_workspace/install/alfred_bot/share/alfred_bot/local_setup.dsv
[0.346s] -- Installing: /home/harshdev/alfred_workspace/install/alfred_bot/share/alfred_bot/package.dsv
[0.346s] -- Up-to-date: /home/harshdev/alfred_workspace/install/alfred_bot/share/ament_index/resource_index/packages/alfred_bot
[0.347s] -- Up-to-date: /home/harshdev/alfred_workspace/install/alfred_bot/share/alfred_bot/cmake/alfred_botConfig.cmake
[0.347s] -- Up-to-date: /home/harshdev/alfred_workspace/install/alfred_bot/share/alfred_bot/cmake/alfred_botConfig-version.cmake
[0.347s] -- Up-to-date: /home/harshdev/alfred_workspace/install/alfred_bot/share/alfred_bot/package.xml
[0.351s] Invoked command in '/home/harshdev/alfred_workspace/build/alfred_bot' returned '0': CMAKE_PREFIX_PATH=${CMAKE_PREFIX_PATH}:/opt/ros/jazzy DEBUGINFOD_URLS=https://debuginfod.ubuntu.com /usr/bin/cmake --install /home/harshdev/alfred_workspace/build/alfred_bot
