[0.093s] DEBUG:colcon:Command line arguments: ['/usr/bin/colcon', 'build']
[0.093s] DEBUG:colcon:Parsed command line arguments: Namespace(log_base=None, log_level=None, verb_name='build', build_base='build', install_base='install', merge_install=False, symlink_install=False, test_result_base=None, continue_on_error=False, executor='parallel', parallel_workers=12, event_handlers=None, ignore_user_meta=False, metas=['./colcon.meta'], base_paths=['.'], packages_ignore=None, packages_ignore_regex=None, paths=None, packages_up_to=None, packages_up_to_regex=None, packages_above=None, packages_above_and_dependencies=None, packages_above_depth=None, packages_select_by_dep=None, packages_skip_by_dep=None, packages_skip_up_to=None, packages_select_build_failed=False, packages_skip_build_finished=False, packages_select_test_failures=False, packages_skip_test_passed=False, packages_select=None, packages_skip=None, packages_select_regex=None, packages_skip_regex=None, packages_start=None, packages_end=None, allow_overriding=[], cmake_args=None, cmake_target=None, cmake_target_skip_unavailable=False, cmake_clean_cache=False, cmake_clean_first=False, cmake_force_configure=False, ament_cmake_args=None, catkin_cmake_args=None, catkin_skip_building_tests=False, mixin_files=None, mixin=None, verb_parser=<colcon_mixin.mixin.mixin_argument.MixinArgumentDecorator object at 0x7b30b91ac110>, verb_extension=<colcon_core.verb.build.BuildVerb object at 0x7b30b92cc590>, main=<bound method BuildVerb.main of <colcon_core.verb.build.BuildVerb object at 0x7b30b92cc590>>, mixin_verb=('build',))
[0.129s] Level 1:colcon.colcon_core.package_discovery:discover_packages(colcon_meta) check parameters
[0.129s] Level 1:colcon.colcon_core.package_discovery:discover_packages(recursive) check parameters
[0.129s] Level 1:colcon.colcon_core.package_discovery:discover_packages(ignore) check parameters
[0.129s] Level 1:colcon.colcon_core.package_discovery:discover_packages(path) check parameters
[0.130s] Level 1:colcon.colcon_core.package_discovery:discover_packages(colcon_meta) discover
[0.130s] Level 1:colcon.colcon_core.package_discovery:discover_packages(recursive) discover
[0.130s] INFO:colcon.colcon_core.package_discovery:Crawling recursively for packages in '/home/harshdev/Documents/harsh/Learning-ROS/bumperbot/src'
[0.130s] Level 1:colcon.colcon_core.package_identification:_identify(.) by extensions ['ignore', 'ignore_ament_install']
[0.130s] Level 1:colcon.colcon_core.package_identification:_identify(.) by extension 'ignore'
[0.130s] Level 1:colcon.colcon_core.package_identification:_identify(.) by extension 'ignore_ament_install'
[0.130s] Level 1:colcon.colcon_core.package_identification:_identify(.) by extensions ['colcon_pkg']
[0.130s] Level 1:colcon.colcon_core.package_identification:_identify(.) by extension 'colcon_pkg'
[0.130s] Level 1:colcon.colcon_core.package_identification:_identify(.) by extensions ['colcon_meta']
[0.130s] Level 1:colcon.colcon_core.package_identification:_identify(.) by extension 'colcon_meta'
[0.130s] Level 1:colcon.colcon_core.package_identification:_identify(.) by extensions ['ros']
[0.130s] Level 1:colcon.colcon_core.package_identification:_identify(.) by extension 'ros'
[0.163s] Level 1:colcon.colcon_core.package_identification:_identify(.) by extensions ['cmake', 'python']
[0.163s] Level 1:colcon.colcon_core.package_identification:_identify(.) by extension 'cmake'
[0.163s] Level 1:colcon.colcon_core.package_identification:_identify(.) by extension 'python'
[0.163s] Level 1:colcon.colcon_core.package_identification:_identify(.) by extensions ['python_setup_py']
[0.163s] Level 1:colcon.colcon_core.package_identification:_identify(.) by extension 'python_setup_py'
[0.163s] Level 1:colcon.colcon_core.package_identification:_identify(build) by extensions ['ignore', 'ignore_ament_install']
[0.163s] Level 1:colcon.colcon_core.package_identification:_identify(build) by extension 'ignore'
[0.163s] Level 1:colcon.colcon_core.package_identification:_identify(build) ignored
[0.163s] Level 1:colcon.colcon_core.package_identification:_identify(bumberbot_controller) by extensions ['ignore', 'ignore_ament_install']
[0.163s] Level 1:colcon.colcon_core.package_identification:_identify(bumberbot_controller) by extension 'ignore'
[0.164s] Level 1:colcon.colcon_core.package_identification:_identify(bumberbot_controller) by extension 'ignore_ament_install'
[0.164s] Level 1:colcon.colcon_core.package_identification:_identify(bumberbot_controller) by extensions ['colcon_pkg']
[0.164s] Level 1:colcon.colcon_core.package_identification:_identify(bumberbot_controller) by extension 'colcon_pkg'
[0.164s] Level 1:colcon.colcon_core.package_identification:_identify(bumberbot_controller) by extensions ['colcon_meta']
[0.164s] Level 1:colcon.colcon_core.package_identification:_identify(bumberbot_controller) by extension 'colcon_meta'
[0.164s] Level 1:colcon.colcon_core.package_identification:_identify(bumberbot_controller) by extensions ['ros']
[0.164s] Level 1:colcon.colcon_core.package_identification:_identify(bumberbot_controller) by extension 'ros'
[0.166s] DEBUG:colcon.colcon_core.package_identification:Package 'bumberbot_controller' with type 'ros.ament_cmake' and name 'bumberbot_controller'
[0.167s] Level 1:colcon.colcon_core.package_identification:_identify(bumperbot_description) by extensions ['ignore', 'ignore_ament_install']
[0.167s] Level 1:colcon.colcon_core.package_identification:_identify(bumperbot_description) by extension 'ignore'
[0.167s] Level 1:colcon.colcon_core.package_identification:_identify(bumperbot_description) by extension 'ignore_ament_install'
[0.167s] Level 1:colcon.colcon_core.package_identification:_identify(bumperbot_description) by extensions ['colcon_pkg']
[0.167s] Level 1:colcon.colcon_core.package_identification:_identify(bumperbot_description) by extension 'colcon_pkg'
[0.167s] Level 1:colcon.colcon_core.package_identification:_identify(bumperbot_description) by extensions ['colcon_meta']
[0.167s] Level 1:colcon.colcon_core.package_identification:_identify(bumperbot_description) by extension 'colcon_meta'
[0.167s] Level 1:colcon.colcon_core.package_identification:_identify(bumperbot_description) by extensions ['ros']
[0.167s] Level 1:colcon.colcon_core.package_identification:_identify(bumperbot_description) by extension 'ros'
[0.172s] DEBUG:colcon.colcon_core.package_identification:Package 'bumperbot_description' with type 'ros.ament_cmake' and name 'bumperbot_description'
[0.172s] Level 1:colcon.colcon_core.package_identification:_identify(bumperbot_package_py) by extensions ['ignore', 'ignore_ament_install']
[0.172s] Level 1:colcon.colcon_core.package_identification:_identify(bumperbot_package_py) by extension 'ignore'
[0.172s] Level 1:colcon.colcon_core.package_identification:_identify(bumperbot_package_py) by extension 'ignore_ament_install'
[0.173s] Level 1:colcon.colcon_core.package_identification:_identify(bumperbot_package_py) by extensions ['colcon_pkg']
[0.173s] Level 1:colcon.colcon_core.package_identification:_identify(bumperbot_package_py) by extension 'colcon_pkg'
[0.173s] Level 1:colcon.colcon_core.package_identification:_identify(bumperbot_package_py) by extensions ['colcon_meta']
[0.173s] Level 1:colcon.colcon_core.package_identification:_identify(bumperbot_package_py) by extension 'colcon_meta'
[0.173s] Level 1:colcon.colcon_core.package_identification:_identify(bumperbot_package_py) by extensions ['ros']
[0.173s] Level 1:colcon.colcon_core.package_identification:_identify(bumperbot_package_py) by extension 'ros'
[0.173s] DEBUG:colcon.colcon_core.package_identification:Package 'bumperbot_package_py' with type 'ros.ament_python' and name 'bumperbot_package_py'
[0.174s] Level 1:colcon.colcon_core.package_identification:_identify(install) by extensions ['ignore', 'ignore_ament_install']
[0.174s] Level 1:colcon.colcon_core.package_identification:_identify(install) by extension 'ignore'
[0.174s] Level 1:colcon.colcon_core.package_identification:_identify(install) ignored
[0.174s] Level 1:colcon.colcon_core.package_identification:_identify(log) by extensions ['ignore', 'ignore_ament_install']
[0.174s] Level 1:colcon.colcon_core.package_identification:_identify(log) by extension 'ignore'
[0.174s] Level 1:colcon.colcon_core.package_identification:_identify(log) ignored
[0.174s] Level 1:colcon.colcon_core.package_discovery:discover_packages(recursive) using defaults
[0.174s] Level 1:colcon.colcon_core.package_discovery:discover_packages(ignore) discover
[0.174s] Level 1:colcon.colcon_core.package_discovery:discover_packages(ignore) using defaults
[0.174s] Level 1:colcon.colcon_core.package_discovery:discover_packages(path) discover
[0.174s] Level 1:colcon.colcon_core.package_discovery:discover_packages(path) using defaults
[0.195s] Level 1:colcon.colcon_core.package_discovery:discover_packages(prefix_path) check parameters
[0.196s] Level 1:colcon.colcon_core.package_discovery:discover_packages(prefix_path) discover
[0.199s] DEBUG:colcon.colcon_installed_package_information.package_discovery:Found 382 installed packages in /opt/ros/jazzy
[0.201s] Level 1:colcon.colcon_core.package_discovery:discover_packages(prefix_path) using defaults
[0.250s] Level 5:colcon.colcon_core.verb:set package 'bumberbot_controller' build argument 'cmake_args' from command line to 'None'
[0.250s] Level 5:colcon.colcon_core.verb:set package 'bumberbot_controller' build argument 'cmake_target' from command line to 'None'
[0.250s] Level 5:colcon.colcon_core.verb:set package 'bumberbot_controller' build argument 'cmake_target_skip_unavailable' from command line to 'False'
[0.250s] Level 5:colcon.colcon_core.verb:set package 'bumberbot_controller' build argument 'cmake_clean_cache' from command line to 'False'
[0.251s] Level 5:colcon.colcon_core.verb:set package 'bumberbot_controller' build argument 'cmake_clean_first' from command line to 'False'
[0.251s] Level 5:colcon.colcon_core.verb:set package 'bumberbot_controller' build argument 'cmake_force_configure' from command line to 'False'
[0.251s] Level 5:colcon.colcon_core.verb:set package 'bumberbot_controller' build argument 'ament_cmake_args' from command line to 'None'
[0.251s] Level 5:colcon.colcon_core.verb:set package 'bumberbot_controller' build argument 'catkin_cmake_args' from command line to 'None'
[0.251s] Level 5:colcon.colcon_core.verb:set package 'bumberbot_controller' build argument 'catkin_skip_building_tests' from command line to 'False'
[0.251s] DEBUG:colcon.colcon_core.verb:Building package 'bumberbot_controller' with the following arguments: {'ament_cmake_args': None, 'build_base': '/home/harshdev/Documents/harsh/Learning-ROS/bumperbot/src/build/bumberbot_controller', 'catkin_cmake_args': None, 'catkin_skip_building_tests': False, 'cmake_args': None, 'cmake_clean_cache': False, 'cmake_clean_first': False, 'cmake_force_configure': False, 'cmake_target': None, 'cmake_target_skip_unavailable': False, 'install_base': '/home/harshdev/Documents/harsh/Learning-ROS/bumperbot/src/install/bumberbot_controller', 'merge_install': False, 'path': '/home/harshdev/Documents/harsh/Learning-ROS/bumperbot/src/bumberbot_controller', 'symlink_install': False, 'test_result_base': None}
[0.251s] Level 5:colcon.colcon_core.verb:set package 'bumperbot_description' build argument 'cmake_args' from command line to 'None'
[0.251s] Level 5:colcon.colcon_core.verb:set package 'bumperbot_description' build argument 'cmake_target' from command line to 'None'
[0.251s] Level 5:colcon.colcon_core.verb:set package 'bumperbot_description' build argument 'cmake_target_skip_unavailable' from command line to 'False'
[0.251s] Level 5:colcon.colcon_core.verb:set package 'bumperbot_description' build argument 'cmake_clean_cache' from command line to 'False'
[0.251s] Level 5:colcon.colcon_core.verb:set package 'bumperbot_description' build argument 'cmake_clean_first' from command line to 'False'
[0.251s] Level 5:colcon.colcon_core.verb:set package 'bumperbot_description' build argument 'cmake_force_configure' from command line to 'False'
[0.251s] Level 5:colcon.colcon_core.verb:set package 'bumperbot_description' build argument 'ament_cmake_args' from command line to 'None'
[0.251s] Level 5:colcon.colcon_core.verb:set package 'bumperbot_description' build argument 'catkin_cmake_args' from command line to 'None'
[0.251s] Level 5:colcon.colcon_core.verb:set package 'bumperbot_description' build argument 'catkin_skip_building_tests' from command line to 'False'
[0.251s] DEBUG:colcon.colcon_core.verb:Building package 'bumperbot_description' with the following arguments: {'ament_cmake_args': None, 'build_base': '/home/harshdev/Documents/harsh/Learning-ROS/bumperbot/src/build/bumperbot_description', 'catkin_cmake_args': None, 'catkin_skip_building_tests': False, 'cmake_args': None, 'cmake_clean_cache': False, 'cmake_clean_first': False, 'cmake_force_configure': False, 'cmake_target': None, 'cmake_target_skip_unavailable': False, 'install_base': '/home/harshdev/Documents/harsh/Learning-ROS/bumperbot/src/install/bumperbot_description', 'merge_install': False, 'path': '/home/harshdev/Documents/harsh/Learning-ROS/bumperbot/src/bumperbot_description', 'symlink_install': False, 'test_result_base': None}
[0.251s] Level 5:colcon.colcon_core.verb:set package 'bumperbot_package_py' build argument 'cmake_args' from command line to 'None'
[0.251s] Level 5:colcon.colcon_core.verb:set package 'bumperbot_package_py' build argument 'cmake_target' from command line to 'None'
[0.251s] Level 5:colcon.colcon_core.verb:set package 'bumperbot_package_py' build argument 'cmake_target_skip_unavailable' from command line to 'False'
[0.251s] Level 5:colcon.colcon_core.verb:set package 'bumperbot_package_py' build argument 'cmake_clean_cache' from command line to 'False'
[0.251s] Level 5:colcon.colcon_core.verb:set package 'bumperbot_package_py' build argument 'cmake_clean_first' from command line to 'False'
[0.252s] Level 5:colcon.colcon_core.verb:set package 'bumperbot_package_py' build argument 'cmake_force_configure' from command line to 'False'
[0.252s] Level 5:colcon.colcon_core.verb:set package 'bumperbot_package_py' build argument 'ament_cmake_args' from command line to 'None'
[0.252s] Level 5:colcon.colcon_core.verb:set package 'bumperbot_package_py' build argument 'catkin_cmake_args' from command line to 'None'
[0.252s] Level 5:colcon.colcon_core.verb:set package 'bumperbot_package_py' build argument 'catkin_skip_building_tests' from command line to 'False'
[0.252s] DEBUG:colcon.colcon_core.verb:Building package 'bumperbot_package_py' with the following arguments: {'ament_cmake_args': None, 'build_base': '/home/harshdev/Documents/harsh/Learning-ROS/bumperbot/src/build/bumperbot_package_py', 'catkin_cmake_args': None, 'catkin_skip_building_tests': False, 'cmake_args': None, 'cmake_clean_cache': False, 'cmake_clean_first': False, 'cmake_force_configure': False, 'cmake_target': None, 'cmake_target_skip_unavailable': False, 'install_base': '/home/harshdev/Documents/harsh/Learning-ROS/bumperbot/src/install/bumperbot_package_py', 'merge_install': False, 'path': '/home/harshdev/Documents/harsh/Learning-ROS/bumperbot/src/bumperbot_package_py', 'symlink_install': False, 'test_result_base': None}
[0.252s] INFO:colcon.colcon_core.executor:Executing jobs using 'parallel' executor
[0.253s] DEBUG:colcon.colcon_parallel_executor.executor.parallel:run_until_complete
[0.253s] INFO:colcon.colcon_ros.task.ament_cmake.build:Building ROS package in '/home/harshdev/Documents/harsh/Learning-ROS/bumperbot/src/bumberbot_controller' with build type 'ament_cmake'
[0.253s] INFO:colcon.colcon_cmake.task.cmake.build:Building CMake package in '/home/harshdev/Documents/harsh/Learning-ROS/bumperbot/src/bumberbot_controller'
[0.255s] INFO:colcon.colcon_core.plugin_system:Skipping extension 'colcon_core.shell.bat': Not used on non-Windows systems
[0.255s] INFO:colcon.colcon_core.shell:Skip shell extension 'powershell' for command environment: Not usable outside of PowerShell
[0.256s] DEBUG:colcon.colcon_core.shell:Skip shell extension 'dsv' for command environment
[0.260s] INFO:colcon.colcon_ros.task.ament_cmake.build:Building ROS package in '/home/harshdev/Documents/harsh/Learning-ROS/bumperbot/src/bumperbot_description' with build type 'ament_cmake'
[0.260s] INFO:colcon.colcon_cmake.task.cmake.build:Building CMake package in '/home/harshdev/Documents/harsh/Learning-ROS/bumperbot/src/bumperbot_description'
[0.260s] INFO:colcon.colcon_core.shell:Skip shell extension 'powershell' for command environment: Not usable outside of PowerShell
[0.260s] DEBUG:colcon.colcon_core.shell:Skip shell extension 'dsv' for command environment
[0.264s] INFO:colcon.colcon_ros.task.ament_python.build:Building ROS package in '/home/harshdev/Documents/harsh/Learning-ROS/bumperbot/src/bumperbot_package_py' with build type 'ament_python'
[0.264s] Level 1:colcon.colcon_core.shell:create_environment_hook('bumperbot_package_py', 'ament_prefix_path')
[0.264s] INFO:colcon.colcon_core.shell:Creating environment hook '/home/harshdev/Documents/harsh/Learning-ROS/bumperbot/src/install/bumperbot_package_py/share/bumperbot_package_py/hook/ament_prefix_path.ps1'
[0.265s] INFO:colcon.colcon_core.shell:Creating environment descriptor '/home/harshdev/Documents/harsh/Learning-ROS/bumperbot/src/install/bumperbot_package_py/share/bumperbot_package_py/hook/ament_prefix_path.dsv'
[0.265s] INFO:colcon.colcon_core.shell:Creating environment hook '/home/harshdev/Documents/harsh/Learning-ROS/bumperbot/src/install/bumperbot_package_py/share/bumperbot_package_py/hook/ament_prefix_path.sh'
[0.266s] INFO:colcon.colcon_core.shell:Skip shell extension 'powershell' for command environment: Not usable outside of PowerShell
[0.266s] DEBUG:colcon.colcon_core.shell:Skip shell extension 'dsv' for command environment
[0.276s] DEBUG:colcon.colcon_core.event_handler.log_command:Invoking command in '/home/harshdev/Documents/harsh/Learning-ROS/bumperbot/src/build/bumberbot_controller': CMAKE_PREFIX_PATH=${CMAKE_PREFIX_PATH}:/opt/ros/jazzy DEBUGINFOD_URLS=https://debuginfod.ubuntu.com /usr/bin/cmake /home/harshdev/Documents/harsh/Learning-ROS/bumperbot/src/bumberbot_controller -DCMAKE_INSTALL_PREFIX=/home/harshdev/Documents/harsh/Learning-ROS/bumperbot/src/install/bumberbot_controller
[0.278s] DEBUG:colcon.colcon_core.event_handler.log_command:Invoking command in '/home/harshdev/Documents/harsh/Learning-ROS/bumperbot/src/build/bumperbot_description': CMAKE_PREFIX_PATH=${CMAKE_PREFIX_PATH}:/opt/ros/jazzy DEBUGINFOD_URLS=https://debuginfod.ubuntu.com /usr/bin/cmake /home/harshdev/Documents/harsh/Learning-ROS/bumperbot/src/bumperbot_description -DCMAKE_INSTALL_PREFIX=/home/harshdev/Documents/harsh/Learning-ROS/bumperbot/src/install/bumperbot_description
[0.555s] INFO:colcon.colcon_core.task.python.build:Building Python package in '/home/harshdev/Documents/harsh/Learning-ROS/bumperbot/src/bumperbot_package_py'
[0.555s] INFO:colcon.colcon_core.shell:Skip shell extension 'powershell' for command environment: Not usable outside of PowerShell
[0.555s] DEBUG:colcon.colcon_core.shell:Skip shell extension 'dsv' for command environment
[1.089s] DEBUG:colcon.colcon_core.event_handler.log_command:Invoking command in '/home/harshdev/Documents/harsh/Learning-ROS/bumperbot/src/bumperbot_package_py': DEBUGINFOD_URLS=https://debuginfod.ubuntu.com PYTHONPATH=/home/harshdev/Documents/harsh/Learning-ROS/bumperbot/src/build/bumperbot_package_py/prefix_override:/usr/lib/python3/dist-packages/colcon_core/task/python/colcon_distutils_commands:/home/harshdev/Documents/harsh/Learning-ROS/bumperbot/src/install/bumperbot_package_py/lib/python3.12/site-packages:${PYTHONPATH} /usr/bin/python3 -W ignore:setup.py install is deprecated -W ignore:easy_install command is deprecated setup.py egg_info --egg-base ../build/bumperbot_package_py build --build-base /home/harshdev/Documents/harsh/Learning-ROS/bumperbot/src/build/bumperbot_package_py/build install --record /home/harshdev/Documents/harsh/Learning-ROS/bumperbot/src/build/bumperbot_package_py/install.log --single-version-externally-managed install_data
[1.222s] DEBUG:colcon.colcon_core.event_handler.log_command:Invoked command in '/home/harshdev/Documents/harsh/Learning-ROS/bumperbot/src/build/bumberbot_controller' returned '0': CMAKE_PREFIX_PATH=${CMAKE_PREFIX_PATH}:/opt/ros/jazzy DEBUGINFOD_URLS=https://debuginfod.ubuntu.com /usr/bin/cmake /home/harshdev/Documents/harsh/Learning-ROS/bumperbot/src/bumberbot_controller -DCMAKE_INSTALL_PREFIX=/home/harshdev/Documents/harsh/Learning-ROS/bumperbot/src/install/bumberbot_controller
[1.223s] DEBUG:colcon.colcon_core.event_handler.log_command:Invoking command in '/home/harshdev/Documents/harsh/Learning-ROS/bumperbot/src/build/bumberbot_controller': CMAKE_PREFIX_PATH=${CMAKE_PREFIX_PATH}:/opt/ros/jazzy DEBUGINFOD_URLS=https://debuginfod.ubuntu.com /usr/bin/cmake --build /home/harshdev/Documents/harsh/Learning-ROS/bumperbot/src/build/bumberbot_controller -- -j12 -l12
[1.274s] DEBUG:colcon.colcon_core.event_handler.log_command:Invoked command in '/home/harshdev/Documents/harsh/Learning-ROS/bumperbot/src/build/bumberbot_controller' returned '0': CMAKE_PREFIX_PATH=${CMAKE_PREFIX_PATH}:/opt/ros/jazzy DEBUGINFOD_URLS=https://debuginfod.ubuntu.com /usr/bin/cmake --build /home/harshdev/Documents/harsh/Learning-ROS/bumperbot/src/build/bumberbot_controller -- -j12 -l12
[1.287s] DEBUG:colcon.colcon_core.event_handler.log_command:Invoking command in '/home/harshdev/Documents/harsh/Learning-ROS/bumperbot/src/build/bumberbot_controller': CMAKE_PREFIX_PATH=${CMAKE_PREFIX_PATH}:/opt/ros/jazzy DEBUGINFOD_URLS=https://debuginfod.ubuntu.com /usr/bin/cmake --install /home/harshdev/Documents/harsh/Learning-ROS/bumperbot/src/build/bumberbot_controller
[1.288s] DEBUG:colcon.colcon_core.event_handler.log_command:Invoked command in '/home/harshdev/Documents/harsh/Learning-ROS/bumperbot/src/build/bumperbot_description' returned '0': CMAKE_PREFIX_PATH=${CMAKE_PREFIX_PATH}:/opt/ros/jazzy DEBUGINFOD_URLS=https://debuginfod.ubuntu.com /usr/bin/cmake /home/harshdev/Documents/harsh/Learning-ROS/bumperbot/src/bumperbot_description -DCMAKE_INSTALL_PREFIX=/home/harshdev/Documents/harsh/Learning-ROS/bumperbot/src/install/bumperbot_description
[1.289s] DEBUG:colcon.colcon_core.event_handler.log_command:Invoking command in '/home/harshdev/Documents/harsh/Learning-ROS/bumperbot/src/build/bumperbot_description': CMAKE_PREFIX_PATH=${CMAKE_PREFIX_PATH}:/opt/ros/jazzy DEBUGINFOD_URLS=https://debuginfod.ubuntu.com /usr/bin/cmake --build /home/harshdev/Documents/harsh/Learning-ROS/bumperbot/src/build/bumperbot_description -- -j12 -l12
[1.296s] Level 1:colcon.colcon_core.environment:create_environment_scripts_only(bumberbot_controller)
[1.296s] DEBUG:colcon.colcon_core.event_handler.log_command:Invoked command in '/home/harshdev/Documents/harsh/Learning-ROS/bumperbot/src/build/bumberbot_controller' returned '0': CMAKE_PREFIX_PATH=${CMAKE_PREFIX_PATH}:/opt/ros/jazzy DEBUGINFOD_URLS=https://debuginfod.ubuntu.com /usr/bin/cmake --install /home/harshdev/Documents/harsh/Learning-ROS/bumperbot/src/build/bumberbot_controller
[1.298s] Level 1:colcon.colcon_core.environment:checking '/home/harshdev/Documents/harsh/Learning-ROS/bumperbot/src/install/bumberbot_controller' for CMake module files
[1.300s] Level 1:colcon.colcon_core.environment:checking '/home/harshdev/Documents/harsh/Learning-ROS/bumperbot/src/install/bumberbot_controller' for CMake config files
[1.300s] Level 1:colcon.colcon_core.shell:create_environment_hook('bumberbot_controller', 'cmake_prefix_path')
[1.300s] INFO:colcon.colcon_core.shell:Creating environment hook '/home/harshdev/Documents/harsh/Learning-ROS/bumperbot/src/install/bumberbot_controller/share/bumberbot_controller/hook/cmake_prefix_path.ps1'
[1.301s] INFO:colcon.colcon_core.shell:Creating environment descriptor '/home/harshdev/Documents/harsh/Learning-ROS/bumperbot/src/install/bumberbot_controller/share/bumberbot_controller/hook/cmake_prefix_path.dsv'
[1.301s] INFO:colcon.colcon_core.shell:Creating environment hook '/home/harshdev/Documents/harsh/Learning-ROS/bumperbot/src/install/bumberbot_controller/share/bumberbot_controller/hook/cmake_prefix_path.sh'
[1.302s] Level 1:colcon.colcon_core.environment:checking '/home/harshdev/Documents/harsh/Learning-ROS/bumperbot/src/install/bumberbot_controller/bin'
[1.302s] Level 1:colcon.colcon_core.environment:checking '/home/harshdev/Documents/harsh/Learning-ROS/bumperbot/src/install/bumberbot_controller/lib/pkgconfig/bumberbot_controller.pc'
[1.302s] Level 1:colcon.colcon_core.environment:checking '/home/harshdev/Documents/harsh/Learning-ROS/bumperbot/src/install/bumberbot_controller/lib/python3.12/site-packages'
[1.303s] Level 1:colcon.colcon_core.environment:checking '/home/harshdev/Documents/harsh/Learning-ROS/bumperbot/src/install/bumberbot_controller/bin'
[1.303s] INFO:colcon.colcon_core.shell:Creating package script '/home/harshdev/Documents/harsh/Learning-ROS/bumperbot/src/install/bumberbot_controller/share/bumberbot_controller/package.ps1'
[1.304s] INFO:colcon.colcon_core.shell:Creating package descriptor '/home/harshdev/Documents/harsh/Learning-ROS/bumperbot/src/install/bumberbot_controller/share/bumberbot_controller/package.dsv'
[1.304s] INFO:colcon.colcon_core.shell:Creating package script '/home/harshdev/Documents/harsh/Learning-ROS/bumperbot/src/install/bumberbot_controller/share/bumberbot_controller/package.sh'
[1.305s] INFO:colcon.colcon_core.shell:Creating package script '/home/harshdev/Documents/harsh/Learning-ROS/bumperbot/src/install/bumberbot_controller/share/bumberbot_controller/package.bash'
[1.305s] INFO:colcon.colcon_core.shell:Creating package script '/home/harshdev/Documents/harsh/Learning-ROS/bumperbot/src/install/bumberbot_controller/share/bumberbot_controller/package.zsh'
[1.306s] Level 1:colcon.colcon_core.environment:create_file_with_runtime_dependencies(/home/harshdev/Documents/harsh/Learning-ROS/bumperbot/src/install/bumberbot_controller/share/colcon-core/packages/bumberbot_controller)
[1.307s] Level 1:colcon.colcon_core.environment:create_environment_scripts_only(bumberbot_controller)
[1.307s] Level 1:colcon.colcon_core.environment:checking '/home/harshdev/Documents/harsh/Learning-ROS/bumperbot/src/install/bumberbot_controller' for CMake module files
[1.308s] Level 1:colcon.colcon_core.environment:checking '/home/harshdev/Documents/harsh/Learning-ROS/bumperbot/src/install/bumberbot_controller' for CMake config files
[1.308s] Level 1:colcon.colcon_core.shell:create_environment_hook('bumberbot_controller', 'cmake_prefix_path')
[1.308s] INFO:colcon.colcon_core.shell:Creating environment hook '/home/harshdev/Documents/harsh/Learning-ROS/bumperbot/src/install/bumberbot_controller/share/bumberbot_controller/hook/cmake_prefix_path.ps1'
[1.309s] INFO:colcon.colcon_core.shell:Creating environment descriptor '/home/harshdev/Documents/harsh/Learning-ROS/bumperbot/src/install/bumberbot_controller/share/bumberbot_controller/hook/cmake_prefix_path.dsv'
[1.310s] INFO:colcon.colcon_core.shell:Creating environment hook '/home/harshdev/Documents/harsh/Learning-ROS/bumperbot/src/install/bumberbot_controller/share/bumberbot_controller/hook/cmake_prefix_path.sh'
[1.310s] Level 1:colcon.colcon_core.environment:checking '/home/harshdev/Documents/harsh/Learning-ROS/bumperbot/src/install/bumberbot_controller/bin'
[1.310s] Level 1:colcon.colcon_core.environment:checking '/home/harshdev/Documents/harsh/Learning-ROS/bumperbot/src/install/bumberbot_controller/lib/pkgconfig/bumberbot_controller.pc'
[1.311s] Level 1:colcon.colcon_core.environment:checking '/home/harshdev/Documents/harsh/Learning-ROS/bumperbot/src/install/bumberbot_controller/lib/python3.12/site-packages'
[1.311s] Level 1:colcon.colcon_core.environment:checking '/home/harshdev/Documents/harsh/Learning-ROS/bumperbot/src/install/bumberbot_controller/bin'
[1.311s] INFO:colcon.colcon_core.shell:Creating package script '/home/harshdev/Documents/harsh/Learning-ROS/bumperbot/src/install/bumberbot_controller/share/bumberbot_controller/package.ps1'
[1.312s] INFO:colcon.colcon_core.shell:Creating package descriptor '/home/harshdev/Documents/harsh/Learning-ROS/bumperbot/src/install/bumberbot_controller/share/bumberbot_controller/package.dsv'
[1.312s] INFO:colcon.colcon_core.shell:Creating package script '/home/harshdev/Documents/harsh/Learning-ROS/bumperbot/src/install/bumberbot_controller/share/bumberbot_controller/package.sh'
[1.313s] INFO:colcon.colcon_core.shell:Creating package script '/home/harshdev/Documents/harsh/Learning-ROS/bumperbot/src/install/bumberbot_controller/share/bumberbot_controller/package.bash'
[1.313s] INFO:colcon.colcon_core.shell:Creating package script '/home/harshdev/Documents/harsh/Learning-ROS/bumperbot/src/install/bumberbot_controller/share/bumberbot_controller/package.zsh'
[1.314s] Level 1:colcon.colcon_core.environment:create_file_with_runtime_dependencies(/home/harshdev/Documents/harsh/Learning-ROS/bumperbot/src/install/bumberbot_controller/share/colcon-core/packages/bumberbot_controller)
[1.336s] DEBUG:colcon.colcon_core.event_handler.log_command:Invoked command in '/home/harshdev/Documents/harsh/Learning-ROS/bumperbot/src/build/bumperbot_description' returned '0': CMAKE_PREFIX_PATH=${CMAKE_PREFIX_PATH}:/opt/ros/jazzy DEBUGINFOD_URLS=https://debuginfod.ubuntu.com /usr/bin/cmake --build /home/harshdev/Documents/harsh/Learning-ROS/bumperbot/src/build/bumperbot_description -- -j12 -l12
[1.339s] DEBUG:colcon.colcon_core.event_handler.log_command:Invoking command in '/home/harshdev/Documents/harsh/Learning-ROS/bumperbot/src/build/bumperbot_description': CMAKE_PREFIX_PATH=${CMAKE_PREFIX_PATH}:/opt/ros/jazzy DEBUGINFOD_URLS=https://debuginfod.ubuntu.com /usr/bin/cmake --install /home/harshdev/Documents/harsh/Learning-ROS/bumperbot/src/build/bumperbot_description
[1.417s] Level 1:colcon.colcon_core.environment:create_environment_scripts_only(bumperbot_description)
[1.417s] DEBUG:colcon.colcon_core.event_handler.log_command:Invoked command in '/home/harshdev/Documents/harsh/Learning-ROS/bumperbot/src/build/bumperbot_description' returned '0': CMAKE_PREFIX_PATH=${CMAKE_PREFIX_PATH}:/opt/ros/jazzy DEBUGINFOD_URLS=https://debuginfod.ubuntu.com /usr/bin/cmake --install /home/harshdev/Documents/harsh/Learning-ROS/bumperbot/src/build/bumperbot_description
[1.418s] Level 1:colcon.colcon_core.environment:checking '/home/harshdev/Documents/harsh/Learning-ROS/bumperbot/src/install/bumperbot_description' for CMake module files
[1.419s] Level 1:colcon.colcon_core.environment:checking '/home/harshdev/Documents/harsh/Learning-ROS/bumperbot/src/install/bumperbot_description' for CMake config files
[1.420s] Level 1:colcon.colcon_core.shell:create_environment_hook('bumperbot_description', 'cmake_prefix_path')
[1.420s] INFO:colcon.colcon_core.shell:Creating environment hook '/home/harshdev/Documents/harsh/Learning-ROS/bumperbot/src/install/bumperbot_description/share/bumperbot_description/hook/cmake_prefix_path.ps1'
[1.421s] INFO:colcon.colcon_core.shell:Creating environment descriptor '/home/harshdev/Documents/harsh/Learning-ROS/bumperbot/src/install/bumperbot_description/share/bumperbot_description/hook/cmake_prefix_path.dsv'
[1.421s] INFO:colcon.colcon_core.shell:Creating environment hook '/home/harshdev/Documents/harsh/Learning-ROS/bumperbot/src/install/bumperbot_description/share/bumperbot_description/hook/cmake_prefix_path.sh'
[1.422s] Level 1:colcon.colcon_core.environment:checking '/home/harshdev/Documents/harsh/Learning-ROS/bumperbot/src/install/bumperbot_description/bin'
[1.422s] Level 1:colcon.colcon_core.environment:checking '/home/harshdev/Documents/harsh/Learning-ROS/bumperbot/src/install/bumperbot_description/lib/pkgconfig/bumperbot_description.pc'
[1.423s] Level 1:colcon.colcon_core.environment:checking '/home/harshdev/Documents/harsh/Learning-ROS/bumperbot/src/install/bumperbot_description/lib/python3.12/site-packages'
[1.423s] Level 1:colcon.colcon_core.environment:checking '/home/harshdev/Documents/harsh/Learning-ROS/bumperbot/src/install/bumperbot_description/bin'
[1.423s] INFO:colcon.colcon_core.shell:Creating package script '/home/harshdev/Documents/harsh/Learning-ROS/bumperbot/src/install/bumperbot_description/share/bumperbot_description/package.ps1'
[1.423s] INFO:colcon.colcon_core.shell:Creating package descriptor '/home/harshdev/Documents/harsh/Learning-ROS/bumperbot/src/install/bumperbot_description/share/bumperbot_description/package.dsv'
[1.424s] INFO:colcon.colcon_core.shell:Creating package script '/home/harshdev/Documents/harsh/Learning-ROS/bumperbot/src/install/bumperbot_description/share/bumperbot_description/package.sh'
[1.425s] INFO:colcon.colcon_core.shell:Creating package script '/home/harshdev/Documents/harsh/Learning-ROS/bumperbot/src/install/bumperbot_description/share/bumperbot_description/package.bash'
[1.427s] INFO:colcon.colcon_core.shell:Creating package script '/home/harshdev/Documents/harsh/Learning-ROS/bumperbot/src/install/bumperbot_description/share/bumperbot_description/package.zsh'
[1.427s] Level 1:colcon.colcon_core.environment:create_file_with_runtime_dependencies(/home/harshdev/Documents/harsh/Learning-ROS/bumperbot/src/install/bumperbot_description/share/colcon-core/packages/bumperbot_description)
[1.428s] Level 1:colcon.colcon_core.environment:create_environment_scripts_only(bumperbot_description)
[1.428s] Level 1:colcon.colcon_core.environment:checking '/home/harshdev/Documents/harsh/Learning-ROS/bumperbot/src/install/bumperbot_description' for CMake module files
[1.428s] Level 1:colcon.colcon_core.environment:checking '/home/harshdev/Documents/harsh/Learning-ROS/bumperbot/src/install/bumperbot_description' for CMake config files
[1.429s] Level 1:colcon.colcon_core.shell:create_environment_hook('bumperbot_description', 'cmake_prefix_path')
[1.429s] INFO:colcon.colcon_core.shell:Creating environment hook '/home/harshdev/Documents/harsh/Learning-ROS/bumperbot/src/install/bumperbot_description/share/bumperbot_description/hook/cmake_prefix_path.ps1'
[1.429s] INFO:colcon.colcon_core.shell:Creating environment descriptor '/home/harshdev/Documents/harsh/Learning-ROS/bumperbot/src/install/bumperbot_description/share/bumperbot_description/hook/cmake_prefix_path.dsv'
[1.429s] INFO:colcon.colcon_core.shell:Creating environment hook '/home/harshdev/Documents/harsh/Learning-ROS/bumperbot/src/install/bumperbot_description/share/bumperbot_description/hook/cmake_prefix_path.sh'
[1.430s] Level 1:colcon.colcon_core.environment:checking '/home/harshdev/Documents/harsh/Learning-ROS/bumperbot/src/install/bumperbot_description/bin'
[1.430s] Level 1:colcon.colcon_core.environment:checking '/home/harshdev/Documents/harsh/Learning-ROS/bumperbot/src/install/bumperbot_description/lib/pkgconfig/bumperbot_description.pc'
[1.430s] Level 1:colcon.colcon_core.environment:checking '/home/harshdev/Documents/harsh/Learning-ROS/bumperbot/src/install/bumperbot_description/lib/python3.12/site-packages'
[1.430s] Level 1:colcon.colcon_core.environment:checking '/home/harshdev/Documents/harsh/Learning-ROS/bumperbot/src/install/bumperbot_description/bin'
[1.430s] INFO:colcon.colcon_core.shell:Creating package script '/home/harshdev/Documents/harsh/Learning-ROS/bumperbot/src/install/bumperbot_description/share/bumperbot_description/package.ps1'
[1.430s] INFO:colcon.colcon_core.shell:Creating package descriptor '/home/harshdev/Documents/harsh/Learning-ROS/bumperbot/src/install/bumperbot_description/share/bumperbot_description/package.dsv'
[1.431s] INFO:colcon.colcon_core.shell:Creating package script '/home/harshdev/Documents/harsh/Learning-ROS/bumperbot/src/install/bumperbot_description/share/bumperbot_description/package.sh'
[1.431s] INFO:colcon.colcon_core.shell:Creating package script '/home/harshdev/Documents/harsh/Learning-ROS/bumperbot/src/install/bumperbot_description/share/bumperbot_description/package.bash'
[1.431s] INFO:colcon.colcon_core.shell:Creating package script '/home/harshdev/Documents/harsh/Learning-ROS/bumperbot/src/install/bumperbot_description/share/bumperbot_description/package.zsh'
[1.431s] Level 1:colcon.colcon_core.environment:create_file_with_runtime_dependencies(/home/harshdev/Documents/harsh/Learning-ROS/bumperbot/src/install/bumperbot_description/share/colcon-core/packages/bumperbot_description)
[1.582s] Level 1:colcon.colcon_core.environment:checking '/home/harshdev/Documents/harsh/Learning-ROS/bumperbot/src/install/bumperbot_package_py' for CMake module files
[1.582s] DEBUG:colcon.colcon_core.event_handler.log_command:Invoked command in '/home/harshdev/Documents/harsh/Learning-ROS/bumperbot/src/bumperbot_package_py' returned '0': DEBUGINFOD_URLS=https://debuginfod.ubuntu.com PYTHONPATH=/home/harshdev/Documents/harsh/Learning-ROS/bumperbot/src/build/bumperbot_package_py/prefix_override:/usr/lib/python3/dist-packages/colcon_core/task/python/colcon_distutils_commands:/home/harshdev/Documents/harsh/Learning-ROS/bumperbot/src/install/bumperbot_package_py/lib/python3.12/site-packages:${PYTHONPATH} /usr/bin/python3 -W ignore:setup.py install is deprecated -W ignore:easy_install command is deprecated setup.py egg_info --egg-base ../build/bumperbot_package_py build --build-base /home/harshdev/Documents/harsh/Learning-ROS/bumperbot/src/build/bumperbot_package_py/build install --record /home/harshdev/Documents/harsh/Learning-ROS/bumperbot/src/build/bumperbot_package_py/install.log --single-version-externally-managed install_data
[1.583s] Level 1:colcon.colcon_core.environment:checking '/home/harshdev/Documents/harsh/Learning-ROS/bumperbot/src/install/bumperbot_package_py' for CMake config files
[1.583s] Level 1:colcon.colcon_core.environment:checking '/home/harshdev/Documents/harsh/Learning-ROS/bumperbot/src/install/bumperbot_package_py/lib'
[1.583s] Level 1:colcon.colcon_core.environment:checking '/home/harshdev/Documents/harsh/Learning-ROS/bumperbot/src/install/bumperbot_package_py/bin'
[1.583s] Level 1:colcon.colcon_core.environment:checking '/home/harshdev/Documents/harsh/Learning-ROS/bumperbot/src/install/bumperbot_package_py/lib/pkgconfig/bumperbot_package_py.pc'
[1.584s] Level 1:colcon.colcon_core.environment:checking '/home/harshdev/Documents/harsh/Learning-ROS/bumperbot/src/install/bumperbot_package_py/lib/python3.12/site-packages'
[1.584s] Level 1:colcon.colcon_core.shell:create_environment_hook('bumperbot_package_py', 'pythonpath')
[1.584s] INFO:colcon.colcon_core.shell:Creating environment hook '/home/harshdev/Documents/harsh/Learning-ROS/bumperbot/src/install/bumperbot_package_py/share/bumperbot_package_py/hook/pythonpath.ps1'
[1.584s] INFO:colcon.colcon_core.shell:Creating environment descriptor '/home/harshdev/Documents/harsh/Learning-ROS/bumperbot/src/install/bumperbot_package_py/share/bumperbot_package_py/hook/pythonpath.dsv'
[1.585s] INFO:colcon.colcon_core.shell:Creating environment hook '/home/harshdev/Documents/harsh/Learning-ROS/bumperbot/src/install/bumperbot_package_py/share/bumperbot_package_py/hook/pythonpath.sh'
[1.585s] Level 1:colcon.colcon_core.environment:checking '/home/harshdev/Documents/harsh/Learning-ROS/bumperbot/src/install/bumperbot_package_py/bin'
[1.585s] Level 1:colcon.colcon_core.environment:create_environment_scripts_only(bumperbot_package_py)
[1.585s] INFO:colcon.colcon_core.shell:Creating package script '/home/harshdev/Documents/harsh/Learning-ROS/bumperbot/src/install/bumperbot_package_py/share/bumperbot_package_py/package.ps1'
[1.586s] INFO:colcon.colcon_core.shell:Creating package descriptor '/home/harshdev/Documents/harsh/Learning-ROS/bumperbot/src/install/bumperbot_package_py/share/bumperbot_package_py/package.dsv'
[1.586s] INFO:colcon.colcon_core.shell:Creating package script '/home/harshdev/Documents/harsh/Learning-ROS/bumperbot/src/install/bumperbot_package_py/share/bumperbot_package_py/package.sh'
[1.586s] INFO:colcon.colcon_core.shell:Creating package script '/home/harshdev/Documents/harsh/Learning-ROS/bumperbot/src/install/bumperbot_package_py/share/bumperbot_package_py/package.bash'
[1.586s] INFO:colcon.colcon_core.shell:Creating package script '/home/harshdev/Documents/harsh/Learning-ROS/bumperbot/src/install/bumperbot_package_py/share/bumperbot_package_py/package.zsh'
[1.586s] Level 1:colcon.colcon_core.environment:create_file_with_runtime_dependencies(/home/harshdev/Documents/harsh/Learning-ROS/bumperbot/src/install/bumperbot_package_py/share/colcon-core/packages/bumperbot_package_py)
[1.587s] DEBUG:colcon.colcon_parallel_executor.executor.parallel:closing loop
[1.587s] DEBUG:colcon.colcon_parallel_executor.executor.parallel:loop closed
[1.587s] DEBUG:colcon.colcon_parallel_executor.executor.parallel:run_until_complete finished with '0'
[1.587s] DEBUG:colcon.colcon_core.event_reactor:joining thread
[1.593s] INFO:colcon.colcon_core.plugin_system:Skipping extension 'colcon_notification.desktop_notification.terminal_notifier': Not used on non-Darwin systems
[1.593s] INFO:colcon.colcon_core.plugin_system:Skipping extension 'colcon_notification.desktop_notification.win32': Not used on non-Windows systems
[1.593s] INFO:colcon.colcon_notification.desktop_notification:Sending desktop notification using 'notify2'
[1.609s] DEBUG:colcon.colcon_core.event_reactor:joined thread
[1.609s] INFO:colcon.colcon_core.shell:Creating prefix script '/home/harshdev/Documents/harsh/Learning-ROS/bumperbot/src/install/local_setup.ps1'
[1.611s] INFO:colcon.colcon_core.shell:Creating prefix util module '/home/harshdev/Documents/harsh/Learning-ROS/bumperbot/src/install/_local_setup_util_ps1.py'
[1.612s] INFO:colcon.colcon_core.shell:Creating prefix chain script '/home/harshdev/Documents/harsh/Learning-ROS/bumperbot/src/install/setup.ps1'
[1.613s] INFO:colcon.colcon_core.shell:Creating prefix script '/home/harshdev/Documents/harsh/Learning-ROS/bumperbot/src/install/local_setup.sh'
[1.613s] INFO:colcon.colcon_core.shell:Creating prefix util module '/home/harshdev/Documents/harsh/Learning-ROS/bumperbot/src/install/_local_setup_util_sh.py'
[1.613s] INFO:colcon.colcon_core.shell:Creating prefix chain script '/home/harshdev/Documents/harsh/Learning-ROS/bumperbot/src/install/setup.sh'
[1.614s] INFO:colcon.colcon_core.shell:Creating prefix script '/home/harshdev/Documents/harsh/Learning-ROS/bumperbot/src/install/local_setup.bash'
[1.615s] INFO:colcon.colcon_core.shell:Creating prefix chain script '/home/harshdev/Documents/harsh/Learning-ROS/bumperbot/src/install/setup.bash'
[1.616s] INFO:colcon.colcon_core.shell:Creating prefix script '/home/harshdev/Documents/harsh/Learning-ROS/bumperbot/src/install/local_setup.zsh'
[1.616s] INFO:colcon.colcon_core.shell:Creating prefix chain script '/home/harshdev/Documents/harsh/Learning-ROS/bumperbot/src/install/setup.zsh'
