[1.256s] Invoking command in '/home/harshdev/Learning-ROS/basicbotws/src/point_to_point_nav': DEBUGINFOD_URLS=https://debuginfod.ubuntu.com PYTHONPATH=/home/harshdev/Learning-ROS/basicbotws/build/point_to_point_nav/prefix_override:/usr/lib/python3/dist-packages/colcon_core/task/python/colcon_distutils_commands:/home/harshdev/Learning-ROS/basicbotws/install/point_to_point_nav/lib/python3.12/site-packages:${PYTHONPATH} /usr/bin/python3 -W ignore:setup.py install is deprecated -W ignore:easy_install command is deprecated setup.py egg_info --egg-base ../../build/point_to_point_nav build --build-base /home/harshdev/Learning-ROS/basicbotws/build/point_to_point_nav/build install --record /home/harshdev/Learning-ROS/basicbotws/build/point_to_point_nav/install.log --single-version-externally-managed install_data
[1.437s] running egg_info
[1.449s] writing ../../build/point_to_point_nav/point_to_point_nav.egg-info/PKG-INFO
[1.450s] writing dependency_links to ../../build/point_to_point_nav/point_to_point_nav.egg-info/dependency_links.txt
[1.451s] writing entry points to ../../build/point_to_point_nav/point_to_point_nav.egg-info/entry_points.txt
[1.451s] writing requirements to ../../build/point_to_point_nav/point_to_point_nav.egg-info/requires.txt
[1.451s] writing top-level names to ../../build/point_to_point_nav/point_to_point_nav.egg-info/top_level.txt
[1.474s] reading manifest file '../../build/point_to_point_nav/point_to_point_nav.egg-info/SOURCES.txt'
[1.476s] writing manifest file '../../build/point_to_point_nav/point_to_point_nav.egg-info/SOURCES.txt'
[1.476s] running build
[1.476s] running build_py
[1.477s] copying point_to_point_nav/point_to_point_nav.py -> /home/harshdev/Learning-ROS/basicbotws/build/point_to_point_nav/build/lib/point_to_point_nav
[1.477s] running install
[1.482s] running install_lib
[1.494s] copying /home/harshdev/Learning-ROS/basicbotws/build/point_to_point_nav/build/lib/point_to_point_nav/point_to_point_nav.py -> /home/harshdev/Learning-ROS/basicbotws/install/point_to_point_nav/lib/python3.12/site-packages/point_to_point_nav
[1.495s] byte-compiling /home/harshdev/Learning-ROS/basicbotws/install/point_to_point_nav/lib/python3.12/site-packages/point_to_point_nav/point_to_point_nav.py to point_to_point_nav.cpython-312.pyc
[1.495s] running install_data
[1.496s] running install_egg_info
[1.508s] removing '/home/harshdev/Learning-ROS/basicbotws/install/point_to_point_nav/lib/python3.12/site-packages/point_to_point_nav-0.0.0-py3.12.egg-info' (and everything under it)
[1.508s] Copying ../../build/point_to_point_nav/point_to_point_nav.egg-info to /home/harshdev/Learning-ROS/basicbotws/install/point_to_point_nav/lib/python3.12/site-packages/point_to_point_nav-0.0.0-py3.12.egg-info
[1.509s] running install_scripts
[1.592s] Installing point_to_point_nav script to /home/harshdev/Learning-ROS/basicbotws/install/point_to_point_nav/lib/point_to_point_nav
[1.593s] writing list of installed files to '/home/harshdev/Learning-ROS/basicbotws/build/point_to_point_nav/install.log'
[1.618s] Invoked command in '/home/harshdev/Learning-ROS/basicbotws/src/point_to_point_nav' returned '0': DEBUGINFOD_URLS=https://debuginfod.ubuntu.com PYTHONPATH=/home/harshdev/Learning-ROS/basicbotws/build/point_to_point_nav/prefix_override:/usr/lib/python3/dist-packages/colcon_core/task/python/colcon_distutils_commands:/home/harshdev/Learning-ROS/basicbotws/install/point_to_point_nav/lib/python3.12/site-packages:${PYTHONPATH} /usr/bin/python3 -W ignore:setup.py install is deprecated -W ignore:easy_install command is deprecated setup.py egg_info --egg-base ../../build/point_to_point_nav build --build-base /home/harshdev/Learning-ROS/basicbotws/build/point_to_point_nav/build install --record /home/harshdev/Learning-ROS/basicbotws/build/point_to_point_nav/install.log --single-version-externally-managed install_data
