[0.012s] Invoking command in '/home/harshdev/Documents/harsh/Learning-ROS/build/bumperbot_description': CMAKE_PREFIX_PATH=${CMAKE_PREFIX_PATH}:/opt/ros/jazzy DEBUGINFOD_URLS=https://debuginfod.ubuntu.com /usr/bin/cmake --build /home/harshdev/Documents/harsh/Learning-ROS/build/bumperbot_description -- -j12 -l12
[0.227s] Invoked command in '/home/harshdev/Documents/harsh/Learning-ROS/build/bumperbot_description' returned '0': CMAKE_PREFIX_PATH=${CMAKE_PREFIX_PATH}:/opt/ros/jazzy DEBUGINFOD_URLS=https://debuginfod.ubuntu.com /usr/bin/cmake --build /home/harshdev/Documents/harsh/Learning-ROS/build/bumperbot_description -- -j12 -l12
[0.239s] Invoking command in '/home/harshdev/Documents/harsh/Learning-ROS/build/bumperbot_description': CMAKE_PREFIX_PATH=${CMAKE_PREFIX_PATH}:/opt/ros/jazzy DEBUGINFOD_URLS=https://debuginfod.ubuntu.com /usr/bin/cmake --install /home/harshdev/Documents/harsh/Learning-ROS/build/bumperbot_description
[0.254s] -- Install configuration: ""
[0.255s] -- Up-to-date: /home/harshdev/Documents/harsh/Learning-ROS/install/bumperbot_description/share/bumperbot_description/meshes
[0.255s] -- Up-to-date: /home/harshdev/Documents/harsh/Learning-ROS/install/bumperbot_description/share/bumperbot_description/meshes/base_link.STL
[0.255s] -- Up-to-date: /home/harshdev/Documents/harsh/Learning-ROS/install/bumperbot_description/share/bumperbot_description/meshes/caster_front_link.STL
[0.255s] -- Up-to-date: /home/harshdev/Documents/harsh/Learning-ROS/install/bumperbot_description/share/bumperbot_description/meshes/imu_link.STL
[0.256s] -- Up-to-date: /home/harshdev/Documents/harsh/Learning-ROS/install/bumperbot_description/share/bumperbot_description/meshes/caster_rear_link.STL
[0.256s] -- Up-to-date: /home/harshdev/Documents/harsh/Learning-ROS/install/bumperbot_description/share/bumperbot_description/meshes/wheel_left_link.STL
[0.256s] -- Up-to-date: /home/harshdev/Documents/harsh/Learning-ROS/install/bumperbot_description/share/bumperbot_description/meshes/wheel_right_link.STL
[0.256s] -- Up-to-date: /home/harshdev/Documents/harsh/Learning-ROS/install/bumperbot_description/share/bumperbot_description/urdf
[0.256s] -- Up-to-date: /home/harshdev/Documents/harsh/Learning-ROS/install/bumperbot_description/share/bumperbot_description/urdf/alfred.urdf.xacro
[0.257s] -- Up-to-date: /home/harshdev/Documents/harsh/Learning-ROS/install/bumperbot_description/share/bumperbot_description/urdf/bumperbot.urdf.xacro
[0.257s] -- Up-to-date: /home/harshdev/Documents/harsh/Learning-ROS/install/bumperbot_description/share/ament_index/resource_index/package_run_dependencies/bumperbot_description
[0.257s] -- Up-to-date: /home/harshdev/Documents/harsh/Learning-ROS/install/bumperbot_description/share/ament_index/resource_index/parent_prefix_path/bumperbot_description
[0.257s] -- Up-to-date: /home/harshdev/Documents/harsh/Learning-ROS/install/bumperbot_description/share/bumperbot_description/environment/ament_prefix_path.sh
[0.257s] -- Up-to-date: /home/harshdev/Documents/harsh/Learning-ROS/install/bumperbot_description/share/bumperbot_description/environment/ament_prefix_path.dsv
[0.257s] -- Up-to-date: /home/harshdev/Documents/harsh/Learning-ROS/install/bumperbot_description/share/bumperbot_description/environment/path.sh
[0.257s] -- Up-to-date: /home/harshdev/Documents/harsh/Learning-ROS/install/bumperbot_description/share/bumperbot_description/environment/path.dsv
[0.258s] -- Up-to-date: /home/harshdev/Documents/harsh/Learning-ROS/install/bumperbot_description/share/bumperbot_description/local_setup.bash
[0.258s] -- Up-to-date: /home/harshdev/Documents/harsh/Learning-ROS/install/bumperbot_description/share/bumperbot_description/local_setup.sh
[0.258s] -- Up-to-date: /home/harshdev/Documents/harsh/Learning-ROS/install/bumperbot_description/share/bumperbot_description/local_setup.zsh
[0.259s] -- Up-to-date: /home/harshdev/Documents/harsh/Learning-ROS/install/bumperbot_description/share/bumperbot_description/local_setup.dsv
[0.259s] -- Installing: /home/harshdev/Documents/harsh/Learning-ROS/install/bumperbot_description/share/bumperbot_description/package.dsv
[0.260s] -- Up-to-date: /home/harshdev/Documents/harsh/Learning-ROS/install/bumperbot_description/share/ament_index/resource_index/packages/bumperbot_description
[0.260s] -- Up-to-date: /home/harshdev/Documents/harsh/Learning-ROS/install/bumperbot_description/share/bumperbot_description/cmake/bumperbot_descriptionConfig.cmake
[0.260s] -- Up-to-date: /home/harshdev/Documents/harsh/Learning-ROS/install/bumperbot_description/share/bumperbot_description/cmake/bumperbot_descriptionConfig-version.cmake
[0.260s] -- Up-to-date: /home/harshdev/Documents/harsh/Learning-ROS/install/bumperbot_description/share/bumperbot_description/package.xml
[0.261s] Invoked command in '/home/harshdev/Documents/harsh/Learning-ROS/build/bumperbot_description' returned '0': CMAKE_PREFIX_PATH=${CMAKE_PREFIX_PATH}:/opt/ros/jazzy DEBUGINFOD_URLS=https://debuginfod.ubuntu.com /usr/bin/cmake --install /home/harshdev/Documents/harsh/Learning-ROS/build/bumperbot_description
