[0.090s] DEBUG:colcon:Command line arguments: ['/usr/bin/colcon', 'build']
[0.090s] DEBUG:colcon:Parsed command line arguments: Namespace(log_base=None, log_level=None, verb_name='build', build_base='build', install_base='install', merge_install=False, symlink_install=False, test_result_base=None, continue_on_error=False, executor='parallel', parallel_workers=12, event_handlers=None, ignore_user_meta=False, metas=['./colcon.meta'], base_paths=['.'], packages_ignore=None, packages_ignore_regex=None, paths=None, packages_up_to=None, packages_up_to_regex=None, packages_above=None, packages_above_and_dependencies=None, packages_above_depth=None, packages_select_by_dep=None, packages_skip_by_dep=None, packages_skip_up_to=None, packages_select_build_failed=False, packages_skip_build_finished=False, packages_select_test_failures=False, packages_skip_test_passed=False, packages_select=None, packages_skip=None, packages_select_regex=None, packages_skip_regex=None, packages_start=None, packages_end=None, allow_overriding=[], cmake_args=None, cmake_target=None, cmake_target_skip_unavailable=False, cmake_clean_cache=False, cmake_clean_first=False, cmake_force_configure=False, ament_cmake_args=None, catkin_cmake_args=None, catkin_skip_building_tests=False, mixin_files=None, mixin=None, verb_parser=<colcon_mixin.mixin.mixin_argument.MixinArgumentDecorator object at 0x7e36b20ac800>, verb_extension=<colcon_core.verb.build.BuildVerb object at 0x7e36b27fd8e0>, main=<bound method BuildVerb.main of <colcon_core.verb.build.BuildVerb object at 0x7e36b27fd8e0>>, mixin_verb=('build',))
[0.113s] Level 1:colcon.colcon_core.package_discovery:discover_packages(colcon_meta) check parameters
[0.113s] Level 1:colcon.colcon_core.package_discovery:discover_packages(recursive) check parameters
[0.113s] Level 1:colcon.colcon_core.package_discovery:discover_packages(ignore) check parameters
[0.113s] Level 1:colcon.colcon_core.package_discovery:discover_packages(path) check parameters
[0.113s] Level 1:colcon.colcon_core.package_discovery:discover_packages(colcon_meta) discover
[0.113s] Level 1:colcon.colcon_core.package_discovery:discover_packages(recursive) discover
[0.113s] INFO:colcon.colcon_core.package_discovery:Crawling recursively for packages in '/home/harshdev/Learning-ROS/basicbotws'
[0.113s] Level 1:colcon.colcon_core.package_identification:_identify(.) by extensions ['ignore', 'ignore_ament_install']
[0.113s] Level 1:colcon.colcon_core.package_identification:_identify(.) by extension 'ignore'
[0.113s] Level 1:colcon.colcon_core.package_identification:_identify(.) by extension 'ignore_ament_install'
[0.113s] Level 1:colcon.colcon_core.package_identification:_identify(.) by extensions ['colcon_pkg']
[0.113s] Level 1:colcon.colcon_core.package_identification:_identify(.) by extension 'colcon_pkg'
[0.113s] Level 1:colcon.colcon_core.package_identification:_identify(.) by extensions ['colcon_meta']
[0.113s] Level 1:colcon.colcon_core.package_identification:_identify(.) by extension 'colcon_meta'
[0.113s] Level 1:colcon.colcon_core.package_identification:_identify(.) by extensions ['ros']
[0.113s] Level 1:colcon.colcon_core.package_identification:_identify(.) by extension 'ros'
[0.129s] Level 1:colcon.colcon_core.package_identification:_identify(.) by extensions ['cmake', 'python']
[0.129s] Level 1:colcon.colcon_core.package_identification:_identify(.) by extension 'cmake'
[0.129s] Level 1:colcon.colcon_core.package_identification:_identify(.) by extension 'python'
[0.129s] Level 1:colcon.colcon_core.package_identification:_identify(.) by extensions ['python_setup_py']
[0.129s] Level 1:colcon.colcon_core.package_identification:_identify(.) by extension 'python_setup_py'
[0.129s] Level 1:colcon.colcon_core.package_identification:_identify(build) by extensions ['ignore', 'ignore_ament_install']
[0.129s] Level 1:colcon.colcon_core.package_identification:_identify(build) by extension 'ignore'
[0.129s] Level 1:colcon.colcon_core.package_identification:_identify(build) ignored
[0.129s] Level 1:colcon.colcon_core.package_identification:_identify(install) by extensions ['ignore', 'ignore_ament_install']
[0.130s] Level 1:colcon.colcon_core.package_identification:_identify(install) by extension 'ignore'
[0.130s] Level 1:colcon.colcon_core.package_identification:_identify(install) ignored
[0.130s] Level 1:colcon.colcon_core.package_identification:_identify(log) by extensions ['ignore', 'ignore_ament_install']
[0.130s] Level 1:colcon.colcon_core.package_identification:_identify(log) by extension 'ignore'
[0.130s] Level 1:colcon.colcon_core.package_identification:_identify(log) ignored
[0.130s] Level 1:colcon.colcon_core.package_identification:_identify(src) by extensions ['ignore', 'ignore_ament_install']
[0.130s] Level 1:colcon.colcon_core.package_identification:_identify(src) by extension 'ignore'
[0.130s] Level 1:colcon.colcon_core.package_identification:_identify(src) by extension 'ignore_ament_install'
[0.130s] Level 1:colcon.colcon_core.package_identification:_identify(src) by extensions ['colcon_pkg']
[0.130s] Level 1:colcon.colcon_core.package_identification:_identify(src) by extension 'colcon_pkg'
[0.130s] Level 1:colcon.colcon_core.package_identification:_identify(src) by extensions ['colcon_meta']
[0.130s] Level 1:colcon.colcon_core.package_identification:_identify(src) by extension 'colcon_meta'
[0.130s] Level 1:colcon.colcon_core.package_identification:_identify(src) by extensions ['ros']
[0.130s] Level 1:colcon.colcon_core.package_identification:_identify(src) by extension 'ros'
[0.130s] Level 1:colcon.colcon_core.package_identification:_identify(src) by extensions ['cmake', 'python']
[0.130s] Level 1:colcon.colcon_core.package_identification:_identify(src) by extension 'cmake'
[0.130s] Level 1:colcon.colcon_core.package_identification:_identify(src) by extension 'python'
[0.130s] Level 1:colcon.colcon_core.package_identification:_identify(src) by extensions ['python_setup_py']
[0.130s] Level 1:colcon.colcon_core.package_identification:_identify(src) by extension 'python_setup_py'
[0.130s] Level 1:colcon.colcon_core.package_identification:_identify(src/basicbot) by extensions ['ignore', 'ignore_ament_install']
[0.130s] Level 1:colcon.colcon_core.package_identification:_identify(src/basicbot) by extension 'ignore'
[0.130s] Level 1:colcon.colcon_core.package_identification:_identify(src/basicbot) by extension 'ignore_ament_install'
[0.130s] Level 1:colcon.colcon_core.package_identification:_identify(src/basicbot) by extensions ['colcon_pkg']
[0.130s] Level 1:colcon.colcon_core.package_identification:_identify(src/basicbot) by extension 'colcon_pkg'
[0.130s] Level 1:colcon.colcon_core.package_identification:_identify(src/basicbot) by extensions ['colcon_meta']
[0.130s] Level 1:colcon.colcon_core.package_identification:_identify(src/basicbot) by extension 'colcon_meta'
[0.130s] Level 1:colcon.colcon_core.package_identification:_identify(src/basicbot) by extensions ['ros']
[0.130s] Level 1:colcon.colcon_core.package_identification:_identify(src/basicbot) by extension 'ros'
[0.132s] DEBUG:colcon.colcon_core.package_identification:Package 'src/basicbot' with type 'ros.ament_cmake' and name 'basicbot'
[0.132s] Level 1:colcon.colcon_core.package_identification:_identify(src/joy_to_cmd_vel) by extensions ['ignore', 'ignore_ament_install']
[0.132s] Level 1:colcon.colcon_core.package_identification:_identify(src/joy_to_cmd_vel) by extension 'ignore'
[0.132s] Level 1:colcon.colcon_core.package_identification:_identify(src/joy_to_cmd_vel) by extension 'ignore_ament_install'
[0.132s] Level 1:colcon.colcon_core.package_identification:_identify(src/joy_to_cmd_vel) by extensions ['colcon_pkg']
[0.132s] Level 1:colcon.colcon_core.package_identification:_identify(src/joy_to_cmd_vel) by extension 'colcon_pkg'
[0.132s] Level 1:colcon.colcon_core.package_identification:_identify(src/joy_to_cmd_vel) by extensions ['colcon_meta']
[0.132s] Level 1:colcon.colcon_core.package_identification:_identify(src/joy_to_cmd_vel) by extension 'colcon_meta'
[0.132s] Level 1:colcon.colcon_core.package_identification:_identify(src/joy_to_cmd_vel) by extensions ['ros']
[0.132s] Level 1:colcon.colcon_core.package_identification:_identify(src/joy_to_cmd_vel) by extension 'ros'
[0.132s] DEBUG:colcon.colcon_core.package_identification:Package 'src/joy_to_cmd_vel' with type 'ros.ament_python' and name 'joy_to_cmd_vel'
[0.132s] Level 1:colcon.colcon_core.package_identification:_identify(src/joy_to_cmdvel) by extensions ['ignore', 'ignore_ament_install']
[0.132s] Level 1:colcon.colcon_core.package_identification:_identify(src/joy_to_cmdvel) by extension 'ignore'
[0.132s] Level 1:colcon.colcon_core.package_identification:_identify(src/joy_to_cmdvel) by extension 'ignore_ament_install'
[0.132s] Level 1:colcon.colcon_core.package_identification:_identify(src/joy_to_cmdvel) by extensions ['colcon_pkg']
[0.132s] Level 1:colcon.colcon_core.package_identification:_identify(src/joy_to_cmdvel) by extension 'colcon_pkg'
[0.132s] Level 1:colcon.colcon_core.package_identification:_identify(src/joy_to_cmdvel) by extensions ['colcon_meta']
[0.132s] Level 1:colcon.colcon_core.package_identification:_identify(src/joy_to_cmdvel) by extension 'colcon_meta'
[0.132s] Level 1:colcon.colcon_core.package_identification:_identify(src/joy_to_cmdvel) by extensions ['ros']
[0.132s] Level 1:colcon.colcon_core.package_identification:_identify(src/joy_to_cmdvel) by extension 'ros'
[0.133s] DEBUG:colcon.colcon_core.package_identification:Package 'src/joy_to_cmdvel' with type 'ros.ament_cmake' and name 'joy_to_cmdvel'
[0.133s] Level 1:colcon.colcon_core.package_identification:_identify(src/point_to_point_nav) by extensions ['ignore', 'ignore_ament_install']
[0.133s] Level 1:colcon.colcon_core.package_identification:_identify(src/point_to_point_nav) by extension 'ignore'
[0.133s] Level 1:colcon.colcon_core.package_identification:_identify(src/point_to_point_nav) by extension 'ignore_ament_install'
[0.133s] Level 1:colcon.colcon_core.package_identification:_identify(src/point_to_point_nav) by extensions ['colcon_pkg']
[0.133s] Level 1:colcon.colcon_core.package_identification:_identify(src/point_to_point_nav) by extension 'colcon_pkg'
[0.133s] Level 1:colcon.colcon_core.package_identification:_identify(src/point_to_point_nav) by extensions ['colcon_meta']
[0.133s] Level 1:colcon.colcon_core.package_identification:_identify(src/point_to_point_nav) by extension 'colcon_meta'
[0.133s] Level 1:colcon.colcon_core.package_identification:_identify(src/point_to_point_nav) by extensions ['ros']
[0.133s] Level 1:colcon.colcon_core.package_identification:_identify(src/point_to_point_nav) by extension 'ros'
[0.133s] DEBUG:colcon.colcon_core.package_identification:Package 'src/point_to_point_nav' with type 'ros.ament_python' and name 'point_to_point_nav'
[0.133s] Level 1:colcon.colcon_core.package_discovery:discover_packages(recursive) using defaults
[0.133s] Level 1:colcon.colcon_core.package_discovery:discover_packages(ignore) discover
[0.133s] Level 1:colcon.colcon_core.package_discovery:discover_packages(ignore) using defaults
[0.133s] Level 1:colcon.colcon_core.package_discovery:discover_packages(path) discover
[0.133s] Level 1:colcon.colcon_core.package_discovery:discover_packages(path) using defaults
[0.144s] Level 1:colcon.colcon_core.package_discovery:discover_packages(prefix_path) check parameters
[0.144s] Level 1:colcon.colcon_core.package_discovery:discover_packages(prefix_path) discover
[0.146s] DEBUG:colcon.colcon_installed_package_information.package_discovery:Found 450 installed packages in /opt/ros/jazzy
[0.147s] Level 1:colcon.colcon_core.package_discovery:discover_packages(prefix_path) using defaults
[0.179s] Level 5:colcon.colcon_core.verb:set package 'basicbot' build argument 'cmake_args' from command line to 'None'
[0.179s] Level 5:colcon.colcon_core.verb:set package 'basicbot' build argument 'cmake_target' from command line to 'None'
[0.179s] Level 5:colcon.colcon_core.verb:set package 'basicbot' build argument 'cmake_target_skip_unavailable' from command line to 'False'
[0.179s] Level 5:colcon.colcon_core.verb:set package 'basicbot' build argument 'cmake_clean_cache' from command line to 'False'
[0.179s] Level 5:colcon.colcon_core.verb:set package 'basicbot' build argument 'cmake_clean_first' from command line to 'False'
[0.179s] Level 5:colcon.colcon_core.verb:set package 'basicbot' build argument 'cmake_force_configure' from command line to 'False'
[0.179s] Level 5:colcon.colcon_core.verb:set package 'basicbot' build argument 'ament_cmake_args' from command line to 'None'
[0.179s] Level 5:colcon.colcon_core.verb:set package 'basicbot' build argument 'catkin_cmake_args' from command line to 'None'
[0.179s] Level 5:colcon.colcon_core.verb:set package 'basicbot' build argument 'catkin_skip_building_tests' from command line to 'False'
[0.179s] DEBUG:colcon.colcon_core.verb:Building package 'basicbot' with the following arguments: {'ament_cmake_args': None, 'build_base': '/home/harshdev/Learning-ROS/basicbotws/build/basicbot', 'catkin_cmake_args': None, 'catkin_skip_building_tests': False, 'cmake_args': None, 'cmake_clean_cache': False, 'cmake_clean_first': False, 'cmake_force_configure': False, 'cmake_target': None, 'cmake_target_skip_unavailable': False, 'install_base': '/home/harshdev/Learning-ROS/basicbotws/install/basicbot', 'merge_install': False, 'path': '/home/harshdev/Learning-ROS/basicbotws/src/basicbot', 'symlink_install': False, 'test_result_base': None}
[0.180s] Level 5:colcon.colcon_core.verb:set package 'joy_to_cmd_vel' build argument 'cmake_args' from command line to 'None'
[0.180s] Level 5:colcon.colcon_core.verb:set package 'joy_to_cmd_vel' build argument 'cmake_target' from command line to 'None'
[0.180s] Level 5:colcon.colcon_core.verb:set package 'joy_to_cmd_vel' build argument 'cmake_target_skip_unavailable' from command line to 'False'
[0.180s] Level 5:colcon.colcon_core.verb:set package 'joy_to_cmd_vel' build argument 'cmake_clean_cache' from command line to 'False'
[0.180s] Level 5:colcon.colcon_core.verb:set package 'joy_to_cmd_vel' build argument 'cmake_clean_first' from command line to 'False'
[0.180s] Level 5:colcon.colcon_core.verb:set package 'joy_to_cmd_vel' build argument 'cmake_force_configure' from command line to 'False'
[0.180s] Level 5:colcon.colcon_core.verb:set package 'joy_to_cmd_vel' build argument 'ament_cmake_args' from command line to 'None'
[0.180s] Level 5:colcon.colcon_core.verb:set package 'joy_to_cmd_vel' build argument 'catkin_cmake_args' from command line to 'None'
[0.180s] Level 5:colcon.colcon_core.verb:set package 'joy_to_cmd_vel' build argument 'catkin_skip_building_tests' from command line to 'False'
[0.180s] DEBUG:colcon.colcon_core.verb:Building package 'joy_to_cmd_vel' with the following arguments: {'ament_cmake_args': None, 'build_base': '/home/harshdev/Learning-ROS/basicbotws/build/joy_to_cmd_vel', 'catkin_cmake_args': None, 'catkin_skip_building_tests': False, 'cmake_args': None, 'cmake_clean_cache': False, 'cmake_clean_first': False, 'cmake_force_configure': False, 'cmake_target': None, 'cmake_target_skip_unavailable': False, 'install_base': '/home/harshdev/Learning-ROS/basicbotws/install/joy_to_cmd_vel', 'merge_install': False, 'path': '/home/harshdev/Learning-ROS/basicbotws/src/joy_to_cmd_vel', 'symlink_install': False, 'test_result_base': None}
[0.180s] Level 5:colcon.colcon_core.verb:set package 'joy_to_cmdvel' build argument 'cmake_args' from command line to 'None'
[0.180s] Level 5:colcon.colcon_core.verb:set package 'joy_to_cmdvel' build argument 'cmake_target' from command line to 'None'
[0.180s] Level 5:colcon.colcon_core.verb:set package 'joy_to_cmdvel' build argument 'cmake_target_skip_unavailable' from command line to 'False'
[0.180s] Level 5:colcon.colcon_core.verb:set package 'joy_to_cmdvel' build argument 'cmake_clean_cache' from command line to 'False'
[0.180s] Level 5:colcon.colcon_core.verb:set package 'joy_to_cmdvel' build argument 'cmake_clean_first' from command line to 'False'
[0.180s] Level 5:colcon.colcon_core.verb:set package 'joy_to_cmdvel' build argument 'cmake_force_configure' from command line to 'False'
[0.180s] Level 5:colcon.colcon_core.verb:set package 'joy_to_cmdvel' build argument 'ament_cmake_args' from command line to 'None'
[0.180s] Level 5:colcon.colcon_core.verb:set package 'joy_to_cmdvel' build argument 'catkin_cmake_args' from command line to 'None'
[0.180s] Level 5:colcon.colcon_core.verb:set package 'joy_to_cmdvel' build argument 'catkin_skip_building_tests' from command line to 'False'
[0.180s] DEBUG:colcon.colcon_core.verb:Building package 'joy_to_cmdvel' with the following arguments: {'ament_cmake_args': None, 'build_base': '/home/harshdev/Learning-ROS/basicbotws/build/joy_to_cmdvel', 'catkin_cmake_args': None, 'catkin_skip_building_tests': False, 'cmake_args': None, 'cmake_clean_cache': False, 'cmake_clean_first': False, 'cmake_force_configure': False, 'cmake_target': None, 'cmake_target_skip_unavailable': False, 'install_base': '/home/harshdev/Learning-ROS/basicbotws/install/joy_to_cmdvel', 'merge_install': False, 'path': '/home/harshdev/Learning-ROS/basicbotws/src/joy_to_cmdvel', 'symlink_install': False, 'test_result_base': None}
[0.180s] Level 5:colcon.colcon_core.verb:set package 'point_to_point_nav' build argument 'cmake_args' from command line to 'None'
[0.180s] Level 5:colcon.colcon_core.verb:set package 'point_to_point_nav' build argument 'cmake_target' from command line to 'None'
[0.180s] Level 5:colcon.colcon_core.verb:set package 'point_to_point_nav' build argument 'cmake_target_skip_unavailable' from command line to 'False'
[0.180s] Level 5:colcon.colcon_core.verb:set package 'point_to_point_nav' build argument 'cmake_clean_cache' from command line to 'False'
[0.180s] Level 5:colcon.colcon_core.verb:set package 'point_to_point_nav' build argument 'cmake_clean_first' from command line to 'False'
[0.180s] Level 5:colcon.colcon_core.verb:set package 'point_to_point_nav' build argument 'cmake_force_configure' from command line to 'False'
[0.180s] Level 5:colcon.colcon_core.verb:set package 'point_to_point_nav' build argument 'ament_cmake_args' from command line to 'None'
[0.180s] Level 5:colcon.colcon_core.verb:set package 'point_to_point_nav' build argument 'catkin_cmake_args' from command line to 'None'
[0.180s] Level 5:colcon.colcon_core.verb:set package 'point_to_point_nav' build argument 'catkin_skip_building_tests' from command line to 'False'
[0.180s] DEBUG:colcon.colcon_core.verb:Building package 'point_to_point_nav' with the following arguments: {'ament_cmake_args': None, 'build_base': '/home/harshdev/Learning-ROS/basicbotws/build/point_to_point_nav', 'catkin_cmake_args': None, 'catkin_skip_building_tests': False, 'cmake_args': None, 'cmake_clean_cache': False, 'cmake_clean_first': False, 'cmake_force_configure': False, 'cmake_target': None, 'cmake_target_skip_unavailable': False, 'install_base': '/home/harshdev/Learning-ROS/basicbotws/install/point_to_point_nav', 'merge_install': False, 'path': '/home/harshdev/Learning-ROS/basicbotws/src/point_to_point_nav', 'symlink_install': False, 'test_result_base': None}
[0.180s] INFO:colcon.colcon_core.executor:Executing jobs using 'parallel' executor
[0.181s] DEBUG:colcon.colcon_parallel_executor.executor.parallel:run_until_complete
[0.181s] INFO:colcon.colcon_ros.task.ament_cmake.build:Building ROS package in '/home/harshdev/Learning-ROS/basicbotws/src/basicbot' with build type 'ament_cmake'
[0.181s] INFO:colcon.colcon_cmake.task.cmake.build:Building CMake package in '/home/harshdev/Learning-ROS/basicbotws/src/basicbot'
[0.183s] INFO:colcon.colcon_core.plugin_system:Skipping extension 'colcon_core.shell.bat': Not used on non-Windows systems
[0.183s] INFO:colcon.colcon_core.shell:Skip shell extension 'powershell' for command environment: Not usable outside of PowerShell
[0.183s] DEBUG:colcon.colcon_core.shell:Skip shell extension 'dsv' for command environment
[0.186s] INFO:colcon.colcon_ros.task.ament_python.build:Building ROS package in '/home/harshdev/Learning-ROS/basicbotws/src/joy_to_cmd_vel' with build type 'ament_python'
[0.186s] Level 1:colcon.colcon_core.shell:create_environment_hook('joy_to_cmd_vel', 'ament_prefix_path')
[0.186s] INFO:colcon.colcon_core.shell:Creating environment hook '/home/harshdev/Learning-ROS/basicbotws/install/joy_to_cmd_vel/share/joy_to_cmd_vel/hook/ament_prefix_path.ps1'
[0.187s] INFO:colcon.colcon_core.shell:Creating environment descriptor '/home/harshdev/Learning-ROS/basicbotws/install/joy_to_cmd_vel/share/joy_to_cmd_vel/hook/ament_prefix_path.dsv'
[0.187s] INFO:colcon.colcon_core.shell:Creating environment hook '/home/harshdev/Learning-ROS/basicbotws/install/joy_to_cmd_vel/share/joy_to_cmd_vel/hook/ament_prefix_path.sh'
[0.187s] INFO:colcon.colcon_core.shell:Skip shell extension 'powershell' for command environment: Not usable outside of PowerShell
[0.187s] DEBUG:colcon.colcon_core.shell:Skip shell extension 'dsv' for command environment
[0.189s] INFO:colcon.colcon_ros.task.ament_cmake.build:Building ROS package in '/home/harshdev/Learning-ROS/basicbotws/src/joy_to_cmdvel' with build type 'ament_cmake'
[0.189s] INFO:colcon.colcon_cmake.task.cmake.build:Building CMake package in '/home/harshdev/Learning-ROS/basicbotws/src/joy_to_cmdvel'
[0.189s] INFO:colcon.colcon_core.shell:Skip shell extension 'powershell' for command environment: Not usable outside of PowerShell
[0.189s] DEBUG:colcon.colcon_core.shell:Skip shell extension 'dsv' for command environment
[0.191s] INFO:colcon.colcon_ros.task.ament_python.build:Building ROS package in '/home/harshdev/Learning-ROS/basicbotws/src/point_to_point_nav' with build type 'ament_python'
[0.191s] Level 1:colcon.colcon_core.shell:create_environment_hook('point_to_point_nav', 'ament_prefix_path')
[0.191s] INFO:colcon.colcon_core.shell:Creating environment hook '/home/harshdev/Learning-ROS/basicbotws/install/point_to_point_nav/share/point_to_point_nav/hook/ament_prefix_path.ps1'
[0.192s] INFO:colcon.colcon_core.shell:Creating environment descriptor '/home/harshdev/Learning-ROS/basicbotws/install/point_to_point_nav/share/point_to_point_nav/hook/ament_prefix_path.dsv'
[0.192s] INFO:colcon.colcon_core.shell:Creating environment hook '/home/harshdev/Learning-ROS/basicbotws/install/point_to_point_nav/share/point_to_point_nav/hook/ament_prefix_path.sh'
[0.192s] INFO:colcon.colcon_core.shell:Skip shell extension 'powershell' for command environment: Not usable outside of PowerShell
[0.192s] DEBUG:colcon.colcon_core.shell:Skip shell extension 'dsv' for command environment
[0.199s] DEBUG:colcon.colcon_core.event_handler.log_command:Invoking command in '/home/harshdev/Learning-ROS/basicbotws/build/basicbot': CMAKE_PREFIX_PATH=${CMAKE_PREFIX_PATH}:/opt/ros/jazzy DEBUGINFOD_URLS=https://debuginfod.ubuntu.com /usr/bin/cmake --build /home/harshdev/Learning-ROS/basicbotws/build/basicbot -- -j12 -l12
[0.401s] INFO:colcon.colcon_core.task.python.build:Building Python package in '/home/harshdev/Learning-ROS/basicbotws/src/joy_to_cmd_vel'
[0.402s] INFO:colcon.colcon_core.shell:Skip shell extension 'powershell' for command environment: Not usable outside of PowerShell
[0.402s] DEBUG:colcon.colcon_core.shell:Skip shell extension 'dsv' for command environment
[0.405s] DEBUG:colcon.colcon_core.event_handler.log_command:Invoking command in '/home/harshdev/Learning-ROS/basicbotws/build/joy_to_cmdvel': CMAKE_PREFIX_PATH=${CMAKE_PREFIX_PATH}:/opt/ros/jazzy DEBUGINFOD_URLS=https://debuginfod.ubuntu.com /usr/bin/cmake --build /home/harshdev/Learning-ROS/basicbotws/build/joy_to_cmdvel -- -j12 -l12
[0.408s] DEBUG:colcon.colcon_core.event_handler.log_command:Invoked command in '/home/harshdev/Learning-ROS/basicbotws/build/basicbot' returned '0': CMAKE_PREFIX_PATH=${CMAKE_PREFIX_PATH}:/opt/ros/jazzy DEBUGINFOD_URLS=https://debuginfod.ubuntu.com /usr/bin/cmake --build /home/harshdev/Learning-ROS/basicbotws/build/basicbot -- -j12 -l12
[0.419s] DEBUG:colcon.colcon_core.event_handler.log_command:Invoking command in '/home/harshdev/Learning-ROS/basicbotws/build/basicbot': CMAKE_PREFIX_PATH=${CMAKE_PREFIX_PATH}:/opt/ros/jazzy DEBUGINFOD_URLS=https://debuginfod.ubuntu.com /usr/bin/cmake --install /home/harshdev/Learning-ROS/basicbotws/build/basicbot
[0.598s] INFO:colcon.colcon_core.task.python.build:Building Python package in '/home/harshdev/Learning-ROS/basicbotws/src/point_to_point_nav'
[0.599s] INFO:colcon.colcon_core.shell:Skip shell extension 'powershell' for command environment: Not usable outside of PowerShell
[0.599s] DEBUG:colcon.colcon_core.shell:Skip shell extension 'dsv' for command environment
[0.605s] Level 1:colcon.colcon_core.environment:create_environment_scripts_only(basicbot)
[0.605s] DEBUG:colcon.colcon_core.event_handler.log_command:Invoked command in '/home/harshdev/Learning-ROS/basicbotws/build/basicbot' returned '0': CMAKE_PREFIX_PATH=${CMAKE_PREFIX_PATH}:/opt/ros/jazzy DEBUGINFOD_URLS=https://debuginfod.ubuntu.com /usr/bin/cmake --install /home/harshdev/Learning-ROS/basicbotws/build/basicbot
[0.606s] Level 1:colcon.colcon_core.environment:checking '/home/harshdev/Learning-ROS/basicbotws/install/basicbot' for CMake module files
[0.607s] Level 1:colcon.colcon_core.environment:checking '/home/harshdev/Learning-ROS/basicbotws/install/basicbot' for CMake config files
[0.607s] Level 1:colcon.colcon_core.shell:create_environment_hook('basicbot', 'cmake_prefix_path')
[0.607s] INFO:colcon.colcon_core.shell:Creating environment hook '/home/harshdev/Learning-ROS/basicbotws/install/basicbot/share/basicbot/hook/cmake_prefix_path.ps1'
[0.607s] INFO:colcon.colcon_core.shell:Creating environment descriptor '/home/harshdev/Learning-ROS/basicbotws/install/basicbot/share/basicbot/hook/cmake_prefix_path.dsv'
[0.608s] INFO:colcon.colcon_core.shell:Creating environment hook '/home/harshdev/Learning-ROS/basicbotws/install/basicbot/share/basicbot/hook/cmake_prefix_path.sh'
[0.608s] Level 1:colcon.colcon_core.environment:checking '/home/harshdev/Learning-ROS/basicbotws/install/basicbot/bin'
[0.608s] Level 1:colcon.colcon_core.environment:checking '/home/harshdev/Learning-ROS/basicbotws/install/basicbot/lib/pkgconfig/basicbot.pc'
[0.608s] Level 1:colcon.colcon_core.environment:checking '/home/harshdev/Learning-ROS/basicbotws/install/basicbot/lib/python3.12/site-packages'
[0.608s] Level 1:colcon.colcon_core.environment:checking '/home/harshdev/Learning-ROS/basicbotws/install/basicbot/bin'
[0.609s] INFO:colcon.colcon_core.shell:Creating package script '/home/harshdev/Learning-ROS/basicbotws/install/basicbot/share/basicbot/package.ps1'
[0.609s] INFO:colcon.colcon_core.shell:Creating package descriptor '/home/harshdev/Learning-ROS/basicbotws/install/basicbot/share/basicbot/package.dsv'
[0.609s] INFO:colcon.colcon_core.shell:Creating package script '/home/harshdev/Learning-ROS/basicbotws/install/basicbot/share/basicbot/package.sh'
[0.610s] INFO:colcon.colcon_core.shell:Creating package script '/home/harshdev/Learning-ROS/basicbotws/install/basicbot/share/basicbot/package.bash'
[0.610s] INFO:colcon.colcon_core.shell:Creating package script '/home/harshdev/Learning-ROS/basicbotws/install/basicbot/share/basicbot/package.zsh'
[0.610s] Level 1:colcon.colcon_core.environment:create_file_with_runtime_dependencies(/home/harshdev/Learning-ROS/basicbotws/install/basicbot/share/colcon-core/packages/basicbot)
[0.611s] Level 1:colcon.colcon_core.environment:create_environment_scripts_only(basicbot)
[0.611s] Level 1:colcon.colcon_core.environment:checking '/home/harshdev/Learning-ROS/basicbotws/install/basicbot' for CMake module files
[0.611s] Level 1:colcon.colcon_core.environment:checking '/home/harshdev/Learning-ROS/basicbotws/install/basicbot' for CMake config files
[0.611s] Level 1:colcon.colcon_core.shell:create_environment_hook('basicbot', 'cmake_prefix_path')
[0.612s] INFO:colcon.colcon_core.shell:Creating environment hook '/home/harshdev/Learning-ROS/basicbotws/install/basicbot/share/basicbot/hook/cmake_prefix_path.ps1'
[0.612s] INFO:colcon.colcon_core.shell:Creating environment descriptor '/home/harshdev/Learning-ROS/basicbotws/install/basicbot/share/basicbot/hook/cmake_prefix_path.dsv'
[0.612s] INFO:colcon.colcon_core.shell:Creating environment hook '/home/harshdev/Learning-ROS/basicbotws/install/basicbot/share/basicbot/hook/cmake_prefix_path.sh'
[0.613s] Level 1:colcon.colcon_core.environment:checking '/home/harshdev/Learning-ROS/basicbotws/install/basicbot/bin'
[0.613s] Level 1:colcon.colcon_core.environment:checking '/home/harshdev/Learning-ROS/basicbotws/install/basicbot/lib/pkgconfig/basicbot.pc'
[0.613s] Level 1:colcon.colcon_core.environment:checking '/home/harshdev/Learning-ROS/basicbotws/install/basicbot/lib/python3.12/site-packages'
[0.613s] Level 1:colcon.colcon_core.environment:checking '/home/harshdev/Learning-ROS/basicbotws/install/basicbot/bin'
[0.613s] INFO:colcon.colcon_core.shell:Creating package script '/home/harshdev/Learning-ROS/basicbotws/install/basicbot/share/basicbot/package.ps1'
[0.614s] INFO:colcon.colcon_core.shell:Creating package descriptor '/home/harshdev/Learning-ROS/basicbotws/install/basicbot/share/basicbot/package.dsv'
[0.614s] INFO:colcon.colcon_core.shell:Creating package script '/home/harshdev/Learning-ROS/basicbotws/install/basicbot/share/basicbot/package.sh'
[0.615s] INFO:colcon.colcon_core.shell:Creating package script '/home/harshdev/Learning-ROS/basicbotws/install/basicbot/share/basicbot/package.bash'
[0.615s] INFO:colcon.colcon_core.shell:Creating package script '/home/harshdev/Learning-ROS/basicbotws/install/basicbot/share/basicbot/package.zsh'
[0.615s] Level 1:colcon.colcon_core.environment:create_file_with_runtime_dependencies(/home/harshdev/Learning-ROS/basicbotws/install/basicbot/share/colcon-core/packages/basicbot)
[0.616s] DEBUG:colcon.colcon_core.event_handler.log_command:Invoked command in '/home/harshdev/Learning-ROS/basicbotws/build/joy_to_cmdvel' returned '0': CMAKE_PREFIX_PATH=${CMAKE_PREFIX_PATH}:/opt/ros/jazzy DEBUGINFOD_URLS=https://debuginfod.ubuntu.com /usr/bin/cmake --build /home/harshdev/Learning-ROS/basicbotws/build/joy_to_cmdvel -- -j12 -l12
[0.617s] DEBUG:colcon.colcon_core.event_handler.log_command:Invoking command in '/home/harshdev/Learning-ROS/basicbotws/build/joy_to_cmdvel': CMAKE_PREFIX_PATH=${CMAKE_PREFIX_PATH}:/opt/ros/jazzy DEBUGINFOD_URLS=https://debuginfod.ubuntu.com /usr/bin/cmake --install /home/harshdev/Learning-ROS/basicbotws/build/joy_to_cmdvel
[0.628s] Level 1:colcon.colcon_core.environment:create_environment_scripts_only(joy_to_cmdvel)
[0.629s] Level 1:colcon.colcon_core.environment:checking '/home/harshdev/Learning-ROS/basicbotws/install/joy_to_cmdvel' for CMake module files
[0.629s] DEBUG:colcon.colcon_core.event_handler.log_command:Invoked command in '/home/harshdev/Learning-ROS/basicbotws/build/joy_to_cmdvel' returned '0': CMAKE_PREFIX_PATH=${CMAKE_PREFIX_PATH}:/opt/ros/jazzy DEBUGINFOD_URLS=https://debuginfod.ubuntu.com /usr/bin/cmake --install /home/harshdev/Learning-ROS/basicbotws/build/joy_to_cmdvel
[0.630s] Level 1:colcon.colcon_core.environment:checking '/home/harshdev/Learning-ROS/basicbotws/install/joy_to_cmdvel' for CMake config files
[0.630s] Level 1:colcon.colcon_core.shell:create_environment_hook('joy_to_cmdvel', 'cmake_prefix_path')
[0.630s] INFO:colcon.colcon_core.shell:Creating environment hook '/home/harshdev/Learning-ROS/basicbotws/install/joy_to_cmdvel/share/joy_to_cmdvel/hook/cmake_prefix_path.ps1'
[0.630s] INFO:colcon.colcon_core.shell:Creating environment descriptor '/home/harshdev/Learning-ROS/basicbotws/install/joy_to_cmdvel/share/joy_to_cmdvel/hook/cmake_prefix_path.dsv'
[0.631s] INFO:colcon.colcon_core.shell:Creating environment hook '/home/harshdev/Learning-ROS/basicbotws/install/joy_to_cmdvel/share/joy_to_cmdvel/hook/cmake_prefix_path.sh'
[0.631s] Level 1:colcon.colcon_core.environment:checking '/home/harshdev/Learning-ROS/basicbotws/install/joy_to_cmdvel/bin'
[0.632s] Level 1:colcon.colcon_core.environment:checking '/home/harshdev/Learning-ROS/basicbotws/install/joy_to_cmdvel/lib/pkgconfig/joy_to_cmdvel.pc'
[0.632s] Level 1:colcon.colcon_core.environment:checking '/home/harshdev/Learning-ROS/basicbotws/install/joy_to_cmdvel/lib/python3.12/site-packages'
[0.632s] Level 1:colcon.colcon_core.environment:checking '/home/harshdev/Learning-ROS/basicbotws/install/joy_to_cmdvel/bin'
[0.632s] INFO:colcon.colcon_core.shell:Creating package script '/home/harshdev/Learning-ROS/basicbotws/install/joy_to_cmdvel/share/joy_to_cmdvel/package.ps1'
[0.633s] INFO:colcon.colcon_core.shell:Creating package descriptor '/home/harshdev/Learning-ROS/basicbotws/install/joy_to_cmdvel/share/joy_to_cmdvel/package.dsv'
[0.633s] INFO:colcon.colcon_core.shell:Creating package script '/home/harshdev/Learning-ROS/basicbotws/install/joy_to_cmdvel/share/joy_to_cmdvel/package.sh'
[0.634s] INFO:colcon.colcon_core.shell:Creating package script '/home/harshdev/Learning-ROS/basicbotws/install/joy_to_cmdvel/share/joy_to_cmdvel/package.bash'
[0.634s] INFO:colcon.colcon_core.shell:Creating package script '/home/harshdev/Learning-ROS/basicbotws/install/joy_to_cmdvel/share/joy_to_cmdvel/package.zsh'
[0.634s] Level 1:colcon.colcon_core.environment:create_file_with_runtime_dependencies(/home/harshdev/Learning-ROS/basicbotws/install/joy_to_cmdvel/share/colcon-core/packages/joy_to_cmdvel)
[0.635s] Level 1:colcon.colcon_core.environment:create_environment_scripts_only(joy_to_cmdvel)
[0.635s] Level 1:colcon.colcon_core.environment:checking '/home/harshdev/Learning-ROS/basicbotws/install/joy_to_cmdvel' for CMake module files
[0.635s] Level 1:colcon.colcon_core.environment:checking '/home/harshdev/Learning-ROS/basicbotws/install/joy_to_cmdvel' for CMake config files
[0.636s] Level 1:colcon.colcon_core.shell:create_environment_hook('joy_to_cmdvel', 'cmake_prefix_path')
[0.636s] INFO:colcon.colcon_core.shell:Creating environment hook '/home/harshdev/Learning-ROS/basicbotws/install/joy_to_cmdvel/share/joy_to_cmdvel/hook/cmake_prefix_path.ps1'
[0.636s] INFO:colcon.colcon_core.shell:Creating environment descriptor '/home/harshdev/Learning-ROS/basicbotws/install/joy_to_cmdvel/share/joy_to_cmdvel/hook/cmake_prefix_path.dsv'
[0.637s] INFO:colcon.colcon_core.shell:Creating environment hook '/home/harshdev/Learning-ROS/basicbotws/install/joy_to_cmdvel/share/joy_to_cmdvel/hook/cmake_prefix_path.sh'
[0.637s] Level 1:colcon.colcon_core.environment:checking '/home/harshdev/Learning-ROS/basicbotws/install/joy_to_cmdvel/bin'
[0.637s] Level 1:colcon.colcon_core.environment:checking '/home/harshdev/Learning-ROS/basicbotws/install/joy_to_cmdvel/lib/pkgconfig/joy_to_cmdvel.pc'
[0.637s] Level 1:colcon.colcon_core.environment:checking '/home/harshdev/Learning-ROS/basicbotws/install/joy_to_cmdvel/lib/python3.12/site-packages'
[0.638s] Level 1:colcon.colcon_core.environment:checking '/home/harshdev/Learning-ROS/basicbotws/install/joy_to_cmdvel/bin'
[0.638s] INFO:colcon.colcon_core.shell:Creating package script '/home/harshdev/Learning-ROS/basicbotws/install/joy_to_cmdvel/share/joy_to_cmdvel/package.ps1'
[0.638s] INFO:colcon.colcon_core.shell:Creating package descriptor '/home/harshdev/Learning-ROS/basicbotws/install/joy_to_cmdvel/share/joy_to_cmdvel/package.dsv'
[0.639s] INFO:colcon.colcon_core.shell:Creating package script '/home/harshdev/Learning-ROS/basicbotws/install/joy_to_cmdvel/share/joy_to_cmdvel/package.sh'
[0.639s] INFO:colcon.colcon_core.shell:Creating package script '/home/harshdev/Learning-ROS/basicbotws/install/joy_to_cmdvel/share/joy_to_cmdvel/package.bash'
[0.640s] INFO:colcon.colcon_core.shell:Creating package script '/home/harshdev/Learning-ROS/basicbotws/install/joy_to_cmdvel/share/joy_to_cmdvel/package.zsh'
[0.640s] Level 1:colcon.colcon_core.environment:create_file_with_runtime_dependencies(/home/harshdev/Learning-ROS/basicbotws/install/joy_to_cmdvel/share/colcon-core/packages/joy_to_cmdvel)
[1.002s] DEBUG:colcon.colcon_core.event_handler.log_command:Invoking command in '/home/harshdev/Learning-ROS/basicbotws/src/joy_to_cmd_vel': DEBUGINFOD_URLS=https://debuginfod.ubuntu.com PYTHONPATH=/home/harshdev/Learning-ROS/basicbotws/build/joy_to_cmd_vel/prefix_override:/usr/lib/python3/dist-packages/colcon_core/task/python/colcon_distutils_commands:/home/harshdev/Learning-ROS/basicbotws/install/joy_to_cmd_vel/lib/python3.12/site-packages:${PYTHONPATH} /usr/bin/python3 -W ignore:setup.py install is deprecated -W ignore:easy_install command is deprecated setup.py egg_info --egg-base ../../build/joy_to_cmd_vel build --build-base /home/harshdev/Learning-ROS/basicbotws/build/joy_to_cmd_vel/build install --record /home/harshdev/Learning-ROS/basicbotws/build/joy_to_cmd_vel/install.log --single-version-externally-managed install_data
[1.029s] DEBUG:colcon.colcon_core.event_handler.log_command:Invoking command in '/home/harshdev/Learning-ROS/basicbotws/src/point_to_point_nav': DEBUGINFOD_URLS=https://debuginfod.ubuntu.com PYTHONPATH=/home/harshdev/Learning-ROS/basicbotws/build/point_to_point_nav/prefix_override:/usr/lib/python3/dist-packages/colcon_core/task/python/colcon_distutils_commands:/home/harshdev/Learning-ROS/basicbotws/install/point_to_point_nav/lib/python3.12/site-packages:${PYTHONPATH} /usr/bin/python3 -W ignore:setup.py install is deprecated -W ignore:easy_install command is deprecated setup.py egg_info --egg-base ../../build/point_to_point_nav build --build-base /home/harshdev/Learning-ROS/basicbotws/build/point_to_point_nav/build install --record /home/harshdev/Learning-ROS/basicbotws/build/point_to_point_nav/install.log --single-version-externally-managed install_data
[1.368s] Level 1:colcon.colcon_core.environment:checking '/home/harshdev/Learning-ROS/basicbotws/install/joy_to_cmd_vel' for CMake module files
[1.369s] Level 1:colcon.colcon_core.environment:checking '/home/harshdev/Learning-ROS/basicbotws/install/joy_to_cmd_vel' for CMake config files
[1.369s] DEBUG:colcon.colcon_core.event_handler.log_command:Invoked command in '/home/harshdev/Learning-ROS/basicbotws/src/joy_to_cmd_vel' returned '0': DEBUGINFOD_URLS=https://debuginfod.ubuntu.com PYTHONPATH=/home/harshdev/Learning-ROS/basicbotws/build/joy_to_cmd_vel/prefix_override:/usr/lib/python3/dist-packages/colcon_core/task/python/colcon_distutils_commands:/home/harshdev/Learning-ROS/basicbotws/install/joy_to_cmd_vel/lib/python3.12/site-packages:${PYTHONPATH} /usr/bin/python3 -W ignore:setup.py install is deprecated -W ignore:easy_install command is deprecated setup.py egg_info --egg-base ../../build/joy_to_cmd_vel build --build-base /home/harshdev/Learning-ROS/basicbotws/build/joy_to_cmd_vel/build install --record /home/harshdev/Learning-ROS/basicbotws/build/joy_to_cmd_vel/install.log --single-version-externally-managed install_data
[1.370s] Level 1:colcon.colcon_core.environment:checking '/home/harshdev/Learning-ROS/basicbotws/install/joy_to_cmd_vel/lib'
[1.370s] Level 1:colcon.colcon_core.environment:checking '/home/harshdev/Learning-ROS/basicbotws/install/joy_to_cmd_vel/bin'
[1.370s] Level 1:colcon.colcon_core.environment:checking '/home/harshdev/Learning-ROS/basicbotws/install/joy_to_cmd_vel/lib/pkgconfig/joy_to_cmd_vel.pc'
[1.370s] Level 1:colcon.colcon_core.environment:checking '/home/harshdev/Learning-ROS/basicbotws/install/joy_to_cmd_vel/lib/python3.12/site-packages'
[1.370s] Level 1:colcon.colcon_core.shell:create_environment_hook('joy_to_cmd_vel', 'pythonpath')
[1.370s] INFO:colcon.colcon_core.shell:Creating environment hook '/home/harshdev/Learning-ROS/basicbotws/install/joy_to_cmd_vel/share/joy_to_cmd_vel/hook/pythonpath.ps1'
[1.371s] INFO:colcon.colcon_core.shell:Creating environment descriptor '/home/harshdev/Learning-ROS/basicbotws/install/joy_to_cmd_vel/share/joy_to_cmd_vel/hook/pythonpath.dsv'
[1.371s] INFO:colcon.colcon_core.shell:Creating environment hook '/home/harshdev/Learning-ROS/basicbotws/install/joy_to_cmd_vel/share/joy_to_cmd_vel/hook/pythonpath.sh'
[1.372s] Level 1:colcon.colcon_core.environment:checking '/home/harshdev/Learning-ROS/basicbotws/install/joy_to_cmd_vel/bin'
[1.372s] Level 1:colcon.colcon_core.environment:create_environment_scripts_only(joy_to_cmd_vel)
[1.372s] INFO:colcon.colcon_core.shell:Creating package script '/home/harshdev/Learning-ROS/basicbotws/install/joy_to_cmd_vel/share/joy_to_cmd_vel/package.ps1'
[1.372s] INFO:colcon.colcon_core.shell:Creating package descriptor '/home/harshdev/Learning-ROS/basicbotws/install/joy_to_cmd_vel/share/joy_to_cmd_vel/package.dsv'
[1.373s] INFO:colcon.colcon_core.shell:Creating package script '/home/harshdev/Learning-ROS/basicbotws/install/joy_to_cmd_vel/share/joy_to_cmd_vel/package.sh'
[1.373s] INFO:colcon.colcon_core.shell:Creating package script '/home/harshdev/Learning-ROS/basicbotws/install/joy_to_cmd_vel/share/joy_to_cmd_vel/package.bash'
[1.373s] INFO:colcon.colcon_core.shell:Creating package script '/home/harshdev/Learning-ROS/basicbotws/install/joy_to_cmd_vel/share/joy_to_cmd_vel/package.zsh'
[1.373s] Level 1:colcon.colcon_core.environment:create_file_with_runtime_dependencies(/home/harshdev/Learning-ROS/basicbotws/install/joy_to_cmd_vel/share/colcon-core/packages/joy_to_cmd_vel)
[1.384s] Level 1:colcon.colcon_core.environment:checking '/home/harshdev/Learning-ROS/basicbotws/install/point_to_point_nav' for CMake module files
[1.384s] DEBUG:colcon.colcon_core.event_handler.log_command:Invoked command in '/home/harshdev/Learning-ROS/basicbotws/src/point_to_point_nav' returned '0': DEBUGINFOD_URLS=https://debuginfod.ubuntu.com PYTHONPATH=/home/harshdev/Learning-ROS/basicbotws/build/point_to_point_nav/prefix_override:/usr/lib/python3/dist-packages/colcon_core/task/python/colcon_distutils_commands:/home/harshdev/Learning-ROS/basicbotws/install/point_to_point_nav/lib/python3.12/site-packages:${PYTHONPATH} /usr/bin/python3 -W ignore:setup.py install is deprecated -W ignore:easy_install command is deprecated setup.py egg_info --egg-base ../../build/point_to_point_nav build --build-base /home/harshdev/Learning-ROS/basicbotws/build/point_to_point_nav/build install --record /home/harshdev/Learning-ROS/basicbotws/build/point_to_point_nav/install.log --single-version-externally-managed install_data
[1.384s] Level 1:colcon.colcon_core.environment:checking '/home/harshdev/Learning-ROS/basicbotws/install/point_to_point_nav' for CMake config files
[1.385s] Level 1:colcon.colcon_core.environment:checking '/home/harshdev/Learning-ROS/basicbotws/install/point_to_point_nav/lib'
[1.385s] Level 1:colcon.colcon_core.environment:checking '/home/harshdev/Learning-ROS/basicbotws/install/point_to_point_nav/bin'
[1.385s] Level 1:colcon.colcon_core.environment:checking '/home/harshdev/Learning-ROS/basicbotws/install/point_to_point_nav/lib/pkgconfig/point_to_point_nav.pc'
[1.385s] Level 1:colcon.colcon_core.environment:checking '/home/harshdev/Learning-ROS/basicbotws/install/point_to_point_nav/lib/python3.12/site-packages'
[1.385s] Level 1:colcon.colcon_core.shell:create_environment_hook('point_to_point_nav', 'pythonpath')
[1.385s] INFO:colcon.colcon_core.shell:Creating environment hook '/home/harshdev/Learning-ROS/basicbotws/install/point_to_point_nav/share/point_to_point_nav/hook/pythonpath.ps1'
[1.386s] INFO:colcon.colcon_core.shell:Creating environment descriptor '/home/harshdev/Learning-ROS/basicbotws/install/point_to_point_nav/share/point_to_point_nav/hook/pythonpath.dsv'
[1.386s] INFO:colcon.colcon_core.shell:Creating environment hook '/home/harshdev/Learning-ROS/basicbotws/install/point_to_point_nav/share/point_to_point_nav/hook/pythonpath.sh'
[1.386s] Level 1:colcon.colcon_core.environment:checking '/home/harshdev/Learning-ROS/basicbotws/install/point_to_point_nav/bin'
[1.386s] Level 1:colcon.colcon_core.environment:create_environment_scripts_only(point_to_point_nav)
[1.386s] INFO:colcon.colcon_core.shell:Creating package script '/home/harshdev/Learning-ROS/basicbotws/install/point_to_point_nav/share/point_to_point_nav/package.ps1'
[1.387s] INFO:colcon.colcon_core.shell:Creating package descriptor '/home/harshdev/Learning-ROS/basicbotws/install/point_to_point_nav/share/point_to_point_nav/package.dsv'
[1.387s] INFO:colcon.colcon_core.shell:Creating package script '/home/harshdev/Learning-ROS/basicbotws/install/point_to_point_nav/share/point_to_point_nav/package.sh'
[1.387s] INFO:colcon.colcon_core.shell:Creating package script '/home/harshdev/Learning-ROS/basicbotws/install/point_to_point_nav/share/point_to_point_nav/package.bash'
[1.387s] INFO:colcon.colcon_core.shell:Creating package script '/home/harshdev/Learning-ROS/basicbotws/install/point_to_point_nav/share/point_to_point_nav/package.zsh'
[1.388s] Level 1:colcon.colcon_core.environment:create_file_with_runtime_dependencies(/home/harshdev/Learning-ROS/basicbotws/install/point_to_point_nav/share/colcon-core/packages/point_to_point_nav)
[1.388s] DEBUG:colcon.colcon_parallel_executor.executor.parallel:closing loop
[1.388s] DEBUG:colcon.colcon_parallel_executor.executor.parallel:loop closed
[1.388s] DEBUG:colcon.colcon_parallel_executor.executor.parallel:run_until_complete finished with '0'
[1.388s] DEBUG:colcon.colcon_core.event_reactor:joining thread
[1.394s] INFO:colcon.colcon_core.plugin_system:Skipping extension 'colcon_notification.desktop_notification.terminal_notifier': Not used on non-Darwin systems
[1.394s] INFO:colcon.colcon_core.plugin_system:Skipping extension 'colcon_notification.desktop_notification.win32': Not used on non-Windows systems
[1.394s] INFO:colcon.colcon_notification.desktop_notification:Sending desktop notification using 'notify2'
[1.403s] DEBUG:colcon.colcon_core.event_reactor:joined thread
[1.404s] INFO:colcon.colcon_core.shell:Creating prefix script '/home/harshdev/Learning-ROS/basicbotws/install/local_setup.ps1'
[1.404s] INFO:colcon.colcon_core.shell:Creating prefix util module '/home/harshdev/Learning-ROS/basicbotws/install/_local_setup_util_ps1.py'
[1.405s] INFO:colcon.colcon_core.shell:Creating prefix chain script '/home/harshdev/Learning-ROS/basicbotws/install/setup.ps1'
[1.405s] INFO:colcon.colcon_core.shell:Creating prefix script '/home/harshdev/Learning-ROS/basicbotws/install/local_setup.sh'
[1.405s] INFO:colcon.colcon_core.shell:Creating prefix util module '/home/harshdev/Learning-ROS/basicbotws/install/_local_setup_util_sh.py'
[1.406s] INFO:colcon.colcon_core.shell:Creating prefix chain script '/home/harshdev/Learning-ROS/basicbotws/install/setup.sh'
[1.406s] INFO:colcon.colcon_core.shell:Creating prefix script '/home/harshdev/Learning-ROS/basicbotws/install/local_setup.bash'
[1.407s] INFO:colcon.colcon_core.shell:Creating prefix chain script '/home/harshdev/Learning-ROS/basicbotws/install/setup.bash'
[1.422s] INFO:colcon.colcon_core.shell:Creating prefix script '/home/harshdev/Learning-ROS/basicbotws/install/local_setup.zsh'
[1.423s] INFO:colcon.colcon_core.shell:Creating prefix chain script '/home/harshdev/Learning-ROS/basicbotws/install/setup.zsh'
