[0.018s] Invoking command in '/home/harshdev/Documents/harsh/Learning-ROS/bumperbot/src/build/bumperbot_description': CMAKE_PREFIX_PATH=${CMAKE_PREFIX_PATH}:/opt/ros/jazzy DEBUGINFOD_URLS=https://debuginfod.ubuntu.com /usr/bin/cmake /home/harshdev/Documents/harsh/Learning-ROS/bumperbot/src/bumperbot_description -DCMAKE_INSTALL_PREFIX=/home/harshdev/Documents/harsh/Learning-ROS/bumperbot/src/install/bumperbot_description
[0.182s] -- The C compiler identification is GNU 13.3.0
[0.270s] -- The CXX compiler identification is GNU 13.3.0
[0.289s] -- Detecting C compiler ABI info
[0.455s] -- Detecting C compiler ABI info - done
[0.471s] -- Check for working C compiler: /usr/bin/cc - skipped
[0.472s] -- Detecting C compile features
[0.472s] -- Detecting C compile features - done
[0.483s] -- Detecting CXX compiler ABI info
[0.594s] -- Detecting CXX compiler ABI info - done
[0.607s] -- Check for working CXX compiler: /usr/bin/c++ - skipped
[0.607s] -- Detecting CXX compile features
[0.607s] -- Detecting CXX compile features - done
[0.610s] -- Found ament_cmake: 2.5.3 (/opt/ros/jazzy/share/ament_cmake/cmake)
[0.753s] -- Found Python3: /usr/bin/python3 (found version "3.12.3") found components: Interpreter 
[0.909s] -- Found ament_lint_auto: 0.17.1 (/opt/ros/jazzy/share/ament_lint_auto/cmake)
[1.013s] -- Added test 'flake8' to check Python code syntax and style conventions
[1.014s] -- Configured 'flake8' exclude dirs and/or files: 
[1.015s] -- Added test 'lint_cmake' to check CMake code style
[1.015s] -- Added test 'pep257' to check Python code against some of the docstring style conventions in PEP 257
[1.016s] -- Added test 'xmllint' to check XML markup files
[1.017s] -- Configuring done (1.0s)
[1.020s] -- Generating done (0.0s)
[1.021s] -- Build files have been written to: /home/harshdev/Documents/harsh/Learning-ROS/bumperbot/src/build/bumperbot_description
[1.028s] Invoked command in '/home/harshdev/Documents/harsh/Learning-ROS/bumperbot/src/build/bumperbot_description' returned '0': CMAKE_PREFIX_PATH=${CMAKE_PREFIX_PATH}:/opt/ros/jazzy DEBUGINFOD_URLS=https://debuginfod.ubuntu.com /usr/bin/cmake /home/harshdev/Documents/harsh/Learning-ROS/bumperbot/src/bumperbot_description -DCMAKE_INSTALL_PREFIX=/home/harshdev/Documents/harsh/Learning-ROS/bumperbot/src/install/bumperbot_description
[1.029s] Invoking command in '/home/harshdev/Documents/harsh/Learning-ROS/bumperbot/src/build/bumperbot_description': CMAKE_PREFIX_PATH=${CMAKE_PREFIX_PATH}:/opt/ros/jazzy DEBUGINFOD_URLS=https://debuginfod.ubuntu.com /usr/bin/cmake --build /home/harshdev/Documents/harsh/Learning-ROS/bumperbot/src/build/bumperbot_description -- -j12 -l12
[1.076s] Invoked command in '/home/harshdev/Documents/harsh/Learning-ROS/bumperbot/src/build/bumperbot_description' returned '0': CMAKE_PREFIX_PATH=${CMAKE_PREFIX_PATH}:/opt/ros/jazzy DEBUGINFOD_URLS=https://debuginfod.ubuntu.com /usr/bin/cmake --build /home/harshdev/Documents/harsh/Learning-ROS/bumperbot/src/build/bumperbot_description -- -j12 -l12
[1.079s] Invoking command in '/home/harshdev/Documents/harsh/Learning-ROS/bumperbot/src/build/bumperbot_description': CMAKE_PREFIX_PATH=${CMAKE_PREFIX_PATH}:/opt/ros/jazzy DEBUGINFOD_URLS=https://debuginfod.ubuntu.com /usr/bin/cmake --install /home/harshdev/Documents/harsh/Learning-ROS/bumperbot/src/build/bumperbot_description
[1.102s] -- Install configuration: ""
[1.103s] -- Installing: /home/harshdev/Documents/harsh/Learning-ROS/bumperbot/src/install/bumperbot_description/share/bumperbot_description/meshes
[1.103s] -- Installing: /home/harshdev/Documents/harsh/Learning-ROS/bumperbot/src/install/bumperbot_description/share/bumperbot_description/meshes/base_link.STL
[1.139s] -- Installing: /home/harshdev/Documents/harsh/Learning-ROS/bumperbot/src/install/bumperbot_description/share/bumperbot_description/meshes/caster_front_link.STL
[1.140s] -- Installing: /home/harshdev/Documents/harsh/Learning-ROS/bumperbot/src/install/bumperbot_description/share/bumperbot_description/meshes/imu_link.STL
[1.142s] -- Installing: /home/harshdev/Documents/harsh/Learning-ROS/bumperbot/src/install/bumperbot_description/share/bumperbot_description/meshes/caster_rear_link.STL
[1.143s] -- Installing: /home/harshdev/Documents/harsh/Learning-ROS/bumperbot/src/install/bumperbot_description/share/bumperbot_description/meshes/wheel_left_link.STL
[1.146s] -- Installing: /home/harshdev/Documents/harsh/Learning-ROS/bumperbot/src/install/bumperbot_description/share/bumperbot_description/meshes/wheel_right_link.STL
[1.149s] -- Installing: /home/harshdev/Documents/harsh/Learning-ROS/bumperbot/src/install/bumperbot_description/share/bumperbot_description/urdf
[1.149s] -- Installing: /home/harshdev/Documents/harsh/Learning-ROS/bumperbot/src/install/bumperbot_description/share/bumperbot_description/urdf/bumperbot_ros2_control.xacro
[1.149s] -- Installing: /home/harshdev/Documents/harsh/Learning-ROS/bumperbot/src/install/bumperbot_description/share/bumperbot_description/urdf/alfred.urdf.xacro
[1.150s] -- Installing: /home/harshdev/Documents/harsh/Learning-ROS/bumperbot/src/install/bumperbot_description/share/bumperbot_description/urdf/bumperbot.urdf.xacro
[1.150s] -- Installing: /home/harshdev/Documents/harsh/Learning-ROS/bumperbot/src/install/bumperbot_description/share/bumperbot_description/urdf/bumperbot_gazebo.xacro
[1.151s] -- Installing: /home/harshdev/Documents/harsh/Learning-ROS/bumperbot/src/install/bumperbot_description/share/bumperbot_description/launch
[1.151s] -- Installing: /home/harshdev/Documents/harsh/Learning-ROS/bumperbot/src/install/bumperbot_description/share/bumperbot_description/launch/display.launch.py
[1.151s] -- Installing: /home/harshdev/Documents/harsh/Learning-ROS/bumperbot/src/install/bumperbot_description/share/bumperbot_description/launch/gazebo.launch.py
[1.152s] -- Installing: /home/harshdev/Documents/harsh/Learning-ROS/bumperbot/src/install/bumperbot_description/share/bumperbot_description/rviz
[1.152s] -- Installing: /home/harshdev/Documents/harsh/Learning-ROS/bumperbot/src/install/bumperbot_description/share/bumperbot_description/rviz/display.rviz
[1.152s] -- Installing: /home/harshdev/Documents/harsh/Learning-ROS/bumperbot/src/install/bumperbot_description/share/ament_index/resource_index/package_run_dependencies/bumperbot_description
[1.152s] -- Installing: /home/harshdev/Documents/harsh/Learning-ROS/bumperbot/src/install/bumperbot_description/share/ament_index/resource_index/parent_prefix_path/bumperbot_description
[1.152s] -- Installing: /home/harshdev/Documents/harsh/Learning-ROS/bumperbot/src/install/bumperbot_description/share/bumperbot_description/environment/ament_prefix_path.sh
[1.153s] -- Installing: /home/harshdev/Documents/harsh/Learning-ROS/bumperbot/src/install/bumperbot_description/share/bumperbot_description/environment/ament_prefix_path.dsv
[1.153s] -- Installing: /home/harshdev/Documents/harsh/Learning-ROS/bumperbot/src/install/bumperbot_description/share/bumperbot_description/environment/path.sh
[1.153s] -- Installing: /home/harshdev/Documents/harsh/Learning-ROS/bumperbot/src/install/bumperbot_description/share/bumperbot_description/environment/path.dsv
[1.153s] -- Installing: /home/harshdev/Documents/harsh/Learning-ROS/bumperbot/src/install/bumperbot_description/share/bumperbot_description/local_setup.bash
[1.154s] -- Installing: /home/harshdev/Documents/harsh/Learning-ROS/bumperbot/src/install/bumperbot_description/share/bumperbot_description/local_setup.sh
[1.154s] -- Installing: /home/harshdev/Documents/harsh/Learning-ROS/bumperbot/src/install/bumperbot_description/share/bumperbot_description/local_setup.zsh
[1.154s] -- Installing: /home/harshdev/Documents/harsh/Learning-ROS/bumperbot/src/install/bumperbot_description/share/bumperbot_description/local_setup.dsv
[1.154s] -- Installing: /home/harshdev/Documents/harsh/Learning-ROS/bumperbot/src/install/bumperbot_description/share/bumperbot_description/package.dsv
[1.154s] -- Installing: /home/harshdev/Documents/harsh/Learning-ROS/bumperbot/src/install/bumperbot_description/share/ament_index/resource_index/packages/bumperbot_description
[1.155s] -- Installing: /home/harshdev/Documents/harsh/Learning-ROS/bumperbot/src/install/bumperbot_description/share/bumperbot_description/cmake/bumperbot_descriptionConfig.cmake
[1.155s] -- Installing: /home/harshdev/Documents/harsh/Learning-ROS/bumperbot/src/install/bumperbot_description/share/bumperbot_description/cmake/bumperbot_descriptionConfig-version.cmake
[1.155s] -- Installing: /home/harshdev/Documents/harsh/Learning-ROS/bumperbot/src/install/bumperbot_description/share/bumperbot_description/package.xml
[1.157s] Invoked command in '/home/harshdev/Documents/harsh/Learning-ROS/bumperbot/src/build/bumperbot_description' returned '0': CMAKE_PREFIX_PATH=${CMAKE_PREFIX_PATH}:/opt/ros/jazzy DEBUGINFOD_URLS=https://debuginfod.ubuntu.com /usr/bin/cmake --install /home/harshdev/Documents/harsh/Learning-ROS/bumperbot/src/build/bumperbot_description
