[0.981s] Invoking command in '/home/harshdev/Documents/harsh/Learning-ROS/bumperbot/src/bumperbot_package_py': DEBUGINFOD_URLS=https://debuginfod.ubuntu.com PYTHONPATH=/home/harshdev/Documents/harsh/Learning-ROS/build/bumperbot_package_py/prefix_override:/usr/lib/python3/dist-packages/colcon_core/task/python/colcon_distutils_commands:/home/harshdev/Documents/harsh/Learning-ROS/install/bumperbot_package_py/lib/python3.12/site-packages:${PYTHONPATH} /usr/bin/python3 -W ignore:setup.py install is deprecated -W ignore:easy_install command is deprecated setup.py egg_info --egg-base ../../../build/bumperbot_package_py build --build-base /home/harshdev/Documents/harsh/Learning-ROS/build/bumperbot_package_py/build install --record /home/harshdev/Documents/harsh/Learning-ROS/build/bumperbot_package_py/install.log --single-version-externally-managed install_data
[1.281s] running egg_info
[1.282s] creating ../../../build/bumperbot_package_py/bumperbot_package_py.egg-info
[1.303s] writing ../../../build/bumperbot_package_py/bumperbot_package_py.egg-info/PKG-INFO
[1.303s] writing dependency_links to ../../../build/bumperbot_package_py/bumperbot_package_py.egg-info/dependency_links.txt
[1.303s] writing entry points to ../../../build/bumperbot_package_py/bumperbot_package_py.egg-info/entry_points.txt
[1.303s] writing requirements to ../../../build/bumperbot_package_py/bumperbot_package_py.egg-info/requires.txt
[1.303s] writing top-level names to ../../../build/bumperbot_package_py/bumperbot_package_py.egg-info/top_level.txt
[1.304s] writing manifest file '../../../build/bumperbot_package_py/bumperbot_package_py.egg-info/SOURCES.txt'
[1.344s] reading manifest file '../../../build/bumperbot_package_py/bumperbot_package_py.egg-info/SOURCES.txt'
[1.345s] writing manifest file '../../../build/bumperbot_package_py/bumperbot_package_py.egg-info/SOURCES.txt'
[1.346s] running build
[1.346s] running build_py
[1.346s] creating /home/harshdev/Documents/harsh/Learning-ROS/build/bumperbot_package_py/build
[1.346s] creating /home/harshdev/Documents/harsh/Learning-ROS/build/bumperbot_package_py/build/lib
[1.346s] creating /home/harshdev/Documents/harsh/Learning-ROS/build/bumperbot_package_py/build/lib/bumperbot_package_py
[1.346s] copying bumperbot_package_py/__init__.py -> /home/harshdev/Documents/harsh/Learning-ROS/build/bumperbot_package_py/build/lib/bumperbot_package_py
[1.346s] copying bumperbot_package_py/publisher.py -> /home/harshdev/Documents/harsh/Learning-ROS/build/bumperbot_package_py/build/lib/bumperbot_package_py
[1.347s] copying bumperbot_package_py/subscriber.py -> /home/harshdev/Documents/harsh/Learning-ROS/build/bumperbot_package_py/build/lib/bumperbot_package_py
[1.347s] running install
[1.354s] running install_lib
[1.374s] creating /home/harshdev/Documents/harsh/Learning-ROS/install/bumperbot_package_py/lib/python3.12/site-packages/bumperbot_package_py
[1.374s] copying /home/harshdev/Documents/harsh/Learning-ROS/build/bumperbot_package_py/build/lib/bumperbot_package_py/__init__.py -> /home/harshdev/Documents/harsh/Learning-ROS/install/bumperbot_package_py/lib/python3.12/site-packages/bumperbot_package_py
[1.375s] copying /home/harshdev/Documents/harsh/Learning-ROS/build/bumperbot_package_py/build/lib/bumperbot_package_py/publisher.py -> /home/harshdev/Documents/harsh/Learning-ROS/install/bumperbot_package_py/lib/python3.12/site-packages/bumperbot_package_py
[1.375s] copying /home/harshdev/Documents/harsh/Learning-ROS/build/bumperbot_package_py/build/lib/bumperbot_package_py/subscriber.py -> /home/harshdev/Documents/harsh/Learning-ROS/install/bumperbot_package_py/lib/python3.12/site-packages/bumperbot_package_py
[1.375s] byte-compiling /home/harshdev/Documents/harsh/Learning-ROS/install/bumperbot_package_py/lib/python3.12/site-packages/bumperbot_package_py/__init__.py to __init__.cpython-312.pyc
[1.375s] byte-compiling /home/harshdev/Documents/harsh/Learning-ROS/install/bumperbot_package_py/lib/python3.12/site-packages/bumperbot_package_py/publisher.py to publisher.cpython-312.pyc
[1.376s] byte-compiling /home/harshdev/Documents/harsh/Learning-ROS/install/bumperbot_package_py/lib/python3.12/site-packages/bumperbot_package_py/subscriber.py to subscriber.cpython-312.pyc
[1.376s] running install_data
[1.376s] creating /home/harshdev/Documents/harsh/Learning-ROS/install/bumperbot_package_py/share/ament_index
[1.376s] creating /home/harshdev/Documents/harsh/Learning-ROS/install/bumperbot_package_py/share/ament_index/resource_index
[1.377s] creating /home/harshdev/Documents/harsh/Learning-ROS/install/bumperbot_package_py/share/ament_index/resource_index/packages
[1.377s] copying resource/bumperbot_package_py -> /home/harshdev/Documents/harsh/Learning-ROS/install/bumperbot_package_py/share/ament_index/resource_index/packages
[1.377s] copying package.xml -> /home/harshdev/Documents/harsh/Learning-ROS/install/bumperbot_package_py/share/bumperbot_package_py
[1.377s] running install_egg_info
[1.398s] Copying ../../../build/bumperbot_package_py/bumperbot_package_py.egg-info to /home/harshdev/Documents/harsh/Learning-ROS/install/bumperbot_package_py/lib/python3.12/site-packages/bumperbot_package_py-0.0.0-py3.12.egg-info
[1.399s] running install_scripts
[1.543s] Installing publisher script to /home/harshdev/Documents/harsh/Learning-ROS/install/bumperbot_package_py/lib/bumperbot_package_py
[1.543s] writing list of installed files to '/home/harshdev/Documents/harsh/Learning-ROS/build/bumperbot_package_py/install.log'
[1.577s] Invoked command in '/home/harshdev/Documents/harsh/Learning-ROS/bumperbot/src/bumperbot_package_py' returned '0': DEBUGINFOD_URLS=https://debuginfod.ubuntu.com PYTHONPATH=/home/harshdev/Documents/harsh/Learning-ROS/build/bumperbot_package_py/prefix_override:/usr/lib/python3/dist-packages/colcon_core/task/python/colcon_distutils_commands:/home/harshdev/Documents/harsh/Learning-ROS/install/bumperbot_package_py/lib/python3.12/site-packages:${PYTHONPATH} /usr/bin/python3 -W ignore:setup.py install is deprecated -W ignore:easy_install command is deprecated setup.py egg_info --egg-base ../../../build/bumperbot_package_py build --build-base /home/harshdev/Documents/harsh/Learning-ROS/build/bumperbot_package_py/build install --record /home/harshdev/Documents/harsh/Learning-ROS/build/bumperbot_package_py/install.log --single-version-externally-managed install_data
