[0.981s] Invoking command in '/home/harshdev/Documents/harsh/Learning-ROS/bumperbot/src/bumperbot_package_py': DEBUGINFOD_URLS=https://debuginfod.ubuntu.com PYTHONPATH=/home/harshdev/Documents/harsh/Learning-ROS/build/bumperbot_package_py/prefix_override:/usr/lib/python3/dist-packages/colcon_core/task/python/colcon_distutils_commands:/home/harshdev/Documents/harsh/Learning-ROS/install/bumperbot_package_py/lib/python3.12/site-packages:${PYTHONPATH} /usr/bin/python3 -W ignore:setup.py install is deprecated -W ignore:easy_install command is deprecated setup.py egg_info --egg-base ../../../build/bumperbot_package_py build --build-base /home/harshdev/Documents/harsh/Learning-ROS/build/bumperbot_package_py/build install --record /home/harshdev/Documents/harsh/Learning-ROS/build/bumperbot_package_py/install.log --single-version-externally-managed install_data
[1.281s] running egg_info
[1.302s] writing ../../../build/bumperbot_package_py/bumperbot_package_py.egg-info/PKG-INFO
[1.302s] writing dependency_links to ../../../build/bumperbot_package_py/bumperbot_package_py.egg-info/dependency_links.txt
[1.303s] writing entry points to ../../../build/bumperbot_package_py/bumperbot_package_py.egg-info/entry_points.txt
[1.303s] writing requirements to ../../../build/bumperbot_package_py/bumperbot_package_py.egg-info/requires.txt
[1.303s] writing top-level names to ../../../build/bumperbot_package_py/bumperbot_package_py.egg-info/top_level.txt
[1.346s] reading manifest file '../../../build/bumperbot_package_py/bumperbot_package_py.egg-info/SOURCES.txt'
[1.346s] writing manifest file '../../../build/bumperbot_package_py/bumperbot_package_py.egg-info/SOURCES.txt'
[1.347s] running build
[1.347s] running build_py
[1.347s] copying bumperbot_package_py/parameters.py -> /home/harshdev/Documents/harsh/Learning-ROS/build/bumperbot_package_py/build/lib/bumperbot_package_py
[1.347s] running install
[1.354s] running install_lib
[1.375s] copying /home/harshdev/Documents/harsh/Learning-ROS/build/bumperbot_package_py/build/lib/bumperbot_package_py/parameters.py -> /home/harshdev/Documents/harsh/Learning-ROS/install/bumperbot_package_py/lib/python3.12/site-packages/bumperbot_package_py
[1.376s] byte-compiling /home/harshdev/Documents/harsh/Learning-ROS/install/bumperbot_package_py/lib/python3.12/site-packages/bumperbot_package_py/parameters.py to parameters.cpython-312.pyc
[1.377s] running install_data
[1.377s] running install_egg_info
[1.400s] removing '/home/harshdev/Documents/harsh/Learning-ROS/install/bumperbot_package_py/lib/python3.12/site-packages/bumperbot_package_py-0.0.0-py3.12.egg-info' (and everything under it)
[1.400s] Copying ../../../build/bumperbot_package_py/bumperbot_package_py.egg-info to /home/harshdev/Documents/harsh/Learning-ROS/install/bumperbot_package_py/lib/python3.12/site-packages/bumperbot_package_py-0.0.0-py3.12.egg-info
[1.401s] running install_scripts
[1.545s] Installing parameters script to /home/harshdev/Documents/harsh/Learning-ROS/install/bumperbot_package_py/lib/bumperbot_package_py
[1.545s] Installing publisher script to /home/harshdev/Documents/harsh/Learning-ROS/install/bumperbot_package_py/lib/bumperbot_package_py
[1.545s] Installing subscriber script to /home/harshdev/Documents/harsh/Learning-ROS/install/bumperbot_package_py/lib/bumperbot_package_py
[1.546s] writing list of installed files to '/home/harshdev/Documents/harsh/Learning-ROS/build/bumperbot_package_py/install.log'
[1.579s] Invoked command in '/home/harshdev/Documents/harsh/Learning-ROS/bumperbot/src/bumperbot_package_py' returned '0': DEBUGINFOD_URLS=https://debuginfod.ubuntu.com PYTHONPATH=/home/harshdev/Documents/harsh/Learning-ROS/build/bumperbot_package_py/prefix_override:/usr/lib/python3/dist-packages/colcon_core/task/python/colcon_distutils_commands:/home/harshdev/Documents/harsh/Learning-ROS/install/bumperbot_package_py/lib/python3.12/site-packages:${PYTHONPATH} /usr/bin/python3 -W ignore:setup.py install is deprecated -W ignore:easy_install command is deprecated setup.py egg_info --egg-base ../../../build/bumperbot_package_py build --build-base /home/harshdev/Documents/harsh/Learning-ROS/build/bumperbot_package_py/build install --record /home/harshdev/Documents/harsh/Learning-ROS/build/bumperbot_package_py/install.log --single-version-externally-managed install_data
