[1.000s] Invoking command in '/home/harshdev/Learning-ROS/joy_to_cmd_vel': DEBUGINFOD_URLS=https://debuginfod.ubuntu.com PYTHONPATH=/home/harshdev/Learning-ROS/build/joy_to_cmd_vel/prefix_override:/usr/lib/python3/dist-packages/colcon_core/task/python/colcon_distutils_commands:/home/harshdev/Learning-ROS/install/joy_to_cmd_vel/lib/python3.12/site-packages:${PYTHONPATH} /usr/bin/python3 -W ignore:setup.py install is deprecated -W ignore:easy_install command is deprecated setup.py egg_info --egg-base ../build/joy_to_cmd_vel build --build-base /home/harshdev/Learning-ROS/build/joy_to_cmd_vel/build install --record /home/harshdev/Learning-ROS/build/joy_to_cmd_vel/install.log --single-version-externally-managed install_data
[1.180s] running egg_info
[1.193s] writing ../build/joy_to_cmd_vel/joy_to_cmd_vel.egg-info/PKG-INFO
[1.193s] writing dependency_links to ../build/joy_to_cmd_vel/joy_to_cmd_vel.egg-info/dependency_links.txt
[1.193s] writing entry points to ../build/joy_to_cmd_vel/joy_to_cmd_vel.egg-info/entry_points.txt
[1.193s] writing requirements to ../build/joy_to_cmd_vel/joy_to_cmd_vel.egg-info/requires.txt
[1.193s] writing top-level names to ../build/joy_to_cmd_vel/joy_to_cmd_vel.egg-info/top_level.txt
[1.228s] reading manifest file '../build/joy_to_cmd_vel/joy_to_cmd_vel.egg-info/SOURCES.txt'
[1.229s] writing manifest file '../build/joy_to_cmd_vel/joy_to_cmd_vel.egg-info/SOURCES.txt'
[1.229s] running build
[1.229s] running build_py
[1.229s] running install
[1.234s] running install_lib
[1.247s] running install_data
[1.247s] running install_egg_info
[1.262s] removing '/home/harshdev/Learning-ROS/install/joy_to_cmd_vel/lib/python3.12/site-packages/joy_to_cmd_vel-0.0.0-py3.12.egg-info' (and everything under it)
[1.262s] Copying ../build/joy_to_cmd_vel/joy_to_cmd_vel.egg-info to /home/harshdev/Learning-ROS/install/joy_to_cmd_vel/lib/python3.12/site-packages/joy_to_cmd_vel-0.0.0-py3.12.egg-info
[1.263s] running install_scripts
[1.351s] Installing joy_to_cmd_vel script to /home/harshdev/Learning-ROS/install/joy_to_cmd_vel/lib/joy_to_cmd_vel
[1.352s] writing list of installed files to '/home/harshdev/Learning-ROS/build/joy_to_cmd_vel/install.log'
[1.381s] Invoked command in '/home/harshdev/Learning-ROS/joy_to_cmd_vel' returned '0': DEBUGINFOD_URLS=https://debuginfod.ubuntu.com PYTHONPATH=/home/harshdev/Learning-ROS/build/joy_to_cmd_vel/prefix_override:/usr/lib/python3/dist-packages/colcon_core/task/python/colcon_distutils_commands:/home/harshdev/Learning-ROS/install/joy_to_cmd_vel/lib/python3.12/site-packages:${PYTHONPATH} /usr/bin/python3 -W ignore:setup.py install is deprecated -W ignore:easy_install command is deprecated setup.py egg_info --egg-base ../build/joy_to_cmd_vel build --build-base /home/harshdev/Learning-ROS/build/joy_to_cmd_vel/build install --record /home/harshdev/Learning-ROS/build/joy_to_cmd_vel/install.log --single-version-externally-managed install_data
