running egg_info
creating ../../build/point_to_point_nav/point_to_point_nav.egg-info
writing ../../build/point_to_point_nav/point_to_point_nav.egg-info/PKG-INFO
writing dependency_links to ../../build/point_to_point_nav/point_to_point_nav.egg-info/dependency_links.txt
writing requirements to ../../build/point_to_point_nav/point_to_point_nav.egg-info/requires.txt
writing top-level names to ../../build/point_to_point_nav/point_to_point_nav.egg-info/top_level.txt
writing manifest file '../../build/point_to_point_nav/point_to_point_nav.egg-info/SOURCES.txt'
reading manifest file '../../build/point_to_point_nav/point_to_point_nav.egg-info/SOURCES.txt'
writing manifest file '../../build/point_to_point_nav/point_to_point_nav.egg-info/SOURCES.txt'
running build
running build_py
creating /home/harshdev/Learning-ROS/basicbotws/build/point_to_point_nav/build
creating /home/harshdev/Learning-ROS/basicbotws/build/point_to_point_nav/build/lib
creating /home/harshdev/Learning-ROS/basicbotws/build/point_to_point_nav/build/lib/point_to_point_nav
copying point_to_point_nav/__init__.py -> /home/harshdev/Learning-ROS/basicbotws/build/point_to_point_nav/build/lib/point_to_point_nav
copying point_to_point_nav/point_to_point_nav.py -> /home/harshdev/Learning-ROS/basicbotws/build/point_to_point_nav/build/lib/point_to_point_nav
running install
running install_lib
creating /home/harshdev/Learning-ROS/basicbotws/install/point_to_point_nav/lib/python3.12/site-packages/point_to_point_nav
copying /home/harshdev/Learning-ROS/basicbotws/build/point_to_point_nav/build/lib/point_to_point_nav/__init__.py -> /home/harshdev/Learning-ROS/basicbotws/install/point_to_point_nav/lib/python3.12/site-packages/point_to_point_nav
copying /home/harshdev/Learning-ROS/basicbotws/build/point_to_point_nav/build/lib/point_to_point_nav/point_to_point_nav.py -> /home/harshdev/Learning-ROS/basicbotws/install/point_to_point_nav/lib/python3.12/site-packages/point_to_point_nav
byte-compiling /home/harshdev/Learning-ROS/basicbotws/install/point_to_point_nav/lib/python3.12/site-packages/point_to_point_nav/__init__.py to __init__.cpython-312.pyc
byte-compiling /home/harshdev/Learning-ROS/basicbotws/install/point_to_point_nav/lib/python3.12/site-packages/point_to_point_nav/point_to_point_nav.py to point_to_point_nav.cpython-312.pyc
running install_data
creating /home/harshdev/Learning-ROS/basicbotws/install/point_to_point_nav/share/ament_index
creating /home/harshdev/Learning-ROS/basicbotws/install/point_to_point_nav/share/ament_index/resource_index
creating /home/harshdev/Learning-ROS/basicbotws/install/point_to_point_nav/share/ament_index/resource_index/packages
copying resource/point_to_point_nav -> /home/harshdev/Learning-ROS/basicbotws/install/point_to_point_nav/share/ament_index/resource_index/packages
copying package.xml -> /home/harshdev/Learning-ROS/basicbotws/install/point_to_point_nav/share/point_to_point_nav
running install_egg_info
Copying ../../build/point_to_point_nav/point_to_point_nav.egg-info to /home/harshdev/Learning-ROS/basicbotws/install/point_to_point_nav/lib/python3.12/site-packages/point_to_point_nav-0.0.0-py3.12.egg-info
running install_scripts
writing list of installed files to '/home/harshdev/Learning-ROS/basicbotws/build/point_to_point_nav/install.log'
