[1.673s] Invoking command in '/home/harshdev/Learning-ROS/basicbotws/src/point_to_point_nav': DEBUGINFOD_URLS=https://debuginfod.ubuntu.com PYTHONPATH=/home/harshdev/Learning-ROS/basicbotws/build/point_to_point_nav/prefix_override:/usr/lib/python3/dist-packages/colcon_core/task/python/colcon_distutils_commands:/home/harshdev/Learning-ROS/basicbotws/install/point_to_point_nav/lib/python3.12/site-packages:${PYTHONPATH} /usr/bin/python3 -W ignore:setup.py install is deprecated -W ignore:easy_install command is deprecated setup.py egg_info --egg-base ../../build/point_to_point_nav build --build-base /home/harshdev/Learning-ROS/basicbotws/build/point_to_point_nav/build install --record /home/harshdev/Learning-ROS/basicbotws/build/point_to_point_nav/install.log --single-version-externally-managed install_data
[2.066s] running egg_info
[2.066s] creating ../../build/point_to_point_nav/point_to_point_nav.egg-info
[2.094s] writing ../../build/point_to_point_nav/point_to_point_nav.egg-info/PKG-INFO
[2.095s] writing dependency_links to ../../build/point_to_point_nav/point_to_point_nav.egg-info/dependency_links.txt
[2.095s] writing requirements to ../../build/point_to_point_nav/point_to_point_nav.egg-info/requires.txt
[2.095s] writing top-level names to ../../build/point_to_point_nav/point_to_point_nav.egg-info/top_level.txt
[2.095s] writing manifest file '../../build/point_to_point_nav/point_to_point_nav.egg-info/SOURCES.txt'
[2.153s] reading manifest file '../../build/point_to_point_nav/point_to_point_nav.egg-info/SOURCES.txt'
[2.154s] writing manifest file '../../build/point_to_point_nav/point_to_point_nav.egg-info/SOURCES.txt'
[2.154s] running build
[2.154s] running build_py
[2.155s] creating /home/harshdev/Learning-ROS/basicbotws/build/point_to_point_nav/build
[2.155s] creating /home/harshdev/Learning-ROS/basicbotws/build/point_to_point_nav/build/lib
[2.155s] creating /home/harshdev/Learning-ROS/basicbotws/build/point_to_point_nav/build/lib/point_to_point_nav
[2.155s] copying point_to_point_nav/__init__.py -> /home/harshdev/Learning-ROS/basicbotws/build/point_to_point_nav/build/lib/point_to_point_nav
[2.155s] copying point_to_point_nav/point_to_point_nav.py -> /home/harshdev/Learning-ROS/basicbotws/build/point_to_point_nav/build/lib/point_to_point_nav
[2.156s] running install
[2.165s] running install_lib
[2.195s] creating /home/harshdev/Learning-ROS/basicbotws/install/point_to_point_nav/lib/python3.12/site-packages/point_to_point_nav
[2.196s] copying /home/harshdev/Learning-ROS/basicbotws/build/point_to_point_nav/build/lib/point_to_point_nav/__init__.py -> /home/harshdev/Learning-ROS/basicbotws/install/point_to_point_nav/lib/python3.12/site-packages/point_to_point_nav
[2.196s] copying /home/harshdev/Learning-ROS/basicbotws/build/point_to_point_nav/build/lib/point_to_point_nav/point_to_point_nav.py -> /home/harshdev/Learning-ROS/basicbotws/install/point_to_point_nav/lib/python3.12/site-packages/point_to_point_nav
[2.196s] byte-compiling /home/harshdev/Learning-ROS/basicbotws/install/point_to_point_nav/lib/python3.12/site-packages/point_to_point_nav/__init__.py to __init__.cpython-312.pyc
[2.197s] byte-compiling /home/harshdev/Learning-ROS/basicbotws/install/point_to_point_nav/lib/python3.12/site-packages/point_to_point_nav/point_to_point_nav.py to point_to_point_nav.cpython-312.pyc
[2.198s] running install_data
[2.198s] creating /home/harshdev/Learning-ROS/basicbotws/install/point_to_point_nav/share/ament_index
[2.199s] creating /home/harshdev/Learning-ROS/basicbotws/install/point_to_point_nav/share/ament_index/resource_index
[2.199s] creating /home/harshdev/Learning-ROS/basicbotws/install/point_to_point_nav/share/ament_index/resource_index/packages
[2.199s] copying resource/point_to_point_nav -> /home/harshdev/Learning-ROS/basicbotws/install/point_to_point_nav/share/ament_index/resource_index/packages
[2.199s] copying package.xml -> /home/harshdev/Learning-ROS/basicbotws/install/point_to_point_nav/share/point_to_point_nav
[2.199s] running install_egg_info
[2.230s] Copying ../../build/point_to_point_nav/point_to_point_nav.egg-info to /home/harshdev/Learning-ROS/basicbotws/install/point_to_point_nav/lib/python3.12/site-packages/point_to_point_nav-0.0.0-py3.12.egg-info
[2.230s] running install_scripts
[2.466s] writing list of installed files to '/home/harshdev/Learning-ROS/basicbotws/build/point_to_point_nav/install.log'
[2.536s] Invoked command in '/home/harshdev/Learning-ROS/basicbotws/src/point_to_point_nav' returned '0': DEBUGINFOD_URLS=https://debuginfod.ubuntu.com PYTHONPATH=/home/harshdev/Learning-ROS/basicbotws/build/point_to_point_nav/prefix_override:/usr/lib/python3/dist-packages/colcon_core/task/python/colcon_distutils_commands:/home/harshdev/Learning-ROS/basicbotws/install/point_to_point_nav/lib/python3.12/site-packages:${PYTHONPATH} /usr/bin/python3 -W ignore:setup.py install is deprecated -W ignore:easy_install command is deprecated setup.py egg_info --egg-base ../../build/point_to_point_nav build --build-base /home/harshdev/Learning-ROS/basicbotws/build/point_to_point_nav/build install --record /home/harshdev/Learning-ROS/basicbotws/build/point_to_point_nav/install.log --single-version-externally-managed install_data
