[1.590s] Invoking command in '/home/harshdev/Learning-ROS/basicbotws/src/point_to_point_nav': DEBUGINFOD_URLS=https://debuginfod.ubuntu.com PYTHONPATH=/home/harshdev/Learning-ROS/basicbotws/build/point_to_point_nav/prefix_override:/usr/lib/python3/dist-packages/colcon_core/task/python/colcon_distutils_commands:/home/harshdev/Learning-ROS/basicbotws/install/point_to_point_nav/lib/python3.12/site-packages:${PYTHONPATH} /usr/bin/python3 -W ignore:setup.py install is deprecated -W ignore:easy_install command is deprecated setup.py egg_info --egg-base ../../build/point_to_point_nav build --build-base /home/harshdev/Learning-ROS/basicbotws/build/point_to_point_nav/build install --record /home/harshdev/Learning-ROS/basicbotws/build/point_to_point_nav/install.log --single-version-externally-managed install_data
[2.069s] running egg_info
[2.113s] writing ../../build/point_to_point_nav/point_to_point_nav.egg-info/PKG-INFO
[2.114s] writing dependency_links to ../../build/point_to_point_nav/point_to_point_nav.egg-info/dependency_links.txt
[2.114s] writing entry points to ../../build/point_to_point_nav/point_to_point_nav.egg-info/entry_points.txt
[2.114s] writing requirements to ../../build/point_to_point_nav/point_to_point_nav.egg-info/requires.txt
[2.114s] writing top-level names to ../../build/point_to_point_nav/point_to_point_nav.egg-info/top_level.txt
[2.186s] reading manifest file '../../build/point_to_point_nav/point_to_point_nav.egg-info/SOURCES.txt'
[2.187s] writing manifest file '../../build/point_to_point_nav/point_to_point_nav.egg-info/SOURCES.txt'
[2.188s] running build
[2.188s] running build_py
[2.188s] running install
[2.203s] running install_lib
[2.245s] running install_data
[2.246s] copying package.xml -> /home/harshdev/Learning-ROS/basicbotws/install/point_to_point_nav/share/point_to_point_nav
[2.246s] running install_egg_info
[2.286s] removing '/home/harshdev/Learning-ROS/basicbotws/install/point_to_point_nav/lib/python3.12/site-packages/point_to_point_nav-0.0.0-py3.12.egg-info' (and everything under it)
[2.286s] Copying ../../build/point_to_point_nav/point_to_point_nav.egg-info to /home/harshdev/Learning-ROS/basicbotws/install/point_to_point_nav/lib/python3.12/site-packages/point_to_point_nav-0.0.0-py3.12.egg-info
[2.287s] running install_scripts
[2.572s] Installing point_to_point_nav script to /home/harshdev/Learning-ROS/basicbotws/install/point_to_point_nav/lib/point_to_point_nav
[2.572s] writing list of installed files to '/home/harshdev/Learning-ROS/basicbotws/build/point_to_point_nav/install.log'
[2.659s] Invoked command in '/home/harshdev/Learning-ROS/basicbotws/src/point_to_point_nav' returned '0': DEBUGINFOD_URLS=https://debuginfod.ubuntu.com PYTHONPATH=/home/harshdev/Learning-ROS/basicbotws/build/point_to_point_nav/prefix_override:/usr/lib/python3/dist-packages/colcon_core/task/python/colcon_distutils_commands:/home/harshdev/Learning-ROS/basicbotws/install/point_to_point_nav/lib/python3.12/site-packages:${PYTHONPATH} /usr/bin/python3 -W ignore:setup.py install is deprecated -W ignore:easy_install command is deprecated setup.py egg_info --egg-base ../../build/point_to_point_nav build --build-base /home/harshdev/Learning-ROS/basicbotws/build/point_to_point_nav/build install --record /home/harshdev/Learning-ROS/basicbotws/build/point_to_point_nav/install.log --single-version-externally-managed install_data
