[0.572s] Invoking command in '/home/harshdev/Learning-ROS/basicbotws/build/joy_to_cmdvel': CMAKE_PREFIX_PATH=${CMAKE_PREFIX_PATH}:/home/harshdev/Learning-ROS/basicbotws/install/joy_to_cmd_vel:/opt/ros/jazzy DEBUGINFOD_URLS=https://debuginfod.ubuntu.com /usr/bin/cmake --build /home/harshdev/Learning-ROS/basicbotws/build/joy_to_cmdvel -- -j12 -l12
[0.660s] Invoked command in '/home/harshdev/Learning-ROS/basicbotws/build/joy_to_cmdvel' returned '0': CMAKE_PREFIX_PATH=${CMAKE_PREFIX_PATH}:/home/harshdev/Learning-ROS/basicbotws/install/joy_to_cmd_vel:/opt/ros/jazzy DEBUGINFOD_URLS=https://debuginfod.ubuntu.com /usr/bin/cmake --build /home/harshdev/Learning-ROS/basicbotws/build/joy_to_cmdvel -- -j12 -l12
[0.662s] Invoking command in '/home/harshdev/Learning-ROS/basicbotws/build/joy_to_cmdvel': CMAKE_PREFIX_PATH=${CMAKE_PREFIX_PATH}:/home/harshdev/Learning-ROS/basicbotws/install/joy_to_cmd_vel:/opt/ros/jazzy DEBUGINFOD_URLS=https://debuginfod.ubuntu.com /usr/bin/cmake --install /home/harshdev/Learning-ROS/basicbotws/build/joy_to_cmdvel
[0.676s] -- Install configuration: ""
[0.676s] -- Up-to-date: /home/harshdev/Learning-ROS/basicbotws/install/joy_to_cmdvel/share/ament_index/resource_index/package_run_dependencies/joy_to_cmdvel
[0.677s] -- Up-to-date: /home/harshdev/Learning-ROS/basicbotws/install/joy_to_cmdvel/share/ament_index/resource_index/parent_prefix_path/joy_to_cmdvel
[0.677s] -- Up-to-date: /home/harshdev/Learning-ROS/basicbotws/install/joy_to_cmdvel/share/joy_to_cmdvel/environment/ament_prefix_path.sh
[0.677s] -- Up-to-date: /home/harshdev/Learning-ROS/basicbotws/install/joy_to_cmdvel/share/joy_to_cmdvel/environment/ament_prefix_path.dsv
[0.677s] -- Up-to-date: /home/harshdev/Learning-ROS/basicbotws/install/joy_to_cmdvel/share/joy_to_cmdvel/environment/path.sh
[0.677s] -- Up-to-date: /home/harshdev/Learning-ROS/basicbotws/install/joy_to_cmdvel/share/joy_to_cmdvel/environment/path.dsv
[0.677s] -- Up-to-date: /home/harshdev/Learning-ROS/basicbotws/install/joy_to_cmdvel/share/joy_to_cmdvel/local_setup.bash
[0.678s] -- Up-to-date: /home/harshdev/Learning-ROS/basicbotws/install/joy_to_cmdvel/share/joy_to_cmdvel/local_setup.sh
[0.678s] -- Up-to-date: /home/harshdev/Learning-ROS/basicbotws/install/joy_to_cmdvel/share/joy_to_cmdvel/local_setup.zsh
[0.678s] -- Up-to-date: /home/harshdev/Learning-ROS/basicbotws/install/joy_to_cmdvel/share/joy_to_cmdvel/local_setup.dsv
[0.679s] -- Installing: /home/harshdev/Learning-ROS/basicbotws/install/joy_to_cmdvel/share/joy_to_cmdvel/package.dsv
[0.680s] -- Up-to-date: /home/harshdev/Learning-ROS/basicbotws/install/joy_to_cmdvel/share/ament_index/resource_index/packages/joy_to_cmdvel
[0.680s] -- Up-to-date: /home/harshdev/Learning-ROS/basicbotws/install/joy_to_cmdvel/share/joy_to_cmdvel/cmake/joy_to_cmdvelConfig.cmake
[0.680s] -- Up-to-date: /home/harshdev/Learning-ROS/basicbotws/install/joy_to_cmdvel/share/joy_to_cmdvel/cmake/joy_to_cmdvelConfig-version.cmake
[0.680s] -- Up-to-date: /home/harshdev/Learning-ROS/basicbotws/install/joy_to_cmdvel/share/joy_to_cmdvel/package.xml
[0.684s] Invoked command in '/home/harshdev/Learning-ROS/basicbotws/build/joy_to_cmdvel' returned '0': CMAKE_PREFIX_PATH=${CMAKE_PREFIX_PATH}:/home/harshdev/Learning-ROS/basicbotws/install/joy_to_cmd_vel:/opt/ros/jazzy DEBUGINFOD_URLS=https://debuginfod.ubuntu.com /usr/bin/cmake --install /home/harshdev/Learning-ROS/basicbotws/build/joy_to_cmdvel
