running egg_info
writing ../../build/joy_input/joy_input.egg-info/PKG-INFO
writing dependency_links to ../../build/joy_input/joy_input.egg-info/dependency_links.txt
writing entry points to ../../build/joy_input/joy_input.egg-info/entry_points.txt
writing requirements to ../../build/joy_input/joy_input.egg-info/requires.txt
writing top-level names to ../../build/joy_input/joy_input.egg-info/top_level.txt
reading manifest file '../../build/joy_input/joy_input.egg-info/SOURCES.txt'
writing manifest file '../../build/joy_input/joy_input.egg-info/SOURCES.txt'
running build
running build_py
running install
running install_lib
running install_data
copying launch/joyControl.launch.py -> /home/harshdev/alfred_workspace/install/joy_input/share/joy_input/launch
running install_egg_info
removing '/home/harshdev/alfred_workspace/install/joy_input/lib/python3.12/site-packages/joy_input-0.0.0-py3.12.egg-info' (and everything under it)
Copying ../../build/joy_input/joy_input.egg-info to /home/harshdev/alfred_workspace/install/joy_input/lib/python3.12/site-packages/joy_input-0.0.0-py3.12.egg-info
running install_scripts
Installing joy_to_cmdvel script to /home/harshdev/alfred_workspace/install/joy_input/lib/joy_input
writing list of installed files to '/home/harshdev/alfred_workspace/build/joy_input/install.log'
