[1.165s] Invoking command in '/home/harshdev/alfred_workspace/src/joy_input': DEBUGINFOD_URLS=https://debuginfod.ubuntu.com PYTHONPATH=/home/harshdev/alfred_workspace/build/joy_input/prefix_override:/usr/lib/python3/dist-packages/colcon_core/task/python/colcon_distutils_commands:/home/harshdev/alfred_workspace/install/joy_input/lib/python3.12/site-packages:${PYTHONPATH} /usr/bin/python3 -W ignore:setup.py install is deprecated -W ignore:easy_install command is deprecated setup.py egg_info --egg-base ../../build/joy_input build --build-base /home/harshdev/alfred_workspace/build/joy_input/build install --record /home/harshdev/alfred_workspace/build/joy_input/install.log --single-version-externally-managed install_data
[1.498s] running egg_info
[1.521s] writing ../../build/joy_input/joy_input.egg-info/PKG-INFO
[1.521s] writing dependency_links to ../../build/joy_input/joy_input.egg-info/dependency_links.txt
[1.522s] writing entry points to ../../build/joy_input/joy_input.egg-info/entry_points.txt
[1.522s] writing requirements to ../../build/joy_input/joy_input.egg-info/requires.txt
[1.522s] writing top-level names to ../../build/joy_input/joy_input.egg-info/top_level.txt
[1.567s] reading manifest file '../../build/joy_input/joy_input.egg-info/SOURCES.txt'
[1.568s] writing manifest file '../../build/joy_input/joy_input.egg-info/SOURCES.txt'
[1.568s] running build
[1.568s] running build_py
[1.568s] running install
[1.576s] running install_lib
[1.601s] running install_data
[1.602s] copying launch/joyControl.launch.py -> /home/harshdev/alfred_workspace/install/joy_input/share/joy_input/launch
[1.602s] running install_egg_info
[1.630s] removing '/home/harshdev/alfred_workspace/install/joy_input/lib/python3.12/site-packages/joy_input-0.0.0-py3.12.egg-info' (and everything under it)
[1.630s] Copying ../../build/joy_input/joy_input.egg-info to /home/harshdev/alfred_workspace/install/joy_input/lib/python3.12/site-packages/joy_input-0.0.0-py3.12.egg-info
[1.631s] running install_scripts
[1.783s] Installing joy_to_cmdvel script to /home/harshdev/alfred_workspace/install/joy_input/lib/joy_input
[1.784s] writing list of installed files to '/home/harshdev/alfred_workspace/build/joy_input/install.log'
[1.823s] Invoked command in '/home/harshdev/alfred_workspace/src/joy_input' returned '0': DEBUGINFOD_URLS=https://debuginfod.ubuntu.com PYTHONPATH=/home/harshdev/alfred_workspace/build/joy_input/prefix_override:/usr/lib/python3/dist-packages/colcon_core/task/python/colcon_distutils_commands:/home/harshdev/alfred_workspace/install/joy_input/lib/python3.12/site-packages:${PYTHONPATH} /usr/bin/python3 -W ignore:setup.py install is deprecated -W ignore:easy_install command is deprecated setup.py egg_info --egg-base ../../build/joy_input build --build-base /home/harshdev/alfred_workspace/build/joy_input/build install --record /home/harshdev/alfred_workspace/build/joy_input/install.log --single-version-externally-managed install_data
