/home/harshdev/Learning-ROS/alffybot/install/alffy_talks/lib/python3.12/site-packages/alffy_talks/__init__.py
/home/harshdev/Learning-ROS/alffybot/install/alffy_talks/lib/python3.12/site-packages/alffy_talks/publisher.py
/home/harshdev/Learning-ROS/alffybot/install/alffy_talks/lib/python3.12/site-packages/alffy_talks/subscriber.py
/home/harshdev/Learning-ROS/alffybot/install/alffy_talks/lib/python3.12/site-packages/alffy_talks/parameters.py
/home/harshdev/Learning-ROS/alffybot/install/alffy_talks/lib/python3.12/site-packages/alffy_talks/__pycache__/__init__.cpython-312.pyc
/home/harshdev/Learning-ROS/alffybot/install/alffy_talks/lib/python3.12/site-packages/alffy_talks/__pycache__/publisher.cpython-312.pyc
/home/harshdev/Learning-ROS/alffybot/install/alffy_talks/lib/python3.12/site-packages/alffy_talks/__pycache__/subscriber.cpython-312.pyc
/home/harshdev/Learning-ROS/alffybot/install/alffy_talks/lib/python3.12/site-packages/alffy_talks/__pycache__/parameters.cpython-312.pyc
/home/harshdev/Learning-ROS/alffybot/install/alffy_talks/share/ament_index/resource_index/packages/alffy_talks
/home/harshdev/Learning-ROS/alffybot/install/alffy_talks/share/alffy_talks/package.xml
/home/harshdev/Learning-ROS/alffybot/install/alffy_talks/lib/python3.12/site-packages/alffy_talks-0.0.0-py3.12.egg-info/dependency_links.txt
/home/harshdev/Learning-ROS/alffybot/install/alffy_talks/lib/python3.12/site-packages/alffy_talks-0.0.0-py3.12.egg-info/PKG-INFO
/home/harshdev/Learning-ROS/alffybot/install/alffy_talks/lib/python3.12/site-packages/alffy_talks-0.0.0-py3.12.egg-info/SOURCES.txt
/home/harshdev/Learning-ROS/alffybot/install/alffy_talks/lib/python3.12/site-packages/alffy_talks-0.0.0-py3.12.egg-info/entry_points.txt
/home/harshdev/Learning-ROS/alffybot/install/alffy_talks/lib/python3.12/site-packages/alffy_talks-0.0.0-py3.12.egg-info/requires.txt
/home/harshdev/Learning-ROS/alffybot/install/alffy_talks/lib/python3.12/site-packages/alffy_talks-0.0.0-py3.12.egg-info/top_level.txt
/home/harshdev/Learning-ROS/alffybot/install/alffy_talks/lib/python3.12/site-packages/alffy_talks-0.0.0-py3.12.egg-info/zip-safe
/home/harshdev/Learning-ROS/alffybot/install/alffy_talks/lib/alffy_talks/parameters
/home/harshdev/Learning-ROS/alffybot/install/alffy_talks/lib/alffy_talks/publisher
/home/harshdev/Learning-ROS/alffybot/install/alffy_talks/lib/alffy_talks/subscriber
