[0.027s] Invoking command in '/home/harshdev/Learning-ROS/build/articubot_one': CMAKE_PREFIX_PATH=${CMAKE_PREFIX_PATH}:/opt/ros/jazzy DEBUGINFOD_URLS=https://debuginfod.ubuntu.com /usr/bin/cmake --build /home/harshdev/Learning-ROS/build/articubot_one -- -j12 -l12
[0.307s] Invoked command in '/home/harshdev/Learning-ROS/build/articubot_one' returned '0': CMAKE_PREFIX_PATH=${CMAKE_PREFIX_PATH}:/opt/ros/jazzy DEBUGINFOD_URLS=https://debuginfod.ubuntu.com /usr/bin/cmake --build /home/harshdev/Learning-ROS/build/articubot_one -- -j12 -l12
[0.322s] Invoking command in '/home/harshdev/Learning-ROS/build/articubot_one': CMAKE_PREFIX_PATH=${CMAKE_PREFIX_PATH}:/opt/ros/jazzy DEBUGINFOD_URLS=https://debuginfod.ubuntu.com /usr/bin/cmake --install /home/harshdev/Learning-ROS/build/articubot_one
[0.331s] -- Install configuration: ""
[0.331s] -- Up-to-date: /home/harshdev/Learning-ROS/install/articubot_one/share/articubot_one/config
[0.332s] -- Up-to-date: /home/harshdev/Learning-ROS/install/articubot_one/share/articubot_one/config/gz_bridge.yaml
[0.332s] -- Up-to-date: /home/harshdev/Learning-ROS/install/articubot_one/share/articubot_one/config/empty.yaml
[0.332s] -- Up-to-date: /home/harshdev/Learning-ROS/install/articubot_one/share/articubot_one/config/my_controllers.yaml
[0.332s] -- Up-to-date: /home/harshdev/Learning-ROS/install/articubot_one/share/articubot_one/config/nav2_params.yaml
[0.333s] -- Up-to-date: /home/harshdev/Learning-ROS/install/articubot_one/share/articubot_one/config/mapper_params_online_async.yaml
[0.333s] -- Up-to-date: /home/harshdev/Learning-ROS/install/articubot_one/share/articubot_one/config/map.rviz
[0.333s] -- Up-to-date: /home/harshdev/Learning-ROS/install/articubot_one/share/articubot_one/config/view_bot.rviz
[0.333s] -- Up-to-date: /home/harshdev/Learning-ROS/install/articubot_one/share/articubot_one/config/main.rviz
[0.333s] -- Up-to-date: /home/harshdev/Learning-ROS/install/articubot_one/share/articubot_one/config/gaz_ros2_ctl_use_sim.yaml
[0.333s] -- Up-to-date: /home/harshdev/Learning-ROS/install/articubot_one/share/articubot_one/config/ball_tracker_params_robot.yaml
[0.333s] -- Up-to-date: /home/harshdev/Learning-ROS/install/articubot_one/share/articubot_one/config/ball_tracker_params_sim.yaml
[0.334s] -- Up-to-date: /home/harshdev/Learning-ROS/install/articubot_one/share/articubot_one/config/joystick.yaml
[0.334s] -- Up-to-date: /home/harshdev/Learning-ROS/install/articubot_one/share/articubot_one/config/twist_mux.yaml
[0.334s] -- Up-to-date: /home/harshdev/Learning-ROS/install/articubot_one/share/articubot_one/config/drive_bot.rviz
[0.334s] -- Up-to-date: /home/harshdev/Learning-ROS/install/articubot_one/share/articubot_one/description
[0.334s] -- Up-to-date: /home/harshdev/Learning-ROS/install/articubot_one/share/articubot_one/description/imu.xacro
[0.335s] -- Up-to-date: /home/harshdev/Learning-ROS/install/articubot_one/share/articubot_one/description/inertial_macros.xacro
[0.335s] -- Up-to-date: /home/harshdev/Learning-ROS/install/articubot_one/share/articubot_one/description/depth_camera.xacro
[0.335s] -- Up-to-date: /home/harshdev/Learning-ROS/install/articubot_one/share/articubot_one/description/gazebo_control.xacro
[0.335s] -- Up-to-date: /home/harshdev/Learning-ROS/install/articubot_one/share/articubot_one/description/robot.urdf.xacro
[0.336s] -- Up-to-date: /home/harshdev/Learning-ROS/install/articubot_one/share/articubot_one/description/face.xacro
[0.336s] -- Up-to-date: /home/harshdev/Learning-ROS/install/articubot_one/share/articubot_one/description/robot_core.xacro
[0.336s] -- Up-to-date: /home/harshdev/Learning-ROS/install/articubot_one/share/articubot_one/description/camera.xacro
[0.336s] -- Up-to-date: /home/harshdev/Learning-ROS/install/articubot_one/share/articubot_one/description/ros2_control.xacro
[0.336s] -- Up-to-date: /home/harshdev/Learning-ROS/install/articubot_one/share/articubot_one/description/lidar.xacro
[0.337s] -- Up-to-date: /home/harshdev/Learning-ROS/install/articubot_one/share/articubot_one/launch
[0.337s] -- Up-to-date: /home/harshdev/Learning-ROS/install/articubot_one/share/articubot_one/launch/launch_robot.launch.py
[0.338s] -- Up-to-date: /home/harshdev/Learning-ROS/install/articubot_one/share/articubot_one/launch/rsp.launch.py
[0.338s] -- Up-to-date: /home/harshdev/Learning-ROS/install/articubot_one/share/articubot_one/launch/camera.launch.py
[0.338s] -- Up-to-date: /home/harshdev/Learning-ROS/install/articubot_one/share/articubot_one/launch/joystick.launch.py
[0.339s] -- Up-to-date: /home/harshdev/Learning-ROS/install/articubot_one/share/articubot_one/launch/online_async_launch.py
[0.339s] -- Up-to-date: /home/harshdev/Learning-ROS/install/articubot_one/share/articubot_one/launch/launch_sim.launch.py
[0.339s] -- Up-to-date: /home/harshdev/Learning-ROS/install/articubot_one/share/articubot_one/launch/rplidar.launch.py
[0.340s] -- Up-to-date: /home/harshdev/Learning-ROS/install/articubot_one/share/articubot_one/launch/navigation_launch.py
[0.340s] -- Up-to-date: /home/harshdev/Learning-ROS/install/articubot_one/share/articubot_one/launch/ball_tracker.launch.py
[0.340s] -- Up-to-date: /home/harshdev/Learning-ROS/install/articubot_one/share/articubot_one/launch/localization_launch.py
[0.340s] -- Up-to-date: /home/harshdev/Learning-ROS/install/articubot_one/share/articubot_one/worlds
[0.340s] -- Up-to-date: /home/harshdev/Learning-ROS/install/articubot_one/share/articubot_one/worlds/obstacles.world
[0.341s] -- Up-to-date: /home/harshdev/Learning-ROS/install/articubot_one/share/articubot_one/worlds/distribution_center.world
[0.341s] -- Up-to-date: /home/harshdev/Learning-ROS/install/articubot_one/share/articubot_one/worlds/empty.world
[0.342s] -- Up-to-date: /home/harshdev/Learning-ROS/install/articubot_one/share/articubot_one/worlds/house.world
[0.342s] -- Up-to-date: /home/harshdev/Learning-ROS/install/articubot_one/share/articubot_one/worlds/cafe.world
[0.342s] -- Up-to-date: /home/harshdev/Learning-ROS/install/articubot_one/share/articubot_one/worlds/hospital.world
[0.342s] -- Up-to-date: /home/harshdev/Learning-ROS/install/articubot_one/share/articubot_one/worlds/factory.world
[0.343s] -- Up-to-date: /home/harshdev/Learning-ROS/install/articubot_one/share/ament_index/resource_index/package_run_dependencies/articubot_one
[0.343s] -- Up-to-date: /home/harshdev/Learning-ROS/install/articubot_one/share/ament_index/resource_index/parent_prefix_path/articubot_one
[0.343s] -- Up-to-date: /home/harshdev/Learning-ROS/install/articubot_one/share/articubot_one/environment/ament_prefix_path.sh
[0.343s] -- Up-to-date: /home/harshdev/Learning-ROS/install/articubot_one/share/articubot_one/environment/ament_prefix_path.dsv
[0.343s] -- Up-to-date: /home/harshdev/Learning-ROS/install/articubot_one/share/articubot_one/environment/path.sh
[0.343s] -- Up-to-date: /home/harshdev/Learning-ROS/install/articubot_one/share/articubot_one/environment/path.dsv
[0.343s] -- Up-to-date: /home/harshdev/Learning-ROS/install/articubot_one/share/articubot_one/local_setup.bash
[0.343s] -- Up-to-date: /home/harshdev/Learning-ROS/install/articubot_one/share/articubot_one/local_setup.sh
[0.343s] -- Up-to-date: /home/harshdev/Learning-ROS/install/articubot_one/share/articubot_one/local_setup.zsh
[0.343s] -- Up-to-date: /home/harshdev/Learning-ROS/install/articubot_one/share/articubot_one/local_setup.dsv
[0.343s] -- Installing: /home/harshdev/Learning-ROS/install/articubot_one/share/articubot_one/package.dsv
[0.343s] -- Up-to-date: /home/harshdev/Learning-ROS/install/articubot_one/share/ament_index/resource_index/packages/articubot_one
[0.343s] -- Up-to-date: /home/harshdev/Learning-ROS/install/articubot_one/share/articubot_one/cmake/articubot_oneConfig.cmake
[0.343s] -- Up-to-date: /home/harshdev/Learning-ROS/install/articubot_one/share/articubot_one/cmake/articubot_oneConfig-version.cmake
[0.343s] -- Up-to-date: /home/harshdev/Learning-ROS/install/articubot_one/share/articubot_one/package.xml
[0.347s] Invoked command in '/home/harshdev/Learning-ROS/build/articubot_one' returned '0': CMAKE_PREFIX_PATH=${CMAKE_PREFIX_PATH}:/opt/ros/jazzy DEBUGINFOD_URLS=https://debuginfod.ubuntu.com /usr/bin/cmake --install /home/harshdev/Learning-ROS/build/articubot_one
