[0.984s] Invoking command in '/home/harshdev/Learning-ROS/point_to_point_nav': DEBUGINFOD_URLS=https://debuginfod.ubuntu.com PYTHONPATH=/home/harshdev/Learning-ROS/build/point_to_point_nav/prefix_override:/usr/lib/python3/dist-packages/colcon_core/task/python/colcon_distutils_commands:/home/harshdev/Learning-ROS/install/point_to_point_nav/lib/python3.12/site-packages:${PYTHONPATH} /usr/bin/python3 -W ignore:setup.py install is deprecated -W ignore:easy_install command is deprecated setup.py egg_info --egg-base ../build/point_to_point_nav build --build-base /home/harshdev/Learning-ROS/build/point_to_point_nav/build install --record /home/harshdev/Learning-ROS/build/point_to_point_nav/install.log --single-version-externally-managed install_data
[1.171s] running egg_info
[1.171s] creating ../build/point_to_point_nav/point_to_point_nav.egg-info
[1.184s] writing ../build/point_to_point_nav/point_to_point_nav.egg-info/PKG-INFO
[1.184s] writing dependency_links to ../build/point_to_point_nav/point_to_point_nav.egg-info/dependency_links.txt
[1.184s] writing entry points to ../build/point_to_point_nav/point_to_point_nav.egg-info/entry_points.txt
[1.184s] writing requirements to ../build/point_to_point_nav/point_to_point_nav.egg-info/requires.txt
[1.185s] writing top-level names to ../build/point_to_point_nav/point_to_point_nav.egg-info/top_level.txt
[1.185s] writing manifest file '../build/point_to_point_nav/point_to_point_nav.egg-info/SOURCES.txt'
[1.210s] reading manifest file '../build/point_to_point_nav/point_to_point_nav.egg-info/SOURCES.txt'
[1.211s] writing manifest file '../build/point_to_point_nav/point_to_point_nav.egg-info/SOURCES.txt'
[1.211s] running build
[1.211s] running build_py
[1.211s] creating /home/harshdev/Learning-ROS/build/point_to_point_nav/build
[1.211s] creating /home/harshdev/Learning-ROS/build/point_to_point_nav/build/lib
[1.212s] creating /home/harshdev/Learning-ROS/build/point_to_point_nav/build/lib/point_to_point_nav
[1.212s] copying point_to_point_nav/__init__.py -> /home/harshdev/Learning-ROS/build/point_to_point_nav/build/lib/point_to_point_nav
[1.212s] copying point_to_point_nav/point_to_point_nav.py -> /home/harshdev/Learning-ROS/build/point_to_point_nav/build/lib/point_to_point_nav
[1.212s] running install
[1.216s] running install_lib
[1.229s] creating /home/harshdev/Learning-ROS/install/point_to_point_nav/lib/python3.12/site-packages/point_to_point_nav
[1.229s] copying /home/harshdev/Learning-ROS/build/point_to_point_nav/build/lib/point_to_point_nav/__init__.py -> /home/harshdev/Learning-ROS/install/point_to_point_nav/lib/python3.12/site-packages/point_to_point_nav
[1.229s] copying /home/harshdev/Learning-ROS/build/point_to_point_nav/build/lib/point_to_point_nav/point_to_point_nav.py -> /home/harshdev/Learning-ROS/install/point_to_point_nav/lib/python3.12/site-packages/point_to_point_nav
[1.230s] byte-compiling /home/harshdev/Learning-ROS/install/point_to_point_nav/lib/python3.12/site-packages/point_to_point_nav/__init__.py to __init__.cpython-312.pyc
[1.230s] byte-compiling /home/harshdev/Learning-ROS/install/point_to_point_nav/lib/python3.12/site-packages/point_to_point_nav/point_to_point_nav.py to point_to_point_nav.cpython-312.pyc
[1.231s] running install_data
[1.231s] creating /home/harshdev/Learning-ROS/install/point_to_point_nav/share/ament_index
[1.231s] creating /home/harshdev/Learning-ROS/install/point_to_point_nav/share/ament_index/resource_index
[1.231s] creating /home/harshdev/Learning-ROS/install/point_to_point_nav/share/ament_index/resource_index/packages
[1.231s] copying resource/point_to_point_nav -> /home/harshdev/Learning-ROS/install/point_to_point_nav/share/ament_index/resource_index/packages
[1.231s] copying package.xml -> /home/harshdev/Learning-ROS/install/point_to_point_nav/share/point_to_point_nav
[1.231s] running install_egg_info
[1.245s] Copying ../build/point_to_point_nav/point_to_point_nav.egg-info to /home/harshdev/Learning-ROS/install/point_to_point_nav/lib/python3.12/site-packages/point_to_point_nav-0.0.0-py3.12.egg-info
[1.245s] running install_scripts
[1.334s] Installing point_to_point_nav script to /home/harshdev/Learning-ROS/install/point_to_point_nav/lib/point_to_point_nav
[1.334s] writing list of installed files to '/home/harshdev/Learning-ROS/build/point_to_point_nav/install.log'
[1.360s] Invoked command in '/home/harshdev/Learning-ROS/point_to_point_nav' returned '0': DEBUGINFOD_URLS=https://debuginfod.ubuntu.com PYTHONPATH=/home/harshdev/Learning-ROS/build/point_to_point_nav/prefix_override:/usr/lib/python3/dist-packages/colcon_core/task/python/colcon_distutils_commands:/home/harshdev/Learning-ROS/install/point_to_point_nav/lib/python3.12/site-packages:${PYTHONPATH} /usr/bin/python3 -W ignore:setup.py install is deprecated -W ignore:easy_install command is deprecated setup.py egg_info --egg-base ../build/point_to_point_nav build --build-base /home/harshdev/Learning-ROS/build/point_to_point_nav/build install --record /home/harshdev/Learning-ROS/build/point_to_point_nav/install.log --single-version-externally-managed install_data
