[1.213s] Invoking command in '/home/harshdev/Learning-ROS/alfred_ws/joy_to_cmd_vel': DEBUGINFOD_URLS=https://debuginfod.ubuntu.com PYTHONPATH=/home/harshdev/Learning-ROS/alfred_ws/build/joy_to_cmd_vel/prefix_override:/usr/lib/python3/dist-packages/colcon_core/task/python/colcon_distutils_commands:/home/harshdev/Learning-ROS/alfred_ws/install/joy_to_cmd_vel/lib/python3.12/site-packages:${PYTHONPATH} /usr/bin/python3 -W ignore:setup.py install is deprecated -W ignore:easy_install command is deprecated setup.py egg_info --egg-base ../build/joy_to_cmd_vel build --build-base /home/harshdev/Learning-ROS/alfred_ws/build/joy_to_cmd_vel/build install --record /home/harshdev/Learning-ROS/alfred_ws/build/joy_to_cmd_vel/install.log --single-version-externally-managed install_data
[1.567s] running egg_info
[1.567s] creating ../build/joy_to_cmd_vel/joy_to_cmd_vel.egg-info
[1.588s] writing ../build/joy_to_cmd_vel/joy_to_cmd_vel.egg-info/PKG-INFO
[1.589s] writing dependency_links to ../build/joy_to_cmd_vel/joy_to_cmd_vel.egg-info/dependency_links.txt
[1.589s] writing requirements to ../build/joy_to_cmd_vel/joy_to_cmd_vel.egg-info/requires.txt
[1.589s] writing top-level names to ../build/joy_to_cmd_vel/joy_to_cmd_vel.egg-info/top_level.txt
[1.589s] writing manifest file '../build/joy_to_cmd_vel/joy_to_cmd_vel.egg-info/SOURCES.txt'
[1.635s] reading manifest file '../build/joy_to_cmd_vel/joy_to_cmd_vel.egg-info/SOURCES.txt'
[1.636s] writing manifest file '../build/joy_to_cmd_vel/joy_to_cmd_vel.egg-info/SOURCES.txt'
[1.636s] running build
[1.636s] running build_py
[1.636s] creating /home/harshdev/Learning-ROS/alfred_ws/build/joy_to_cmd_vel/build
[1.637s] creating /home/harshdev/Learning-ROS/alfred_ws/build/joy_to_cmd_vel/build/lib
[1.637s] creating /home/harshdev/Learning-ROS/alfred_ws/build/joy_to_cmd_vel/build/lib/joy_to_cmd_vel
[1.637s] copying joy_to_cmd_vel/__init__.py -> /home/harshdev/Learning-ROS/alfred_ws/build/joy_to_cmd_vel/build/lib/joy_to_cmd_vel
[1.637s] running install
[1.645s] running install_lib
[1.666s] creating /home/harshdev/Learning-ROS/alfred_ws/install/joy_to_cmd_vel/lib/python3.12/site-packages/joy_to_cmd_vel
[1.667s] copying /home/harshdev/Learning-ROS/alfred_ws/build/joy_to_cmd_vel/build/lib/joy_to_cmd_vel/__init__.py -> /home/harshdev/Learning-ROS/alfred_ws/install/joy_to_cmd_vel/lib/python3.12/site-packages/joy_to_cmd_vel
[1.667s] byte-compiling /home/harshdev/Learning-ROS/alfred_ws/install/joy_to_cmd_vel/lib/python3.12/site-packages/joy_to_cmd_vel/__init__.py to __init__.cpython-312.pyc
[1.667s] running install_data
[1.668s] creating /home/harshdev/Learning-ROS/alfred_ws/install/joy_to_cmd_vel/share/ament_index
[1.668s] creating /home/harshdev/Learning-ROS/alfred_ws/install/joy_to_cmd_vel/share/ament_index/resource_index
[1.668s] creating /home/harshdev/Learning-ROS/alfred_ws/install/joy_to_cmd_vel/share/ament_index/resource_index/packages
[1.668s] copying resource/joy_to_cmd_vel -> /home/harshdev/Learning-ROS/alfred_ws/install/joy_to_cmd_vel/share/ament_index/resource_index/packages
[1.668s] copying package.xml -> /home/harshdev/Learning-ROS/alfred_ws/install/joy_to_cmd_vel/share/joy_to_cmd_vel
[1.668s] running install_egg_info
[1.691s] Copying ../build/joy_to_cmd_vel/joy_to_cmd_vel.egg-info to /home/harshdev/Learning-ROS/alfred_ws/install/joy_to_cmd_vel/lib/python3.12/site-packages/joy_to_cmd_vel-0.0.0-py3.12.egg-info
[1.692s] running install_scripts
[1.844s] writing list of installed files to '/home/harshdev/Learning-ROS/alfred_ws/build/joy_to_cmd_vel/install.log'
[1.876s] Invoked command in '/home/harshdev/Learning-ROS/alfred_ws/joy_to_cmd_vel' returned '0': DEBUGINFOD_URLS=https://debuginfod.ubuntu.com PYTHONPATH=/home/harshdev/Learning-ROS/alfred_ws/build/joy_to_cmd_vel/prefix_override:/usr/lib/python3/dist-packages/colcon_core/task/python/colcon_distutils_commands:/home/harshdev/Learning-ROS/alfred_ws/install/joy_to_cmd_vel/lib/python3.12/site-packages:${PYTHONPATH} /usr/bin/python3 -W ignore:setup.py install is deprecated -W ignore:easy_install command is deprecated setup.py egg_info --egg-base ../build/joy_to_cmd_vel build --build-base /home/harshdev/Learning-ROS/alfred_ws/build/joy_to_cmd_vel/build install --record /home/harshdev/Learning-ROS/alfred_ws/build/joy_to_cmd_vel/install.log --single-version-externally-managed install_data
