[0.255s] Invoking command in '/home/harshdev/Learning-ROS/basicbotws/build/joy_to_cmdvel': CMAKE_PREFIX_PATH=${CMAKE_PREFIX_PATH}:/home/harshdev/Learning-ROS/basicbotws/install/point_to_point_nav:/home/harshdev/Learning-ROS/basicbotws/install/joy_to_cmd_vel:/opt/ros/jazzy DEBUGINFOD_URLS=https://debuginfod.ubuntu.com /usr/bin/cmake /home/harshdev/Learning-ROS/basicbotws/src/joy_to_cmdvel -DCMAKE_INSTALL_PREFIX=/home/harshdev/Learning-ROS/basicbotws/install/joy_to_cmdvel
[0.357s] -- The C compiler identification is GNU 13.3.0
[0.447s] -- The CXX compiler identification is GNU 13.3.0
[0.462s] -- Detecting C compiler ABI info
[0.588s] -- Detecting C compiler ABI info - done
[0.617s] -- Check for working C compiler: /usr/bin/cc - skipped
[0.617s] -- Detecting C compile features
[0.618s] -- Detecting C compile features - done
[0.636s] -- Detecting CXX compiler ABI info
[0.740s] -- Detecting CXX compiler ABI info - done
[0.752s] -- Check for working CXX compiler: /usr/bin/c++ - skipped
[0.752s] -- Detecting CXX compile features
[0.752s] -- Detecting CXX compile features - done
[0.755s] -- Found ament_cmake: 2.5.3 (/opt/ros/jazzy/share/ament_cmake/cmake)
[0.874s] -- Found Python3: /usr/bin/python3 (found version "3.12.3") found components: Interpreter 
[1.007s] -- Found ament_lint_auto: 0.17.1 (/opt/ros/jazzy/share/ament_lint_auto/cmake)
[1.103s] -- Added test 'lint_cmake' to check CMake code style
[1.104s] -- Added test 'xmllint' to check XML markup files
[1.105s] -- Configuring done (0.8s)
[1.107s] -- Generating done (0.0s)
[1.108s] -- Build files have been written to: /home/harshdev/Learning-ROS/basicbotws/build/joy_to_cmdvel
[1.119s] Invoked command in '/home/harshdev/Learning-ROS/basicbotws/build/joy_to_cmdvel' returned '0': CMAKE_PREFIX_PATH=${CMAKE_PREFIX_PATH}:/home/harshdev/Learning-ROS/basicbotws/install/point_to_point_nav:/home/harshdev/Learning-ROS/basicbotws/install/joy_to_cmd_vel:/opt/ros/jazzy DEBUGINFOD_URLS=https://debuginfod.ubuntu.com /usr/bin/cmake /home/harshdev/Learning-ROS/basicbotws/src/joy_to_cmdvel -DCMAKE_INSTALL_PREFIX=/home/harshdev/Learning-ROS/basicbotws/install/joy_to_cmdvel
[1.120s] Invoking command in '/home/harshdev/Learning-ROS/basicbotws/build/joy_to_cmdvel': CMAKE_PREFIX_PATH=${CMAKE_PREFIX_PATH}:/home/harshdev/Learning-ROS/basicbotws/install/point_to_point_nav:/home/harshdev/Learning-ROS/basicbotws/install/joy_to_cmd_vel:/opt/ros/jazzy DEBUGINFOD_URLS=https://debuginfod.ubuntu.com /usr/bin/cmake --build /home/harshdev/Learning-ROS/basicbotws/build/joy_to_cmdvel -- -j12 -l12
[1.159s] Invoked command in '/home/harshdev/Learning-ROS/basicbotws/build/joy_to_cmdvel' returned '0': CMAKE_PREFIX_PATH=${CMAKE_PREFIX_PATH}:/home/harshdev/Learning-ROS/basicbotws/install/point_to_point_nav:/home/harshdev/Learning-ROS/basicbotws/install/joy_to_cmd_vel:/opt/ros/jazzy DEBUGINFOD_URLS=https://debuginfod.ubuntu.com /usr/bin/cmake --build /home/harshdev/Learning-ROS/basicbotws/build/joy_to_cmdvel -- -j12 -l12
[1.160s] Invoking command in '/home/harshdev/Learning-ROS/basicbotws/build/joy_to_cmdvel': CMAKE_PREFIX_PATH=${CMAKE_PREFIX_PATH}:/home/harshdev/Learning-ROS/basicbotws/install/point_to_point_nav:/home/harshdev/Learning-ROS/basicbotws/install/joy_to_cmd_vel:/opt/ros/jazzy DEBUGINFOD_URLS=https://debuginfod.ubuntu.com /usr/bin/cmake --install /home/harshdev/Learning-ROS/basicbotws/build/joy_to_cmdvel
[1.166s] -- Install configuration: ""
[1.167s] -- Installing: /home/harshdev/Learning-ROS/basicbotws/install/joy_to_cmdvel/share/ament_index/resource_index/package_run_dependencies/joy_to_cmdvel
[1.167s] -- Installing: /home/harshdev/Learning-ROS/basicbotws/install/joy_to_cmdvel/share/ament_index/resource_index/parent_prefix_path/joy_to_cmdvel
[1.167s] -- Up-to-date: /home/harshdev/Learning-ROS/basicbotws/install/joy_to_cmdvel/share/joy_to_cmdvel/environment/ament_prefix_path.sh
[1.167s] -- Installing: /home/harshdev/Learning-ROS/basicbotws/install/joy_to_cmdvel/share/joy_to_cmdvel/environment/ament_prefix_path.dsv
[1.167s] -- Up-to-date: /home/harshdev/Learning-ROS/basicbotws/install/joy_to_cmdvel/share/joy_to_cmdvel/environment/path.sh
[1.167s] -- Installing: /home/harshdev/Learning-ROS/basicbotws/install/joy_to_cmdvel/share/joy_to_cmdvel/environment/path.dsv
[1.167s] -- Installing: /home/harshdev/Learning-ROS/basicbotws/install/joy_to_cmdvel/share/joy_to_cmdvel/local_setup.bash
[1.167s] -- Installing: /home/harshdev/Learning-ROS/basicbotws/install/joy_to_cmdvel/share/joy_to_cmdvel/local_setup.sh
[1.168s] -- Installing: /home/harshdev/Learning-ROS/basicbotws/install/joy_to_cmdvel/share/joy_to_cmdvel/local_setup.zsh
[1.168s] -- Installing: /home/harshdev/Learning-ROS/basicbotws/install/joy_to_cmdvel/share/joy_to_cmdvel/local_setup.dsv
[1.168s] -- Installing: /home/harshdev/Learning-ROS/basicbotws/install/joy_to_cmdvel/share/joy_to_cmdvel/package.dsv
[1.168s] -- Installing: /home/harshdev/Learning-ROS/basicbotws/install/joy_to_cmdvel/share/ament_index/resource_index/packages/joy_to_cmdvel
[1.168s] -- Installing: /home/harshdev/Learning-ROS/basicbotws/install/joy_to_cmdvel/share/joy_to_cmdvel/cmake/joy_to_cmdvelConfig.cmake
[1.168s] -- Installing: /home/harshdev/Learning-ROS/basicbotws/install/joy_to_cmdvel/share/joy_to_cmdvel/cmake/joy_to_cmdvelConfig-version.cmake
[1.168s] -- Up-to-date: /home/harshdev/Learning-ROS/basicbotws/install/joy_to_cmdvel/share/joy_to_cmdvel/package.xml
[1.170s] Invoked command in '/home/harshdev/Learning-ROS/basicbotws/build/joy_to_cmdvel' returned '0': CMAKE_PREFIX_PATH=${CMAKE_PREFIX_PATH}:/home/harshdev/Learning-ROS/basicbotws/install/point_to_point_nav:/home/harshdev/Learning-ROS/basicbotws/install/joy_to_cmd_vel:/opt/ros/jazzy DEBUGINFOD_URLS=https://debuginfod.ubuntu.com /usr/bin/cmake --install /home/harshdev/Learning-ROS/basicbotws/build/joy_to_cmdvel
