[0.645s] Invoking command in '/home/harshdev/Documents/harsh/ROS/bumperbot/src/bumperbot_py': DEBUGINFOD_URLS=https://debuginfod.ubuntu.com PYTHONPATH=/home/harshdev/Documents/harsh/ROS/bumperbot/build/bumperbot_py/prefix_override:/usr/lib/python3/dist-packages/colcon_core/task/python/colcon_distutils_commands:/home/harshdev/Documents/harsh/ROS/bumperbot/install/bumperbot_py/lib/python3.12/site-packages:${PYTHONPATH} /usr/bin/python3 -W ignore:setup.py install is deprecated -W ignore:easy_install command is deprecated setup.py egg_info --egg-base ../../build/bumperbot_py build --build-base /home/harshdev/Documents/harsh/ROS/bumperbot/build/bumperbot_py/build install --record /home/harshdev/Documents/harsh/ROS/bumperbot/build/bumperbot_py/install.log --single-version-externally-managed install_data
[0.815s] running egg_info
[0.826s] writing ../../build/bumperbot_py/bumperbot_py.egg-info/PKG-INFO
[0.827s] writing dependency_links to ../../build/bumperbot_py/bumperbot_py.egg-info/dependency_links.txt
[0.827s] writing entry points to ../../build/bumperbot_py/bumperbot_py.egg-info/entry_points.txt
[0.827s] writing requirements to ../../build/bumperbot_py/bumperbot_py.egg-info/requires.txt
[0.827s] writing top-level names to ../../build/bumperbot_py/bumperbot_py.egg-info/top_level.txt
[0.850s] reading manifest file '../../build/bumperbot_py/bumperbot_py.egg-info/SOURCES.txt'
[0.851s] writing manifest file '../../build/bumperbot_py/bumperbot_py.egg-info/SOURCES.txt'
[0.851s] running build
[0.851s] running build_py
[0.851s] running install
[0.855s] running install_lib
[0.867s] running install_data
[0.867s] running install_egg_info
[0.879s] removing '/home/harshdev/Documents/harsh/ROS/bumperbot/install/bumperbot_py/lib/python3.12/site-packages/bumperbot_py-0.0.0-py3.12.egg-info' (and everything under it)
[0.879s] Copying ../../build/bumperbot_py/bumperbot_py.egg-info to /home/harshdev/Documents/harsh/ROS/bumperbot/install/bumperbot_py/lib/python3.12/site-packages/bumperbot_py-0.0.0-py3.12.egg-info
[0.879s] running install_scripts
[0.962s] Installing simple_publisher script to /home/harshdev/Documents/harsh/ROS/bumperbot/install/bumperbot_py/lib/bumperbot_py
[0.962s] Installing simple_subscriber script to /home/harshdev/Documents/harsh/ROS/bumperbot/install/bumperbot_py/lib/bumperbot_py
[0.962s] writing list of installed files to '/home/harshdev/Documents/harsh/ROS/bumperbot/build/bumperbot_py/install.log'
[0.982s] Invoked command in '/home/harshdev/Documents/harsh/ROS/bumperbot/src/bumperbot_py' returned '0': DEBUGINFOD_URLS=https://debuginfod.ubuntu.com PYTHONPATH=/home/harshdev/Documents/harsh/ROS/bumperbot/build/bumperbot_py/prefix_override:/usr/lib/python3/dist-packages/colcon_core/task/python/colcon_distutils_commands:/home/harshdev/Documents/harsh/ROS/bumperbot/install/bumperbot_py/lib/python3.12/site-packages:${PYTHONPATH} /usr/bin/python3 -W ignore:setup.py install is deprecated -W ignore:easy_install command is deprecated setup.py egg_info --egg-base ../../build/bumperbot_py build --build-base /home/harshdev/Documents/harsh/ROS/bumperbot/build/bumperbot_py/build install --record /home/harshdev/Documents/harsh/ROS/bumperbot/build/bumperbot_py/install.log --single-version-externally-managed install_data
