[0.019s] Invoking command in '/home/harshdev/Learning-ROS/alfred_ws/build/alfred_bot': CMAKE_PREFIX_PATH=${CMAKE_PREFIX_PATH}:/opt/ros/jazzy DEBUGINFOD_URLS=https://debuginfod.ubuntu.com /usr/bin/cmake /home/harshdev/Learning-ROS/alfred_ws/alfred_bot -DCMAKE_INSTALL_PREFIX=/home/harshdev/Learning-ROS/alfred_ws/install/alfred_bot
[0.108s] -- The C compiler identification is GNU 13.3.0
[0.197s] -- The CXX compiler identification is GNU 13.3.0
[0.226s] -- Detecting C compiler ABI info
[0.372s] -- Detecting C compiler ABI info - done
[0.389s] -- Check for working C compiler: /usr/bin/cc - skipped
[0.390s] -- Detecting C compile features
[0.391s] -- Detecting C compile features - done
[0.407s] -- Detecting CXX compiler ABI info
[0.570s] -- Detecting CXX compiler ABI info - done
[0.587s] -- Check for working CXX compiler: /usr/bin/c++ - skipped
[0.587s] -- Detecting CXX compile features
[0.588s] -- Detecting CXX compile features - done
[0.594s] -- Found ament_cmake: 2.5.3 (/opt/ros/jazzy/share/ament_cmake/cmake)
[0.844s] -- Found Python3: /usr/bin/python3 (found version "3.12.3") found components: Interpreter 
[1.029s] -- Found ament_lint_auto: 0.17.1 (/opt/ros/jazzy/share/ament_lint_auto/cmake)
[1.199s] -- Added test 'lint_cmake' to check CMake code style
[1.200s] -- Added test 'xmllint' to check XML markup files
[1.202s] -- Configuring done (1.2s)
[1.208s] -- Generating done (0.0s)
[1.208s] -- Build files have been written to: /home/harshdev/Learning-ROS/alfred_ws/build/alfred_bot
[1.222s] Invoked command in '/home/harshdev/Learning-ROS/alfred_ws/build/alfred_bot' returned '0': CMAKE_PREFIX_PATH=${CMAKE_PREFIX_PATH}:/opt/ros/jazzy DEBUGINFOD_URLS=https://debuginfod.ubuntu.com /usr/bin/cmake /home/harshdev/Learning-ROS/alfred_ws/alfred_bot -DCMAKE_INSTALL_PREFIX=/home/harshdev/Learning-ROS/alfred_ws/install/alfred_bot
[1.223s] Invoking command in '/home/harshdev/Learning-ROS/alfred_ws/build/alfred_bot': CMAKE_PREFIX_PATH=${CMAKE_PREFIX_PATH}:/opt/ros/jazzy DEBUGINFOD_URLS=https://debuginfod.ubuntu.com /usr/bin/cmake --build /home/harshdev/Learning-ROS/alfred_ws/build/alfred_bot -- -j12 -l12
[1.286s] Invoked command in '/home/harshdev/Learning-ROS/alfred_ws/build/alfred_bot' returned '0': CMAKE_PREFIX_PATH=${CMAKE_PREFIX_PATH}:/opt/ros/jazzy DEBUGINFOD_URLS=https://debuginfod.ubuntu.com /usr/bin/cmake --build /home/harshdev/Learning-ROS/alfred_ws/build/alfred_bot -- -j12 -l12
[1.303s] Invoking command in '/home/harshdev/Learning-ROS/alfred_ws/build/alfred_bot': CMAKE_PREFIX_PATH=${CMAKE_PREFIX_PATH}:/opt/ros/jazzy DEBUGINFOD_URLS=https://debuginfod.ubuntu.com /usr/bin/cmake --install /home/harshdev/Learning-ROS/alfred_ws/build/alfred_bot
[1.318s] -- Install configuration: ""
[1.318s] -- Installing: /home/harshdev/Learning-ROS/alfred_ws/install/alfred_bot/share/ament_index/resource_index/package_run_dependencies/alfred_bot
[1.319s] -- Installing: /home/harshdev/Learning-ROS/alfred_ws/install/alfred_bot/share/ament_index/resource_index/parent_prefix_path/alfred_bot
[1.319s] -- Installing: /home/harshdev/Learning-ROS/alfred_ws/install/alfred_bot/share/alfred_bot/environment/ament_prefix_path.sh
[1.319s] -- Installing: /home/harshdev/Learning-ROS/alfred_ws/install/alfred_bot/share/alfred_bot/environment/ament_prefix_path.dsv
[1.319s] -- Installing: /home/harshdev/Learning-ROS/alfred_ws/install/alfred_bot/share/alfred_bot/environment/path.sh
[1.319s] -- Installing: /home/harshdev/Learning-ROS/alfred_ws/install/alfred_bot/share/alfred_bot/environment/path.dsv
[1.320s] -- Installing: /home/harshdev/Learning-ROS/alfred_ws/install/alfred_bot/share/alfred_bot/local_setup.bash
[1.320s] -- Installing: /home/harshdev/Learning-ROS/alfred_ws/install/alfred_bot/share/alfred_bot/local_setup.sh
[1.320s] -- Installing: /home/harshdev/Learning-ROS/alfred_ws/install/alfred_bot/share/alfred_bot/local_setup.zsh
[1.320s] -- Installing: /home/harshdev/Learning-ROS/alfred_ws/install/alfred_bot/share/alfred_bot/local_setup.dsv
[1.320s] -- Installing: /home/harshdev/Learning-ROS/alfred_ws/install/alfred_bot/share/alfred_bot/package.dsv
[1.320s] -- Installing: /home/harshdev/Learning-ROS/alfred_ws/install/alfred_bot/share/ament_index/resource_index/packages/alfred_bot
[1.321s] -- Installing: /home/harshdev/Learning-ROS/alfred_ws/install/alfred_bot/share/alfred_bot/cmake/alfred_botConfig.cmake
[1.321s] -- Installing: /home/harshdev/Learning-ROS/alfred_ws/install/alfred_bot/share/alfred_bot/cmake/alfred_botConfig-version.cmake
[1.321s] -- Installing: /home/harshdev/Learning-ROS/alfred_ws/install/alfred_bot/share/alfred_bot/package.xml
[1.323s] Invoked command in '/home/harshdev/Learning-ROS/alfred_ws/build/alfred_bot' returned '0': CMAKE_PREFIX_PATH=${CMAKE_PREFIX_PATH}:/opt/ros/jazzy DEBUGINFOD_URLS=https://debuginfod.ubuntu.com /usr/bin/cmake --install /home/harshdev/Learning-ROS/alfred_ws/build/alfred_bot
