[0.086s] DEBUG:colcon:Command line arguments: ['/usr/bin/colcon', 'build']
[0.086s] DEBUG:colcon:Parsed command line arguments: Namespace(log_base=None, log_level=None, verb_name='build', build_base='build', install_base='install', merge_install=False, symlink_install=False, test_result_base=None, continue_on_error=False, executor='parallel', parallel_workers=12, event_handlers=None, ignore_user_meta=False, metas=['./colcon.meta'], base_paths=['.'], packages_ignore=None, packages_ignore_regex=None, paths=None, packages_up_to=None, packages_up_to_regex=None, packages_above=None, packages_above_and_dependencies=None, packages_above_depth=None, packages_select_by_dep=None, packages_skip_by_dep=None, packages_skip_up_to=None, packages_select_build_failed=False, packages_skip_build_finished=False, packages_select_test_failures=False, packages_skip_test_passed=False, packages_select=None, packages_skip=None, packages_select_regex=None, packages_skip_regex=None, packages_start=None, packages_end=None, allow_overriding=[], cmake_args=None, cmake_target=None, cmake_target_skip_unavailable=False, cmake_clean_cache=False, cmake_clean_first=False, cmake_force_configure=False, ament_cmake_args=None, catkin_cmake_args=None, catkin_skip_building_tests=False, mixin_files=None, mixin=None, verb_parser=<colcon_mixin.mixin.mixin_argument.MixinArgumentDecorator object at 0x73e5c9083c50>, verb_extension=<colcon_core.verb.build.BuildVerb object at 0x73e5c91d05c0>, main=<bound method BuildVerb.main of <colcon_core.verb.build.BuildVerb object at 0x73e5c91d05c0>>, mixin_verb=('build',))
[0.109s] Level 1:colcon.colcon_core.package_discovery:discover_packages(colcon_meta) check parameters
[0.109s] Level 1:colcon.colcon_core.package_discovery:discover_packages(recursive) check parameters
[0.109s] Level 1:colcon.colcon_core.package_discovery:discover_packages(ignore) check parameters
[0.109s] Level 1:colcon.colcon_core.package_discovery:discover_packages(path) check parameters
[0.109s] Level 1:colcon.colcon_core.package_discovery:discover_packages(colcon_meta) discover
[0.109s] Level 1:colcon.colcon_core.package_discovery:discover_packages(recursive) discover
[0.109s] INFO:colcon.colcon_core.package_discovery:Crawling recursively for packages in '/home/harshdev/Learning-ROS/basicbotws'
[0.109s] Level 1:colcon.colcon_core.package_identification:_identify(.) by extensions ['ignore', 'ignore_ament_install']
[0.109s] Level 1:colcon.colcon_core.package_identification:_identify(.) by extension 'ignore'
[0.109s] Level 1:colcon.colcon_core.package_identification:_identify(.) by extension 'ignore_ament_install'
[0.109s] Level 1:colcon.colcon_core.package_identification:_identify(.) by extensions ['colcon_pkg']
[0.109s] Level 1:colcon.colcon_core.package_identification:_identify(.) by extension 'colcon_pkg'
[0.110s] Level 1:colcon.colcon_core.package_identification:_identify(.) by extensions ['colcon_meta']
[0.110s] Level 1:colcon.colcon_core.package_identification:_identify(.) by extension 'colcon_meta'
[0.110s] Level 1:colcon.colcon_core.package_identification:_identify(.) by extensions ['ros']
[0.110s] Level 1:colcon.colcon_core.package_identification:_identify(.) by extension 'ros'
[0.126s] Level 1:colcon.colcon_core.package_identification:_identify(.) by extensions ['cmake', 'python']
[0.127s] Level 1:colcon.colcon_core.package_identification:_identify(.) by extension 'cmake'
[0.127s] Level 1:colcon.colcon_core.package_identification:_identify(.) by extension 'python'
[0.127s] Level 1:colcon.colcon_core.package_identification:_identify(.) by extensions ['python_setup_py']
[0.127s] Level 1:colcon.colcon_core.package_identification:_identify(.) by extension 'python_setup_py'
[0.127s] Level 1:colcon.colcon_core.package_identification:_identify(build) by extensions ['ignore', 'ignore_ament_install']
[0.127s] Level 1:colcon.colcon_core.package_identification:_identify(build) by extension 'ignore'
[0.127s] Level 1:colcon.colcon_core.package_identification:_identify(build) ignored
[0.127s] Level 1:colcon.colcon_core.package_identification:_identify(install) by extensions ['ignore', 'ignore_ament_install']
[0.127s] Level 1:colcon.colcon_core.package_identification:_identify(install) by extension 'ignore'
[0.127s] Level 1:colcon.colcon_core.package_identification:_identify(install) ignored
[0.127s] Level 1:colcon.colcon_core.package_identification:_identify(log) by extensions ['ignore', 'ignore_ament_install']
[0.127s] Level 1:colcon.colcon_core.package_identification:_identify(log) by extension 'ignore'
[0.127s] Level 1:colcon.colcon_core.package_identification:_identify(log) ignored
[0.127s] Level 1:colcon.colcon_core.package_identification:_identify(src) by extensions ['ignore', 'ignore_ament_install']
[0.127s] Level 1:colcon.colcon_core.package_identification:_identify(src) by extension 'ignore'
[0.127s] Level 1:colcon.colcon_core.package_identification:_identify(src) by extension 'ignore_ament_install'
[0.127s] Level 1:colcon.colcon_core.package_identification:_identify(src) by extensions ['colcon_pkg']
[0.127s] Level 1:colcon.colcon_core.package_identification:_identify(src) by extension 'colcon_pkg'
[0.127s] Level 1:colcon.colcon_core.package_identification:_identify(src) by extensions ['colcon_meta']
[0.127s] Level 1:colcon.colcon_core.package_identification:_identify(src) by extension 'colcon_meta'
[0.127s] Level 1:colcon.colcon_core.package_identification:_identify(src) by extensions ['ros']
[0.127s] Level 1:colcon.colcon_core.package_identification:_identify(src) by extension 'ros'
[0.127s] Level 1:colcon.colcon_core.package_identification:_identify(src) by extensions ['cmake', 'python']
[0.127s] Level 1:colcon.colcon_core.package_identification:_identify(src) by extension 'cmake'
[0.127s] Level 1:colcon.colcon_core.package_identification:_identify(src) by extension 'python'
[0.127s] Level 1:colcon.colcon_core.package_identification:_identify(src) by extensions ['python_setup_py']
[0.127s] Level 1:colcon.colcon_core.package_identification:_identify(src) by extension 'python_setup_py'
[0.127s] Level 1:colcon.colcon_core.package_identification:_identify(src/basicbot) by extensions ['ignore', 'ignore_ament_install']
[0.127s] Level 1:colcon.colcon_core.package_identification:_identify(src/basicbot) by extension 'ignore'
[0.127s] Level 1:colcon.colcon_core.package_identification:_identify(src/basicbot) by extension 'ignore_ament_install'
[0.128s] Level 1:colcon.colcon_core.package_identification:_identify(src/basicbot) by extensions ['colcon_pkg']
[0.128s] Level 1:colcon.colcon_core.package_identification:_identify(src/basicbot) by extension 'colcon_pkg'
[0.128s] Level 1:colcon.colcon_core.package_identification:_identify(src/basicbot) by extensions ['colcon_meta']
[0.128s] Level 1:colcon.colcon_core.package_identification:_identify(src/basicbot) by extension 'colcon_meta'
[0.128s] Level 1:colcon.colcon_core.package_identification:_identify(src/basicbot) by extensions ['ros']
[0.128s] Level 1:colcon.colcon_core.package_identification:_identify(src/basicbot) by extension 'ros'
[0.129s] DEBUG:colcon.colcon_core.package_identification:Package 'src/basicbot' with type 'ros.ament_cmake' and name 'basicbot'
[0.129s] Level 1:colcon.colcon_core.package_discovery:discover_packages(recursive) using defaults
[0.129s] Level 1:colcon.colcon_core.package_discovery:discover_packages(ignore) discover
[0.129s] Level 1:colcon.colcon_core.package_discovery:discover_packages(ignore) using defaults
[0.129s] Level 1:colcon.colcon_core.package_discovery:discover_packages(path) discover
[0.129s] Level 1:colcon.colcon_core.package_discovery:discover_packages(path) using defaults
[0.140s] Level 1:colcon.colcon_core.package_discovery:discover_packages(prefix_path) check parameters
[0.140s] Level 1:colcon.colcon_core.package_discovery:discover_packages(prefix_path) discover
[0.142s] DEBUG:colcon.colcon_installed_package_information.package_discovery:Found 386 installed packages in /opt/ros/jazzy
[0.143s] Level 1:colcon.colcon_core.package_discovery:discover_packages(prefix_path) using defaults
[0.171s] Level 5:colcon.colcon_core.verb:set package 'basicbot' build argument 'cmake_args' from command line to 'None'
[0.171s] Level 5:colcon.colcon_core.verb:set package 'basicbot' build argument 'cmake_target' from command line to 'None'
[0.171s] Level 5:colcon.colcon_core.verb:set package 'basicbot' build argument 'cmake_target_skip_unavailable' from command line to 'False'
[0.171s] Level 5:colcon.colcon_core.verb:set package 'basicbot' build argument 'cmake_clean_cache' from command line to 'False'
[0.171s] Level 5:colcon.colcon_core.verb:set package 'basicbot' build argument 'cmake_clean_first' from command line to 'False'
[0.171s] Level 5:colcon.colcon_core.verb:set package 'basicbot' build argument 'cmake_force_configure' from command line to 'False'
[0.171s] Level 5:colcon.colcon_core.verb:set package 'basicbot' build argument 'ament_cmake_args' from command line to 'None'
[0.171s] Level 5:colcon.colcon_core.verb:set package 'basicbot' build argument 'catkin_cmake_args' from command line to 'None'
[0.171s] Level 5:colcon.colcon_core.verb:set package 'basicbot' build argument 'catkin_skip_building_tests' from command line to 'False'
[0.171s] DEBUG:colcon.colcon_core.verb:Building package 'basicbot' with the following arguments: {'ament_cmake_args': None, 'build_base': '/home/harshdev/Learning-ROS/basicbotws/build/basicbot', 'catkin_cmake_args': None, 'catkin_skip_building_tests': False, 'cmake_args': None, 'cmake_clean_cache': False, 'cmake_clean_first': False, 'cmake_force_configure': False, 'cmake_target': None, 'cmake_target_skip_unavailable': False, 'install_base': '/home/harshdev/Learning-ROS/basicbotws/install/basicbot', 'merge_install': False, 'path': '/home/harshdev/Learning-ROS/basicbotws/src/basicbot', 'symlink_install': False, 'test_result_base': None}
[0.171s] INFO:colcon.colcon_core.executor:Executing jobs using 'parallel' executor
[0.172s] DEBUG:colcon.colcon_parallel_executor.executor.parallel:run_until_complete
[0.172s] INFO:colcon.colcon_ros.task.ament_cmake.build:Building ROS package in '/home/harshdev/Learning-ROS/basicbotws/src/basicbot' with build type 'ament_cmake'
[0.172s] INFO:colcon.colcon_cmake.task.cmake.build:Building CMake package in '/home/harshdev/Learning-ROS/basicbotws/src/basicbot'
[0.173s] INFO:colcon.colcon_core.plugin_system:Skipping extension 'colcon_core.shell.bat': Not used on non-Windows systems
[0.173s] INFO:colcon.colcon_core.shell:Skip shell extension 'powershell' for command environment: Not usable outside of PowerShell
[0.173s] DEBUG:colcon.colcon_core.shell:Skip shell extension 'dsv' for command environment
[0.181s] DEBUG:colcon.colcon_core.event_handler.log_command:Invoking command in '/home/harshdev/Learning-ROS/basicbotws/build/basicbot': CMAKE_PREFIX_PATH=${CMAKE_PREFIX_PATH}:/opt/ros/jazzy DEBUGINFOD_URLS=https://debuginfod.ubuntu.com /usr/bin/cmake --build /home/harshdev/Learning-ROS/basicbotws/build/basicbot -- -j12 -l12
[0.228s] DEBUG:colcon.colcon_core.event_handler.log_command:Invoked command in '/home/harshdev/Learning-ROS/basicbotws/build/basicbot' returned '0': CMAKE_PREFIX_PATH=${CMAKE_PREFIX_PATH}:/opt/ros/jazzy DEBUGINFOD_URLS=https://debuginfod.ubuntu.com /usr/bin/cmake --build /home/harshdev/Learning-ROS/basicbotws/build/basicbot -- -j12 -l12
[0.241s] DEBUG:colcon.colcon_core.event_handler.log_command:Invoking command in '/home/harshdev/Learning-ROS/basicbotws/build/basicbot': CMAKE_PREFIX_PATH=${CMAKE_PREFIX_PATH}:/opt/ros/jazzy DEBUGINFOD_URLS=https://debuginfod.ubuntu.com /usr/bin/cmake --install /home/harshdev/Learning-ROS/basicbotws/build/basicbot
[0.255s] Level 1:colcon.colcon_core.environment:create_environment_scripts_only(basicbot)
[0.258s] DEBUG:colcon.colcon_core.event_handler.log_command:Invoked command in '/home/harshdev/Learning-ROS/basicbotws/build/basicbot' returned '0': CMAKE_PREFIX_PATH=${CMAKE_PREFIX_PATH}:/opt/ros/jazzy DEBUGINFOD_URLS=https://debuginfod.ubuntu.com /usr/bin/cmake --install /home/harshdev/Learning-ROS/basicbotws/build/basicbot
[0.260s] Level 1:colcon.colcon_core.environment:checking '/home/harshdev/Learning-ROS/basicbotws/install/basicbot' for CMake module files
[0.260s] Level 1:colcon.colcon_core.environment:checking '/home/harshdev/Learning-ROS/basicbotws/install/basicbot' for CMake config files
[0.261s] Level 1:colcon.colcon_core.shell:create_environment_hook('basicbot', 'cmake_prefix_path')
[0.261s] INFO:colcon.colcon_core.shell:Creating environment hook '/home/harshdev/Learning-ROS/basicbotws/install/basicbot/share/basicbot/hook/cmake_prefix_path.ps1'
[0.262s] INFO:colcon.colcon_core.shell:Creating environment descriptor '/home/harshdev/Learning-ROS/basicbotws/install/basicbot/share/basicbot/hook/cmake_prefix_path.dsv'
[0.262s] INFO:colcon.colcon_core.shell:Creating environment hook '/home/harshdev/Learning-ROS/basicbotws/install/basicbot/share/basicbot/hook/cmake_prefix_path.sh'
[0.263s] Level 1:colcon.colcon_core.environment:checking '/home/harshdev/Learning-ROS/basicbotws/install/basicbot/bin'
[0.264s] Level 1:colcon.colcon_core.environment:checking '/home/harshdev/Learning-ROS/basicbotws/install/basicbot/lib/pkgconfig/basicbot.pc'
[0.264s] Level 1:colcon.colcon_core.environment:checking '/home/harshdev/Learning-ROS/basicbotws/install/basicbot/lib/python3.12/site-packages'
[0.264s] Level 1:colcon.colcon_core.environment:checking '/home/harshdev/Learning-ROS/basicbotws/install/basicbot/bin'
[0.264s] INFO:colcon.colcon_core.shell:Creating package script '/home/harshdev/Learning-ROS/basicbotws/install/basicbot/share/basicbot/package.ps1'
[0.266s] INFO:colcon.colcon_core.shell:Creating package descriptor '/home/harshdev/Learning-ROS/basicbotws/install/basicbot/share/basicbot/package.dsv'
[0.267s] INFO:colcon.colcon_core.shell:Creating package script '/home/harshdev/Learning-ROS/basicbotws/install/basicbot/share/basicbot/package.sh'
[0.267s] INFO:colcon.colcon_core.shell:Creating package script '/home/harshdev/Learning-ROS/basicbotws/install/basicbot/share/basicbot/package.bash'
[0.268s] INFO:colcon.colcon_core.shell:Creating package script '/home/harshdev/Learning-ROS/basicbotws/install/basicbot/share/basicbot/package.zsh'
[0.269s] Level 1:colcon.colcon_core.environment:create_file_with_runtime_dependencies(/home/harshdev/Learning-ROS/basicbotws/install/basicbot/share/colcon-core/packages/basicbot)
[0.269s] Level 1:colcon.colcon_core.environment:create_environment_scripts_only(basicbot)
[0.269s] Level 1:colcon.colcon_core.environment:checking '/home/harshdev/Learning-ROS/basicbotws/install/basicbot' for CMake module files
[0.270s] Level 1:colcon.colcon_core.environment:checking '/home/harshdev/Learning-ROS/basicbotws/install/basicbot' for CMake config files
[0.270s] Level 1:colcon.colcon_core.shell:create_environment_hook('basicbot', 'cmake_prefix_path')
[0.270s] INFO:colcon.colcon_core.shell:Creating environment hook '/home/harshdev/Learning-ROS/basicbotws/install/basicbot/share/basicbot/hook/cmake_prefix_path.ps1'
[0.271s] INFO:colcon.colcon_core.shell:Creating environment descriptor '/home/harshdev/Learning-ROS/basicbotws/install/basicbot/share/basicbot/hook/cmake_prefix_path.dsv'
[0.271s] INFO:colcon.colcon_core.shell:Creating environment hook '/home/harshdev/Learning-ROS/basicbotws/install/basicbot/share/basicbot/hook/cmake_prefix_path.sh'
[0.272s] Level 1:colcon.colcon_core.environment:checking '/home/harshdev/Learning-ROS/basicbotws/install/basicbot/bin'
[0.272s] Level 1:colcon.colcon_core.environment:checking '/home/harshdev/Learning-ROS/basicbotws/install/basicbot/lib/pkgconfig/basicbot.pc'
[0.273s] Level 1:colcon.colcon_core.environment:checking '/home/harshdev/Learning-ROS/basicbotws/install/basicbot/lib/python3.12/site-packages'
[0.273s] Level 1:colcon.colcon_core.environment:checking '/home/harshdev/Learning-ROS/basicbotws/install/basicbot/bin'
[0.273s] INFO:colcon.colcon_core.shell:Creating package script '/home/harshdev/Learning-ROS/basicbotws/install/basicbot/share/basicbot/package.ps1'
[0.274s] INFO:colcon.colcon_core.shell:Creating package descriptor '/home/harshdev/Learning-ROS/basicbotws/install/basicbot/share/basicbot/package.dsv'
[0.274s] INFO:colcon.colcon_core.shell:Creating package script '/home/harshdev/Learning-ROS/basicbotws/install/basicbot/share/basicbot/package.sh'
[0.275s] INFO:colcon.colcon_core.shell:Creating package script '/home/harshdev/Learning-ROS/basicbotws/install/basicbot/share/basicbot/package.bash'
[0.275s] INFO:colcon.colcon_core.shell:Creating package script '/home/harshdev/Learning-ROS/basicbotws/install/basicbot/share/basicbot/package.zsh'
[0.276s] Level 1:colcon.colcon_core.environment:create_file_with_runtime_dependencies(/home/harshdev/Learning-ROS/basicbotws/install/basicbot/share/colcon-core/packages/basicbot)
[0.276s] DEBUG:colcon.colcon_parallel_executor.executor.parallel:closing loop
[0.276s] DEBUG:colcon.colcon_parallel_executor.executor.parallel:loop closed
[0.277s] DEBUG:colcon.colcon_parallel_executor.executor.parallel:run_until_complete finished with '0'
[0.277s] DEBUG:colcon.colcon_core.event_reactor:joining thread
[0.285s] INFO:colcon.colcon_core.plugin_system:Skipping extension 'colcon_notification.desktop_notification.terminal_notifier': Not used on non-Darwin systems
[0.285s] INFO:colcon.colcon_core.plugin_system:Skipping extension 'colcon_notification.desktop_notification.win32': Not used on non-Windows systems
[0.285s] INFO:colcon.colcon_notification.desktop_notification:Sending desktop notification using 'notify2'
[0.310s] DEBUG:colcon.colcon_core.event_reactor:joined thread
[0.311s] INFO:colcon.colcon_core.shell:Creating prefix script '/home/harshdev/Learning-ROS/basicbotws/install/local_setup.ps1'
[0.312s] INFO:colcon.colcon_core.shell:Creating prefix util module '/home/harshdev/Learning-ROS/basicbotws/install/_local_setup_util_ps1.py'
[0.313s] INFO:colcon.colcon_core.shell:Creating prefix chain script '/home/harshdev/Learning-ROS/basicbotws/install/setup.ps1'
[0.315s] INFO:colcon.colcon_core.shell:Creating prefix script '/home/harshdev/Learning-ROS/basicbotws/install/local_setup.sh'
[0.315s] INFO:colcon.colcon_core.shell:Creating prefix util module '/home/harshdev/Learning-ROS/basicbotws/install/_local_setup_util_sh.py'
[0.316s] INFO:colcon.colcon_core.shell:Creating prefix chain script '/home/harshdev/Learning-ROS/basicbotws/install/setup.sh'
[0.317s] INFO:colcon.colcon_core.shell:Creating prefix script '/home/harshdev/Learning-ROS/basicbotws/install/local_setup.bash'
[0.318s] INFO:colcon.colcon_core.shell:Creating prefix chain script '/home/harshdev/Learning-ROS/basicbotws/install/setup.bash'
[0.319s] INFO:colcon.colcon_core.shell:Creating prefix script '/home/harshdev/Learning-ROS/basicbotws/install/local_setup.zsh'
[0.320s] INFO:colcon.colcon_core.shell:Creating prefix chain script '/home/harshdev/Learning-ROS/basicbotws/install/setup.zsh'
