[0.018s] Invoking command in '/home/harshdev/Learning-ROS/build/articubot_one': CMAKE_PREFIX_PATH=${CMAKE_PREFIX_PATH}:/opt/ros/jazzy DEBUGINFOD_URLS=https://debuginfod.ubuntu.com /usr/bin/cmake /home/harshdev/Learning-ROS/articubot_one -DCMAKE_INSTALL_PREFIX=/home/harshdev/Learning-ROS/install/articubot_one
[0.258s] -- The C compiler identification is GNU 13.3.0
[0.405s] -- The CXX compiler identification is GNU 13.3.0
[0.441s] -- Detecting C compiler ABI info
[0.618s] -- Detecting C compiler ABI info - done
[0.635s] -- Check for working C compiler: /usr/bin/cc - skipped
[0.636s] -- Detecting C compile features
[0.637s] -- Detecting C compile features - done
[0.654s] -- Detecting CXX compiler ABI info
[0.800s] -- Detecting CXX compiler ABI info - done
[0.816s] -- Check for working CXX compiler: /usr/bin/c++ - skipped
[0.816s] -- Detecting CXX compile features
[0.817s] -- Detecting CXX compile features - done
[0.836s] -- Found ament_cmake: 2.5.3 (/opt/ros/jazzy/share/ament_cmake/cmake)
[1.050s] -- Found Python3: /usr/bin/python3 (found version "3.12.3") found components: Interpreter 
[1.214s] -- Found ament_lint_auto: 0.17.1 (/opt/ros/jazzy/share/ament_lint_auto/cmake)
[1.358s] -- Added test 'flake8' to check Python code syntax and style conventions
[1.358s] -- Configured 'flake8' exclude dirs and/or files: 
[1.359s] -- Added test 'lint_cmake' to check CMake code style
[1.360s] -- Added test 'pep257' to check Python code against some of the docstring style conventions in PEP 257
[1.363s] -- Added test 'xmllint' to check XML markup files
[1.364s] -- Configuring done (1.3s)
[1.367s] -- Generating done (0.0s)
[1.369s] -- Build files have been written to: /home/harshdev/Learning-ROS/build/articubot_one
[1.378s] Invoked command in '/home/harshdev/Learning-ROS/build/articubot_one' returned '0': CMAKE_PREFIX_PATH=${CMAKE_PREFIX_PATH}:/opt/ros/jazzy DEBUGINFOD_URLS=https://debuginfod.ubuntu.com /usr/bin/cmake /home/harshdev/Learning-ROS/articubot_one -DCMAKE_INSTALL_PREFIX=/home/harshdev/Learning-ROS/install/articubot_one
[1.380s] Invoking command in '/home/harshdev/Learning-ROS/build/articubot_one': CMAKE_PREFIX_PATH=${CMAKE_PREFIX_PATH}:/opt/ros/jazzy DEBUGINFOD_URLS=https://debuginfod.ubuntu.com /usr/bin/cmake --build /home/harshdev/Learning-ROS/build/articubot_one -- -j12 -l12
[1.442s] Invoked command in '/home/harshdev/Learning-ROS/build/articubot_one' returned '0': CMAKE_PREFIX_PATH=${CMAKE_PREFIX_PATH}:/opt/ros/jazzy DEBUGINFOD_URLS=https://debuginfod.ubuntu.com /usr/bin/cmake --build /home/harshdev/Learning-ROS/build/articubot_one -- -j12 -l12
[1.459s] Invoking command in '/home/harshdev/Learning-ROS/build/articubot_one': CMAKE_PREFIX_PATH=${CMAKE_PREFIX_PATH}:/opt/ros/jazzy DEBUGINFOD_URLS=https://debuginfod.ubuntu.com /usr/bin/cmake --install /home/harshdev/Learning-ROS/build/articubot_one
[1.470s] -- Install configuration: ""
[1.470s] -- Installing: /home/harshdev/Learning-ROS/install/articubot_one/share/articubot_one/config
[1.471s] -- Installing: /home/harshdev/Learning-ROS/install/articubot_one/share/articubot_one/config/gz_bridge.yaml
[1.471s] -- Installing: /home/harshdev/Learning-ROS/install/articubot_one/share/articubot_one/config/empty.yaml
[1.471s] -- Installing: /home/harshdev/Learning-ROS/install/articubot_one/share/articubot_one/config/my_controllers.yaml
[1.471s] -- Installing: /home/harshdev/Learning-ROS/install/articubot_one/share/articubot_one/config/nav2_params.yaml
[1.471s] -- Installing: /home/harshdev/Learning-ROS/install/articubot_one/share/articubot_one/config/mapper_params_online_async.yaml
[1.471s] -- Installing: /home/harshdev/Learning-ROS/install/articubot_one/share/articubot_one/config/map.rviz
[1.472s] -- Installing: /home/harshdev/Learning-ROS/install/articubot_one/share/articubot_one/config/view_bot.rviz
[1.472s] -- Installing: /home/harshdev/Learning-ROS/install/articubot_one/share/articubot_one/config/main.rviz
[1.472s] -- Installing: /home/harshdev/Learning-ROS/install/articubot_one/share/articubot_one/config/gaz_ros2_ctl_use_sim.yaml
[1.472s] -- Installing: /home/harshdev/Learning-ROS/install/articubot_one/share/articubot_one/config/ball_tracker_params_robot.yaml
[1.472s] -- Installing: /home/harshdev/Learning-ROS/install/articubot_one/share/articubot_one/config/ball_tracker_params_sim.yaml
[1.473s] -- Installing: /home/harshdev/Learning-ROS/install/articubot_one/share/articubot_one/config/joystick.yaml
[1.473s] -- Installing: /home/harshdev/Learning-ROS/install/articubot_one/share/articubot_one/config/twist_mux.yaml
[1.473s] -- Installing: /home/harshdev/Learning-ROS/install/articubot_one/share/articubot_one/config/drive_bot.rviz
[1.473s] -- Installing: /home/harshdev/Learning-ROS/install/articubot_one/share/articubot_one/description
[1.473s] -- Installing: /home/harshdev/Learning-ROS/install/articubot_one/share/articubot_one/description/imu.xacro
[1.473s] -- Installing: /home/harshdev/Learning-ROS/install/articubot_one/share/articubot_one/description/inertial_macros.xacro
[1.474s] -- Installing: /home/harshdev/Learning-ROS/install/articubot_one/share/articubot_one/description/depth_camera.xacro
[1.474s] -- Installing: /home/harshdev/Learning-ROS/install/articubot_one/share/articubot_one/description/gazebo_control.xacro
[1.474s] -- Installing: /home/harshdev/Learning-ROS/install/articubot_one/share/articubot_one/description/robot.urdf.xacro
[1.474s] -- Installing: /home/harshdev/Learning-ROS/install/articubot_one/share/articubot_one/description/face.xacro
[1.474s] -- Installing: /home/harshdev/Learning-ROS/install/articubot_one/share/articubot_one/description/robot_core.xacro
[1.475s] -- Installing: /home/harshdev/Learning-ROS/install/articubot_one/share/articubot_one/description/camera.xacro
[1.475s] -- Installing: /home/harshdev/Learning-ROS/install/articubot_one/share/articubot_one/description/ros2_control.xacro
[1.475s] -- Installing: /home/harshdev/Learning-ROS/install/articubot_one/share/articubot_one/description/lidar.xacro
[1.475s] -- Installing: /home/harshdev/Learning-ROS/install/articubot_one/share/articubot_one/launch
[1.475s] -- Installing: /home/harshdev/Learning-ROS/install/articubot_one/share/articubot_one/launch/launch_robot.launch.py
[1.475s] -- Installing: /home/harshdev/Learning-ROS/install/articubot_one/share/articubot_one/launch/rsp.launch.py
[1.475s] -- Installing: /home/harshdev/Learning-ROS/install/articubot_one/share/articubot_one/launch/camera.launch.py
[1.476s] -- Installing: /home/harshdev/Learning-ROS/install/articubot_one/share/articubot_one/launch/joystick.launch.py
[1.476s] -- Installing: /home/harshdev/Learning-ROS/install/articubot_one/share/articubot_one/launch/online_async_launch.py
[1.476s] -- Installing: /home/harshdev/Learning-ROS/install/articubot_one/share/articubot_one/launch/launch_sim.launch.py
[1.476s] -- Installing: /home/harshdev/Learning-ROS/install/articubot_one/share/articubot_one/launch/rplidar.launch.py
[1.476s] -- Installing: /home/harshdev/Learning-ROS/install/articubot_one/share/articubot_one/launch/navigation_launch.py
[1.476s] -- Installing: /home/harshdev/Learning-ROS/install/articubot_one/share/articubot_one/launch/ball_tracker.launch.py
[1.476s] -- Installing: /home/harshdev/Learning-ROS/install/articubot_one/share/articubot_one/launch/localization_launch.py
[1.477s] -- Installing: /home/harshdev/Learning-ROS/install/articubot_one/share/articubot_one/worlds
[1.477s] -- Installing: /home/harshdev/Learning-ROS/install/articubot_one/share/articubot_one/worlds/obstacles.world
[1.477s] -- Installing: /home/harshdev/Learning-ROS/install/articubot_one/share/articubot_one/worlds/distribution_center.world
[1.477s] -- Installing: /home/harshdev/Learning-ROS/install/articubot_one/share/articubot_one/worlds/empty.world
[1.477s] -- Installing: /home/harshdev/Learning-ROS/install/articubot_one/share/articubot_one/worlds/house.world
[1.477s] -- Installing: /home/harshdev/Learning-ROS/install/articubot_one/share/articubot_one/worlds/cafe.world
[1.478s] -- Installing: /home/harshdev/Learning-ROS/install/articubot_one/share/articubot_one/worlds/hospital.world
[1.478s] -- Installing: /home/harshdev/Learning-ROS/install/articubot_one/share/articubot_one/worlds/factory.world
[1.478s] -- Installing: /home/harshdev/Learning-ROS/install/articubot_one/share/ament_index/resource_index/package_run_dependencies/articubot_one
[1.478s] -- Installing: /home/harshdev/Learning-ROS/install/articubot_one/share/ament_index/resource_index/parent_prefix_path/articubot_one
[1.479s] -- Installing: /home/harshdev/Learning-ROS/install/articubot_one/share/articubot_one/environment/ament_prefix_path.sh
[1.479s] -- Installing: /home/harshdev/Learning-ROS/install/articubot_one/share/articubot_one/environment/ament_prefix_path.dsv
[1.479s] -- Installing: /home/harshdev/Learning-ROS/install/articubot_one/share/articubot_one/environment/path.sh
[1.479s] -- Installing: /home/harshdev/Learning-ROS/install/articubot_one/share/articubot_one/environment/path.dsv
[1.480s] -- Installing: /home/harshdev/Learning-ROS/install/articubot_one/share/articubot_one/local_setup.bash
[1.480s] -- Installing: /home/harshdev/Learning-ROS/install/articubot_one/share/articubot_one/local_setup.sh
[1.480s] -- Installing: /home/harshdev/Learning-ROS/install/articubot_one/share/articubot_one/local_setup.zsh
[1.480s] -- Installing: /home/harshdev/Learning-ROS/install/articubot_one/share/articubot_one/local_setup.dsv
[1.481s] -- Installing: /home/harshdev/Learning-ROS/install/articubot_one/share/articubot_one/package.dsv
[1.481s] -- Installing: /home/harshdev/Learning-ROS/install/articubot_one/share/ament_index/resource_index/packages/articubot_one
[1.481s] -- Installing: /home/harshdev/Learning-ROS/install/articubot_one/share/articubot_one/cmake/articubot_oneConfig.cmake
[1.481s] -- Installing: /home/harshdev/Learning-ROS/install/articubot_one/share/articubot_one/cmake/articubot_oneConfig-version.cmake
[1.481s] -- Installing: /home/harshdev/Learning-ROS/install/articubot_one/share/articubot_one/package.xml
[1.481s] Invoked command in '/home/harshdev/Learning-ROS/build/articubot_one' returned '0': CMAKE_PREFIX_PATH=${CMAKE_PREFIX_PATH}:/opt/ros/jazzy DEBUGINFOD_URLS=https://debuginfod.ubuntu.com /usr/bin/cmake --install /home/harshdev/Learning-ROS/build/articubot_one
