[0.018s] Invoking command in '/home/harshdev/Learning-ROS/alffybot/build/alffy_description': CMAKE_PREFIX_PATH=${CMAKE_PREFIX_PATH}:/opt/ros/jazzy DEBUGINFOD_URLS=https://debuginfod.ubuntu.com /usr/bin/cmake --build /home/harshdev/Learning-ROS/alffybot/build/alffy_description -- -j12 -l12
[0.297s] Invoked command in '/home/harshdev/Learning-ROS/alffybot/build/alffy_description' returned '0': CMAKE_PREFIX_PATH=${CMAKE_PREFIX_PATH}:/opt/ros/jazzy DEBUGINFOD_URLS=https://debuginfod.ubuntu.com /usr/bin/cmake --build /home/harshdev/Learning-ROS/alffybot/build/alffy_description -- -j12 -l12
[0.311s] Invoking command in '/home/harshdev/Learning-ROS/alffybot/build/alffy_description': CMAKE_PREFIX_PATH=${CMAKE_PREFIX_PATH}:/opt/ros/jazzy DEBUGINFOD_URLS=https://debuginfod.ubuntu.com /usr/bin/cmake --install /home/harshdev/Learning-ROS/alffybot/build/alffy_description
[0.322s] -- Install configuration: ""
[0.322s] -- Up-to-date: /home/harshdev/Learning-ROS/alffybot/install/alffy_description/share/alffy_description/launch
[0.322s] -- Installing: /home/harshdev/Learning-ROS/alffybot/install/alffy_description/share/alffy_description/launch/display.launch.py
[0.322s] -- Up-to-date: /home/harshdev/Learning-ROS/alffybot/install/alffy_description/share/alffy_description/meshes
[0.323s] -- Up-to-date: /home/harshdev/Learning-ROS/alffybot/install/alffy_description/share/alffy_description/meshes/base_link.STL
[0.323s] -- Up-to-date: /home/harshdev/Learning-ROS/alffybot/install/alffy_description/share/alffy_description/meshes/caster_front_link.STL
[0.323s] -- Up-to-date: /home/harshdev/Learning-ROS/alffybot/install/alffy_description/share/alffy_description/meshes/imu_link.STL
[0.323s] -- Up-to-date: /home/harshdev/Learning-ROS/alffybot/install/alffy_description/share/alffy_description/meshes/caster_rear_link.STL
[0.323s] -- Up-to-date: /home/harshdev/Learning-ROS/alffybot/install/alffy_description/share/alffy_description/meshes/wheel_left_link.STL
[0.323s] -- Up-to-date: /home/harshdev/Learning-ROS/alffybot/install/alffy_description/share/alffy_description/meshes/wheel_right_link.STL
[0.324s] -- Up-to-date: /home/harshdev/Learning-ROS/alffybot/install/alffy_description/share/alffy_description/urdf
[0.324s] -- Up-to-date: /home/harshdev/Learning-ROS/alffybot/install/alffy_description/share/alffy_description/urdf/alffy_gazebo.xacro
[0.324s] -- Up-to-date: /home/harshdev/Learning-ROS/alffybot/install/alffy_description/share/alffy_description/urdf/alffy.urdf.xacro
[0.324s] -- Up-to-date: /home/harshdev/Learning-ROS/alffybot/install/alffy_description/share/alffy_description/rviz
[0.324s] -- Installing: /home/harshdev/Learning-ROS/alffybot/install/alffy_description/share/alffy_description/rviz/display.rviz
[0.325s] -- Up-to-date: /home/harshdev/Learning-ROS/alffybot/install/alffy_description/share/ament_index/resource_index/package_run_dependencies/alffy_description
[0.325s] -- Up-to-date: /home/harshdev/Learning-ROS/alffybot/install/alffy_description/share/ament_index/resource_index/parent_prefix_path/alffy_description
[0.325s] -- Up-to-date: /home/harshdev/Learning-ROS/alffybot/install/alffy_description/share/alffy_description/environment/ament_prefix_path.sh
[0.325s] -- Up-to-date: /home/harshdev/Learning-ROS/alffybot/install/alffy_description/share/alffy_description/environment/ament_prefix_path.dsv
[0.325s] -- Up-to-date: /home/harshdev/Learning-ROS/alffybot/install/alffy_description/share/alffy_description/environment/path.sh
[0.325s] -- Up-to-date: /home/harshdev/Learning-ROS/alffybot/install/alffy_description/share/alffy_description/environment/path.dsv
[0.325s] -- Up-to-date: /home/harshdev/Learning-ROS/alffybot/install/alffy_description/share/alffy_description/local_setup.bash
[0.325s] -- Up-to-date: /home/harshdev/Learning-ROS/alffybot/install/alffy_description/share/alffy_description/local_setup.sh
[0.325s] -- Up-to-date: /home/harshdev/Learning-ROS/alffybot/install/alffy_description/share/alffy_description/local_setup.zsh
[0.325s] -- Up-to-date: /home/harshdev/Learning-ROS/alffybot/install/alffy_description/share/alffy_description/local_setup.dsv
[0.325s] -- Installing: /home/harshdev/Learning-ROS/alffybot/install/alffy_description/share/alffy_description/package.dsv
[0.326s] -- Up-to-date: /home/harshdev/Learning-ROS/alffybot/install/alffy_description/share/ament_index/resource_index/packages/alffy_description
[0.326s] -- Up-to-date: /home/harshdev/Learning-ROS/alffybot/install/alffy_description/share/alffy_description/cmake/alffy_descriptionConfig.cmake
[0.326s] -- Up-to-date: /home/harshdev/Learning-ROS/alffybot/install/alffy_description/share/alffy_description/cmake/alffy_descriptionConfig-version.cmake
[0.326s] -- Up-to-date: /home/harshdev/Learning-ROS/alffybot/install/alffy_description/share/alffy_description/package.xml
[0.327s] Invoked command in '/home/harshdev/Learning-ROS/alffybot/build/alffy_description' returned '0': CMAKE_PREFIX_PATH=${CMAKE_PREFIX_PATH}:/opt/ros/jazzy DEBUGINFOD_URLS=https://debuginfod.ubuntu.com /usr/bin/cmake --install /home/harshdev/Learning-ROS/alffybot/build/alffy_description
