[1.343s] Invoking command in '/home/harshdev/Documents/harsh/Learning-ROS/bumperbot/src/bumperbot_py': DEBUGINFOD_URLS=https://debuginfod.ubuntu.com PYTHONPATH=/home/harshdev/Documents/harsh/Learning-ROS/bumperbot/build/bumperbot_py/prefix_override:/usr/lib/python3/dist-packages/colcon_core/task/python/colcon_distutils_commands:/home/harshdev/Documents/harsh/Learning-ROS/bumperbot/install/bumperbot_py/lib/python3.12/site-packages:${PYTHONPATH} /usr/bin/python3 -W ignore:setup.py install is deprecated -W ignore:easy_install command is deprecated setup.py egg_info --egg-base ../../build/bumperbot_py build --build-base /home/harshdev/Documents/harsh/Learning-ROS/bumperbot/build/bumperbot_py/build install --record /home/harshdev/Documents/harsh/Learning-ROS/bumperbot/build/bumperbot_py/install.log --single-version-externally-managed install_data
[1.638s] running egg_info
[1.659s] writing ../../build/bumperbot_py/bumperbot_py.egg-info/PKG-INFO
[1.659s] writing dependency_links to ../../build/bumperbot_py/bumperbot_py.egg-info/dependency_links.txt
[1.659s] writing entry points to ../../build/bumperbot_py/bumperbot_py.egg-info/entry_points.txt
[1.659s] writing requirements to ../../build/bumperbot_py/bumperbot_py.egg-info/requires.txt
[1.660s] writing top-level names to ../../build/bumperbot_py/bumperbot_py.egg-info/top_level.txt
[1.701s] reading manifest file '../../build/bumperbot_py/bumperbot_py.egg-info/SOURCES.txt'
[1.702s] writing manifest file '../../build/bumperbot_py/bumperbot_py.egg-info/SOURCES.txt'
[1.702s] running build
[1.703s] running build_py
[1.703s] running install
[1.710s] running install_lib
[1.731s] running install_data
[1.732s] running install_egg_info
[1.754s] removing '/home/harshdev/Documents/harsh/Learning-ROS/bumperbot/install/bumperbot_py/lib/python3.12/site-packages/bumperbot_py-0.0.0-py3.12.egg-info' (and everything under it)
[1.754s] Copying ../../build/bumperbot_py/bumperbot_py.egg-info to /home/harshdev/Documents/harsh/Learning-ROS/bumperbot/install/bumperbot_py/lib/python3.12/site-packages/bumperbot_py-0.0.0-py3.12.egg-info
[1.755s] running install_scripts
[1.896s] Installing simple_publisher script to /home/harshdev/Documents/harsh/Learning-ROS/bumperbot/install/bumperbot_py/lib/bumperbot_py
[1.896s] Installing simple_subscriber script to /home/harshdev/Documents/harsh/Learning-ROS/bumperbot/install/bumperbot_py/lib/bumperbot_py
[1.897s] writing list of installed files to '/home/harshdev/Documents/harsh/Learning-ROS/bumperbot/build/bumperbot_py/install.log'
[1.935s] Invoked command in '/home/harshdev/Documents/harsh/Learning-ROS/bumperbot/src/bumperbot_py' returned '0': DEBUGINFOD_URLS=https://debuginfod.ubuntu.com PYTHONPATH=/home/harshdev/Documents/harsh/Learning-ROS/bumperbot/build/bumperbot_py/prefix_override:/usr/lib/python3/dist-packages/colcon_core/task/python/colcon_distutils_commands:/home/harshdev/Documents/harsh/Learning-ROS/bumperbot/install/bumperbot_py/lib/python3.12/site-packages:${PYTHONPATH} /usr/bin/python3 -W ignore:setup.py install is deprecated -W ignore:easy_install command is deprecated setup.py egg_info --egg-base ../../build/bumperbot_py build --build-base /home/harshdev/Documents/harsh/Learning-ROS/bumperbot/build/bumperbot_py/build install --record /home/harshdev/Documents/harsh/Learning-ROS/bumperbot/build/bumperbot_py/install.log --single-version-externally-managed install_data
