[0.146s] DEBUG:colcon:Command line arguments: ['/usr/bin/colcon', 'list', '-p', '--base-paths', '/home/harshdev/Learning-ROS/alffybot']
[0.147s] DEBUG:colcon:Parsed command line arguments: Namespace(log_base=None, log_level=None, verb_name='list', build_base='build', ignore_user_meta=False, metas=['./colcon.meta'], base_paths=['/home/harshdev/Learning-ROS/alffybot'], packages_ignore=None, packages_ignore_regex=None, paths=None, packages_up_to=None, packages_up_to_regex=None, packages_above=None, packages_above_and_dependencies=None, packages_above_depth=None, packages_select_by_dep=None, packages_skip_by_dep=None, packages_skip_up_to=None, packages_select_build_failed=False, packages_skip_build_finished=False, packages_select_test_failures=False, packages_skip_test_passed=False, packages_select=None, packages_skip=None, packages_select_regex=None, packages_skip_regex=None, packages_start=None, packages_end=None, allow_overriding=[], topological_order=False, names_only=False, paths_only=True, topological_graph=False, topological_graph_dot=False, topological_graph_density=False, topological_graph_legend=False, topological_graph_dot_cluster=False, topological_graph_dot_include_skipped=False, mixin_files=None, mixin=None, verb_parser=<colcon_mixin.mixin.mixin_argument.MixinArgumentDecorator object at 0x7d8863a6d3a0>, verb_extension=<colcon_package_information.verb.list.ListVerb object at 0x7d88639f2510>, main=<bound method ListVerb.main of <colcon_package_information.verb.list.ListVerb object at 0x7d88639f2510>>, mixin_verb=('list',))
[0.198s] Level 1:colcon.colcon_core.package_discovery:discover_packages(colcon_meta) check parameters
[0.199s] Level 1:colcon.colcon_core.package_discovery:discover_packages(recursive) check parameters
[0.199s] Level 1:colcon.colcon_core.package_discovery:discover_packages(ignore) check parameters
[0.199s] Level 1:colcon.colcon_core.package_discovery:discover_packages(path) check parameters
[0.199s] Level 1:colcon.colcon_core.package_discovery:discover_packages(recursive) discover
[0.199s] INFO:colcon.colcon_core.package_discovery:Crawling recursively for packages in '/home/harshdev/Learning-ROS/alffybot'
[0.199s] Level 1:colcon.colcon_core.package_identification:_identify(/home/harshdev/Learning-ROS/alffybot) by extensions ['ignore', 'ignore_ament_install']
[0.199s] Level 1:colcon.colcon_core.package_identification:_identify(/home/harshdev/Learning-ROS/alffybot) by extension 'ignore'
[0.199s] Level 1:colcon.colcon_core.package_identification:_identify(/home/harshdev/Learning-ROS/alffybot) by extension 'ignore_ament_install'
[0.199s] Level 1:colcon.colcon_core.package_identification:_identify(/home/harshdev/Learning-ROS/alffybot) by extensions ['colcon_pkg']
[0.199s] Level 1:colcon.colcon_core.package_identification:_identify(/home/harshdev/Learning-ROS/alffybot) by extension 'colcon_pkg'
[0.199s] Level 1:colcon.colcon_core.package_identification:_identify(/home/harshdev/Learning-ROS/alffybot) by extensions ['colcon_meta']
[0.199s] Level 1:colcon.colcon_core.package_identification:_identify(/home/harshdev/Learning-ROS/alffybot) by extension 'colcon_meta'
[0.199s] Level 1:colcon.colcon_core.package_identification:_identify(/home/harshdev/Learning-ROS/alffybot) by extensions ['ros']
[0.199s] Level 1:colcon.colcon_core.package_identification:_identify(/home/harshdev/Learning-ROS/alffybot) by extension 'ros'
[0.236s] Level 1:colcon.colcon_core.package_identification:_identify(/home/harshdev/Learning-ROS/alffybot) by extensions ['cmake', 'python']
[0.236s] Level 1:colcon.colcon_core.package_identification:_identify(/home/harshdev/Learning-ROS/alffybot) by extension 'cmake'
[0.236s] Level 1:colcon.colcon_core.package_identification:_identify(/home/harshdev/Learning-ROS/alffybot) by extension 'python'
[0.236s] Level 1:colcon.colcon_core.package_identification:_identify(/home/harshdev/Learning-ROS/alffybot) by extensions ['python_setup_py']
[0.236s] Level 1:colcon.colcon_core.package_identification:_identify(/home/harshdev/Learning-ROS/alffybot) by extension 'python_setup_py'
[0.236s] Level 1:colcon.colcon_core.package_identification:_identify(/home/harshdev/Learning-ROS/alffybot/build) by extensions ['ignore', 'ignore_ament_install']
[0.237s] Level 1:colcon.colcon_core.package_identification:_identify(/home/harshdev/Learning-ROS/alffybot/build) by extension 'ignore'
[0.237s] Level 1:colcon.colcon_core.package_identification:_identify(/home/harshdev/Learning-ROS/alffybot/build) ignored
[0.237s] Level 1:colcon.colcon_core.package_identification:_identify(/home/harshdev/Learning-ROS/alffybot/install) by extensions ['ignore', 'ignore_ament_install']
[0.237s] Level 1:colcon.colcon_core.package_identification:_identify(/home/harshdev/Learning-ROS/alffybot/install) by extension 'ignore'
[0.237s] Level 1:colcon.colcon_core.package_identification:_identify(/home/harshdev/Learning-ROS/alffybot/install) ignored
[0.237s] Level 1:colcon.colcon_core.package_identification:_identify(/home/harshdev/Learning-ROS/alffybot/log) by extensions ['ignore', 'ignore_ament_install']
[0.237s] Level 1:colcon.colcon_core.package_identification:_identify(/home/harshdev/Learning-ROS/alffybot/log) by extension 'ignore'
[0.237s] Level 1:colcon.colcon_core.package_identification:_identify(/home/harshdev/Learning-ROS/alffybot/log) ignored
[0.237s] Level 1:colcon.colcon_core.package_identification:_identify(/home/harshdev/Learning-ROS/alffybot/src) by extensions ['ignore', 'ignore_ament_install']
[0.237s] Level 1:colcon.colcon_core.package_identification:_identify(/home/harshdev/Learning-ROS/alffybot/src) by extension 'ignore'
[0.238s] Level 1:colcon.colcon_core.package_identification:_identify(/home/harshdev/Learning-ROS/alffybot/src) by extension 'ignore_ament_install'
[0.238s] Level 1:colcon.colcon_core.package_identification:_identify(/home/harshdev/Learning-ROS/alffybot/src) by extensions ['colcon_pkg']
[0.238s] Level 1:colcon.colcon_core.package_identification:_identify(/home/harshdev/Learning-ROS/alffybot/src) by extension 'colcon_pkg'
[0.238s] Level 1:colcon.colcon_core.package_identification:_identify(/home/harshdev/Learning-ROS/alffybot/src) by extensions ['colcon_meta']
[0.238s] Level 1:colcon.colcon_core.package_identification:_identify(/home/harshdev/Learning-ROS/alffybot/src) by extension 'colcon_meta'
[0.238s] Level 1:colcon.colcon_core.package_identification:_identify(/home/harshdev/Learning-ROS/alffybot/src) by extensions ['ros']
[0.238s] Level 1:colcon.colcon_core.package_identification:_identify(/home/harshdev/Learning-ROS/alffybot/src) by extension 'ros'
[0.238s] Level 1:colcon.colcon_core.package_identification:_identify(/home/harshdev/Learning-ROS/alffybot/src) by extensions ['cmake', 'python']
[0.238s] Level 1:colcon.colcon_core.package_identification:_identify(/home/harshdev/Learning-ROS/alffybot/src) by extension 'cmake'
[0.238s] Level 1:colcon.colcon_core.package_identification:_identify(/home/harshdev/Learning-ROS/alffybot/src) by extension 'python'
[0.238s] Level 1:colcon.colcon_core.package_identification:_identify(/home/harshdev/Learning-ROS/alffybot/src) by extensions ['python_setup_py']
[0.238s] Level 1:colcon.colcon_core.package_identification:_identify(/home/harshdev/Learning-ROS/alffybot/src) by extension 'python_setup_py'
[0.238s] Level 1:colcon.colcon_core.package_identification:_identify(/home/harshdev/Learning-ROS/alffybot/src/alffy_talks_package) by extensions ['ignore', 'ignore_ament_install']
[0.238s] Level 1:colcon.colcon_core.package_identification:_identify(/home/harshdev/Learning-ROS/alffybot/src/alffy_talks_package) by extension 'ignore'
[0.239s] Level 1:colcon.colcon_core.package_identification:_identify(/home/harshdev/Learning-ROS/alffybot/src/alffy_talks_package) by extension 'ignore_ament_install'
[0.239s] Level 1:colcon.colcon_core.package_identification:_identify(/home/harshdev/Learning-ROS/alffybot/src/alffy_talks_package) by extensions ['colcon_pkg']
[0.239s] Level 1:colcon.colcon_core.package_identification:_identify(/home/harshdev/Learning-ROS/alffybot/src/alffy_talks_package) by extension 'colcon_pkg'
[0.239s] Level 1:colcon.colcon_core.package_identification:_identify(/home/harshdev/Learning-ROS/alffybot/src/alffy_talks_package) by extensions ['colcon_meta']
[0.239s] Level 1:colcon.colcon_core.package_identification:_identify(/home/harshdev/Learning-ROS/alffybot/src/alffy_talks_package) by extension 'colcon_meta'
[0.239s] Level 1:colcon.colcon_core.package_identification:_identify(/home/harshdev/Learning-ROS/alffybot/src/alffy_talks_package) by extensions ['ros']
[0.239s] Level 1:colcon.colcon_core.package_identification:_identify(/home/harshdev/Learning-ROS/alffybot/src/alffy_talks_package) by extension 'ros'
[0.243s] DEBUG:colcon.colcon_core.package_identification:Package '/home/harshdev/Learning-ROS/alffybot/src/alffy_talks_package' with type 'ros.ament_python' and name 'alffy_talks_package'
[0.243s] Level 1:colcon.colcon_core.package_discovery:discover_packages(recursive) using defaults
