[0.176s] DEBUG:colcon:Command line arguments: ['/usr/bin/colcon', 'build']
[0.176s] DEBUG:colcon:Parsed command line arguments: Namespace(log_base=None, log_level=None, verb_name='build', build_base='build', install_base='install', merge_install=False, symlink_install=False, test_result_base=None, continue_on_error=False, executor='parallel', parallel_workers=12, event_handlers=None, ignore_user_meta=False, metas=['./colcon.meta'], base_paths=['.'], packages_ignore=None, packages_ignore_regex=None, paths=None, packages_up_to=None, packages_up_to_regex=None, packages_above=None, packages_above_and_dependencies=None, packages_above_depth=None, packages_select_by_dep=None, packages_skip_by_dep=None, packages_skip_up_to=None, packages_select_build_failed=False, packages_skip_build_finished=False, packages_select_test_failures=False, packages_skip_test_passed=False, packages_select=None, packages_skip=None, packages_select_regex=None, packages_skip_regex=None, packages_start=None, packages_end=None, allow_overriding=[], cmake_args=None, cmake_target=None, cmake_target_skip_unavailable=False, cmake_clean_cache=False, cmake_clean_first=False, cmake_force_configure=False, ament_cmake_args=None, catkin_cmake_args=None, catkin_skip_building_tests=False, mixin_files=None, mixin=None, verb_parser=<colcon_mixin.mixin.mixin_argument.MixinArgumentDecorator object at 0x7caab1a54860>, verb_extension=<colcon_core.verb.build.BuildVerb object at 0x7caab1bd8c50>, main=<bound method BuildVerb.main of <colcon_core.verb.build.BuildVerb object at 0x7caab1bd8c50>>, mixin_verb=('build',))
[0.243s] Level 1:colcon.colcon_core.package_discovery:discover_packages(colcon_meta) check parameters
[0.243s] Level 1:colcon.colcon_core.package_discovery:discover_packages(recursive) check parameters
[0.243s] Level 1:colcon.colcon_core.package_discovery:discover_packages(ignore) check parameters
[0.243s] Level 1:colcon.colcon_core.package_discovery:discover_packages(path) check parameters
[0.243s] Level 1:colcon.colcon_core.package_discovery:discover_packages(colcon_meta) discover
[0.243s] Level 1:colcon.colcon_core.package_discovery:discover_packages(recursive) discover
[0.243s] INFO:colcon.colcon_core.package_discovery:Crawling recursively for packages in '/home/harshdev/Learning-ROS/basicbotws'
[0.243s] Level 1:colcon.colcon_core.package_identification:_identify(.) by extensions ['ignore', 'ignore_ament_install']
[0.243s] Level 1:colcon.colcon_core.package_identification:_identify(.) by extension 'ignore'
[0.243s] Level 1:colcon.colcon_core.package_identification:_identify(.) by extension 'ignore_ament_install'
[0.244s] Level 1:colcon.colcon_core.package_identification:_identify(.) by extensions ['colcon_pkg']
[0.244s] Level 1:colcon.colcon_core.package_identification:_identify(.) by extension 'colcon_pkg'
[0.244s] Level 1:colcon.colcon_core.package_identification:_identify(.) by extensions ['colcon_meta']
[0.244s] Level 1:colcon.colcon_core.package_identification:_identify(.) by extension 'colcon_meta'
[0.244s] Level 1:colcon.colcon_core.package_identification:_identify(.) by extensions ['ros']
[0.244s] Level 1:colcon.colcon_core.package_identification:_identify(.) by extension 'ros'
[0.289s] Level 1:colcon.colcon_core.package_identification:_identify(.) by extensions ['cmake', 'python']
[0.290s] Level 1:colcon.colcon_core.package_identification:_identify(.) by extension 'cmake'
[0.290s] Level 1:colcon.colcon_core.package_identification:_identify(.) by extension 'python'
[0.290s] Level 1:colcon.colcon_core.package_identification:_identify(.) by extensions ['python_setup_py']
[0.290s] Level 1:colcon.colcon_core.package_identification:_identify(.) by extension 'python_setup_py'
[0.290s] Level 1:colcon.colcon_core.package_identification:_identify(build) by extensions ['ignore', 'ignore_ament_install']
[0.290s] Level 1:colcon.colcon_core.package_identification:_identify(build) by extension 'ignore'
[0.290s] Level 1:colcon.colcon_core.package_identification:_identify(build) ignored
[0.290s] Level 1:colcon.colcon_core.package_identification:_identify(install) by extensions ['ignore', 'ignore_ament_install']
[0.291s] Level 1:colcon.colcon_core.package_identification:_identify(install) by extension 'ignore'
[0.291s] Level 1:colcon.colcon_core.package_identification:_identify(install) ignored
[0.291s] Level 1:colcon.colcon_core.package_identification:_identify(log) by extensions ['ignore', 'ignore_ament_install']
[0.291s] Level 1:colcon.colcon_core.package_identification:_identify(log) by extension 'ignore'
[0.291s] Level 1:colcon.colcon_core.package_identification:_identify(log) ignored
[0.291s] Level 1:colcon.colcon_core.package_identification:_identify(src) by extensions ['ignore', 'ignore_ament_install']
[0.291s] Level 1:colcon.colcon_core.package_identification:_identify(src) by extension 'ignore'
[0.291s] Level 1:colcon.colcon_core.package_identification:_identify(src) by extension 'ignore_ament_install'
[0.292s] Level 1:colcon.colcon_core.package_identification:_identify(src) by extensions ['colcon_pkg']
[0.292s] Level 1:colcon.colcon_core.package_identification:_identify(src) by extension 'colcon_pkg'
[0.292s] Level 1:colcon.colcon_core.package_identification:_identify(src) by extensions ['colcon_meta']
[0.292s] Level 1:colcon.colcon_core.package_identification:_identify(src) by extension 'colcon_meta'
[0.292s] Level 1:colcon.colcon_core.package_identification:_identify(src) by extensions ['ros']
[0.292s] Level 1:colcon.colcon_core.package_identification:_identify(src) by extension 'ros'
[0.292s] Level 1:colcon.colcon_core.package_identification:_identify(src) by extensions ['cmake', 'python']
[0.292s] Level 1:colcon.colcon_core.package_identification:_identify(src) by extension 'cmake'
[0.292s] Level 1:colcon.colcon_core.package_identification:_identify(src) by extension 'python'
[0.292s] Level 1:colcon.colcon_core.package_identification:_identify(src) by extensions ['python_setup_py']
[0.292s] Level 1:colcon.colcon_core.package_identification:_identify(src) by extension 'python_setup_py'
[0.292s] Level 1:colcon.colcon_core.package_identification:_identify(src/basicbot) by extensions ['ignore', 'ignore_ament_install']
[0.293s] Level 1:colcon.colcon_core.package_identification:_identify(src/basicbot) by extension 'ignore'
[0.293s] Level 1:colcon.colcon_core.package_identification:_identify(src/basicbot) by extension 'ignore_ament_install'
[0.293s] Level 1:colcon.colcon_core.package_identification:_identify(src/basicbot) by extensions ['colcon_pkg']
[0.293s] Level 1:colcon.colcon_core.package_identification:_identify(src/basicbot) by extension 'colcon_pkg'
[0.293s] Level 1:colcon.colcon_core.package_identification:_identify(src/basicbot) by extensions ['colcon_meta']
[0.293s] Level 1:colcon.colcon_core.package_identification:_identify(src/basicbot) by extension 'colcon_meta'
[0.293s] Level 1:colcon.colcon_core.package_identification:_identify(src/basicbot) by extensions ['ros']
[0.293s] Level 1:colcon.colcon_core.package_identification:_identify(src/basicbot) by extension 'ros'
[0.298s] DEBUG:colcon.colcon_core.package_identification:Package 'src/basicbot' with type 'ros.ament_cmake' and name 'basicbot'
[0.298s] Level 1:colcon.colcon_core.package_identification:_identify(src/joy_to_cmd_vel) by extensions ['ignore', 'ignore_ament_install']
[0.299s] Level 1:colcon.colcon_core.package_identification:_identify(src/joy_to_cmd_vel) by extension 'ignore'
[0.299s] Level 1:colcon.colcon_core.package_identification:_identify(src/joy_to_cmd_vel) by extension 'ignore_ament_install'
[0.299s] Level 1:colcon.colcon_core.package_identification:_identify(src/joy_to_cmd_vel) by extensions ['colcon_pkg']
[0.299s] Level 1:colcon.colcon_core.package_identification:_identify(src/joy_to_cmd_vel) by extension 'colcon_pkg'
[0.299s] Level 1:colcon.colcon_core.package_identification:_identify(src/joy_to_cmd_vel) by extensions ['colcon_meta']
[0.299s] Level 1:colcon.colcon_core.package_identification:_identify(src/joy_to_cmd_vel) by extension 'colcon_meta'
[0.299s] Level 1:colcon.colcon_core.package_identification:_identify(src/joy_to_cmd_vel) by extensions ['ros']
[0.299s] Level 1:colcon.colcon_core.package_identification:_identify(src/joy_to_cmd_vel) by extension 'ros'
[0.300s] DEBUG:colcon.colcon_core.package_identification:Package 'src/joy_to_cmd_vel' with type 'ros.ament_python' and name 'joy_to_cmd_vel'
[0.301s] Level 1:colcon.colcon_core.package_identification:_identify(src/joy_to_cmdvel) by extensions ['ignore', 'ignore_ament_install']
[0.301s] Level 1:colcon.colcon_core.package_identification:_identify(src/joy_to_cmdvel) by extension 'ignore'
[0.301s] Level 1:colcon.colcon_core.package_identification:_identify(src/joy_to_cmdvel) by extension 'ignore_ament_install'
[0.301s] Level 1:colcon.colcon_core.package_identification:_identify(src/joy_to_cmdvel) by extensions ['colcon_pkg']
[0.301s] Level 1:colcon.colcon_core.package_identification:_identify(src/joy_to_cmdvel) by extension 'colcon_pkg'
[0.301s] Level 1:colcon.colcon_core.package_identification:_identify(src/joy_to_cmdvel) by extensions ['colcon_meta']
[0.301s] Level 1:colcon.colcon_core.package_identification:_identify(src/joy_to_cmdvel) by extension 'colcon_meta'
[0.301s] Level 1:colcon.colcon_core.package_identification:_identify(src/joy_to_cmdvel) by extensions ['ros']
[0.302s] Level 1:colcon.colcon_core.package_identification:_identify(src/joy_to_cmdvel) by extension 'ros'
[0.302s] DEBUG:colcon.colcon_core.package_identification:Package 'src/joy_to_cmdvel' with type 'ros.ament_cmake' and name 'joy_to_cmdvel'
[0.303s] Level 1:colcon.colcon_core.package_discovery:discover_packages(recursive) using defaults
[0.303s] Level 1:colcon.colcon_core.package_discovery:discover_packages(ignore) discover
[0.303s] Level 1:colcon.colcon_core.package_discovery:discover_packages(ignore) using defaults
[0.303s] Level 1:colcon.colcon_core.package_discovery:discover_packages(path) discover
[0.303s] Level 1:colcon.colcon_core.package_discovery:discover_packages(path) using defaults
[0.341s] Level 1:colcon.colcon_core.package_discovery:discover_packages(prefix_path) check parameters
[0.341s] Level 1:colcon.colcon_core.package_discovery:discover_packages(prefix_path) discover
[0.346s] DEBUG:colcon.colcon_installed_package_information.package_discovery:Found 400 installed packages in /opt/ros/jazzy
[0.349s] Level 1:colcon.colcon_core.package_discovery:discover_packages(prefix_path) using defaults
[0.420s] Level 5:colcon.colcon_core.verb:set package 'basicbot' build argument 'cmake_args' from command line to 'None'
[0.420s] Level 5:colcon.colcon_core.verb:set package 'basicbot' build argument 'cmake_target' from command line to 'None'
[0.420s] Level 5:colcon.colcon_core.verb:set package 'basicbot' build argument 'cmake_target_skip_unavailable' from command line to 'False'
[0.420s] Level 5:colcon.colcon_core.verb:set package 'basicbot' build argument 'cmake_clean_cache' from command line to 'False'
[0.420s] Level 5:colcon.colcon_core.verb:set package 'basicbot' build argument 'cmake_clean_first' from command line to 'False'
[0.420s] Level 5:colcon.colcon_core.verb:set package 'basicbot' build argument 'cmake_force_configure' from command line to 'False'
[0.420s] Level 5:colcon.colcon_core.verb:set package 'basicbot' build argument 'ament_cmake_args' from command line to 'None'
[0.420s] Level 5:colcon.colcon_core.verb:set package 'basicbot' build argument 'catkin_cmake_args' from command line to 'None'
[0.420s] Level 5:colcon.colcon_core.verb:set package 'basicbot' build argument 'catkin_skip_building_tests' from command line to 'False'
[0.420s] DEBUG:colcon.colcon_core.verb:Building package 'basicbot' with the following arguments: {'ament_cmake_args': None, 'build_base': '/home/harshdev/Learning-ROS/basicbotws/build/basicbot', 'catkin_cmake_args': None, 'catkin_skip_building_tests': False, 'cmake_args': None, 'cmake_clean_cache': False, 'cmake_clean_first': False, 'cmake_force_configure': False, 'cmake_target': None, 'cmake_target_skip_unavailable': False, 'install_base': '/home/harshdev/Learning-ROS/basicbotws/install/basicbot', 'merge_install': False, 'path': '/home/harshdev/Learning-ROS/basicbotws/src/basicbot', 'symlink_install': False, 'test_result_base': None}
[0.421s] Level 5:colcon.colcon_core.verb:set package 'joy_to_cmd_vel' build argument 'cmake_args' from command line to 'None'
[0.421s] Level 5:colcon.colcon_core.verb:set package 'joy_to_cmd_vel' build argument 'cmake_target' from command line to 'None'
[0.421s] Level 5:colcon.colcon_core.verb:set package 'joy_to_cmd_vel' build argument 'cmake_target_skip_unavailable' from command line to 'False'
[0.421s] Level 5:colcon.colcon_core.verb:set package 'joy_to_cmd_vel' build argument 'cmake_clean_cache' from command line to 'False'
[0.421s] Level 5:colcon.colcon_core.verb:set package 'joy_to_cmd_vel' build argument 'cmake_clean_first' from command line to 'False'
[0.421s] Level 5:colcon.colcon_core.verb:set package 'joy_to_cmd_vel' build argument 'cmake_force_configure' from command line to 'False'
[0.421s] Level 5:colcon.colcon_core.verb:set package 'joy_to_cmd_vel' build argument 'ament_cmake_args' from command line to 'None'
[0.421s] Level 5:colcon.colcon_core.verb:set package 'joy_to_cmd_vel' build argument 'catkin_cmake_args' from command line to 'None'
[0.421s] Level 5:colcon.colcon_core.verb:set package 'joy_to_cmd_vel' build argument 'catkin_skip_building_tests' from command line to 'False'
[0.421s] DEBUG:colcon.colcon_core.verb:Building package 'joy_to_cmd_vel' with the following arguments: {'ament_cmake_args': None, 'build_base': '/home/harshdev/Learning-ROS/basicbotws/build/joy_to_cmd_vel', 'catkin_cmake_args': None, 'catkin_skip_building_tests': False, 'cmake_args': None, 'cmake_clean_cache': False, 'cmake_clean_first': False, 'cmake_force_configure': False, 'cmake_target': None, 'cmake_target_skip_unavailable': False, 'install_base': '/home/harshdev/Learning-ROS/basicbotws/install/joy_to_cmd_vel', 'merge_install': False, 'path': '/home/harshdev/Learning-ROS/basicbotws/src/joy_to_cmd_vel', 'symlink_install': False, 'test_result_base': None}
[0.421s] Level 5:colcon.colcon_core.verb:set package 'joy_to_cmdvel' build argument 'cmake_args' from command line to 'None'
[0.421s] Level 5:colcon.colcon_core.verb:set package 'joy_to_cmdvel' build argument 'cmake_target' from command line to 'None'
[0.421s] Level 5:colcon.colcon_core.verb:set package 'joy_to_cmdvel' build argument 'cmake_target_skip_unavailable' from command line to 'False'
[0.421s] Level 5:colcon.colcon_core.verb:set package 'joy_to_cmdvel' build argument 'cmake_clean_cache' from command line to 'False'
[0.421s] Level 5:colcon.colcon_core.verb:set package 'joy_to_cmdvel' build argument 'cmake_clean_first' from command line to 'False'
[0.421s] Level 5:colcon.colcon_core.verb:set package 'joy_to_cmdvel' build argument 'cmake_force_configure' from command line to 'False'
[0.421s] Level 5:colcon.colcon_core.verb:set package 'joy_to_cmdvel' build argument 'ament_cmake_args' from command line to 'None'
[0.421s] Level 5:colcon.colcon_core.verb:set package 'joy_to_cmdvel' build argument 'catkin_cmake_args' from command line to 'None'
[0.421s] Level 5:colcon.colcon_core.verb:set package 'joy_to_cmdvel' build argument 'catkin_skip_building_tests' from command line to 'False'
[0.421s] DEBUG:colcon.colcon_core.verb:Building package 'joy_to_cmdvel' with the following arguments: {'ament_cmake_args': None, 'build_base': '/home/harshdev/Learning-ROS/basicbotws/build/joy_to_cmdvel', 'catkin_cmake_args': None, 'catkin_skip_building_tests': False, 'cmake_args': None, 'cmake_clean_cache': False, 'cmake_clean_first': False, 'cmake_force_configure': False, 'cmake_target': None, 'cmake_target_skip_unavailable': False, 'install_base': '/home/harshdev/Learning-ROS/basicbotws/install/joy_to_cmdvel', 'merge_install': False, 'path': '/home/harshdev/Learning-ROS/basicbotws/src/joy_to_cmdvel', 'symlink_install': False, 'test_result_base': None}
[0.422s] INFO:colcon.colcon_core.executor:Executing jobs using 'parallel' executor
[0.423s] DEBUG:colcon.colcon_parallel_executor.executor.parallel:run_until_complete
[0.424s] INFO:colcon.colcon_ros.task.ament_cmake.build:Building ROS package in '/home/harshdev/Learning-ROS/basicbotws/src/basicbot' with build type 'ament_cmake'
[0.424s] INFO:colcon.colcon_cmake.task.cmake.build:Building CMake package in '/home/harshdev/Learning-ROS/basicbotws/src/basicbot'
[0.427s] INFO:colcon.colcon_core.plugin_system:Skipping extension 'colcon_core.shell.bat': Not used on non-Windows systems
[0.428s] INFO:colcon.colcon_core.shell:Skip shell extension 'powershell' for command environment: Not usable outside of PowerShell
[0.428s] DEBUG:colcon.colcon_core.shell:Skip shell extension 'dsv' for command environment
[0.435s] INFO:colcon.colcon_ros.task.ament_python.build:Building ROS package in '/home/harshdev/Learning-ROS/basicbotws/src/joy_to_cmd_vel' with build type 'ament_python'
[0.435s] Level 1:colcon.colcon_core.shell:create_environment_hook('joy_to_cmd_vel', 'ament_prefix_path')
[0.436s] INFO:colcon.colcon_core.shell:Creating environment hook '/home/harshdev/Learning-ROS/basicbotws/install/joy_to_cmd_vel/share/joy_to_cmd_vel/hook/ament_prefix_path.ps1'
[0.437s] INFO:colcon.colcon_core.shell:Creating environment descriptor '/home/harshdev/Learning-ROS/basicbotws/install/joy_to_cmd_vel/share/joy_to_cmd_vel/hook/ament_prefix_path.dsv'
[0.438s] INFO:colcon.colcon_core.shell:Creating environment hook '/home/harshdev/Learning-ROS/basicbotws/install/joy_to_cmd_vel/share/joy_to_cmd_vel/hook/ament_prefix_path.sh'
[0.439s] INFO:colcon.colcon_core.shell:Skip shell extension 'powershell' for command environment: Not usable outside of PowerShell
[0.439s] DEBUG:colcon.colcon_core.shell:Skip shell extension 'dsv' for command environment
[0.446s] INFO:colcon.colcon_ros.task.ament_cmake.build:Building ROS package in '/home/harshdev/Learning-ROS/basicbotws/src/joy_to_cmdvel' with build type 'ament_cmake'
[0.446s] INFO:colcon.colcon_cmake.task.cmake.build:Building CMake package in '/home/harshdev/Learning-ROS/basicbotws/src/joy_to_cmdvel'
[0.446s] INFO:colcon.colcon_core.shell:Skip shell extension 'powershell' for command environment: Not usable outside of PowerShell
[0.447s] DEBUG:colcon.colcon_core.shell:Skip shell extension 'dsv' for command environment
[0.462s] DEBUG:colcon.colcon_core.event_handler.log_command:Invoking command in '/home/harshdev/Learning-ROS/basicbotws/build/basicbot': CMAKE_PREFIX_PATH=${CMAKE_PREFIX_PATH}:/opt/ros/jazzy DEBUGINFOD_URLS=https://debuginfod.ubuntu.com /usr/bin/cmake --build /home/harshdev/Learning-ROS/basicbotws/build/basicbot -- -j12 -l12
[0.837s] INFO:colcon.colcon_core.task.python.build:Building Python package in '/home/harshdev/Learning-ROS/basicbotws/src/joy_to_cmd_vel'
[0.838s] INFO:colcon.colcon_core.shell:Skip shell extension 'powershell' for command environment: Not usable outside of PowerShell
[0.838s] DEBUG:colcon.colcon_core.shell:Skip shell extension 'dsv' for command environment
[0.851s] DEBUG:colcon.colcon_core.event_handler.log_command:Invoking command in '/home/harshdev/Learning-ROS/basicbotws/build/joy_to_cmdvel': CMAKE_PREFIX_PATH=${CMAKE_PREFIX_PATH}:/opt/ros/jazzy DEBUGINFOD_URLS=https://debuginfod.ubuntu.com /usr/bin/cmake --build /home/harshdev/Learning-ROS/basicbotws/build/joy_to_cmdvel -- -j12 -l12
[0.851s] DEBUG:colcon.colcon_core.event_handler.log_command:Invoked command in '/home/harshdev/Learning-ROS/basicbotws/build/basicbot' returned '0': CMAKE_PREFIX_PATH=${CMAKE_PREFIX_PATH}:/opt/ros/jazzy DEBUGINFOD_URLS=https://debuginfod.ubuntu.com /usr/bin/cmake --build /home/harshdev/Learning-ROS/basicbotws/build/basicbot -- -j12 -l12
[0.869s] DEBUG:colcon.colcon_core.event_handler.log_command:Invoking command in '/home/harshdev/Learning-ROS/basicbotws/build/basicbot': CMAKE_PREFIX_PATH=${CMAKE_PREFIX_PATH}:/opt/ros/jazzy DEBUGINFOD_URLS=https://debuginfod.ubuntu.com /usr/bin/cmake --install /home/harshdev/Learning-ROS/basicbotws/build/basicbot
[0.895s] Level 1:colcon.colcon_core.environment:create_environment_scripts_only(basicbot)
[0.896s] DEBUG:colcon.colcon_core.event_handler.log_command:Invoked command in '/home/harshdev/Learning-ROS/basicbotws/build/basicbot' returned '0': CMAKE_PREFIX_PATH=${CMAKE_PREFIX_PATH}:/opt/ros/jazzy DEBUGINFOD_URLS=https://debuginfod.ubuntu.com /usr/bin/cmake --install /home/harshdev/Learning-ROS/basicbotws/build/basicbot
[0.900s] Level 1:colcon.colcon_core.environment:checking '/home/harshdev/Learning-ROS/basicbotws/install/basicbot' for CMake module files
[0.901s] Level 1:colcon.colcon_core.environment:checking '/home/harshdev/Learning-ROS/basicbotws/install/basicbot' for CMake config files
[0.901s] Level 1:colcon.colcon_core.shell:create_environment_hook('basicbot', 'cmake_prefix_path')
[0.902s] INFO:colcon.colcon_core.shell:Creating environment hook '/home/harshdev/Learning-ROS/basicbotws/install/basicbot/share/basicbot/hook/cmake_prefix_path.ps1'
[0.903s] INFO:colcon.colcon_core.shell:Creating environment descriptor '/home/harshdev/Learning-ROS/basicbotws/install/basicbot/share/basicbot/hook/cmake_prefix_path.dsv'
[0.904s] INFO:colcon.colcon_core.shell:Creating environment hook '/home/harshdev/Learning-ROS/basicbotws/install/basicbot/share/basicbot/hook/cmake_prefix_path.sh'
[0.905s] Level 1:colcon.colcon_core.environment:checking '/home/harshdev/Learning-ROS/basicbotws/install/basicbot/bin'
[0.905s] Level 1:colcon.colcon_core.environment:checking '/home/harshdev/Learning-ROS/basicbotws/install/basicbot/lib/pkgconfig/basicbot.pc'
[0.906s] Level 1:colcon.colcon_core.environment:checking '/home/harshdev/Learning-ROS/basicbotws/install/basicbot/lib/python3.12/site-packages'
[0.906s] Level 1:colcon.colcon_core.environment:checking '/home/harshdev/Learning-ROS/basicbotws/install/basicbot/bin'
[0.906s] INFO:colcon.colcon_core.shell:Creating package script '/home/harshdev/Learning-ROS/basicbotws/install/basicbot/share/basicbot/package.ps1'
[0.908s] INFO:colcon.colcon_core.shell:Creating package descriptor '/home/harshdev/Learning-ROS/basicbotws/install/basicbot/share/basicbot/package.dsv'
[0.909s] INFO:colcon.colcon_core.shell:Creating package script '/home/harshdev/Learning-ROS/basicbotws/install/basicbot/share/basicbot/package.sh'
[0.910s] INFO:colcon.colcon_core.shell:Creating package script '/home/harshdev/Learning-ROS/basicbotws/install/basicbot/share/basicbot/package.bash'
[0.910s] INFO:colcon.colcon_core.shell:Creating package script '/home/harshdev/Learning-ROS/basicbotws/install/basicbot/share/basicbot/package.zsh'
[0.911s] Level 1:colcon.colcon_core.environment:create_file_with_runtime_dependencies(/home/harshdev/Learning-ROS/basicbotws/install/basicbot/share/colcon-core/packages/basicbot)
[0.912s] Level 1:colcon.colcon_core.environment:create_environment_scripts_only(basicbot)
[0.912s] Level 1:colcon.colcon_core.environment:checking '/home/harshdev/Learning-ROS/basicbotws/install/basicbot' for CMake module files
[0.913s] Level 1:colcon.colcon_core.environment:checking '/home/harshdev/Learning-ROS/basicbotws/install/basicbot' for CMake config files
[0.914s] Level 1:colcon.colcon_core.shell:create_environment_hook('basicbot', 'cmake_prefix_path')
[0.914s] INFO:colcon.colcon_core.shell:Creating environment hook '/home/harshdev/Learning-ROS/basicbotws/install/basicbot/share/basicbot/hook/cmake_prefix_path.ps1'
[0.915s] INFO:colcon.colcon_core.shell:Creating environment descriptor '/home/harshdev/Learning-ROS/basicbotws/install/basicbot/share/basicbot/hook/cmake_prefix_path.dsv'
[0.915s] INFO:colcon.colcon_core.shell:Creating environment hook '/home/harshdev/Learning-ROS/basicbotws/install/basicbot/share/basicbot/hook/cmake_prefix_path.sh'
[0.916s] Level 1:colcon.colcon_core.environment:checking '/home/harshdev/Learning-ROS/basicbotws/install/basicbot/bin'
[0.916s] Level 1:colcon.colcon_core.environment:checking '/home/harshdev/Learning-ROS/basicbotws/install/basicbot/lib/pkgconfig/basicbot.pc'
[0.917s] Level 1:colcon.colcon_core.environment:checking '/home/harshdev/Learning-ROS/basicbotws/install/basicbot/lib/python3.12/site-packages'
[0.917s] Level 1:colcon.colcon_core.environment:checking '/home/harshdev/Learning-ROS/basicbotws/install/basicbot/bin'
[0.918s] INFO:colcon.colcon_core.shell:Creating package script '/home/harshdev/Learning-ROS/basicbotws/install/basicbot/share/basicbot/package.ps1'
[0.919s] INFO:colcon.colcon_core.shell:Creating package descriptor '/home/harshdev/Learning-ROS/basicbotws/install/basicbot/share/basicbot/package.dsv'
[0.919s] INFO:colcon.colcon_core.shell:Creating package script '/home/harshdev/Learning-ROS/basicbotws/install/basicbot/share/basicbot/package.sh'
[0.920s] INFO:colcon.colcon_core.shell:Creating package script '/home/harshdev/Learning-ROS/basicbotws/install/basicbot/share/basicbot/package.bash'
[0.921s] INFO:colcon.colcon_core.shell:Creating package script '/home/harshdev/Learning-ROS/basicbotws/install/basicbot/share/basicbot/package.zsh'
[0.921s] Level 1:colcon.colcon_core.environment:create_file_with_runtime_dependencies(/home/harshdev/Learning-ROS/basicbotws/install/basicbot/share/colcon-core/packages/basicbot)
[0.932s] DEBUG:colcon.colcon_core.event_handler.log_command:Invoked command in '/home/harshdev/Learning-ROS/basicbotws/build/joy_to_cmdvel' returned '0': CMAKE_PREFIX_PATH=${CMAKE_PREFIX_PATH}:/opt/ros/jazzy DEBUGINFOD_URLS=https://debuginfod.ubuntu.com /usr/bin/cmake --build /home/harshdev/Learning-ROS/basicbotws/build/joy_to_cmdvel -- -j12 -l12
[0.933s] DEBUG:colcon.colcon_core.event_handler.log_command:Invoking command in '/home/harshdev/Learning-ROS/basicbotws/build/joy_to_cmdvel': CMAKE_PREFIX_PATH=${CMAKE_PREFIX_PATH}:/opt/ros/jazzy DEBUGINFOD_URLS=https://debuginfod.ubuntu.com /usr/bin/cmake --install /home/harshdev/Learning-ROS/basicbotws/build/joy_to_cmdvel
[0.954s] Level 1:colcon.colcon_core.environment:create_environment_scripts_only(joy_to_cmdvel)
[0.954s] Level 1:colcon.colcon_core.environment:checking '/home/harshdev/Learning-ROS/basicbotws/install/joy_to_cmdvel' for CMake module files
[0.955s] DEBUG:colcon.colcon_core.event_handler.log_command:Invoked command in '/home/harshdev/Learning-ROS/basicbotws/build/joy_to_cmdvel' returned '0': CMAKE_PREFIX_PATH=${CMAKE_PREFIX_PATH}:/opt/ros/jazzy DEBUGINFOD_URLS=https://debuginfod.ubuntu.com /usr/bin/cmake --install /home/harshdev/Learning-ROS/basicbotws/build/joy_to_cmdvel
[0.956s] Level 1:colcon.colcon_core.environment:checking '/home/harshdev/Learning-ROS/basicbotws/install/joy_to_cmdvel' for CMake config files
[0.956s] Level 1:colcon.colcon_core.shell:create_environment_hook('joy_to_cmdvel', 'cmake_prefix_path')
[0.956s] INFO:colcon.colcon_core.shell:Creating environment hook '/home/harshdev/Learning-ROS/basicbotws/install/joy_to_cmdvel/share/joy_to_cmdvel/hook/cmake_prefix_path.ps1'
[0.957s] INFO:colcon.colcon_core.shell:Creating environment descriptor '/home/harshdev/Learning-ROS/basicbotws/install/joy_to_cmdvel/share/joy_to_cmdvel/hook/cmake_prefix_path.dsv'
[0.958s] INFO:colcon.colcon_core.shell:Creating environment hook '/home/harshdev/Learning-ROS/basicbotws/install/joy_to_cmdvel/share/joy_to_cmdvel/hook/cmake_prefix_path.sh'
[0.959s] Level 1:colcon.colcon_core.environment:checking '/home/harshdev/Learning-ROS/basicbotws/install/joy_to_cmdvel/bin'
[0.959s] Level 1:colcon.colcon_core.environment:checking '/home/harshdev/Learning-ROS/basicbotws/install/joy_to_cmdvel/lib/pkgconfig/joy_to_cmdvel.pc'
[0.960s] Level 1:colcon.colcon_core.environment:checking '/home/harshdev/Learning-ROS/basicbotws/install/joy_to_cmdvel/lib/python3.12/site-packages'
[0.960s] Level 1:colcon.colcon_core.environment:checking '/home/harshdev/Learning-ROS/basicbotws/install/joy_to_cmdvel/bin'
[0.960s] INFO:colcon.colcon_core.shell:Creating package script '/home/harshdev/Learning-ROS/basicbotws/install/joy_to_cmdvel/share/joy_to_cmdvel/package.ps1'
[0.961s] INFO:colcon.colcon_core.shell:Creating package descriptor '/home/harshdev/Learning-ROS/basicbotws/install/joy_to_cmdvel/share/joy_to_cmdvel/package.dsv'
[0.962s] INFO:colcon.colcon_core.shell:Creating package script '/home/harshdev/Learning-ROS/basicbotws/install/joy_to_cmdvel/share/joy_to_cmdvel/package.sh'
[0.962s] INFO:colcon.colcon_core.shell:Creating package script '/home/harshdev/Learning-ROS/basicbotws/install/joy_to_cmdvel/share/joy_to_cmdvel/package.bash'
[0.963s] INFO:colcon.colcon_core.shell:Creating package script '/home/harshdev/Learning-ROS/basicbotws/install/joy_to_cmdvel/share/joy_to_cmdvel/package.zsh'
[0.963s] Level 1:colcon.colcon_core.environment:create_file_with_runtime_dependencies(/home/harshdev/Learning-ROS/basicbotws/install/joy_to_cmdvel/share/colcon-core/packages/joy_to_cmdvel)
[0.964s] Level 1:colcon.colcon_core.environment:create_environment_scripts_only(joy_to_cmdvel)
[0.964s] Level 1:colcon.colcon_core.environment:checking '/home/harshdev/Learning-ROS/basicbotws/install/joy_to_cmdvel' for CMake module files
[0.965s] Level 1:colcon.colcon_core.environment:checking '/home/harshdev/Learning-ROS/basicbotws/install/joy_to_cmdvel' for CMake config files
[0.965s] Level 1:colcon.colcon_core.shell:create_environment_hook('joy_to_cmdvel', 'cmake_prefix_path')
[0.965s] INFO:colcon.colcon_core.shell:Creating environment hook '/home/harshdev/Learning-ROS/basicbotws/install/joy_to_cmdvel/share/joy_to_cmdvel/hook/cmake_prefix_path.ps1'
[0.966s] INFO:colcon.colcon_core.shell:Creating environment descriptor '/home/harshdev/Learning-ROS/basicbotws/install/joy_to_cmdvel/share/joy_to_cmdvel/hook/cmake_prefix_path.dsv'
[0.967s] INFO:colcon.colcon_core.shell:Creating environment hook '/home/harshdev/Learning-ROS/basicbotws/install/joy_to_cmdvel/share/joy_to_cmdvel/hook/cmake_prefix_path.sh'
[0.967s] Level 1:colcon.colcon_core.environment:checking '/home/harshdev/Learning-ROS/basicbotws/install/joy_to_cmdvel/bin'
[0.967s] Level 1:colcon.colcon_core.environment:checking '/home/harshdev/Learning-ROS/basicbotws/install/joy_to_cmdvel/lib/pkgconfig/joy_to_cmdvel.pc'
[0.968s] Level 1:colcon.colcon_core.environment:checking '/home/harshdev/Learning-ROS/basicbotws/install/joy_to_cmdvel/lib/python3.12/site-packages'
[0.968s] Level 1:colcon.colcon_core.environment:checking '/home/harshdev/Learning-ROS/basicbotws/install/joy_to_cmdvel/bin'
[0.969s] INFO:colcon.colcon_core.shell:Creating package script '/home/harshdev/Learning-ROS/basicbotws/install/joy_to_cmdvel/share/joy_to_cmdvel/package.ps1'
[0.969s] INFO:colcon.colcon_core.shell:Creating package descriptor '/home/harshdev/Learning-ROS/basicbotws/install/joy_to_cmdvel/share/joy_to_cmdvel/package.dsv'
[0.970s] INFO:colcon.colcon_core.shell:Creating package script '/home/harshdev/Learning-ROS/basicbotws/install/joy_to_cmdvel/share/joy_to_cmdvel/package.sh'
[0.971s] INFO:colcon.colcon_core.shell:Creating package script '/home/harshdev/Learning-ROS/basicbotws/install/joy_to_cmdvel/share/joy_to_cmdvel/package.bash'
[0.972s] INFO:colcon.colcon_core.shell:Creating package script '/home/harshdev/Learning-ROS/basicbotws/install/joy_to_cmdvel/share/joy_to_cmdvel/package.zsh'
[0.972s] Level 1:colcon.colcon_core.environment:create_file_with_runtime_dependencies(/home/harshdev/Learning-ROS/basicbotws/install/joy_to_cmdvel/share/colcon-core/packages/joy_to_cmdvel)
[1.672s] DEBUG:colcon.colcon_core.event_handler.log_command:Invoking command in '/home/harshdev/Learning-ROS/basicbotws/src/joy_to_cmd_vel': DEBUGINFOD_URLS=https://debuginfod.ubuntu.com PYTHONPATH=/home/harshdev/Learning-ROS/basicbotws/build/joy_to_cmd_vel/prefix_override:/usr/lib/python3/dist-packages/colcon_core/task/python/colcon_distutils_commands:/home/harshdev/Learning-ROS/basicbotws/install/joy_to_cmd_vel/lib/python3.12/site-packages:${PYTHONPATH} /usr/bin/python3 -W ignore:setup.py install is deprecated -W ignore:easy_install command is deprecated setup.py egg_info --egg-base ../../build/joy_to_cmd_vel build --build-base /home/harshdev/Learning-ROS/basicbotws/build/joy_to_cmd_vel/build install --record /home/harshdev/Learning-ROS/basicbotws/build/joy_to_cmd_vel/install.log --single-version-externally-managed install_data
[2.278s] Level 1:colcon.colcon_core.environment:checking '/home/harshdev/Learning-ROS/basicbotws/install/joy_to_cmd_vel' for CMake module files
[2.279s] DEBUG:colcon.colcon_core.event_handler.log_command:Invoked command in '/home/harshdev/Learning-ROS/basicbotws/src/joy_to_cmd_vel' returned '0': DEBUGINFOD_URLS=https://debuginfod.ubuntu.com PYTHONPATH=/home/harshdev/Learning-ROS/basicbotws/build/joy_to_cmd_vel/prefix_override:/usr/lib/python3/dist-packages/colcon_core/task/python/colcon_distutils_commands:/home/harshdev/Learning-ROS/basicbotws/install/joy_to_cmd_vel/lib/python3.12/site-packages:${PYTHONPATH} /usr/bin/python3 -W ignore:setup.py install is deprecated -W ignore:easy_install command is deprecated setup.py egg_info --egg-base ../../build/joy_to_cmd_vel build --build-base /home/harshdev/Learning-ROS/basicbotws/build/joy_to_cmd_vel/build install --record /home/harshdev/Learning-ROS/basicbotws/build/joy_to_cmd_vel/install.log --single-version-externally-managed install_data
[2.279s] Level 1:colcon.colcon_core.environment:checking '/home/harshdev/Learning-ROS/basicbotws/install/joy_to_cmd_vel' for CMake config files
[2.280s] Level 1:colcon.colcon_core.environment:checking '/home/harshdev/Learning-ROS/basicbotws/install/joy_to_cmd_vel/lib'
[2.280s] Level 1:colcon.colcon_core.environment:checking '/home/harshdev/Learning-ROS/basicbotws/install/joy_to_cmd_vel/bin'
[2.280s] Level 1:colcon.colcon_core.environment:checking '/home/harshdev/Learning-ROS/basicbotws/install/joy_to_cmd_vel/lib/pkgconfig/joy_to_cmd_vel.pc'
[2.280s] Level 1:colcon.colcon_core.environment:checking '/home/harshdev/Learning-ROS/basicbotws/install/joy_to_cmd_vel/lib/python3.12/site-packages'
[2.280s] Level 1:colcon.colcon_core.shell:create_environment_hook('joy_to_cmd_vel', 'pythonpath')
[2.281s] INFO:colcon.colcon_core.shell:Creating environment hook '/home/harshdev/Learning-ROS/basicbotws/install/joy_to_cmd_vel/share/joy_to_cmd_vel/hook/pythonpath.ps1'
[2.281s] INFO:colcon.colcon_core.shell:Creating environment descriptor '/home/harshdev/Learning-ROS/basicbotws/install/joy_to_cmd_vel/share/joy_to_cmd_vel/hook/pythonpath.dsv'
[2.281s] INFO:colcon.colcon_core.shell:Creating environment hook '/home/harshdev/Learning-ROS/basicbotws/install/joy_to_cmd_vel/share/joy_to_cmd_vel/hook/pythonpath.sh'
[2.282s] Level 1:colcon.colcon_core.environment:checking '/home/harshdev/Learning-ROS/basicbotws/install/joy_to_cmd_vel/bin'
[2.282s] Level 1:colcon.colcon_core.environment:create_environment_scripts_only(joy_to_cmd_vel)
[2.282s] INFO:colcon.colcon_core.shell:Creating package script '/home/harshdev/Learning-ROS/basicbotws/install/joy_to_cmd_vel/share/joy_to_cmd_vel/package.ps1'
[2.283s] INFO:colcon.colcon_core.shell:Creating package descriptor '/home/harshdev/Learning-ROS/basicbotws/install/joy_to_cmd_vel/share/joy_to_cmd_vel/package.dsv'
[2.283s] INFO:colcon.colcon_core.shell:Creating package script '/home/harshdev/Learning-ROS/basicbotws/install/joy_to_cmd_vel/share/joy_to_cmd_vel/package.sh'
[2.284s] INFO:colcon.colcon_core.shell:Creating package script '/home/harshdev/Learning-ROS/basicbotws/install/joy_to_cmd_vel/share/joy_to_cmd_vel/package.bash'
[2.284s] INFO:colcon.colcon_core.shell:Creating package script '/home/harshdev/Learning-ROS/basicbotws/install/joy_to_cmd_vel/share/joy_to_cmd_vel/package.zsh'
[2.284s] Level 1:colcon.colcon_core.environment:create_file_with_runtime_dependencies(/home/harshdev/Learning-ROS/basicbotws/install/joy_to_cmd_vel/share/colcon-core/packages/joy_to_cmd_vel)
[2.285s] DEBUG:colcon.colcon_parallel_executor.executor.parallel:closing loop
[2.285s] DEBUG:colcon.colcon_parallel_executor.executor.parallel:loop closed
[2.285s] DEBUG:colcon.colcon_parallel_executor.executor.parallel:run_until_complete finished with '0'
[2.285s] DEBUG:colcon.colcon_core.event_reactor:joining thread
[2.294s] INFO:colcon.colcon_core.plugin_system:Skipping extension 'colcon_notification.desktop_notification.terminal_notifier': Not used on non-Darwin systems
[2.294s] INFO:colcon.colcon_core.plugin_system:Skipping extension 'colcon_notification.desktop_notification.win32': Not used on non-Windows systems
[2.294s] INFO:colcon.colcon_notification.desktop_notification:Sending desktop notification using 'notify2'
[2.309s] DEBUG:colcon.colcon_core.event_reactor:joined thread
[2.309s] INFO:colcon.colcon_core.shell:Creating prefix script '/home/harshdev/Learning-ROS/basicbotws/install/local_setup.ps1'
[2.311s] INFO:colcon.colcon_core.shell:Creating prefix util module '/home/harshdev/Learning-ROS/basicbotws/install/_local_setup_util_ps1.py'
[2.313s] INFO:colcon.colcon_core.shell:Creating prefix chain script '/home/harshdev/Learning-ROS/basicbotws/install/setup.ps1'
[2.315s] INFO:colcon.colcon_core.shell:Creating prefix script '/home/harshdev/Learning-ROS/basicbotws/install/local_setup.sh'
[2.315s] INFO:colcon.colcon_core.shell:Creating prefix util module '/home/harshdev/Learning-ROS/basicbotws/install/_local_setup_util_sh.py'
[2.316s] INFO:colcon.colcon_core.shell:Creating prefix chain script '/home/harshdev/Learning-ROS/basicbotws/install/setup.sh'
[2.317s] INFO:colcon.colcon_core.shell:Creating prefix script '/home/harshdev/Learning-ROS/basicbotws/install/local_setup.bash'
[2.318s] INFO:colcon.colcon_core.shell:Creating prefix chain script '/home/harshdev/Learning-ROS/basicbotws/install/setup.bash'
[2.319s] INFO:colcon.colcon_core.shell:Creating prefix script '/home/harshdev/Learning-ROS/basicbotws/install/local_setup.zsh'
[2.319s] INFO:colcon.colcon_core.shell:Creating prefix chain script '/home/harshdev/Learning-ROS/basicbotws/install/setup.zsh'
