[0.660s] Invoking command in '/home/harshdev/Learning-ROS/basicbotws/src/joy_to_cmd_vel': DEBUGINFOD_URLS=https://debuginfod.ubuntu.com PYTHONPATH=/home/harshdev/Learning-ROS/basicbotws/build/joy_to_cmd_vel/prefix_override:/usr/lib/python3/dist-packages/colcon_core/task/python/colcon_distutils_commands:/home/harshdev/Learning-ROS/basicbotws/install/joy_to_cmd_vel/lib/python3.12/site-packages:${PYTHONPATH} /usr/bin/python3 -W ignore:setup.py install is deprecated -W ignore:easy_install command is deprecated setup.py egg_info --egg-base ../../build/joy_to_cmd_vel build --build-base /home/harshdev/Learning-ROS/basicbotws/build/joy_to_cmd_vel/build install --record /home/harshdev/Learning-ROS/basicbotws/build/joy_to_cmd_vel/install.log --single-version-externally-managed install_data
[0.836s] running egg_info
[0.847s] writing ../../build/joy_to_cmd_vel/joy_to_cmd_vel.egg-info/PKG-INFO
[0.847s] writing dependency_links to ../../build/joy_to_cmd_vel/joy_to_cmd_vel.egg-info/dependency_links.txt
[0.847s] writing entry points to ../../build/joy_to_cmd_vel/joy_to_cmd_vel.egg-info/entry_points.txt
[0.847s] writing requirements to ../../build/joy_to_cmd_vel/joy_to_cmd_vel.egg-info/requires.txt
[0.847s] writing top-level names to ../../build/joy_to_cmd_vel/joy_to_cmd_vel.egg-info/top_level.txt
[0.869s] reading manifest file '../../build/joy_to_cmd_vel/joy_to_cmd_vel.egg-info/SOURCES.txt'
[0.869s] writing manifest file '../../build/joy_to_cmd_vel/joy_to_cmd_vel.egg-info/SOURCES.txt'
[0.870s] running build
[0.870s] running build_py
[0.870s] running install
[0.874s] running install_lib
[0.885s] running install_data
[0.885s] running install_egg_info
[0.896s] removing '/home/harshdev/Learning-ROS/basicbotws/install/joy_to_cmd_vel/lib/python3.12/site-packages/joy_to_cmd_vel-0.0.0-py3.12.egg-info' (and everything under it)
[0.896s] Copying ../../build/joy_to_cmd_vel/joy_to_cmd_vel.egg-info to /home/harshdev/Learning-ROS/basicbotws/install/joy_to_cmd_vel/lib/python3.12/site-packages/joy_to_cmd_vel-0.0.0-py3.12.egg-info
[0.897s] running install_scripts
[0.982s] Installing joy_to_cmd_vel script to /home/harshdev/Learning-ROS/basicbotws/install/joy_to_cmd_vel/lib/joy_to_cmd_vel
[0.982s] writing list of installed files to '/home/harshdev/Learning-ROS/basicbotws/build/joy_to_cmd_vel/install.log'
[1.003s] Invoked command in '/home/harshdev/Learning-ROS/basicbotws/src/joy_to_cmd_vel' returned '0': DEBUGINFOD_URLS=https://debuginfod.ubuntu.com PYTHONPATH=/home/harshdev/Learning-ROS/basicbotws/build/joy_to_cmd_vel/prefix_override:/usr/lib/python3/dist-packages/colcon_core/task/python/colcon_distutils_commands:/home/harshdev/Learning-ROS/basicbotws/install/joy_to_cmd_vel/lib/python3.12/site-packages:${PYTHONPATH} /usr/bin/python3 -W ignore:setup.py install is deprecated -W ignore:easy_install command is deprecated setup.py egg_info --egg-base ../../build/joy_to_cmd_vel build --build-base /home/harshdev/Learning-ROS/basicbotws/build/joy_to_cmd_vel/build install --record /home/harshdev/Learning-ROS/basicbotws/build/joy_to_cmd_vel/install.log --single-version-externally-managed install_data
