[1.568s] Invoking command in '/home/harshdev/Learning-ROS/basicbotws/src/joy_to_cmd_vel': DEBUGINFOD_URLS=https://debuginfod.ubuntu.com PYTHONPATH=/home/harshdev/Learning-ROS/basicbotws/build/joy_to_cmd_vel/prefix_override:/usr/lib/python3/dist-packages/colcon_core/task/python/colcon_distutils_commands:/home/harshdev/Learning-ROS/basicbotws/install/joy_to_cmd_vel/lib/python3.12/site-packages:${PYTHONPATH} /usr/bin/python3 -W ignore:setup.py install is deprecated -W ignore:easy_install command is deprecated setup.py egg_info --egg-base ../../build/joy_to_cmd_vel build --build-base /home/harshdev/Learning-ROS/basicbotws/build/joy_to_cmd_vel/build install --record /home/harshdev/Learning-ROS/basicbotws/build/joy_to_cmd_vel/install.log --single-version-externally-managed install_data
[2.005s] running egg_info
[2.043s] writing ../../build/joy_to_cmd_vel/joy_to_cmd_vel.egg-info/PKG-INFO
[2.043s] writing dependency_links to ../../build/joy_to_cmd_vel/joy_to_cmd_vel.egg-info/dependency_links.txt
[2.044s] writing entry points to ../../build/joy_to_cmd_vel/joy_to_cmd_vel.egg-info/entry_points.txt
[2.044s] writing requirements to ../../build/joy_to_cmd_vel/joy_to_cmd_vel.egg-info/requires.txt
[2.044s] writing top-level names to ../../build/joy_to_cmd_vel/joy_to_cmd_vel.egg-info/top_level.txt
[2.107s] reading manifest file '../../build/joy_to_cmd_vel/joy_to_cmd_vel.egg-info/SOURCES.txt'
[2.109s] writing manifest file '../../build/joy_to_cmd_vel/joy_to_cmd_vel.egg-info/SOURCES.txt'
[2.109s] running build
[2.109s] running build_py
[2.109s] running install
[2.121s] running install_lib
[2.151s] running install_data
[2.151s] running install_egg_info
[2.183s] removing '/home/harshdev/Learning-ROS/basicbotws/install/joy_to_cmd_vel/lib/python3.12/site-packages/joy_to_cmd_vel-0.0.0-py3.12.egg-info' (and everything under it)
[2.184s] Copying ../../build/joy_to_cmd_vel/joy_to_cmd_vel.egg-info to /home/harshdev/Learning-ROS/basicbotws/install/joy_to_cmd_vel/lib/python3.12/site-packages/joy_to_cmd_vel-0.0.0-py3.12.egg-info
[2.185s] running install_scripts
[2.426s] Installing joy_to_cmd_vel script to /home/harshdev/Learning-ROS/basicbotws/install/joy_to_cmd_vel/lib/joy_to_cmd_vel
[2.427s] writing list of installed files to '/home/harshdev/Learning-ROS/basicbotws/build/joy_to_cmd_vel/install.log'
[2.490s] Invoked command in '/home/harshdev/Learning-ROS/basicbotws/src/joy_to_cmd_vel' returned '0': DEBUGINFOD_URLS=https://debuginfod.ubuntu.com PYTHONPATH=/home/harshdev/Learning-ROS/basicbotws/build/joy_to_cmd_vel/prefix_override:/usr/lib/python3/dist-packages/colcon_core/task/python/colcon_distutils_commands:/home/harshdev/Learning-ROS/basicbotws/install/joy_to_cmd_vel/lib/python3.12/site-packages:${PYTHONPATH} /usr/bin/python3 -W ignore:setup.py install is deprecated -W ignore:easy_install command is deprecated setup.py egg_info --egg-base ../../build/joy_to_cmd_vel build --build-base /home/harshdev/Learning-ROS/basicbotws/build/joy_to_cmd_vel/build install --record /home/harshdev/Learning-ROS/basicbotws/build/joy_to_cmd_vel/install.log --single-version-externally-managed install_data
