[0.009s] Invoking command in '/home/harshdev/Documents/harsh/Learning-ROS/build/bumperbot_description': CMAKE_PREFIX_PATH=${CMAKE_PREFIX_PATH}:/opt/ros/jazzy DEBUGINFOD_URLS=https://debuginfod.ubuntu.com /usr/bin/cmake --build /home/harshdev/Documents/harsh/Learning-ROS/build/bumperbot_description -- -j12 -l12
[0.037s] -- Found ament_cmake: 2.5.3 (/opt/ros/jazzy/share/ament_cmake/cmake)
[0.283s] -- Found ament_lint_auto: 0.17.1 (/opt/ros/jazzy/share/ament_lint_auto/cmake)
[0.353s] -- Added test 'flake8' to check Python code syntax and style conventions
[0.353s] -- Configured 'flake8' exclude dirs and/or files: 
[0.354s] -- Added test 'lint_cmake' to check CMake code style
[0.354s] -- Added test 'pep257' to check Python code against some of the docstring style conventions in PEP 257
[0.354s] -- Added test 'xmllint' to check XML markup files
[0.355s] -- Configuring done (0.3s)
[0.356s] -- Generating done (0.0s)
[0.357s] -- Build files have been written to: /home/harshdev/Documents/harsh/Learning-ROS/build/bumperbot_description
[0.379s] Invoked command in '/home/harshdev/Documents/harsh/Learning-ROS/build/bumperbot_description' returned '0': CMAKE_PREFIX_PATH=${CMAKE_PREFIX_PATH}:/opt/ros/jazzy DEBUGINFOD_URLS=https://debuginfod.ubuntu.com /usr/bin/cmake --build /home/harshdev/Documents/harsh/Learning-ROS/build/bumperbot_description -- -j12 -l12
[0.390s] Invoking command in '/home/harshdev/Documents/harsh/Learning-ROS/build/bumperbot_description': CMAKE_PREFIX_PATH=${CMAKE_PREFIX_PATH}:/opt/ros/jazzy DEBUGINFOD_URLS=https://debuginfod.ubuntu.com /usr/bin/cmake --install /home/harshdev/Documents/harsh/Learning-ROS/build/bumperbot_description
[0.399s] -- Install configuration: ""
[0.399s] -- Up-to-date: /home/harshdev/Documents/harsh/Learning-ROS/install/bumperbot_description/share/bumperbot_description/meshes
[0.399s] -- Up-to-date: /home/harshdev/Documents/harsh/Learning-ROS/install/bumperbot_description/share/bumperbot_description/meshes/base_link.STL
[0.399s] -- Up-to-date: /home/harshdev/Documents/harsh/Learning-ROS/install/bumperbot_description/share/bumperbot_description/meshes/caster_front_link.STL
[0.399s] -- Up-to-date: /home/harshdev/Documents/harsh/Learning-ROS/install/bumperbot_description/share/bumperbot_description/meshes/imu_link.STL
[0.399s] -- Up-to-date: /home/harshdev/Documents/harsh/Learning-ROS/install/bumperbot_description/share/bumperbot_description/meshes/caster_rear_link.STL
[0.399s] -- Up-to-date: /home/harshdev/Documents/harsh/Learning-ROS/install/bumperbot_description/share/bumperbot_description/meshes/wheel_left_link.STL
[0.400s] -- Up-to-date: /home/harshdev/Documents/harsh/Learning-ROS/install/bumperbot_description/share/bumperbot_description/meshes/wheel_right_link.STL
[0.400s] -- Up-to-date: /home/harshdev/Documents/harsh/Learning-ROS/install/bumperbot_description/share/bumperbot_description/urdf
[0.400s] -- Up-to-date: /home/harshdev/Documents/harsh/Learning-ROS/install/bumperbot_description/share/bumperbot_description/urdf/alfred.urdf.xacro
[0.400s] -- Up-to-date: /home/harshdev/Documents/harsh/Learning-ROS/install/bumperbot_description/share/bumperbot_description/urdf/bumperbot.urdf.xacro
[0.400s] -- Installing: /home/harshdev/Documents/harsh/Learning-ROS/install/bumperbot_description/share/bumperbot_description/launch
[0.400s] -- Installing: /home/harshdev/Documents/harsh/Learning-ROS/install/bumperbot_description/share/bumperbot_description/launch/display.lauch.py
[0.400s] -- Installing: /home/harshdev/Documents/harsh/Learning-ROS/install/bumperbot_description/share/bumperbot_description/rviz
[0.401s] -- Installing: /home/harshdev/Documents/harsh/Learning-ROS/install/bumperbot_description/share/bumperbot_description/rviz/display.rviz
[0.401s] -- Up-to-date: /home/harshdev/Documents/harsh/Learning-ROS/install/bumperbot_description/share/ament_index/resource_index/package_run_dependencies/bumperbot_description
[0.401s] -- Up-to-date: /home/harshdev/Documents/harsh/Learning-ROS/install/bumperbot_description/share/ament_index/resource_index/parent_prefix_path/bumperbot_description
[0.401s] -- Up-to-date: /home/harshdev/Documents/harsh/Learning-ROS/install/bumperbot_description/share/bumperbot_description/environment/ament_prefix_path.sh
[0.401s] -- Up-to-date: /home/harshdev/Documents/harsh/Learning-ROS/install/bumperbot_description/share/bumperbot_description/environment/ament_prefix_path.dsv
[0.401s] -- Up-to-date: /home/harshdev/Documents/harsh/Learning-ROS/install/bumperbot_description/share/bumperbot_description/environment/path.sh
[0.401s] -- Up-to-date: /home/harshdev/Documents/harsh/Learning-ROS/install/bumperbot_description/share/bumperbot_description/environment/path.dsv
[0.401s] -- Up-to-date: /home/harshdev/Documents/harsh/Learning-ROS/install/bumperbot_description/share/bumperbot_description/local_setup.bash
[0.402s] -- Up-to-date: /home/harshdev/Documents/harsh/Learning-ROS/install/bumperbot_description/share/bumperbot_description/local_setup.sh
[0.402s] -- Up-to-date: /home/harshdev/Documents/harsh/Learning-ROS/install/bumperbot_description/share/bumperbot_description/local_setup.zsh
[0.402s] -- Up-to-date: /home/harshdev/Documents/harsh/Learning-ROS/install/bumperbot_description/share/bumperbot_description/local_setup.dsv
[0.402s] -- Installing: /home/harshdev/Documents/harsh/Learning-ROS/install/bumperbot_description/share/bumperbot_description/package.dsv
[0.403s] -- Up-to-date: /home/harshdev/Documents/harsh/Learning-ROS/install/bumperbot_description/share/ament_index/resource_index/packages/bumperbot_description
[0.403s] -- Up-to-date: /home/harshdev/Documents/harsh/Learning-ROS/install/bumperbot_description/share/bumperbot_description/cmake/bumperbot_descriptionConfig.cmake
[0.403s] -- Up-to-date: /home/harshdev/Documents/harsh/Learning-ROS/install/bumperbot_description/share/bumperbot_description/cmake/bumperbot_descriptionConfig-version.cmake
[0.403s] -- Up-to-date: /home/harshdev/Documents/harsh/Learning-ROS/install/bumperbot_description/share/bumperbot_description/package.xml
[0.403s] Invoked command in '/home/harshdev/Documents/harsh/Learning-ROS/build/bumperbot_description' returned '0': CMAKE_PREFIX_PATH=${CMAKE_PREFIX_PATH}:/opt/ros/jazzy DEBUGINFOD_URLS=https://debuginfod.ubuntu.com /usr/bin/cmake --install /home/harshdev/Documents/harsh/Learning-ROS/build/bumperbot_description
