[0.014s] Invoking command in '/home/harshdev/Learning-ROS/alffybot/build/alffy_controller': CMAKE_PREFIX_PATH=${CMAKE_PREFIX_PATH}:/home/harshdev/Learning-ROS/alffybot/install/alffy_talks_package:/home/harshdev/Learning-ROS/alffybot/install/alffy_talks:/opt/ros/jazzy DEBUGINFOD_URLS=https://debuginfod.ubuntu.com /usr/bin/cmake --build /home/harshdev/Learning-ROS/alffybot/build/alffy_controller -- -j12 -l12
[0.171s] Invoked command in '/home/harshdev/Learning-ROS/alffybot/build/alffy_controller' returned '0': CMAKE_PREFIX_PATH=${CMAKE_PREFIX_PATH}:/home/harshdev/Learning-ROS/alffybot/install/alffy_talks_package:/home/harshdev/Learning-ROS/alffybot/install/alffy_talks:/opt/ros/jazzy DEBUGINFOD_URLS=https://debuginfod.ubuntu.com /usr/bin/cmake --build /home/harshdev/Learning-ROS/alffybot/build/alffy_controller -- -j12 -l12
[0.182s] Invoking command in '/home/harshdev/Learning-ROS/alffybot/build/alffy_controller': CMAKE_PREFIX_PATH=${CMAKE_PREFIX_PATH}:/home/harshdev/Learning-ROS/alffybot/install/alffy_talks_package:/home/harshdev/Learning-ROS/alffybot/install/alffy_talks:/opt/ros/jazzy DEBUGINFOD_URLS=https://debuginfod.ubuntu.com /usr/bin/cmake --install /home/harshdev/Learning-ROS/alffybot/build/alffy_controller
[0.198s] -- Install configuration: ""
[0.198s] -- Up-to-date: /home/harshdev/Learning-ROS/alffybot/install/alffy_controller/share/alffy_controller/launch
[0.198s] -- Up-to-date: /home/harshdev/Learning-ROS/alffybot/install/alffy_controller/share/alffy_controller/launch/controller.launch.py
[0.198s] -- Up-to-date: /home/harshdev/Learning-ROS/alffybot/install/alffy_controller/share/alffy_controller/config
[0.199s] -- Installing: /home/harshdev/Learning-ROS/alffybot/install/alffy_controller/share/alffy_controller/config/alffy_controllers.yaml
[0.200s] -- Up-to-date: /home/harshdev/Learning-ROS/alffybot/install/alffy_controller/share/ament_index/resource_index/package_run_dependencies/alffy_controller
[0.200s] -- Up-to-date: /home/harshdev/Learning-ROS/alffybot/install/alffy_controller/share/ament_index/resource_index/parent_prefix_path/alffy_controller
[0.201s] -- Up-to-date: /home/harshdev/Learning-ROS/alffybot/install/alffy_controller/share/alffy_controller/environment/ament_prefix_path.sh
[0.201s] -- Up-to-date: /home/harshdev/Learning-ROS/alffybot/install/alffy_controller/share/alffy_controller/environment/ament_prefix_path.dsv
[0.201s] -- Up-to-date: /home/harshdev/Learning-ROS/alffybot/install/alffy_controller/share/alffy_controller/environment/path.sh
[0.201s] -- Up-to-date: /home/harshdev/Learning-ROS/alffybot/install/alffy_controller/share/alffy_controller/environment/path.dsv
[0.202s] -- Up-to-date: /home/harshdev/Learning-ROS/alffybot/install/alffy_controller/share/alffy_controller/local_setup.bash
[0.202s] -- Up-to-date: /home/harshdev/Learning-ROS/alffybot/install/alffy_controller/share/alffy_controller/local_setup.sh
[0.202s] -- Up-to-date: /home/harshdev/Learning-ROS/alffybot/install/alffy_controller/share/alffy_controller/local_setup.zsh
[0.203s] -- Up-to-date: /home/harshdev/Learning-ROS/alffybot/install/alffy_controller/share/alffy_controller/local_setup.dsv
[0.203s] -- Installing: /home/harshdev/Learning-ROS/alffybot/install/alffy_controller/share/alffy_controller/package.dsv
[0.212s] -- Up-to-date: /home/harshdev/Learning-ROS/alffybot/install/alffy_controller/share/ament_index/resource_index/packages/alffy_controller
[0.212s] -- Up-to-date: /home/harshdev/Learning-ROS/alffybot/install/alffy_controller/share/alffy_controller/cmake/alffy_controllerConfig.cmake
[0.213s] -- Up-to-date: /home/harshdev/Learning-ROS/alffybot/install/alffy_controller/share/alffy_controller/cmake/alffy_controllerConfig-version.cmake
[0.213s] -- Up-to-date: /home/harshdev/Learning-ROS/alffybot/install/alffy_controller/share/alffy_controller/package.xml
[0.218s] Invoked command in '/home/harshdev/Learning-ROS/alffybot/build/alffy_controller' returned '0': CMAKE_PREFIX_PATH=${CMAKE_PREFIX_PATH}:/home/harshdev/Learning-ROS/alffybot/install/alffy_talks_package:/home/harshdev/Learning-ROS/alffybot/install/alffy_talks:/opt/ros/jazzy DEBUGINFOD_URLS=https://debuginfod.ubuntu.com /usr/bin/cmake --install /home/harshdev/Learning-ROS/alffybot/build/alffy_controller
