[0.009s] Invoking command in '/home/harshdev/Learning-ROS/basicbotws/build/basicbot': CMAKE_PREFIX_PATH=${CMAKE_PREFIX_PATH}:/opt/ros/jazzy DEBUGINFOD_URLS=https://debuginfod.ubuntu.com /usr/bin/cmake /home/harshdev/Learning-ROS/basicbotws/src/basicbot -DCMAKE_INSTALL_PREFIX=/home/harshdev/Learning-ROS/basicbotws/install/basicbot
[0.180s] -- The C compiler identification is GNU 13.3.0
[0.299s] -- The CXX compiler identification is GNU 13.3.0
[0.329s] -- Detecting C compiler ABI info
[0.466s] -- Detecting C compiler ABI info - done
[0.481s] -- Check for working C compiler: /usr/bin/cc - skipped
[0.482s] -- Detecting C compile features
[0.483s] -- Detecting C compile features - done
[0.498s] -- Detecting CXX compiler ABI info
[0.660s] -- Detecting CXX compiler ABI info - done
[0.682s] -- Check for working CXX compiler: /usr/bin/c++ - skipped
[0.683s] -- Detecting CXX compile features
[0.684s] -- Detecting CXX compile features - done
[0.719s] -- Found ament_cmake: 2.5.3 (/opt/ros/jazzy/share/ament_cmake/cmake)
[0.932s] -- Found Python3: /usr/bin/python3 (found version "3.12.3") found components: Interpreter 
[1.077s] -- Found ament_lint_auto: 0.17.1 (/opt/ros/jazzy/share/ament_lint_auto/cmake)
[1.217s] -- Added test 'flake8' to check Python code syntax and style conventions
[1.217s] -- Configured 'flake8' exclude dirs and/or files: 
[1.218s] -- Added test 'lint_cmake' to check CMake code style
[1.219s] -- Added test 'pep257' to check Python code against some of the docstring style conventions in PEP 257
[1.220s] -- Added test 'xmllint' to check XML markup files
[1.222s] -- Configuring done (1.2s)
[1.226s] -- Generating done (0.0s)
[1.228s] -- Build files have been written to: /home/harshdev/Learning-ROS/basicbotws/build/basicbot
[1.237s] Invoked command in '/home/harshdev/Learning-ROS/basicbotws/build/basicbot' returned '0': CMAKE_PREFIX_PATH=${CMAKE_PREFIX_PATH}:/opt/ros/jazzy DEBUGINFOD_URLS=https://debuginfod.ubuntu.com /usr/bin/cmake /home/harshdev/Learning-ROS/basicbotws/src/basicbot -DCMAKE_INSTALL_PREFIX=/home/harshdev/Learning-ROS/basicbotws/install/basicbot
[1.240s] Invoking command in '/home/harshdev/Learning-ROS/basicbotws/build/basicbot': CMAKE_PREFIX_PATH=${CMAKE_PREFIX_PATH}:/opt/ros/jazzy DEBUGINFOD_URLS=https://debuginfod.ubuntu.com /usr/bin/cmake --build /home/harshdev/Learning-ROS/basicbotws/build/basicbot -- -j12 -l12
[1.294s] Invoked command in '/home/harshdev/Learning-ROS/basicbotws/build/basicbot' returned '0': CMAKE_PREFIX_PATH=${CMAKE_PREFIX_PATH}:/opt/ros/jazzy DEBUGINFOD_URLS=https://debuginfod.ubuntu.com /usr/bin/cmake --build /home/harshdev/Learning-ROS/basicbotws/build/basicbot -- -j12 -l12
[1.310s] Invoking command in '/home/harshdev/Learning-ROS/basicbotws/build/basicbot': CMAKE_PREFIX_PATH=${CMAKE_PREFIX_PATH}:/opt/ros/jazzy DEBUGINFOD_URLS=https://debuginfod.ubuntu.com /usr/bin/cmake --install /home/harshdev/Learning-ROS/basicbotws/build/basicbot
[1.326s] -- Install configuration: ""
[1.326s] -- Installing: /home/harshdev/Learning-ROS/basicbotws/install/basicbot/share/ament_index/resource_index/package_run_dependencies/basicbot
[1.326s] -- Installing: /home/harshdev/Learning-ROS/basicbotws/install/basicbot/share/ament_index/resource_index/parent_prefix_path/basicbot
[1.326s] -- Installing: /home/harshdev/Learning-ROS/basicbotws/install/basicbot/share/basicbot/environment/ament_prefix_path.sh
[1.327s] -- Installing: /home/harshdev/Learning-ROS/basicbotws/install/basicbot/share/basicbot/environment/ament_prefix_path.dsv
[1.327s] -- Installing: /home/harshdev/Learning-ROS/basicbotws/install/basicbot/share/basicbot/environment/path.sh
[1.327s] -- Installing: /home/harshdev/Learning-ROS/basicbotws/install/basicbot/share/basicbot/environment/path.dsv
[1.327s] -- Installing: /home/harshdev/Learning-ROS/basicbotws/install/basicbot/share/basicbot/local_setup.bash
[1.328s] -- Installing: /home/harshdev/Learning-ROS/basicbotws/install/basicbot/share/basicbot/local_setup.sh
[1.328s] -- Installing: /home/harshdev/Learning-ROS/basicbotws/install/basicbot/share/basicbot/local_setup.zsh
[1.328s] -- Installing: /home/harshdev/Learning-ROS/basicbotws/install/basicbot/share/basicbot/local_setup.dsv
[1.328s] -- Installing: /home/harshdev/Learning-ROS/basicbotws/install/basicbot/share/basicbot/package.dsv
[1.329s] -- Installing: /home/harshdev/Learning-ROS/basicbotws/install/basicbot/share/ament_index/resource_index/packages/basicbot
[1.329s] -- Installing: /home/harshdev/Learning-ROS/basicbotws/install/basicbot/share/basicbot/cmake/basicbotConfig.cmake
[1.329s] -- Installing: /home/harshdev/Learning-ROS/basicbotws/install/basicbot/share/basicbot/cmake/basicbotConfig-version.cmake
[1.329s] -- Installing: /home/harshdev/Learning-ROS/basicbotws/install/basicbot/share/basicbot/package.xml
[1.333s] Invoked command in '/home/harshdev/Learning-ROS/basicbotws/build/basicbot' returned '0': CMAKE_PREFIX_PATH=${CMAKE_PREFIX_PATH}:/opt/ros/jazzy DEBUGINFOD_URLS=https://debuginfod.ubuntu.com /usr/bin/cmake --install /home/harshdev/Learning-ROS/basicbotws/build/basicbot
