[0.935s] Invoking command in '/home/harshdev/Learning-ROS/alffybot/src/alffy_talks': DEBUGINFOD_URLS=https://debuginfod.ubuntu.com PYTHONPATH=/home/harshdev/Learning-ROS/alffybot/build/alffy_talks/prefix_override:/usr/lib/python3/dist-packages/colcon_core/task/python/colcon_distutils_commands:/home/harshdev/Learning-ROS/alffybot/install/alffy_talks/lib/python3.12/site-packages:${PYTHONPATH} /usr/bin/python3 -W ignore:setup.py install is deprecated -W ignore:easy_install command is deprecated setup.py egg_info --egg-base ../../build/alffy_talks build --build-base /home/harshdev/Learning-ROS/alffybot/build/alffy_talks/build install --record /home/harshdev/Learning-ROS/alffybot/build/alffy_talks/install.log --single-version-externally-managed install_data
[1.236s] running egg_info
[1.257s] writing ../../build/alffy_talks/alffy_talks.egg-info/PKG-INFO
[1.257s] writing dependency_links to ../../build/alffy_talks/alffy_talks.egg-info/dependency_links.txt
[1.257s] writing entry points to ../../build/alffy_talks/alffy_talks.egg-info/entry_points.txt
[1.257s] writing requirements to ../../build/alffy_talks/alffy_talks.egg-info/requires.txt
[1.258s] writing top-level names to ../../build/alffy_talks/alffy_talks.egg-info/top_level.txt
[1.299s] reading manifest file '../../build/alffy_talks/alffy_talks.egg-info/SOURCES.txt'
[1.300s] writing manifest file '../../build/alffy_talks/alffy_talks.egg-info/SOURCES.txt'
[1.300s] running build
[1.300s] running build_py
[1.300s] copying alffy_talks/subscriber.py -> /home/harshdev/Learning-ROS/alffybot/build/alffy_talks/build/lib/alffy_talks
[1.300s] copying alffy_talks/parameters.py -> /home/harshdev/Learning-ROS/alffybot/build/alffy_talks/build/lib/alffy_talks
[1.300s] running install
[1.308s] running install_lib
[1.329s] copying /home/harshdev/Learning-ROS/alffybot/build/alffy_talks/build/lib/alffy_talks/subscriber.py -> /home/harshdev/Learning-ROS/alffybot/install/alffy_talks/lib/python3.12/site-packages/alffy_talks
[1.330s] copying /home/harshdev/Learning-ROS/alffybot/build/alffy_talks/build/lib/alffy_talks/parameters.py -> /home/harshdev/Learning-ROS/alffybot/install/alffy_talks/lib/python3.12/site-packages/alffy_talks
[1.330s] byte-compiling /home/harshdev/Learning-ROS/alffybot/install/alffy_talks/lib/python3.12/site-packages/alffy_talks/subscriber.py to subscriber.cpython-312.pyc
[1.331s] byte-compiling /home/harshdev/Learning-ROS/alffybot/install/alffy_talks/lib/python3.12/site-packages/alffy_talks/parameters.py to parameters.cpython-312.pyc
[1.332s] running install_data
[1.332s] copying package.xml -> /home/harshdev/Learning-ROS/alffybot/install/alffy_talks/share/alffy_talks
[1.332s] running install_egg_info
[1.354s] removing '/home/harshdev/Learning-ROS/alffybot/install/alffy_talks/lib/python3.12/site-packages/alffy_talks-0.0.0-py3.12.egg-info' (and everything under it)
[1.354s] Copying ../../build/alffy_talks/alffy_talks.egg-info to /home/harshdev/Learning-ROS/alffybot/install/alffy_talks/lib/python3.12/site-packages/alffy_talks-0.0.0-py3.12.egg-info
[1.355s] running install_scripts
[1.498s] Installing parameters script to /home/harshdev/Learning-ROS/alffybot/install/alffy_talks/lib/alffy_talks
[1.498s] Installing publisher script to /home/harshdev/Learning-ROS/alffybot/install/alffy_talks/lib/alffy_talks
[1.499s] Installing subscriber script to /home/harshdev/Learning-ROS/alffybot/install/alffy_talks/lib/alffy_talks
[1.499s] writing list of installed files to '/home/harshdev/Learning-ROS/alffybot/build/alffy_talks/install.log'
[1.535s] Invoked command in '/home/harshdev/Learning-ROS/alffybot/src/alffy_talks' returned '0': DEBUGINFOD_URLS=https://debuginfod.ubuntu.com PYTHONPATH=/home/harshdev/Learning-ROS/alffybot/build/alffy_talks/prefix_override:/usr/lib/python3/dist-packages/colcon_core/task/python/colcon_distutils_commands:/home/harshdev/Learning-ROS/alffybot/install/alffy_talks/lib/python3.12/site-packages:${PYTHONPATH} /usr/bin/python3 -W ignore:setup.py install is deprecated -W ignore:easy_install command is deprecated setup.py egg_info --egg-base ../../build/alffy_talks build --build-base /home/harshdev/Learning-ROS/alffybot/build/alffy_talks/build install --record /home/harshdev/Learning-ROS/alffybot/build/alffy_talks/install.log --single-version-externally-managed install_data
