[0.015s] Invoking command in '/home/harshdev/Learning-ROS/build/alfred_bot': CMAKE_PREFIX_PATH=${CMAKE_PREFIX_PATH}:/opt/ros/jazzy DEBUGINFOD_URLS=https://debuginfod.ubuntu.com /usr/bin/cmake /home/harshdev/Learning-ROS/alfred_bot -DCMAKE_INSTALL_PREFIX=/home/harshdev/Learning-ROS/install/alfred_bot
[0.116s] -- The C compiler identification is GNU 13.3.0
[0.214s] -- The CXX compiler identification is GNU 13.3.0
[0.242s] -- Detecting C compiler ABI info
[0.374s] -- Detecting C compiler ABI info - done
[0.393s] -- Check for working C compiler: /usr/bin/cc - skipped
[0.394s] -- Detecting C compile features
[0.394s] -- Detecting C compile features - done
[0.413s] -- Detecting CXX compiler ABI info
[0.571s] -- Detecting CXX compiler ABI info - done
[0.586s] -- Check for working CXX compiler: /usr/bin/c++ - skipped
[0.587s] -- Detecting CXX compile features
[0.587s] -- Detecting CXX compile features - done
[0.594s] -- Found ament_cmake: 2.5.3 (/opt/ros/jazzy/share/ament_cmake/cmake)
[0.804s] -- Found Python3: /usr/bin/python3 (found version "3.12.3") found components: Interpreter 
[0.960s] -- Found ament_lint_auto: 0.17.1 (/opt/ros/jazzy/share/ament_lint_auto/cmake)
[1.109s] -- Added test 'flake8' to check Python code syntax and style conventions
[1.109s] -- Configured 'flake8' exclude dirs and/or files: 
[1.110s] -- Added test 'lint_cmake' to check CMake code style
[1.111s] -- Added test 'pep257' to check Python code against some of the docstring style conventions in PEP 257
[1.114s] -- Added test 'xmllint' to check XML markup files
[1.116s] -- Configuring done (1.1s)
[1.121s] -- Generating done (0.0s)
[1.123s] -- Build files have been written to: /home/harshdev/Learning-ROS/build/alfred_bot
[1.130s] Invoked command in '/home/harshdev/Learning-ROS/build/alfred_bot' returned '0': CMAKE_PREFIX_PATH=${CMAKE_PREFIX_PATH}:/opt/ros/jazzy DEBUGINFOD_URLS=https://debuginfod.ubuntu.com /usr/bin/cmake /home/harshdev/Learning-ROS/alfred_bot -DCMAKE_INSTALL_PREFIX=/home/harshdev/Learning-ROS/install/alfred_bot
[1.132s] Invoking command in '/home/harshdev/Learning-ROS/build/alfred_bot': CMAKE_PREFIX_PATH=${CMAKE_PREFIX_PATH}:/opt/ros/jazzy DEBUGINFOD_URLS=https://debuginfod.ubuntu.com /usr/bin/cmake --build /home/harshdev/Learning-ROS/build/alfred_bot -- -j12 -l12
[1.190s] Invoked command in '/home/harshdev/Learning-ROS/build/alfred_bot' returned '0': CMAKE_PREFIX_PATH=${CMAKE_PREFIX_PATH}:/opt/ros/jazzy DEBUGINFOD_URLS=https://debuginfod.ubuntu.com /usr/bin/cmake --build /home/harshdev/Learning-ROS/build/alfred_bot -- -j12 -l12
[1.192s] Invoking command in '/home/harshdev/Learning-ROS/build/alfred_bot': CMAKE_PREFIX_PATH=${CMAKE_PREFIX_PATH}:/opt/ros/jazzy DEBUGINFOD_URLS=https://debuginfod.ubuntu.com /usr/bin/cmake --install /home/harshdev/Learning-ROS/build/alfred_bot
[1.207s] -- Install configuration: ""
[1.207s] -- Installing: /home/harshdev/Learning-ROS/install/alfred_bot/share/ament_index/resource_index/package_run_dependencies/alfred_bot
[1.208s] -- Installing: /home/harshdev/Learning-ROS/install/alfred_bot/share/ament_index/resource_index/parent_prefix_path/alfred_bot
[1.208s] -- Installing: /home/harshdev/Learning-ROS/install/alfred_bot/share/alfred_bot/environment/ament_prefix_path.sh
[1.208s] -- Installing: /home/harshdev/Learning-ROS/install/alfred_bot/share/alfred_bot/environment/ament_prefix_path.dsv
[1.208s] -- Installing: /home/harshdev/Learning-ROS/install/alfred_bot/share/alfred_bot/environment/path.sh
[1.209s] -- Installing: /home/harshdev/Learning-ROS/install/alfred_bot/share/alfred_bot/environment/path.dsv
[1.209s] -- Installing: /home/harshdev/Learning-ROS/install/alfred_bot/share/alfred_bot/local_setup.bash
[1.209s] -- Installing: /home/harshdev/Learning-ROS/install/alfred_bot/share/alfred_bot/local_setup.sh
[1.209s] -- Installing: /home/harshdev/Learning-ROS/install/alfred_bot/share/alfred_bot/local_setup.zsh
[1.209s] -- Installing: /home/harshdev/Learning-ROS/install/alfred_bot/share/alfred_bot/local_setup.dsv
[1.209s] -- Installing: /home/harshdev/Learning-ROS/install/alfred_bot/share/alfred_bot/package.dsv
[1.210s] -- Installing: /home/harshdev/Learning-ROS/install/alfred_bot/share/ament_index/resource_index/packages/alfred_bot
[1.210s] -- Installing: /home/harshdev/Learning-ROS/install/alfred_bot/share/alfred_bot/cmake/alfred_botConfig.cmake
[1.211s] -- Installing: /home/harshdev/Learning-ROS/install/alfred_bot/share/alfred_bot/cmake/alfred_botConfig-version.cmake
[1.211s] -- Installing: /home/harshdev/Learning-ROS/install/alfred_bot/share/alfred_bot/package.xml
[1.215s] Invoked command in '/home/harshdev/Learning-ROS/build/alfred_bot' returned '0': CMAKE_PREFIX_PATH=${CMAKE_PREFIX_PATH}:/opt/ros/jazzy DEBUGINFOD_URLS=https://debuginfod.ubuntu.com /usr/bin/cmake --install /home/harshdev/Learning-ROS/build/alfred_bot
