-- Found ament_cmake: 2.5.3 (/opt/ros/jazzy/share/ament_cmake/cmake)
-- Found ament_lint_auto: 0.17.1 (/opt/ros/jazzy/share/ament_lint_auto/cmake)
-- Added test 'flake8' to check Python code syntax and style conventions
-- Configured 'flake8' exclude dirs and/or files: 
-- Added test 'lint_cmake' to check CMake code style
-- Added test 'pep257' to check Python code against some of the docstring style conventions in PEP 257
-- Added test 'xmllint' to check XML markup files
-- Configuring done (0.5s)
-- Generating done (0.0s)
-- Build files have been written to: /home/harshdev/alfred_workspace/build/alfred_bot
-- Install configuration: ""
-- Installing: /home/harshdev/alfred_workspace/install/alfred_bot/share/alfred_bot/config
-- Installing: /home/harshdev/alfred_workspace/install/alfred_bot/share/alfred_bot/description
-- Installing: /home/harshdev/alfred_workspace/install/alfred_bot/share/alfred_bot/description/inertial_macros.xacro
-- Installing: /home/harshdev/alfred_workspace/install/alfred_bot/share/alfred_bot/description/materials.xacro
-- Installing: /home/harshdev/alfred_workspace/install/alfred_bot/share/alfred_bot/description/robot.urdf.xacro
-- Installing: /home/harshdev/alfred_workspace/install/alfred_bot/share/alfred_bot/description/robot_core.xacro
-- Installing: /home/harshdev/alfred_workspace/install/alfred_bot/share/alfred_bot/description/robot_measurements.xacro
-- Installing: /home/harshdev/alfred_workspace/install/alfred_bot/share/alfred_bot/launch
-- Installing: /home/harshdev/alfred_workspace/install/alfred_bot/share/alfred_bot/launch/rsp.launch.py
