[0.020s] Invoking command in '/home/harshdev/alfred_workspace/build/alfred_bot': CMAKE_PREFIX_PATH=${CMAKE_PREFIX_PATH}:/opt/ros/jazzy DEBUGINFOD_URLS=https://debuginfod.ubuntu.com /usr/bin/cmake --build /home/harshdev/alfred_workspace/build/alfred_bot -- -j12 -l12
[0.065s] -- Found ament_cmake: 2.5.3 (/opt/ros/jazzy/share/ament_cmake/cmake)
[0.384s] -- Found ament_lint_auto: 0.17.1 (/opt/ros/jazzy/share/ament_lint_auto/cmake)
[0.549s] -- Added test 'flake8' to check Python code syntax and style conventions
[0.549s] -- Configured 'flake8' exclude dirs and/or files: 
[0.552s] -- Added test 'lint_cmake' to check CMake code style
[0.552s] -- Added test 'pep257' to check Python code against some of the docstring style conventions in PEP 257
[0.555s] -- Added test 'xmllint' to check XML markup files
[0.557s] -- Configuring done (0.5s)
[0.566s] -- Generating done (0.0s)
[0.567s] -- Build files have been written to: /home/harshdev/alfred_workspace/build/alfred_bot
[0.598s] Invoked command in '/home/harshdev/alfred_workspace/build/alfred_bot' returned '0': CMAKE_PREFIX_PATH=${CMAKE_PREFIX_PATH}:/opt/ros/jazzy DEBUGINFOD_URLS=https://debuginfod.ubuntu.com /usr/bin/cmake --build /home/harshdev/alfred_workspace/build/alfred_bot -- -j12 -l12
[0.600s] Invoking command in '/home/harshdev/alfred_workspace/build/alfred_bot': CMAKE_PREFIX_PATH=${CMAKE_PREFIX_PATH}:/opt/ros/jazzy DEBUGINFOD_URLS=https://debuginfod.ubuntu.com /usr/bin/cmake --install /home/harshdev/alfred_workspace/build/alfred_bot
[0.610s] -- Install configuration: ""
[0.610s] -- Installing: /home/harshdev/alfred_workspace/install/alfred_bot/share/alfred_bot/config
[0.611s] -- Installing: /home/harshdev/alfred_workspace/install/alfred_bot/share/alfred_bot/description
[0.611s] -- Installing: /home/harshdev/alfred_workspace/install/alfred_bot/share/alfred_bot/description/inertial_macros.xacro
[0.611s] -- Installing: /home/harshdev/alfred_workspace/install/alfred_bot/share/alfred_bot/description/materials.xacro
[0.611s] -- Installing: /home/harshdev/alfred_workspace/install/alfred_bot/share/alfred_bot/description/robot.urdf.xacro
[0.611s] -- Installing: /home/harshdev/alfred_workspace/install/alfred_bot/share/alfred_bot/description/robot_core.xacro
[0.611s] -- Installing: /home/harshdev/alfred_workspace/install/alfred_bot/share/alfred_bot/description/robot_measurements.xacro
[0.611s] -- Installing: /home/harshdev/alfred_workspace/install/alfred_bot/share/alfred_bot/launch
[0.611s] -- Installing: /home/harshdev/alfred_workspace/install/alfred_bot/share/alfred_bot/launch/rsp.launch.py
[0.612s] [31mCMake Error at cmake_install.cmake:46 (file):
[0.612s]   file INSTALL cannot find
[0.612s]   "/home/harshdev/alfred_workspace/src/alfred_bot/worlds": No such file or
[0.612s]   directory.
[0.612s] 
[0.612s] [0m
[0.613s] Invoked command in '/home/harshdev/alfred_workspace/build/alfred_bot' returned '1': CMAKE_PREFIX_PATH=${CMAKE_PREFIX_PATH}:/opt/ros/jazzy DEBUGINFOD_URLS=https://debuginfod.ubuntu.com /usr/bin/cmake --install /home/harshdev/alfred_workspace/build/alfred_bot
