[0.051s] Invoking command in '/home/harshdev/Learning-ROS/basicbotws/build/basicbot': CMAKE_PREFIX_PATH=${CMAKE_PREFIX_PATH}:/home/harshdev/Learning-ROS/basicbotws/install/joy_to_cmd_vel:/opt/ros/jazzy DEBUGINFOD_URLS=https://debuginfod.ubuntu.com /usr/bin/cmake --build /home/harshdev/Learning-ROS/basicbotws/build/basicbot -- -j12 -l12
[0.527s] Invoked command in '/home/harshdev/Learning-ROS/basicbotws/build/basicbot' returned '0': CMAKE_PREFIX_PATH=${CMAKE_PREFIX_PATH}:/home/harshdev/Learning-ROS/basicbotws/install/joy_to_cmd_vel:/opt/ros/jazzy DEBUGINFOD_URLS=https://debuginfod.ubuntu.com /usr/bin/cmake --build /home/harshdev/Learning-ROS/basicbotws/build/basicbot -- -j12 -l12
[0.548s] Invoking command in '/home/harshdev/Learning-ROS/basicbotws/build/basicbot': CMAKE_PREFIX_PATH=${CMAKE_PREFIX_PATH}:/home/harshdev/Learning-ROS/basicbotws/install/joy_to_cmd_vel:/opt/ros/jazzy DEBUGINFOD_URLS=https://debuginfod.ubuntu.com /usr/bin/cmake --install /home/harshdev/Learning-ROS/basicbotws/build/basicbot
[0.572s] -- Install configuration: ""
[0.572s] -- Up-to-date: /home/harshdev/Learning-ROS/basicbotws/install/basicbot/share/basicbot/config
[0.572s] -- Up-to-date: /home/harshdev/Learning-ROS/basicbotws/install/basicbot/share/basicbot/config/controllers.yaml
[0.572s] -- Up-to-date: /home/harshdev/Learning-ROS/basicbotws/install/basicbot/share/basicbot/description
[0.572s] -- Up-to-date: /home/harshdev/Learning-ROS/basicbotws/install/basicbot/share/basicbot/description/inertial_macros.xacro
[0.573s] -- Up-to-date: /home/harshdev/Learning-ROS/basicbotws/install/basicbot/share/basicbot/description/gazebo_control.xacro
[0.573s] -- Up-to-date: /home/harshdev/Learning-ROS/basicbotws/install/basicbot/share/basicbot/description/robot.urdf.xacro
[0.573s] -- Up-to-date: /home/harshdev/Learning-ROS/basicbotws/install/basicbot/share/basicbot/description/robot_core.xacro
[0.573s] -- Up-to-date: /home/harshdev/Learning-ROS/basicbotws/install/basicbot/share/basicbot/description/ros2_control.xacro
[0.573s] -- Up-to-date: /home/harshdev/Learning-ROS/basicbotws/install/basicbot/share/basicbot/launch
[0.573s] -- Up-to-date: /home/harshdev/Learning-ROS/basicbotws/install/basicbot/share/basicbot/launch/rsp.launch.py
[0.573s] -- Up-to-date: /home/harshdev/Learning-ROS/basicbotws/install/basicbot/share/basicbot/launch/sim.launch.py
[0.574s] -- Up-to-date: /home/harshdev/Learning-ROS/basicbotws/install/basicbot/share/basicbot/worlds
[0.574s] -- Up-to-date: /home/harshdev/Learning-ROS/basicbotws/install/basicbot/share/basicbot/bot
[0.574s] -- Up-to-date: /home/harshdev/Learning-ROS/basicbotws/install/basicbot/share/ament_index/resource_index/package_run_dependencies/basicbot
[0.574s] -- Up-to-date: /home/harshdev/Learning-ROS/basicbotws/install/basicbot/share/ament_index/resource_index/parent_prefix_path/basicbot
[0.574s] -- Up-to-date: /home/harshdev/Learning-ROS/basicbotws/install/basicbot/share/basicbot/environment/ament_prefix_path.sh
[0.574s] -- Up-to-date: /home/harshdev/Learning-ROS/basicbotws/install/basicbot/share/basicbot/environment/ament_prefix_path.dsv
[0.574s] -- Up-to-date: /home/harshdev/Learning-ROS/basicbotws/install/basicbot/share/basicbot/environment/path.sh
[0.574s] -- Up-to-date: /home/harshdev/Learning-ROS/basicbotws/install/basicbot/share/basicbot/environment/path.dsv
[0.574s] -- Up-to-date: /home/harshdev/Learning-ROS/basicbotws/install/basicbot/share/basicbot/local_setup.bash
[0.575s] -- Up-to-date: /home/harshdev/Learning-ROS/basicbotws/install/basicbot/share/basicbot/local_setup.sh
[0.575s] -- Up-to-date: /home/harshdev/Learning-ROS/basicbotws/install/basicbot/share/basicbot/local_setup.zsh
[0.575s] -- Up-to-date: /home/harshdev/Learning-ROS/basicbotws/install/basicbot/share/basicbot/local_setup.dsv
[0.575s] -- Installing: /home/harshdev/Learning-ROS/basicbotws/install/basicbot/share/basicbot/package.dsv
[0.575s] -- Up-to-date: /home/harshdev/Learning-ROS/basicbotws/install/basicbot/share/ament_index/resource_index/packages/basicbot
[0.576s] -- Up-to-date: /home/harshdev/Learning-ROS/basicbotws/install/basicbot/share/basicbot/cmake/basicbotConfig.cmake
[0.576s] -- Up-to-date: /home/harshdev/Learning-ROS/basicbotws/install/basicbot/share/basicbot/cmake/basicbotConfig-version.cmake
[0.577s] -- Up-to-date: /home/harshdev/Learning-ROS/basicbotws/install/basicbot/share/basicbot/package.xml
[0.577s] Invoked command in '/home/harshdev/Learning-ROS/basicbotws/build/basicbot' returned '0': CMAKE_PREFIX_PATH=${CMAKE_PREFIX_PATH}:/home/harshdev/Learning-ROS/basicbotws/install/joy_to_cmd_vel:/opt/ros/jazzy DEBUGINFOD_URLS=https://debuginfod.ubuntu.com /usr/bin/cmake --install /home/harshdev/Learning-ROS/basicbotws/build/basicbot
