[0.026s] Invoking command in '/home/harshdev/Learning-ROS/build/alfred_bot': CMAKE_PREFIX_PATH=${CMAKE_PREFIX_PATH}:/opt/ros/jazzy DEBUGINFOD_URLS=https://debuginfod.ubuntu.com /usr/bin/cmake --build /home/harshdev/Learning-ROS/build/alfred_bot -- -j12 -l12
[0.227s] -- Found ament_cmake: 2.5.3 (/opt/ros/jazzy/share/ament_cmake/cmake)
[0.289s] -- Found ament_lint_auto: 0.17.1 (/opt/ros/jazzy/share/ament_lint_auto/cmake)
[0.370s] -- Added test 'flake8' to check Python code syntax and style conventions
[0.370s] -- Configured 'flake8' exclude dirs and/or files: 
[0.370s] -- Added test 'lint_cmake' to check CMake code style
[0.371s] -- Added test 'pep257' to check Python code against some of the docstring style conventions in PEP 257
[0.372s] -- Added test 'xmllint' to check XML markup files
[0.373s] -- Configuring done (0.3s)
[0.380s] -- Generating done (0.0s)
[0.382s] -- Build files have been written to: /home/harshdev/Learning-ROS/build/alfred_bot
[0.430s] Invoked command in '/home/harshdev/Learning-ROS/build/alfred_bot' returned '0': CMAKE_PREFIX_PATH=${CMAKE_PREFIX_PATH}:/opt/ros/jazzy DEBUGINFOD_URLS=https://debuginfod.ubuntu.com /usr/bin/cmake --build /home/harshdev/Learning-ROS/build/alfred_bot -- -j12 -l12
[0.432s] Invoking command in '/home/harshdev/Learning-ROS/build/alfred_bot': CMAKE_PREFIX_PATH=${CMAKE_PREFIX_PATH}:/opt/ros/jazzy DEBUGINFOD_URLS=https://debuginfod.ubuntu.com /usr/bin/cmake --install /home/harshdev/Learning-ROS/build/alfred_bot
[0.440s] -- Install configuration: ""
[0.440s] -- Up-to-date: /home/harshdev/Learning-ROS/install/alfred_bot/share/alfred_bot/config
[0.440s] -- Up-to-date: /home/harshdev/Learning-ROS/install/alfred_bot/share/alfred_bot/config/gz_bridge.yaml
[0.441s] -- Up-to-date: /home/harshdev/Learning-ROS/install/alfred_bot/share/alfred_bot/config/empty.yaml
[0.441s] -- Up-to-date: /home/harshdev/Learning-ROS/install/alfred_bot/share/alfred_bot/config/my_controllers.yaml
[0.441s] -- Up-to-date: /home/harshdev/Learning-ROS/install/alfred_bot/share/alfred_bot/config/gaz_ros2_ctl_use_sim.yaml
[0.441s] -- Up-to-date: /home/harshdev/Learning-ROS/install/alfred_bot/share/alfred_bot/description
[0.441s] -- Up-to-date: /home/harshdev/Learning-ROS/install/alfred_bot/share/alfred_bot/description/inertial_macros.xacro
[0.441s] -- Up-to-date: /home/harshdev/Learning-ROS/install/alfred_bot/share/alfred_bot/description/gazebo_control.xacro
[0.441s] -- Up-to-date: /home/harshdev/Learning-ROS/install/alfred_bot/share/alfred_bot/description/materials.xacro
[0.441s] -- Up-to-date: /home/harshdev/Learning-ROS/install/alfred_bot/share/alfred_bot/description/robot.urdf.xacro
[0.441s] -- Up-to-date: /home/harshdev/Learning-ROS/install/alfred_bot/share/alfred_bot/description/robot_core.xacro
[0.441s] -- Up-to-date: /home/harshdev/Learning-ROS/install/alfred_bot/share/alfred_bot/description/ros2_control.xacro
[0.442s] -- Up-to-date: /home/harshdev/Learning-ROS/install/alfred_bot/share/alfred_bot/description/robot_measurements.xacro
[0.442s] -- Up-to-date: /home/harshdev/Learning-ROS/install/alfred_bot/share/alfred_bot/launch
[0.442s] -- Up-to-date: /home/harshdev/Learning-ROS/install/alfred_bot/share/alfred_bot/launch/rsp.launch.py
[0.442s] -- Up-to-date: /home/harshdev/Learning-ROS/install/alfred_bot/share/alfred_bot/launch/launch_sim.launch.py
[0.442s] -- Up-to-date: /home/harshdev/Learning-ROS/install/alfred_bot/share/alfred_bot/worlds
[0.442s] -- Up-to-date: /home/harshdev/Learning-ROS/install/alfred_bot/share/alfred_bot/worlds/empty.world
[0.442s] -- Installing: /home/harshdev/Learning-ROS/install/alfred_bot/share/alfred_bot/include
[0.442s] -- Installing: /home/harshdev/Learning-ROS/install/alfred_bot/share/alfred_bot/include/alfred_bot
[0.442s] -- Installing: /home/harshdev/Learning-ROS/install/alfred_bot/share/alfred_bot/rviz
[0.443s] -- Installing: /home/harshdev/Learning-ROS/install/alfred_bot/share/alfred_bot/rviz/view_bot.rviz
[0.443s] -- Up-to-date: /home/harshdev/Learning-ROS/install/alfred_bot/share/ament_index/resource_index/package_run_dependencies/alfred_bot
[0.443s] -- Up-to-date: /home/harshdev/Learning-ROS/install/alfred_bot/share/ament_index/resource_index/parent_prefix_path/alfred_bot
[0.443s] -- Up-to-date: /home/harshdev/Learning-ROS/install/alfred_bot/share/alfred_bot/environment/ament_prefix_path.sh
[0.443s] -- Up-to-date: /home/harshdev/Learning-ROS/install/alfred_bot/share/alfred_bot/environment/ament_prefix_path.dsv
[0.443s] -- Up-to-date: /home/harshdev/Learning-ROS/install/alfred_bot/share/alfred_bot/environment/path.sh
[0.443s] -- Up-to-date: /home/harshdev/Learning-ROS/install/alfred_bot/share/alfred_bot/environment/path.dsv
[0.443s] -- Up-to-date: /home/harshdev/Learning-ROS/install/alfred_bot/share/alfred_bot/local_setup.bash
[0.443s] -- Up-to-date: /home/harshdev/Learning-ROS/install/alfred_bot/share/alfred_bot/local_setup.sh
[0.443s] -- Up-to-date: /home/harshdev/Learning-ROS/install/alfred_bot/share/alfred_bot/local_setup.zsh
[0.444s] -- Up-to-date: /home/harshdev/Learning-ROS/install/alfred_bot/share/alfred_bot/local_setup.dsv
[0.444s] -- Installing: /home/harshdev/Learning-ROS/install/alfred_bot/share/alfred_bot/package.dsv
[0.444s] -- Up-to-date: /home/harshdev/Learning-ROS/install/alfred_bot/share/ament_index/resource_index/packages/alfred_bot
[0.444s] -- Up-to-date: /home/harshdev/Learning-ROS/install/alfred_bot/share/alfred_bot/cmake/alfred_botConfig.cmake
[0.444s] -- Up-to-date: /home/harshdev/Learning-ROS/install/alfred_bot/share/alfred_bot/cmake/alfred_botConfig-version.cmake
[0.444s] -- Up-to-date: /home/harshdev/Learning-ROS/install/alfred_bot/share/alfred_bot/package.xml
[0.445s] Invoked command in '/home/harshdev/Learning-ROS/build/alfred_bot' returned '0': CMAKE_PREFIX_PATH=${CMAKE_PREFIX_PATH}:/opt/ros/jazzy DEBUGINFOD_URLS=https://debuginfod.ubuntu.com /usr/bin/cmake --install /home/harshdev/Learning-ROS/build/alfred_bot
