-- The C compiler identification is GNU 13.3.0
-- The CXX compiler identification is GNU 13.3.0
-- Detecting C compiler ABI info
-- Detecting C compiler ABI info - done
-- Check for working C compiler: /usr/bin/cc - skipped
-- Detecting C compile features
-- Detecting C compile features - done
-- Detecting CXX compiler ABI info
-- Detecting CXX compiler ABI info - done
-- Check for working CXX compiler: /usr/bin/c++ - skipped
-- Detecting CXX compile features
-- Detecting CXX compile features - done
-- Found ament_cmake: 2.5.3 (/opt/ros/jazzy/share/ament_cmake/cmake)
-- Found Python3: /usr/bin/python3 (found version "3.12.3") found components: Interpreter 
-- Found ament_lint_auto: 0.17.1 (/opt/ros/jazzy/share/ament_lint_auto/cmake)
-- Added test 'lint_cmake' to check CMake code style
-- Added test 'xmllint' to check XML markup files
-- Configuring done (0.6s)
-- Generating done (0.0s)
-- Build files have been written to: /home/harshdev/alfred_workspace/build/alfred_sim
-- Install configuration: ""
-- Installing: /home/harshdev/alfred_workspace/install/alfred_sim/share/ament_index/resource_index/package_run_dependencies/alfred_sim
-- Installing: /home/harshdev/alfred_workspace/install/alfred_sim/share/ament_index/resource_index/parent_prefix_path/alfred_sim
-- Up-to-date: /home/harshdev/alfred_workspace/install/alfred_sim/share/alfred_sim/environment/ament_prefix_path.sh
-- Installing: /home/harshdev/alfred_workspace/install/alfred_sim/share/alfred_sim/environment/ament_prefix_path.dsv
-- Up-to-date: /home/harshdev/alfred_workspace/install/alfred_sim/share/alfred_sim/environment/path.sh
-- Installing: /home/harshdev/alfred_workspace/install/alfred_sim/share/alfred_sim/environment/path.dsv
-- Installing: /home/harshdev/alfred_workspace/install/alfred_sim/share/alfred_sim/local_setup.bash
-- Installing: /home/harshdev/alfred_workspace/install/alfred_sim/share/alfred_sim/local_setup.sh
-- Installing: /home/harshdev/alfred_workspace/install/alfred_sim/share/alfred_sim/local_setup.zsh
-- Installing: /home/harshdev/alfred_workspace/install/alfred_sim/share/alfred_sim/local_setup.dsv
-- Installing: /home/harshdev/alfred_workspace/install/alfred_sim/share/alfred_sim/package.dsv
-- Installing: /home/harshdev/alfred_workspace/install/alfred_sim/share/ament_index/resource_index/packages/alfred_sim
-- Installing: /home/harshdev/alfred_workspace/install/alfred_sim/share/alfred_sim/cmake/alfred_simConfig.cmake
-- Installing: /home/harshdev/alfred_workspace/install/alfred_sim/share/alfred_sim/cmake/alfred_simConfig-version.cmake
-- Up-to-date: /home/harshdev/alfred_workspace/install/alfred_sim/share/alfred_sim/package.xml
