[0.012s] Invoking command in '/home/harshdev/alfred_workspace/build/alfred_sim': CMAKE_PREFIX_PATH=${CMAKE_PREFIX_PATH}:/opt/ros/jazzy DEBUGINFOD_URLS=https://debuginfod.ubuntu.com /usr/bin/cmake /home/harshdev/alfred_workspace/src/alfred_sim -DCMAKE_INSTALL_PREFIX=/home/harshdev/alfred_workspace/install/alfred_sim
[0.061s] -- The C compiler identification is GNU 13.3.0
[0.105s] -- The CXX compiler identification is GNU 13.3.0
[0.120s] -- Detecting C compiler ABI info
[0.200s] -- Detecting C compiler ABI info - done
[0.207s] -- Check for working C compiler: /usr/bin/cc - skipped
[0.207s] -- Detecting C compile features
[0.207s] -- Detecting C compile features - done
[0.216s] -- Detecting CXX compiler ABI info
[0.298s] -- Detecting CXX compiler ABI info - done
[0.309s] -- Check for working CXX compiler: /usr/bin/c++ - skipped
[0.309s] -- Detecting CXX compile features
[0.310s] -- Detecting CXX compile features - done
[0.314s] -- Found ament_cmake: 2.5.3 (/opt/ros/jazzy/share/ament_cmake/cmake)
[0.451s] -- Found Python3: /usr/bin/python3 (found version "3.12.3") found components: Interpreter 
[0.541s] -- Found ament_lint_auto: 0.17.1 (/opt/ros/jazzy/share/ament_lint_auto/cmake)
[0.621s] -- Added test 'lint_cmake' to check CMake code style
[0.622s] -- Added test 'xmllint' to check XML markup files
[0.623s] -- Configuring done (0.6s)
[0.624s] -- Generating done (0.0s)
[0.625s] -- Build files have been written to: /home/harshdev/alfred_workspace/build/alfred_sim
[0.630s] Invoked command in '/home/harshdev/alfred_workspace/build/alfred_sim' returned '0': CMAKE_PREFIX_PATH=${CMAKE_PREFIX_PATH}:/opt/ros/jazzy DEBUGINFOD_URLS=https://debuginfod.ubuntu.com /usr/bin/cmake /home/harshdev/alfred_workspace/src/alfred_sim -DCMAKE_INSTALL_PREFIX=/home/harshdev/alfred_workspace/install/alfred_sim
[0.631s] Invoking command in '/home/harshdev/alfred_workspace/build/alfred_sim': CMAKE_PREFIX_PATH=${CMAKE_PREFIX_PATH}:/opt/ros/jazzy DEBUGINFOD_URLS=https://debuginfod.ubuntu.com /usr/bin/cmake --build /home/harshdev/alfred_workspace/build/alfred_sim -- -j12 -l12
[0.672s] Invoked command in '/home/harshdev/alfred_workspace/build/alfred_sim' returned '0': CMAKE_PREFIX_PATH=${CMAKE_PREFIX_PATH}:/opt/ros/jazzy DEBUGINFOD_URLS=https://debuginfod.ubuntu.com /usr/bin/cmake --build /home/harshdev/alfred_workspace/build/alfred_sim -- -j12 -l12
[0.681s] Invoking command in '/home/harshdev/alfred_workspace/build/alfred_sim': CMAKE_PREFIX_PATH=${CMAKE_PREFIX_PATH}:/opt/ros/jazzy DEBUGINFOD_URLS=https://debuginfod.ubuntu.com /usr/bin/cmake --install /home/harshdev/alfred_workspace/build/alfred_sim
[0.689s] -- Install configuration: ""
[0.689s] -- Installing: /home/harshdev/alfred_workspace/install/alfred_sim/share/ament_index/resource_index/package_run_dependencies/alfred_sim
[0.689s] -- Installing: /home/harshdev/alfred_workspace/install/alfred_sim/share/ament_index/resource_index/parent_prefix_path/alfred_sim
[0.690s] -- Up-to-date: /home/harshdev/alfred_workspace/install/alfred_sim/share/alfred_sim/environment/ament_prefix_path.sh
[0.690s] -- Installing: /home/harshdev/alfred_workspace/install/alfred_sim/share/alfred_sim/environment/ament_prefix_path.dsv
[0.690s] -- Up-to-date: /home/harshdev/alfred_workspace/install/alfred_sim/share/alfred_sim/environment/path.sh
[0.690s] -- Installing: /home/harshdev/alfred_workspace/install/alfred_sim/share/alfred_sim/environment/path.dsv
[0.690s] -- Installing: /home/harshdev/alfred_workspace/install/alfred_sim/share/alfred_sim/local_setup.bash
[0.690s] -- Installing: /home/harshdev/alfred_workspace/install/alfred_sim/share/alfred_sim/local_setup.sh
[0.690s] -- Installing: /home/harshdev/alfred_workspace/install/alfred_sim/share/alfred_sim/local_setup.zsh
[0.690s] -- Installing: /home/harshdev/alfred_workspace/install/alfred_sim/share/alfred_sim/local_setup.dsv
[0.690s] -- Installing: /home/harshdev/alfred_workspace/install/alfred_sim/share/alfred_sim/package.dsv
[0.691s] -- Installing: /home/harshdev/alfred_workspace/install/alfred_sim/share/ament_index/resource_index/packages/alfred_sim
[0.691s] -- Installing: /home/harshdev/alfred_workspace/install/alfred_sim/share/alfred_sim/cmake/alfred_simConfig.cmake
[0.691s] -- Installing: /home/harshdev/alfred_workspace/install/alfred_sim/share/alfred_sim/cmake/alfred_simConfig-version.cmake
[0.691s] -- Up-to-date: /home/harshdev/alfred_workspace/install/alfred_sim/share/alfred_sim/package.xml
[0.693s] Invoked command in '/home/harshdev/alfred_workspace/build/alfred_sim' returned '0': CMAKE_PREFIX_PATH=${CMAKE_PREFIX_PATH}:/opt/ros/jazzy DEBUGINFOD_URLS=https://debuginfod.ubuntu.com /usr/bin/cmake --install /home/harshdev/alfred_workspace/build/alfred_sim
