[0.013s] Invoking command in '/home/harshdev/alfred_workspace/build/alfred_bot': CMAKE_PREFIX_PATH=${CMAKE_PREFIX_PATH}:/opt/ros/jazzy DEBUGINFOD_URLS=https://debuginfod.ubuntu.com /usr/bin/cmake /home/harshdev/alfred_workspace/src/alfred_bot -DCMAKE_INSTALL_PREFIX=/home/harshdev/alfred_workspace/install/alfred_bot
[0.064s] -- The C compiler identification is GNU 13.3.0
[0.110s] -- The CXX compiler identification is GNU 13.3.0
[0.125s] -- Detecting C compiler ABI info
[0.206s] -- Detecting C compiler ABI info - done
[0.213s] -- Check for working C compiler: /usr/bin/cc - skipped
[0.213s] -- Detecting C compile features
[0.214s] -- Detecting C compile features - done
[0.222s] -- Detecting CXX compiler ABI info
[0.312s] -- Detecting CXX compiler ABI info - done
[0.318s] -- Check for working CXX compiler: /usr/bin/c++ - skipped
[0.319s] -- Detecting CXX compile features
[0.319s] -- Detecting CXX compile features - done
[0.321s] -- Found ament_cmake: 2.5.3 (/opt/ros/jazzy/share/ament_cmake/cmake)
[0.459s] -- Found Python3: /usr/bin/python3 (found version "3.12.3") found components: Interpreter 
[0.584s] -- Found ament_lint_auto: 0.17.1 (/opt/ros/jazzy/share/ament_lint_auto/cmake)
[0.703s] -- Added test 'lint_cmake' to check CMake code style
[0.703s] -- Added test 'xmllint' to check XML markup files
[0.704s] -- Configuring done (0.7s)
[0.706s] -- Generating done (0.0s)
[0.707s] -- Build files have been written to: /home/harshdev/alfred_workspace/build/alfred_bot
[0.712s] Invoked command in '/home/harshdev/alfred_workspace/build/alfred_bot' returned '0': CMAKE_PREFIX_PATH=${CMAKE_PREFIX_PATH}:/opt/ros/jazzy DEBUGINFOD_URLS=https://debuginfod.ubuntu.com /usr/bin/cmake /home/harshdev/alfred_workspace/src/alfred_bot -DCMAKE_INSTALL_PREFIX=/home/harshdev/alfred_workspace/install/alfred_bot
[0.713s] Invoking command in '/home/harshdev/alfred_workspace/build/alfred_bot': CMAKE_PREFIX_PATH=${CMAKE_PREFIX_PATH}:/opt/ros/jazzy DEBUGINFOD_URLS=https://debuginfod.ubuntu.com /usr/bin/cmake --build /home/harshdev/alfred_workspace/build/alfred_bot -- -j12 -l12
[0.748s] Invoked command in '/home/harshdev/alfred_workspace/build/alfred_bot' returned '0': CMAKE_PREFIX_PATH=${CMAKE_PREFIX_PATH}:/opt/ros/jazzy DEBUGINFOD_URLS=https://debuginfod.ubuntu.com /usr/bin/cmake --build /home/harshdev/alfred_workspace/build/alfred_bot -- -j12 -l12
[0.749s] Invoking command in '/home/harshdev/alfred_workspace/build/alfred_bot': CMAKE_PREFIX_PATH=${CMAKE_PREFIX_PATH}:/opt/ros/jazzy DEBUGINFOD_URLS=https://debuginfod.ubuntu.com /usr/bin/cmake --install /home/harshdev/alfred_workspace/build/alfred_bot
[0.758s] -- Install configuration: ""
[0.758s] -- Installing: /home/harshdev/alfred_workspace/install/alfred_bot/share/ament_index/resource_index/package_run_dependencies/alfred_bot
[0.758s] -- Installing: /home/harshdev/alfred_workspace/install/alfred_bot/share/ament_index/resource_index/parent_prefix_path/alfred_bot
[0.758s] -- Up-to-date: /home/harshdev/alfred_workspace/install/alfred_bot/share/alfred_bot/environment/ament_prefix_path.sh
[0.758s] -- Installing: /home/harshdev/alfred_workspace/install/alfred_bot/share/alfred_bot/environment/ament_prefix_path.dsv
[0.758s] -- Up-to-date: /home/harshdev/alfred_workspace/install/alfred_bot/share/alfred_bot/environment/path.sh
[0.758s] -- Installing: /home/harshdev/alfred_workspace/install/alfred_bot/share/alfred_bot/environment/path.dsv
[0.759s] -- Installing: /home/harshdev/alfred_workspace/install/alfred_bot/share/alfred_bot/local_setup.bash
[0.759s] -- Installing: /home/harshdev/alfred_workspace/install/alfred_bot/share/alfred_bot/local_setup.sh
[0.759s] -- Installing: /home/harshdev/alfred_workspace/install/alfred_bot/share/alfred_bot/local_setup.zsh
[0.759s] -- Installing: /home/harshdev/alfred_workspace/install/alfred_bot/share/alfred_bot/local_setup.dsv
[0.759s] -- Installing: /home/harshdev/alfred_workspace/install/alfred_bot/share/alfred_bot/package.dsv
[0.759s] -- Installing: /home/harshdev/alfred_workspace/install/alfred_bot/share/ament_index/resource_index/packages/alfred_bot
[0.759s] -- Installing: /home/harshdev/alfred_workspace/install/alfred_bot/share/alfred_bot/cmake/alfred_botConfig.cmake
[0.759s] -- Installing: /home/harshdev/alfred_workspace/install/alfred_bot/share/alfred_bot/cmake/alfred_botConfig-version.cmake
[0.759s] -- Up-to-date: /home/harshdev/alfred_workspace/install/alfred_bot/share/alfred_bot/package.xml
[0.761s] Invoked command in '/home/harshdev/alfred_workspace/build/alfred_bot' returned '0': CMAKE_PREFIX_PATH=${CMAKE_PREFIX_PATH}:/opt/ros/jazzy DEBUGINFOD_URLS=https://debuginfod.ubuntu.com /usr/bin/cmake --install /home/harshdev/alfred_workspace/build/alfred_bot
