[0.030s] Invoking command in '/home/harshdev/Learning-ROS/alffybot/build/alffy_controller': CMAKE_PREFIX_PATH=${CMAKE_PREFIX_PATH}:/home/harshdev/Learning-ROS/alffybot/install/alffy_talks_package:/home/harshdev/Learning-ROS/alffybot/install/alffy_talks:/opt/ros/jazzy DEBUGINFOD_URLS=https://debuginfod.ubuntu.com /usr/bin/cmake --build /home/harshdev/Learning-ROS/alffybot/build/alffy_controller -- -j12 -l12
[0.618s] Invoked command in '/home/harshdev/Learning-ROS/alffybot/build/alffy_controller' returned '0': CMAKE_PREFIX_PATH=${CMAKE_PREFIX_PATH}:/home/harshdev/Learning-ROS/alffybot/install/alffy_talks_package:/home/harshdev/Learning-ROS/alffybot/install/alffy_talks:/opt/ros/jazzy DEBUGINFOD_URLS=https://debuginfod.ubuntu.com /usr/bin/cmake --build /home/harshdev/Learning-ROS/alffybot/build/alffy_controller -- -j12 -l12
[0.647s] Invoking command in '/home/harshdev/Learning-ROS/alffybot/build/alffy_controller': CMAKE_PREFIX_PATH=${CMAKE_PREFIX_PATH}:/home/harshdev/Learning-ROS/alffybot/install/alffy_talks_package:/home/harshdev/Learning-ROS/alffybot/install/alffy_talks:/opt/ros/jazzy DEBUGINFOD_URLS=https://debuginfod.ubuntu.com /usr/bin/cmake --install /home/harshdev/Learning-ROS/alffybot/build/alffy_controller
[0.678s] -- Install configuration: ""
[0.679s] -- Up-to-date: /home/harshdev/Learning-ROS/alffybot/install/alffy_controller/share/alffy_controller/launch
[0.680s] -- Up-to-date: /home/harshdev/Learning-ROS/alffybot/install/alffy_controller/share/alffy_controller/launch/controller.launch.py
[0.680s] -- Up-to-date: /home/harshdev/Learning-ROS/alffybot/install/alffy_controller/share/alffy_controller/config
[0.681s] -- Up-to-date: /home/harshdev/Learning-ROS/alffybot/install/alffy_controller/share/alffy_controller/config/alffy_controllers.yaml
[0.682s] -- Up-to-date: /home/harshdev/Learning-ROS/alffybot/install/alffy_controller/share/ament_index/resource_index/package_run_dependencies/alffy_controller
[0.683s] -- Up-to-date: /home/harshdev/Learning-ROS/alffybot/install/alffy_controller/share/ament_index/resource_index/parent_prefix_path/alffy_controller
[0.684s] -- Up-to-date: /home/harshdev/Learning-ROS/alffybot/install/alffy_controller/share/alffy_controller/environment/ament_prefix_path.sh
[0.684s] -- Up-to-date: /home/harshdev/Learning-ROS/alffybot/install/alffy_controller/share/alffy_controller/environment/ament_prefix_path.dsv
[0.685s] -- Up-to-date: /home/harshdev/Learning-ROS/alffybot/install/alffy_controller/share/alffy_controller/environment/path.sh
[0.692s] -- Up-to-date: /home/harshdev/Learning-ROS/alffybot/install/alffy_controller/share/alffy_controller/environment/path.dsv
[0.692s] -- Up-to-date: /home/harshdev/Learning-ROS/alffybot/install/alffy_controller/share/alffy_controller/local_setup.bash
[0.693s] -- Up-to-date: /home/harshdev/Learning-ROS/alffybot/install/alffy_controller/share/alffy_controller/local_setup.sh
[0.693s] -- Up-to-date: /home/harshdev/Learning-ROS/alffybot/install/alffy_controller/share/alffy_controller/local_setup.zsh
[0.693s] -- Up-to-date: /home/harshdev/Learning-ROS/alffybot/install/alffy_controller/share/alffy_controller/local_setup.dsv
[0.696s] -- Installing: /home/harshdev/Learning-ROS/alffybot/install/alffy_controller/share/alffy_controller/package.dsv
[0.696s] -- Up-to-date: /home/harshdev/Learning-ROS/alffybot/install/alffy_controller/share/ament_index/resource_index/packages/alffy_controller
[0.697s] -- Up-to-date: /home/harshdev/Learning-ROS/alffybot/install/alffy_controller/share/alffy_controller/cmake/alffy_controllerConfig.cmake
[0.697s] -- Up-to-date: /home/harshdev/Learning-ROS/alffybot/install/alffy_controller/share/alffy_controller/cmake/alffy_controllerConfig-version.cmake
[0.697s] -- Up-to-date: /home/harshdev/Learning-ROS/alffybot/install/alffy_controller/share/alffy_controller/package.xml
[0.702s] Invoked command in '/home/harshdev/Learning-ROS/alffybot/build/alffy_controller' returned '0': CMAKE_PREFIX_PATH=${CMAKE_PREFIX_PATH}:/home/harshdev/Learning-ROS/alffybot/install/alffy_talks_package:/home/harshdev/Learning-ROS/alffybot/install/alffy_talks:/opt/ros/jazzy DEBUGINFOD_URLS=https://debuginfod.ubuntu.com /usr/bin/cmake --install /home/harshdev/Learning-ROS/alffybot/build/alffy_controller
