[0.122s] DEBUG:colcon:Command line arguments: ['/usr/bin/colcon', 'build']
[0.123s] DEBUG:colcon:Parsed command line arguments: Namespace(log_base=None, log_level=None, verb_name='build', build_base='build', install_base='install', merge_install=False, symlink_install=False, test_result_base=None, continue_on_error=False, executor='parallel', parallel_workers=12, event_handlers=None, ignore_user_meta=False, metas=['./colcon.meta'], base_paths=['.'], packages_ignore=None, packages_ignore_regex=None, paths=None, packages_up_to=None, packages_up_to_regex=None, packages_above=None, packages_above_and_dependencies=None, packages_above_depth=None, packages_select_by_dep=None, packages_skip_by_dep=None, packages_skip_up_to=None, packages_select_build_failed=False, packages_skip_build_finished=False, packages_select_test_failures=False, packages_skip_test_passed=False, packages_select=None, packages_skip=None, packages_select_regex=None, packages_skip_regex=None, packages_start=None, packages_end=None, allow_overriding=[], cmake_args=None, cmake_target=None, cmake_target_skip_unavailable=False, cmake_clean_cache=False, cmake_clean_first=False, cmake_force_configure=False, ament_cmake_args=None, catkin_cmake_args=None, catkin_skip_building_tests=False, mixin_files=None, mixin=None, verb_parser=<colcon_mixin.mixin.mixin_argument.MixinArgumentDecorator object at 0x7c6a3ab7ff20>, verb_extension=<colcon_core.verb.build.BuildVerb object at 0x7c6a3accc500>, main=<bound method BuildVerb.main of <colcon_core.verb.build.BuildVerb object at 0x7c6a3accc500>>, mixin_verb=('build',))
[0.160s] Level 1:colcon.colcon_core.package_discovery:discover_packages(colcon_meta) check parameters
[0.160s] Level 1:colcon.colcon_core.package_discovery:discover_packages(recursive) check parameters
[0.160s] Level 1:colcon.colcon_core.package_discovery:discover_packages(ignore) check parameters
[0.160s] Level 1:colcon.colcon_core.package_discovery:discover_packages(path) check parameters
[0.160s] Level 1:colcon.colcon_core.package_discovery:discover_packages(colcon_meta) discover
[0.160s] Level 1:colcon.colcon_core.package_discovery:discover_packages(recursive) discover
[0.160s] INFO:colcon.colcon_core.package_discovery:Crawling recursively for packages in '/home/harshdev/Learning-ROS/alffybot'
[0.160s] Level 1:colcon.colcon_core.package_identification:_identify(.) by extensions ['ignore', 'ignore_ament_install']
[0.160s] Level 1:colcon.colcon_core.package_identification:_identify(.) by extension 'ignore'
[0.160s] Level 1:colcon.colcon_core.package_identification:_identify(.) by extension 'ignore_ament_install'
[0.160s] Level 1:colcon.colcon_core.package_identification:_identify(.) by extensions ['colcon_pkg']
[0.160s] Level 1:colcon.colcon_core.package_identification:_identify(.) by extension 'colcon_pkg'
[0.160s] Level 1:colcon.colcon_core.package_identification:_identify(.) by extensions ['colcon_meta']
[0.160s] Level 1:colcon.colcon_core.package_identification:_identify(.) by extension 'colcon_meta'
[0.160s] Level 1:colcon.colcon_core.package_identification:_identify(.) by extensions ['ros']
[0.160s] Level 1:colcon.colcon_core.package_identification:_identify(.) by extension 'ros'
[0.195s] Level 1:colcon.colcon_core.package_identification:_identify(.) by extensions ['cmake', 'python']
[0.195s] Level 1:colcon.colcon_core.package_identification:_identify(.) by extension 'cmake'
[0.195s] Level 1:colcon.colcon_core.package_identification:_identify(.) by extension 'python'
[0.195s] Level 1:colcon.colcon_core.package_identification:_identify(.) by extensions ['python_setup_py']
[0.195s] Level 1:colcon.colcon_core.package_identification:_identify(.) by extension 'python_setup_py'
[0.196s] Level 1:colcon.colcon_core.package_identification:_identify(build) by extensions ['ignore', 'ignore_ament_install']
[0.196s] Level 1:colcon.colcon_core.package_identification:_identify(build) by extension 'ignore'
[0.196s] Level 1:colcon.colcon_core.package_identification:_identify(build) ignored
[0.196s] Level 1:colcon.colcon_core.package_identification:_identify(install) by extensions ['ignore', 'ignore_ament_install']
[0.196s] Level 1:colcon.colcon_core.package_identification:_identify(install) by extension 'ignore'
[0.196s] Level 1:colcon.colcon_core.package_identification:_identify(install) ignored
[0.196s] Level 1:colcon.colcon_core.package_identification:_identify(log) by extensions ['ignore', 'ignore_ament_install']
[0.197s] Level 1:colcon.colcon_core.package_identification:_identify(log) by extension 'ignore'
[0.197s] Level 1:colcon.colcon_core.package_identification:_identify(log) ignored
[0.197s] Level 1:colcon.colcon_core.package_identification:_identify(src) by extensions ['ignore', 'ignore_ament_install']
[0.197s] Level 1:colcon.colcon_core.package_identification:_identify(src) by extension 'ignore'
[0.197s] Level 1:colcon.colcon_core.package_identification:_identify(src) by extension 'ignore_ament_install'
[0.197s] Level 1:colcon.colcon_core.package_identification:_identify(src) by extensions ['colcon_pkg']
[0.197s] Level 1:colcon.colcon_core.package_identification:_identify(src) by extension 'colcon_pkg'
[0.197s] Level 1:colcon.colcon_core.package_identification:_identify(src) by extensions ['colcon_meta']
[0.197s] Level 1:colcon.colcon_core.package_identification:_identify(src) by extension 'colcon_meta'
[0.197s] Level 1:colcon.colcon_core.package_identification:_identify(src) by extensions ['ros']
[0.197s] Level 1:colcon.colcon_core.package_identification:_identify(src) by extension 'ros'
[0.197s] Level 1:colcon.colcon_core.package_identification:_identify(src) by extensions ['cmake', 'python']
[0.197s] Level 1:colcon.colcon_core.package_identification:_identify(src) by extension 'cmake'
[0.197s] Level 1:colcon.colcon_core.package_identification:_identify(src) by extension 'python'
[0.197s] Level 1:colcon.colcon_core.package_identification:_identify(src) by extensions ['python_setup_py']
[0.197s] Level 1:colcon.colcon_core.package_identification:_identify(src) by extension 'python_setup_py'
[0.197s] Level 1:colcon.colcon_core.package_identification:_identify(src/alffy_controller) by extensions ['ignore', 'ignore_ament_install']
[0.197s] Level 1:colcon.colcon_core.package_identification:_identify(src/alffy_controller) by extension 'ignore'
[0.198s] Level 1:colcon.colcon_core.package_identification:_identify(src/alffy_controller) by extension 'ignore_ament_install'
[0.198s] Level 1:colcon.colcon_core.package_identification:_identify(src/alffy_controller) by extensions ['colcon_pkg']
[0.198s] Level 1:colcon.colcon_core.package_identification:_identify(src/alffy_controller) by extension 'colcon_pkg'
[0.198s] Level 1:colcon.colcon_core.package_identification:_identify(src/alffy_controller) by extensions ['colcon_meta']
[0.198s] Level 1:colcon.colcon_core.package_identification:_identify(src/alffy_controller) by extension 'colcon_meta'
[0.198s] Level 1:colcon.colcon_core.package_identification:_identify(src/alffy_controller) by extensions ['ros']
[0.198s] Level 1:colcon.colcon_core.package_identification:_identify(src/alffy_controller) by extension 'ros'
[0.201s] DEBUG:colcon.colcon_core.package_identification:Package 'src/alffy_controller' with type 'ros.ament_cmake' and name 'alffy_controller'
[0.201s] Level 1:colcon.colcon_core.package_identification:_identify(src/alffy_description) by extensions ['ignore', 'ignore_ament_install']
[0.201s] Level 1:colcon.colcon_core.package_identification:_identify(src/alffy_description) by extension 'ignore'
[0.201s] Level 1:colcon.colcon_core.package_identification:_identify(src/alffy_description) by extension 'ignore_ament_install'
[0.201s] Level 1:colcon.colcon_core.package_identification:_identify(src/alffy_description) by extensions ['colcon_pkg']
[0.201s] Level 1:colcon.colcon_core.package_identification:_identify(src/alffy_description) by extension 'colcon_pkg'
[0.201s] Level 1:colcon.colcon_core.package_identification:_identify(src/alffy_description) by extensions ['colcon_meta']
[0.201s] Level 1:colcon.colcon_core.package_identification:_identify(src/alffy_description) by extension 'colcon_meta'
[0.201s] Level 1:colcon.colcon_core.package_identification:_identify(src/alffy_description) by extensions ['ros']
[0.201s] Level 1:colcon.colcon_core.package_identification:_identify(src/alffy_description) by extension 'ros'
[0.207s] DEBUG:colcon.colcon_core.package_identification:Package 'src/alffy_description' with type 'ros.ament_cmake' and name 'alffy_description'
[0.207s] Level 1:colcon.colcon_core.package_identification:_identify(src/alffy_talks) by extensions ['ignore', 'ignore_ament_install']
[0.207s] Level 1:colcon.colcon_core.package_identification:_identify(src/alffy_talks) by extension 'ignore'
[0.208s] Level 1:colcon.colcon_core.package_identification:_identify(src/alffy_talks) by extension 'ignore_ament_install'
[0.208s] Level 1:colcon.colcon_core.package_identification:_identify(src/alffy_talks) by extensions ['colcon_pkg']
[0.208s] Level 1:colcon.colcon_core.package_identification:_identify(src/alffy_talks) by extension 'colcon_pkg'
[0.208s] Level 1:colcon.colcon_core.package_identification:_identify(src/alffy_talks) by extensions ['colcon_meta']
[0.208s] Level 1:colcon.colcon_core.package_identification:_identify(src/alffy_talks) by extension 'colcon_meta'
[0.208s] Level 1:colcon.colcon_core.package_identification:_identify(src/alffy_talks) by extensions ['ros']
[0.208s] Level 1:colcon.colcon_core.package_identification:_identify(src/alffy_talks) by extension 'ros'
[0.208s] DEBUG:colcon.colcon_core.package_identification:Package 'src/alffy_talks' with type 'ros.ament_python' and name 'alffy_talks'
[0.209s] Level 1:colcon.colcon_core.package_discovery:discover_packages(recursive) using defaults
[0.209s] Level 1:colcon.colcon_core.package_discovery:discover_packages(ignore) discover
[0.209s] Level 1:colcon.colcon_core.package_discovery:discover_packages(ignore) using defaults
[0.209s] Level 1:colcon.colcon_core.package_discovery:discover_packages(path) discover
[0.209s] Level 1:colcon.colcon_core.package_discovery:discover_packages(path) using defaults
[0.234s] Level 1:colcon.colcon_core.package_discovery:discover_packages(prefix_path) check parameters
[0.234s] Level 1:colcon.colcon_core.package_discovery:discover_packages(prefix_path) discover
[0.240s] DEBUG:colcon.colcon_installed_package_information.package_discovery:Found 382 installed packages in /opt/ros/jazzy
[0.242s] Level 1:colcon.colcon_core.package_discovery:discover_packages(prefix_path) using defaults
[0.292s] Level 5:colcon.colcon_core.verb:set package 'alffy_controller' build argument 'cmake_args' from command line to 'None'
[0.292s] Level 5:colcon.colcon_core.verb:set package 'alffy_controller' build argument 'cmake_target' from command line to 'None'
[0.292s] Level 5:colcon.colcon_core.verb:set package 'alffy_controller' build argument 'cmake_target_skip_unavailable' from command line to 'False'
[0.292s] Level 5:colcon.colcon_core.verb:set package 'alffy_controller' build argument 'cmake_clean_cache' from command line to 'False'
[0.292s] Level 5:colcon.colcon_core.verb:set package 'alffy_controller' build argument 'cmake_clean_first' from command line to 'False'
[0.292s] Level 5:colcon.colcon_core.verb:set package 'alffy_controller' build argument 'cmake_force_configure' from command line to 'False'
[0.292s] Level 5:colcon.colcon_core.verb:set package 'alffy_controller' build argument 'ament_cmake_args' from command line to 'None'
[0.292s] Level 5:colcon.colcon_core.verb:set package 'alffy_controller' build argument 'catkin_cmake_args' from command line to 'None'
[0.292s] Level 5:colcon.colcon_core.verb:set package 'alffy_controller' build argument 'catkin_skip_building_tests' from command line to 'False'
[0.292s] DEBUG:colcon.colcon_core.verb:Building package 'alffy_controller' with the following arguments: {'ament_cmake_args': None, 'build_base': '/home/harshdev/Learning-ROS/alffybot/build/alffy_controller', 'catkin_cmake_args': None, 'catkin_skip_building_tests': False, 'cmake_args': None, 'cmake_clean_cache': False, 'cmake_clean_first': False, 'cmake_force_configure': False, 'cmake_target': None, 'cmake_target_skip_unavailable': False, 'install_base': '/home/harshdev/Learning-ROS/alffybot/install/alffy_controller', 'merge_install': False, 'path': '/home/harshdev/Learning-ROS/alffybot/src/alffy_controller', 'symlink_install': False, 'test_result_base': None}
[0.292s] Level 5:colcon.colcon_core.verb:set package 'alffy_description' build argument 'cmake_args' from command line to 'None'
[0.292s] Level 5:colcon.colcon_core.verb:set package 'alffy_description' build argument 'cmake_target' from command line to 'None'
[0.292s] Level 5:colcon.colcon_core.verb:set package 'alffy_description' build argument 'cmake_target_skip_unavailable' from command line to 'False'
[0.293s] Level 5:colcon.colcon_core.verb:set package 'alffy_description' build argument 'cmake_clean_cache' from command line to 'False'
[0.293s] Level 5:colcon.colcon_core.verb:set package 'alffy_description' build argument 'cmake_clean_first' from command line to 'False'
[0.293s] Level 5:colcon.colcon_core.verb:set package 'alffy_description' build argument 'cmake_force_configure' from command line to 'False'
[0.293s] Level 5:colcon.colcon_core.verb:set package 'alffy_description' build argument 'ament_cmake_args' from command line to 'None'
[0.293s] Level 5:colcon.colcon_core.verb:set package 'alffy_description' build argument 'catkin_cmake_args' from command line to 'None'
[0.293s] Level 5:colcon.colcon_core.verb:set package 'alffy_description' build argument 'catkin_skip_building_tests' from command line to 'False'
[0.293s] DEBUG:colcon.colcon_core.verb:Building package 'alffy_description' with the following arguments: {'ament_cmake_args': None, 'build_base': '/home/harshdev/Learning-ROS/alffybot/build/alffy_description', 'catkin_cmake_args': None, 'catkin_skip_building_tests': False, 'cmake_args': None, 'cmake_clean_cache': False, 'cmake_clean_first': False, 'cmake_force_configure': False, 'cmake_target': None, 'cmake_target_skip_unavailable': False, 'install_base': '/home/harshdev/Learning-ROS/alffybot/install/alffy_description', 'merge_install': False, 'path': '/home/harshdev/Learning-ROS/alffybot/src/alffy_description', 'symlink_install': False, 'test_result_base': None}
[0.293s] Level 5:colcon.colcon_core.verb:set package 'alffy_talks' build argument 'cmake_args' from command line to 'None'
[0.293s] Level 5:colcon.colcon_core.verb:set package 'alffy_talks' build argument 'cmake_target' from command line to 'None'
[0.293s] Level 5:colcon.colcon_core.verb:set package 'alffy_talks' build argument 'cmake_target_skip_unavailable' from command line to 'False'
[0.293s] Level 5:colcon.colcon_core.verb:set package 'alffy_talks' build argument 'cmake_clean_cache' from command line to 'False'
[0.293s] Level 5:colcon.colcon_core.verb:set package 'alffy_talks' build argument 'cmake_clean_first' from command line to 'False'
[0.293s] Level 5:colcon.colcon_core.verb:set package 'alffy_talks' build argument 'cmake_force_configure' from command line to 'False'
[0.293s] Level 5:colcon.colcon_core.verb:set package 'alffy_talks' build argument 'ament_cmake_args' from command line to 'None'
[0.293s] Level 5:colcon.colcon_core.verb:set package 'alffy_talks' build argument 'catkin_cmake_args' from command line to 'None'
[0.293s] Level 5:colcon.colcon_core.verb:set package 'alffy_talks' build argument 'catkin_skip_building_tests' from command line to 'False'
[0.293s] DEBUG:colcon.colcon_core.verb:Building package 'alffy_talks' with the following arguments: {'ament_cmake_args': None, 'build_base': '/home/harshdev/Learning-ROS/alffybot/build/alffy_talks', 'catkin_cmake_args': None, 'catkin_skip_building_tests': False, 'cmake_args': None, 'cmake_clean_cache': False, 'cmake_clean_first': False, 'cmake_force_configure': False, 'cmake_target': None, 'cmake_target_skip_unavailable': False, 'install_base': '/home/harshdev/Learning-ROS/alffybot/install/alffy_talks', 'merge_install': False, 'path': '/home/harshdev/Learning-ROS/alffybot/src/alffy_talks', 'symlink_install': False, 'test_result_base': None}
[0.293s] INFO:colcon.colcon_core.executor:Executing jobs using 'parallel' executor
[0.294s] DEBUG:colcon.colcon_parallel_executor.executor.parallel:run_until_complete
[0.295s] INFO:colcon.colcon_ros.task.ament_cmake.build:Building ROS package in '/home/harshdev/Learning-ROS/alffybot/src/alffy_controller' with build type 'ament_cmake'
[0.295s] INFO:colcon.colcon_cmake.task.cmake.build:Building CMake package in '/home/harshdev/Learning-ROS/alffybot/src/alffy_controller'
[0.298s] INFO:colcon.colcon_core.plugin_system:Skipping extension 'colcon_core.shell.bat': Not used on non-Windows systems
[0.298s] INFO:colcon.colcon_core.shell:Skip shell extension 'powershell' for command environment: Not usable outside of PowerShell
[0.298s] DEBUG:colcon.colcon_core.shell:Skip shell extension 'dsv' for command environment
[0.302s] INFO:colcon.colcon_ros.task.ament_cmake.build:Building ROS package in '/home/harshdev/Learning-ROS/alffybot/src/alffy_description' with build type 'ament_cmake'
[0.303s] INFO:colcon.colcon_cmake.task.cmake.build:Building CMake package in '/home/harshdev/Learning-ROS/alffybot/src/alffy_description'
[0.303s] INFO:colcon.colcon_core.shell:Skip shell extension 'powershell' for command environment: Not usable outside of PowerShell
[0.303s] DEBUG:colcon.colcon_core.shell:Skip shell extension 'dsv' for command environment
[0.307s] INFO:colcon.colcon_ros.task.ament_python.build:Building ROS package in '/home/harshdev/Learning-ROS/alffybot/src/alffy_talks' with build type 'ament_python'
[0.307s] Level 1:colcon.colcon_core.shell:create_environment_hook('alffy_talks', 'ament_prefix_path')
[0.307s] INFO:colcon.colcon_core.shell:Creating environment hook '/home/harshdev/Learning-ROS/alffybot/install/alffy_talks/share/alffy_talks/hook/ament_prefix_path.ps1'
[0.308s] INFO:colcon.colcon_core.shell:Creating environment descriptor '/home/harshdev/Learning-ROS/alffybot/install/alffy_talks/share/alffy_talks/hook/ament_prefix_path.dsv'
[0.308s] INFO:colcon.colcon_core.shell:Creating environment hook '/home/harshdev/Learning-ROS/alffybot/install/alffy_talks/share/alffy_talks/hook/ament_prefix_path.sh'
[0.309s] INFO:colcon.colcon_core.shell:Skip shell extension 'powershell' for command environment: Not usable outside of PowerShell
[0.309s] DEBUG:colcon.colcon_core.shell:Skip shell extension 'dsv' for command environment
[0.318s] DEBUG:colcon.colcon_core.event_handler.log_command:Invoking command in '/home/harshdev/Learning-ROS/alffybot/build/alffy_controller': CMAKE_PREFIX_PATH=${CMAKE_PREFIX_PATH}:/opt/ros/jazzy DEBUGINFOD_URLS=https://debuginfod.ubuntu.com /usr/bin/cmake --build /home/harshdev/Learning-ROS/alffybot/build/alffy_controller -- -j12 -l12
[0.323s] DEBUG:colcon.colcon_core.event_handler.log_command:Invoking command in '/home/harshdev/Learning-ROS/alffybot/build/alffy_description': CMAKE_PREFIX_PATH=${CMAKE_PREFIX_PATH}:/opt/ros/jazzy DEBUGINFOD_URLS=https://debuginfod.ubuntu.com /usr/bin/cmake --build /home/harshdev/Learning-ROS/alffybot/build/alffy_description -- -j12 -l12
[0.602s] INFO:colcon.colcon_core.task.python.build:Building Python package in '/home/harshdev/Learning-ROS/alffybot/src/alffy_talks'
[0.602s] INFO:colcon.colcon_core.shell:Skip shell extension 'powershell' for command environment: Not usable outside of PowerShell
[0.602s] DEBUG:colcon.colcon_core.shell:Skip shell extension 'dsv' for command environment
[0.605s] DEBUG:colcon.colcon_core.event_handler.log_command:Invoked command in '/home/harshdev/Learning-ROS/alffybot/build/alffy_controller' returned '0': CMAKE_PREFIX_PATH=${CMAKE_PREFIX_PATH}:/opt/ros/jazzy DEBUGINFOD_URLS=https://debuginfod.ubuntu.com /usr/bin/cmake --build /home/harshdev/Learning-ROS/alffybot/build/alffy_controller -- -j12 -l12
[0.623s] DEBUG:colcon.colcon_core.event_handler.log_command:Invoking command in '/home/harshdev/Learning-ROS/alffybot/build/alffy_controller': CMAKE_PREFIX_PATH=${CMAKE_PREFIX_PATH}:/opt/ros/jazzy DEBUGINFOD_URLS=https://debuginfod.ubuntu.com /usr/bin/cmake --install /home/harshdev/Learning-ROS/alffybot/build/alffy_controller
[0.643s] Level 1:colcon.colcon_core.environment:create_environment_scripts_only(alffy_controller)
[0.644s] DEBUG:colcon.colcon_core.event_handler.log_command:Invoked command in '/home/harshdev/Learning-ROS/alffybot/build/alffy_controller' returned '0': CMAKE_PREFIX_PATH=${CMAKE_PREFIX_PATH}:/opt/ros/jazzy DEBUGINFOD_URLS=https://debuginfod.ubuntu.com /usr/bin/cmake --install /home/harshdev/Learning-ROS/alffybot/build/alffy_controller
[0.648s] Level 1:colcon.colcon_core.environment:checking '/home/harshdev/Learning-ROS/alffybot/install/alffy_controller' for CMake module files
[0.649s] Level 1:colcon.colcon_core.environment:checking '/home/harshdev/Learning-ROS/alffybot/install/alffy_controller' for CMake config files
[0.650s] Level 1:colcon.colcon_core.shell:create_environment_hook('alffy_controller', 'cmake_prefix_path')
[0.650s] INFO:colcon.colcon_core.shell:Creating environment hook '/home/harshdev/Learning-ROS/alffybot/install/alffy_controller/share/alffy_controller/hook/cmake_prefix_path.ps1'
[0.651s] INFO:colcon.colcon_core.shell:Creating environment descriptor '/home/harshdev/Learning-ROS/alffybot/install/alffy_controller/share/alffy_controller/hook/cmake_prefix_path.dsv'
[0.651s] INFO:colcon.colcon_core.shell:Creating environment hook '/home/harshdev/Learning-ROS/alffybot/install/alffy_controller/share/alffy_controller/hook/cmake_prefix_path.sh'
[0.652s] Level 1:colcon.colcon_core.environment:checking '/home/harshdev/Learning-ROS/alffybot/install/alffy_controller/bin'
[0.652s] Level 1:colcon.colcon_core.environment:checking '/home/harshdev/Learning-ROS/alffybot/install/alffy_controller/lib/pkgconfig/alffy_controller.pc'
[0.652s] Level 1:colcon.colcon_core.environment:checking '/home/harshdev/Learning-ROS/alffybot/install/alffy_controller/lib/python3.12/site-packages'
[0.653s] Level 1:colcon.colcon_core.environment:checking '/home/harshdev/Learning-ROS/alffybot/install/alffy_controller/bin'
[0.653s] INFO:colcon.colcon_core.shell:Creating package script '/home/harshdev/Learning-ROS/alffybot/install/alffy_controller/share/alffy_controller/package.ps1'
[0.654s] INFO:colcon.colcon_core.shell:Creating package descriptor '/home/harshdev/Learning-ROS/alffybot/install/alffy_controller/share/alffy_controller/package.dsv'
[0.655s] INFO:colcon.colcon_core.shell:Creating package script '/home/harshdev/Learning-ROS/alffybot/install/alffy_controller/share/alffy_controller/package.sh'
[0.656s] INFO:colcon.colcon_core.shell:Creating package script '/home/harshdev/Learning-ROS/alffybot/install/alffy_controller/share/alffy_controller/package.bash'
[0.657s] INFO:colcon.colcon_core.shell:Creating package script '/home/harshdev/Learning-ROS/alffybot/install/alffy_controller/share/alffy_controller/package.zsh'
[0.659s] Level 1:colcon.colcon_core.environment:create_file_with_runtime_dependencies(/home/harshdev/Learning-ROS/alffybot/install/alffy_controller/share/colcon-core/packages/alffy_controller)
[0.660s] Level 1:colcon.colcon_core.environment:create_environment_scripts_only(alffy_controller)
[0.660s] Level 1:colcon.colcon_core.environment:checking '/home/harshdev/Learning-ROS/alffybot/install/alffy_controller' for CMake module files
[0.662s] Level 1:colcon.colcon_core.environment:checking '/home/harshdev/Learning-ROS/alffybot/install/alffy_controller' for CMake config files
[0.662s] Level 1:colcon.colcon_core.shell:create_environment_hook('alffy_controller', 'cmake_prefix_path')
[0.662s] INFO:colcon.colcon_core.shell:Creating environment hook '/home/harshdev/Learning-ROS/alffybot/install/alffy_controller/share/alffy_controller/hook/cmake_prefix_path.ps1'
[0.663s] INFO:colcon.colcon_core.shell:Creating environment descriptor '/home/harshdev/Learning-ROS/alffybot/install/alffy_controller/share/alffy_controller/hook/cmake_prefix_path.dsv'
[0.664s] INFO:colcon.colcon_core.shell:Creating environment hook '/home/harshdev/Learning-ROS/alffybot/install/alffy_controller/share/alffy_controller/hook/cmake_prefix_path.sh'
[0.665s] Level 1:colcon.colcon_core.environment:checking '/home/harshdev/Learning-ROS/alffybot/install/alffy_controller/bin'
[0.665s] Level 1:colcon.colcon_core.environment:checking '/home/harshdev/Learning-ROS/alffybot/install/alffy_controller/lib/pkgconfig/alffy_controller.pc'
[0.665s] Level 1:colcon.colcon_core.environment:checking '/home/harshdev/Learning-ROS/alffybot/install/alffy_controller/lib/python3.12/site-packages'
[0.666s] Level 1:colcon.colcon_core.environment:checking '/home/harshdev/Learning-ROS/alffybot/install/alffy_controller/bin'
[0.666s] INFO:colcon.colcon_core.shell:Creating package script '/home/harshdev/Learning-ROS/alffybot/install/alffy_controller/share/alffy_controller/package.ps1'
[0.667s] INFO:colcon.colcon_core.shell:Creating package descriptor '/home/harshdev/Learning-ROS/alffybot/install/alffy_controller/share/alffy_controller/package.dsv'
[0.667s] INFO:colcon.colcon_core.shell:Creating package script '/home/harshdev/Learning-ROS/alffybot/install/alffy_controller/share/alffy_controller/package.sh'
[0.668s] INFO:colcon.colcon_core.shell:Creating package script '/home/harshdev/Learning-ROS/alffybot/install/alffy_controller/share/alffy_controller/package.bash'
[0.669s] INFO:colcon.colcon_core.shell:Creating package script '/home/harshdev/Learning-ROS/alffybot/install/alffy_controller/share/alffy_controller/package.zsh'
[0.670s] Level 1:colcon.colcon_core.environment:create_file_with_runtime_dependencies(/home/harshdev/Learning-ROS/alffybot/install/alffy_controller/share/colcon-core/packages/alffy_controller)
[0.821s] DEBUG:colcon.colcon_core.event_handler.log_command:Invoked command in '/home/harshdev/Learning-ROS/alffybot/build/alffy_description' returned '0': CMAKE_PREFIX_PATH=${CMAKE_PREFIX_PATH}:/opt/ros/jazzy DEBUGINFOD_URLS=https://debuginfod.ubuntu.com /usr/bin/cmake --build /home/harshdev/Learning-ROS/alffybot/build/alffy_description -- -j12 -l12
[0.822s] DEBUG:colcon.colcon_core.event_handler.log_command:Invoking command in '/home/harshdev/Learning-ROS/alffybot/build/alffy_description': CMAKE_PREFIX_PATH=${CMAKE_PREFIX_PATH}:/opt/ros/jazzy DEBUGINFOD_URLS=https://debuginfod.ubuntu.com /usr/bin/cmake --install /home/harshdev/Learning-ROS/alffybot/build/alffy_description
[0.835s] Level 1:colcon.colcon_core.environment:create_environment_scripts_only(alffy_description)
[0.835s] Level 1:colcon.colcon_core.environment:checking '/home/harshdev/Learning-ROS/alffybot/install/alffy_description' for CMake module files
[0.835s] DEBUG:colcon.colcon_core.event_handler.log_command:Invoked command in '/home/harshdev/Learning-ROS/alffybot/build/alffy_description' returned '0': CMAKE_PREFIX_PATH=${CMAKE_PREFIX_PATH}:/opt/ros/jazzy DEBUGINFOD_URLS=https://debuginfod.ubuntu.com /usr/bin/cmake --install /home/harshdev/Learning-ROS/alffybot/build/alffy_description
[0.836s] Level 1:colcon.colcon_core.environment:checking '/home/harshdev/Learning-ROS/alffybot/install/alffy_description' for CMake config files
[0.837s] Level 1:colcon.colcon_core.shell:create_environment_hook('alffy_description', 'cmake_prefix_path')
[0.837s] INFO:colcon.colcon_core.shell:Creating environment hook '/home/harshdev/Learning-ROS/alffybot/install/alffy_description/share/alffy_description/hook/cmake_prefix_path.ps1'
[0.837s] INFO:colcon.colcon_core.shell:Creating environment descriptor '/home/harshdev/Learning-ROS/alffybot/install/alffy_description/share/alffy_description/hook/cmake_prefix_path.dsv'
[0.838s] INFO:colcon.colcon_core.shell:Creating environment hook '/home/harshdev/Learning-ROS/alffybot/install/alffy_description/share/alffy_description/hook/cmake_prefix_path.sh'
[0.838s] Level 1:colcon.colcon_core.environment:checking '/home/harshdev/Learning-ROS/alffybot/install/alffy_description/bin'
[0.838s] Level 1:colcon.colcon_core.environment:checking '/home/harshdev/Learning-ROS/alffybot/install/alffy_description/lib/pkgconfig/alffy_description.pc'
[0.839s] Level 1:colcon.colcon_core.environment:checking '/home/harshdev/Learning-ROS/alffybot/install/alffy_description/lib/python3.12/site-packages'
[0.839s] Level 1:colcon.colcon_core.environment:checking '/home/harshdev/Learning-ROS/alffybot/install/alffy_description/bin'
[0.839s] INFO:colcon.colcon_core.shell:Creating package script '/home/harshdev/Learning-ROS/alffybot/install/alffy_description/share/alffy_description/package.ps1'
[0.839s] INFO:colcon.colcon_core.shell:Creating package descriptor '/home/harshdev/Learning-ROS/alffybot/install/alffy_description/share/alffy_description/package.dsv'
[0.840s] INFO:colcon.colcon_core.shell:Creating package script '/home/harshdev/Learning-ROS/alffybot/install/alffy_description/share/alffy_description/package.sh'
[0.840s] INFO:colcon.colcon_core.shell:Creating package script '/home/harshdev/Learning-ROS/alffybot/install/alffy_description/share/alffy_description/package.bash'
[0.840s] INFO:colcon.colcon_core.shell:Creating package script '/home/harshdev/Learning-ROS/alffybot/install/alffy_description/share/alffy_description/package.zsh'
[0.840s] Level 1:colcon.colcon_core.environment:create_file_with_runtime_dependencies(/home/harshdev/Learning-ROS/alffybot/install/alffy_description/share/colcon-core/packages/alffy_description)
[0.841s] Level 1:colcon.colcon_core.environment:create_environment_scripts_only(alffy_description)
[0.841s] Level 1:colcon.colcon_core.environment:checking '/home/harshdev/Learning-ROS/alffybot/install/alffy_description' for CMake module files
[0.841s] Level 1:colcon.colcon_core.environment:checking '/home/harshdev/Learning-ROS/alffybot/install/alffy_description' for CMake config files
[0.841s] Level 1:colcon.colcon_core.shell:create_environment_hook('alffy_description', 'cmake_prefix_path')
[0.841s] INFO:colcon.colcon_core.shell:Creating environment hook '/home/harshdev/Learning-ROS/alffybot/install/alffy_description/share/alffy_description/hook/cmake_prefix_path.ps1'
[0.841s] INFO:colcon.colcon_core.shell:Creating environment descriptor '/home/harshdev/Learning-ROS/alffybot/install/alffy_description/share/alffy_description/hook/cmake_prefix_path.dsv'
[0.841s] INFO:colcon.colcon_core.shell:Creating environment hook '/home/harshdev/Learning-ROS/alffybot/install/alffy_description/share/alffy_description/hook/cmake_prefix_path.sh'
[0.842s] Level 1:colcon.colcon_core.environment:checking '/home/harshdev/Learning-ROS/alffybot/install/alffy_description/bin'
[0.842s] Level 1:colcon.colcon_core.environment:checking '/home/harshdev/Learning-ROS/alffybot/install/alffy_description/lib/pkgconfig/alffy_description.pc'
[0.842s] Level 1:colcon.colcon_core.environment:checking '/home/harshdev/Learning-ROS/alffybot/install/alffy_description/lib/python3.12/site-packages'
[0.842s] Level 1:colcon.colcon_core.environment:checking '/home/harshdev/Learning-ROS/alffybot/install/alffy_description/bin'
[0.842s] INFO:colcon.colcon_core.shell:Creating package script '/home/harshdev/Learning-ROS/alffybot/install/alffy_description/share/alffy_description/package.ps1'
[0.843s] INFO:colcon.colcon_core.shell:Creating package descriptor '/home/harshdev/Learning-ROS/alffybot/install/alffy_description/share/alffy_description/package.dsv'
[0.843s] INFO:colcon.colcon_core.shell:Creating package script '/home/harshdev/Learning-ROS/alffybot/install/alffy_description/share/alffy_description/package.sh'
[0.843s] INFO:colcon.colcon_core.shell:Creating package script '/home/harshdev/Learning-ROS/alffybot/install/alffy_description/share/alffy_description/package.bash'
[0.843s] INFO:colcon.colcon_core.shell:Creating package script '/home/harshdev/Learning-ROS/alffybot/install/alffy_description/share/alffy_description/package.zsh'
[0.843s] Level 1:colcon.colcon_core.environment:create_file_with_runtime_dependencies(/home/harshdev/Learning-ROS/alffybot/install/alffy_description/share/colcon-core/packages/alffy_description)
[1.369s] DEBUG:colcon.colcon_core.event_handler.log_command:Invoking command in '/home/harshdev/Learning-ROS/alffybot/src/alffy_talks': DEBUGINFOD_URLS=https://debuginfod.ubuntu.com PYTHONPATH=/home/harshdev/Learning-ROS/alffybot/build/alffy_talks/prefix_override:/usr/lib/python3/dist-packages/colcon_core/task/python/colcon_distutils_commands:/home/harshdev/Learning-ROS/alffybot/install/alffy_talks/lib/python3.12/site-packages:${PYTHONPATH} /usr/bin/python3 -W ignore:setup.py install is deprecated -W ignore:easy_install command is deprecated setup.py egg_info --egg-base ../../build/alffy_talks build --build-base /home/harshdev/Learning-ROS/alffybot/build/alffy_talks/build install --record /home/harshdev/Learning-ROS/alffybot/build/alffy_talks/install.log --single-version-externally-managed install_data
[2.039s] Level 1:colcon.colcon_core.environment:checking '/home/harshdev/Learning-ROS/alffybot/install/alffy_talks' for CMake module files
[2.039s] DEBUG:colcon.colcon_core.event_handler.log_command:Invoked command in '/home/harshdev/Learning-ROS/alffybot/src/alffy_talks' returned '0': DEBUGINFOD_URLS=https://debuginfod.ubuntu.com PYTHONPATH=/home/harshdev/Learning-ROS/alffybot/build/alffy_talks/prefix_override:/usr/lib/python3/dist-packages/colcon_core/task/python/colcon_distutils_commands:/home/harshdev/Learning-ROS/alffybot/install/alffy_talks/lib/python3.12/site-packages:${PYTHONPATH} /usr/bin/python3 -W ignore:setup.py install is deprecated -W ignore:easy_install command is deprecated setup.py egg_info --egg-base ../../build/alffy_talks build --build-base /home/harshdev/Learning-ROS/alffybot/build/alffy_talks/build install --record /home/harshdev/Learning-ROS/alffybot/build/alffy_talks/install.log --single-version-externally-managed install_data
[2.040s] Level 1:colcon.colcon_core.environment:checking '/home/harshdev/Learning-ROS/alffybot/install/alffy_talks' for CMake config files
[2.043s] Level 1:colcon.colcon_core.environment:checking '/home/harshdev/Learning-ROS/alffybot/install/alffy_talks/lib'
[2.043s] Level 1:colcon.colcon_core.environment:checking '/home/harshdev/Learning-ROS/alffybot/install/alffy_talks/bin'
[2.043s] Level 1:colcon.colcon_core.environment:checking '/home/harshdev/Learning-ROS/alffybot/install/alffy_talks/lib/pkgconfig/alffy_talks.pc'
[2.043s] Level 1:colcon.colcon_core.environment:checking '/home/harshdev/Learning-ROS/alffybot/install/alffy_talks/lib/python3.12/site-packages'
[2.043s] Level 1:colcon.colcon_core.shell:create_environment_hook('alffy_talks', 'pythonpath')
[2.044s] INFO:colcon.colcon_core.shell:Creating environment hook '/home/harshdev/Learning-ROS/alffybot/install/alffy_talks/share/alffy_talks/hook/pythonpath.ps1'
[2.044s] INFO:colcon.colcon_core.shell:Creating environment descriptor '/home/harshdev/Learning-ROS/alffybot/install/alffy_talks/share/alffy_talks/hook/pythonpath.dsv'
[2.044s] INFO:colcon.colcon_core.shell:Creating environment hook '/home/harshdev/Learning-ROS/alffybot/install/alffy_talks/share/alffy_talks/hook/pythonpath.sh'
[2.044s] Level 1:colcon.colcon_core.environment:checking '/home/harshdev/Learning-ROS/alffybot/install/alffy_talks/bin'
[2.044s] Level 1:colcon.colcon_core.environment:create_environment_scripts_only(alffy_talks)
[2.045s] INFO:colcon.colcon_core.shell:Creating package script '/home/harshdev/Learning-ROS/alffybot/install/alffy_talks/share/alffy_talks/package.ps1'
[2.045s] INFO:colcon.colcon_core.shell:Creating package descriptor '/home/harshdev/Learning-ROS/alffybot/install/alffy_talks/share/alffy_talks/package.dsv'
[2.045s] INFO:colcon.colcon_core.shell:Creating package script '/home/harshdev/Learning-ROS/alffybot/install/alffy_talks/share/alffy_talks/package.sh'
[2.045s] INFO:colcon.colcon_core.shell:Creating package script '/home/harshdev/Learning-ROS/alffybot/install/alffy_talks/share/alffy_talks/package.bash'
[2.046s] INFO:colcon.colcon_core.shell:Creating package script '/home/harshdev/Learning-ROS/alffybot/install/alffy_talks/share/alffy_talks/package.zsh'
[2.046s] Level 1:colcon.colcon_core.environment:create_file_with_runtime_dependencies(/home/harshdev/Learning-ROS/alffybot/install/alffy_talks/share/colcon-core/packages/alffy_talks)
[2.046s] DEBUG:colcon.colcon_parallel_executor.executor.parallel:closing loop
[2.046s] DEBUG:colcon.colcon_parallel_executor.executor.parallel:loop closed
[2.046s] DEBUG:colcon.colcon_parallel_executor.executor.parallel:run_until_complete finished with '0'
[2.046s] DEBUG:colcon.colcon_core.event_reactor:joining thread
[2.055s] INFO:colcon.colcon_core.plugin_system:Skipping extension 'colcon_notification.desktop_notification.terminal_notifier': Not used on non-Darwin systems
[2.055s] INFO:colcon.colcon_core.plugin_system:Skipping extension 'colcon_notification.desktop_notification.win32': Not used on non-Windows systems
[2.055s] INFO:colcon.colcon_notification.desktop_notification:Sending desktop notification using 'notify2'
[2.080s] DEBUG:colcon.colcon_core.event_reactor:joined thread
[2.081s] INFO:colcon.colcon_core.shell:Creating prefix script '/home/harshdev/Learning-ROS/alffybot/install/local_setup.ps1'
[2.084s] INFO:colcon.colcon_core.shell:Creating prefix util module '/home/harshdev/Learning-ROS/alffybot/install/_local_setup_util_ps1.py'
[2.086s] INFO:colcon.colcon_core.shell:Creating prefix chain script '/home/harshdev/Learning-ROS/alffybot/install/setup.ps1'
[2.088s] INFO:colcon.colcon_core.shell:Creating prefix script '/home/harshdev/Learning-ROS/alffybot/install/local_setup.sh'
[2.089s] INFO:colcon.colcon_core.shell:Creating prefix util module '/home/harshdev/Learning-ROS/alffybot/install/_local_setup_util_sh.py'
[2.090s] INFO:colcon.colcon_core.shell:Creating prefix chain script '/home/harshdev/Learning-ROS/alffybot/install/setup.sh'
[2.091s] INFO:colcon.colcon_core.shell:Creating prefix script '/home/harshdev/Learning-ROS/alffybot/install/local_setup.bash'
[2.092s] INFO:colcon.colcon_core.shell:Creating prefix chain script '/home/harshdev/Learning-ROS/alffybot/install/setup.bash'
[2.094s] INFO:colcon.colcon_core.shell:Creating prefix script '/home/harshdev/Learning-ROS/alffybot/install/local_setup.zsh'
[2.095s] INFO:colcon.colcon_core.shell:Creating prefix chain script '/home/harshdev/Learning-ROS/alffybot/install/setup.zsh'
