[0.122s] DEBUG:colcon:Command line arguments: ['/usr/bin/colcon', 'build']
[0.122s] DEBUG:colcon:Parsed command line arguments: Namespace(log_base=None, log_level=None, verb_name='build', build_base='build', install_base='install', merge_install=False, symlink_install=False, test_result_base=None, continue_on_error=False, executor='parallel', parallel_workers=12, event_handlers=None, ignore_user_meta=False, metas=['./colcon.meta'], base_paths=['.'], packages_ignore=None, packages_ignore_regex=None, paths=None, packages_up_to=None, packages_up_to_regex=None, packages_above=None, packages_above_and_dependencies=None, packages_above_depth=None, packages_select_by_dep=None, packages_skip_by_dep=None, packages_skip_up_to=None, packages_select_build_failed=False, packages_skip_build_finished=False, packages_select_test_failures=False, packages_skip_test_passed=False, packages_select=None, packages_skip=None, packages_select_regex=None, packages_skip_regex=None, packages_start=None, packages_end=None, allow_overriding=[], cmake_args=None, cmake_target=None, cmake_target_skip_unavailable=False, cmake_clean_cache=False, cmake_clean_first=False, cmake_force_configure=False, ament_cmake_args=None, catkin_cmake_args=None, catkin_skip_building_tests=False, mixin_files=None, mixin=None, verb_parser=<colcon_mixin.mixin.mixin_argument.MixinArgumentDecorator object at 0x73390db50d70>, verb_extension=<colcon_core.verb.build.BuildVerb object at 0x73390dcd0c20>, main=<bound method BuildVerb.main of <colcon_core.verb.build.BuildVerb object at 0x73390dcd0c20>>, mixin_verb=('build',))
[0.166s] Level 1:colcon.colcon_core.package_discovery:discover_packages(colcon_meta) check parameters
[0.166s] Level 1:colcon.colcon_core.package_discovery:discover_packages(recursive) check parameters
[0.166s] Level 1:colcon.colcon_core.package_discovery:discover_packages(ignore) check parameters
[0.166s] Level 1:colcon.colcon_core.package_discovery:discover_packages(path) check parameters
[0.166s] Level 1:colcon.colcon_core.package_discovery:discover_packages(colcon_meta) discover
[0.166s] Level 1:colcon.colcon_core.package_discovery:discover_packages(recursive) discover
[0.166s] INFO:colcon.colcon_core.package_discovery:Crawling recursively for packages in '/home/harshdev/alfred_workspace'
[0.167s] Level 1:colcon.colcon_core.package_identification:_identify(.) by extensions ['ignore', 'ignore_ament_install']
[0.167s] Level 1:colcon.colcon_core.package_identification:_identify(.) by extension 'ignore'
[0.167s] Level 1:colcon.colcon_core.package_identification:_identify(.) by extension 'ignore_ament_install'
[0.167s] Level 1:colcon.colcon_core.package_identification:_identify(.) by extensions ['colcon_pkg']
[0.167s] Level 1:colcon.colcon_core.package_identification:_identify(.) by extension 'colcon_pkg'
[0.167s] Level 1:colcon.colcon_core.package_identification:_identify(.) by extensions ['colcon_meta']
[0.167s] Level 1:colcon.colcon_core.package_identification:_identify(.) by extension 'colcon_meta'
[0.167s] Level 1:colcon.colcon_core.package_identification:_identify(.) by extensions ['ros']
[0.167s] Level 1:colcon.colcon_core.package_identification:_identify(.) by extension 'ros'
[0.198s] Level 1:colcon.colcon_core.package_identification:_identify(.) by extensions ['cmake', 'python']
[0.198s] Level 1:colcon.colcon_core.package_identification:_identify(.) by extension 'cmake'
[0.199s] Level 1:colcon.colcon_core.package_identification:_identify(.) by extension 'python'
[0.199s] Level 1:colcon.colcon_core.package_identification:_identify(.) by extensions ['python_setup_py']
[0.199s] Level 1:colcon.colcon_core.package_identification:_identify(.) by extension 'python_setup_py'
[0.199s] Level 1:colcon.colcon_core.package_identification:_identify(build) by extensions ['ignore', 'ignore_ament_install']
[0.199s] Level 1:colcon.colcon_core.package_identification:_identify(build) by extension 'ignore'
[0.199s] Level 1:colcon.colcon_core.package_identification:_identify(build) ignored
[0.199s] Level 1:colcon.colcon_core.package_identification:_identify(install) by extensions ['ignore', 'ignore_ament_install']
[0.199s] Level 1:colcon.colcon_core.package_identification:_identify(install) by extension 'ignore'
[0.199s] Level 1:colcon.colcon_core.package_identification:_identify(install) ignored
[0.199s] Level 1:colcon.colcon_core.package_identification:_identify(log) by extensions ['ignore', 'ignore_ament_install']
[0.199s] Level 1:colcon.colcon_core.package_identification:_identify(log) by extension 'ignore'
[0.200s] Level 1:colcon.colcon_core.package_identification:_identify(log) ignored
[0.200s] Level 1:colcon.colcon_core.package_identification:_identify(src) by extensions ['ignore', 'ignore_ament_install']
[0.200s] Level 1:colcon.colcon_core.package_identification:_identify(src) by extension 'ignore'
[0.200s] Level 1:colcon.colcon_core.package_identification:_identify(src) by extension 'ignore_ament_install'
[0.200s] Level 1:colcon.colcon_core.package_identification:_identify(src) by extensions ['colcon_pkg']
[0.200s] Level 1:colcon.colcon_core.package_identification:_identify(src) by extension 'colcon_pkg'
[0.200s] Level 1:colcon.colcon_core.package_identification:_identify(src) by extensions ['colcon_meta']
[0.200s] Level 1:colcon.colcon_core.package_identification:_identify(src) by extension 'colcon_meta'
[0.200s] Level 1:colcon.colcon_core.package_identification:_identify(src) by extensions ['ros']
[0.200s] Level 1:colcon.colcon_core.package_identification:_identify(src) by extension 'ros'
[0.200s] Level 1:colcon.colcon_core.package_identification:_identify(src) by extensions ['cmake', 'python']
[0.200s] Level 1:colcon.colcon_core.package_identification:_identify(src) by extension 'cmake'
[0.200s] Level 1:colcon.colcon_core.package_identification:_identify(src) by extension 'python'
[0.200s] Level 1:colcon.colcon_core.package_identification:_identify(src) by extensions ['python_setup_py']
[0.200s] Level 1:colcon.colcon_core.package_identification:_identify(src) by extension 'python_setup_py'
[0.200s] Level 1:colcon.colcon_core.package_identification:_identify(src/alfred_bot) by extensions ['ignore', 'ignore_ament_install']
[0.200s] Level 1:colcon.colcon_core.package_identification:_identify(src/alfred_bot) by extension 'ignore'
[0.201s] Level 1:colcon.colcon_core.package_identification:_identify(src/alfred_bot) by extension 'ignore_ament_install'
[0.201s] Level 1:colcon.colcon_core.package_identification:_identify(src/alfred_bot) by extensions ['colcon_pkg']
[0.201s] Level 1:colcon.colcon_core.package_identification:_identify(src/alfred_bot) by extension 'colcon_pkg'
[0.201s] Level 1:colcon.colcon_core.package_identification:_identify(src/alfred_bot) by extensions ['colcon_meta']
[0.201s] Level 1:colcon.colcon_core.package_identification:_identify(src/alfred_bot) by extension 'colcon_meta'
[0.201s] Level 1:colcon.colcon_core.package_identification:_identify(src/alfred_bot) by extensions ['ros']
[0.201s] Level 1:colcon.colcon_core.package_identification:_identify(src/alfred_bot) by extension 'ros'
[0.204s] DEBUG:colcon.colcon_core.package_identification:Package 'src/alfred_bot' with type 'ros.ament_cmake' and name 'alfred_bot'
[0.204s] Level 1:colcon.colcon_core.package_identification:_identify(src/alfred_sim) by extensions ['ignore', 'ignore_ament_install']
[0.204s] Level 1:colcon.colcon_core.package_identification:_identify(src/alfred_sim) by extension 'ignore'
[0.204s] Level 1:colcon.colcon_core.package_identification:_identify(src/alfred_sim) by extension 'ignore_ament_install'
[0.204s] Level 1:colcon.colcon_core.package_identification:_identify(src/alfred_sim) by extensions ['colcon_pkg']
[0.204s] Level 1:colcon.colcon_core.package_identification:_identify(src/alfred_sim) by extension 'colcon_pkg'
[0.204s] Level 1:colcon.colcon_core.package_identification:_identify(src/alfred_sim) by extensions ['colcon_meta']
[0.204s] Level 1:colcon.colcon_core.package_identification:_identify(src/alfred_sim) by extension 'colcon_meta'
[0.204s] Level 1:colcon.colcon_core.package_identification:_identify(src/alfred_sim) by extensions ['ros']
[0.204s] Level 1:colcon.colcon_core.package_identification:_identify(src/alfred_sim) by extension 'ros'
[0.205s] DEBUG:colcon.colcon_core.package_identification:Package 'src/alfred_sim' with type 'ros.ament_cmake' and name 'alfred_sim'
[0.205s] Level 1:colcon.colcon_core.package_identification:_identify(src/joy_input) by extensions ['ignore', 'ignore_ament_install']
[0.205s] Level 1:colcon.colcon_core.package_identification:_identify(src/joy_input) by extension 'ignore'
[0.205s] Level 1:colcon.colcon_core.package_identification:_identify(src/joy_input) by extension 'ignore_ament_install'
[0.205s] Level 1:colcon.colcon_core.package_identification:_identify(src/joy_input) by extensions ['colcon_pkg']
[0.205s] Level 1:colcon.colcon_core.package_identification:_identify(src/joy_input) by extension 'colcon_pkg'
[0.205s] Level 1:colcon.colcon_core.package_identification:_identify(src/joy_input) by extensions ['colcon_meta']
[0.205s] Level 1:colcon.colcon_core.package_identification:_identify(src/joy_input) by extension 'colcon_meta'
[0.205s] Level 1:colcon.colcon_core.package_identification:_identify(src/joy_input) by extensions ['ros']
[0.205s] Level 1:colcon.colcon_core.package_identification:_identify(src/joy_input) by extension 'ros'
[0.206s] DEBUG:colcon.colcon_core.package_identification:Package 'src/joy_input' with type 'ros.ament_python' and name 'joy_input'
[0.206s] Level 1:colcon.colcon_core.package_discovery:discover_packages(recursive) using defaults
[0.206s] Level 1:colcon.colcon_core.package_discovery:discover_packages(ignore) discover
[0.206s] Level 1:colcon.colcon_core.package_discovery:discover_packages(ignore) using defaults
[0.206s] Level 1:colcon.colcon_core.package_discovery:discover_packages(path) discover
[0.206s] Level 1:colcon.colcon_core.package_discovery:discover_packages(path) using defaults
[0.227s] Level 1:colcon.colcon_core.package_discovery:discover_packages(prefix_path) check parameters
[0.227s] Level 1:colcon.colcon_core.package_discovery:discover_packages(prefix_path) discover
[0.231s] DEBUG:colcon.colcon_installed_package_information.package_discovery:Found 461 installed packages in /opt/ros/jazzy
[0.233s] Level 1:colcon.colcon_core.package_discovery:discover_packages(prefix_path) using defaults
[0.293s] Level 5:colcon.colcon_core.verb:set package 'alfred_bot' build argument 'cmake_args' from command line to 'None'
[0.293s] Level 5:colcon.colcon_core.verb:set package 'alfred_bot' build argument 'cmake_target' from command line to 'None'
[0.293s] Level 5:colcon.colcon_core.verb:set package 'alfred_bot' build argument 'cmake_target_skip_unavailable' from command line to 'False'
[0.293s] Level 5:colcon.colcon_core.verb:set package 'alfred_bot' build argument 'cmake_clean_cache' from command line to 'False'
[0.293s] Level 5:colcon.colcon_core.verb:set package 'alfred_bot' build argument 'cmake_clean_first' from command line to 'False'
[0.293s] Level 5:colcon.colcon_core.verb:set package 'alfred_bot' build argument 'cmake_force_configure' from command line to 'False'
[0.293s] Level 5:colcon.colcon_core.verb:set package 'alfred_bot' build argument 'ament_cmake_args' from command line to 'None'
[0.293s] Level 5:colcon.colcon_core.verb:set package 'alfred_bot' build argument 'catkin_cmake_args' from command line to 'None'
[0.293s] Level 5:colcon.colcon_core.verb:set package 'alfred_bot' build argument 'catkin_skip_building_tests' from command line to 'False'
[0.293s] DEBUG:colcon.colcon_core.verb:Building package 'alfred_bot' with the following arguments: {'ament_cmake_args': None, 'build_base': '/home/harshdev/alfred_workspace/build/alfred_bot', 'catkin_cmake_args': None, 'catkin_skip_building_tests': False, 'cmake_args': None, 'cmake_clean_cache': False, 'cmake_clean_first': False, 'cmake_force_configure': False, 'cmake_target': None, 'cmake_target_skip_unavailable': False, 'install_base': '/home/harshdev/alfred_workspace/install/alfred_bot', 'merge_install': False, 'path': '/home/harshdev/alfred_workspace/src/alfred_bot', 'symlink_install': False, 'test_result_base': None}
[0.293s] Level 5:colcon.colcon_core.verb:set package 'alfred_sim' build argument 'cmake_args' from command line to 'None'
[0.293s] Level 5:colcon.colcon_core.verb:set package 'alfred_sim' build argument 'cmake_target' from command line to 'None'
[0.293s] Level 5:colcon.colcon_core.verb:set package 'alfred_sim' build argument 'cmake_target_skip_unavailable' from command line to 'False'
[0.293s] Level 5:colcon.colcon_core.verb:set package 'alfred_sim' build argument 'cmake_clean_cache' from command line to 'False'
[0.294s] Level 5:colcon.colcon_core.verb:set package 'alfred_sim' build argument 'cmake_clean_first' from command line to 'False'
[0.294s] Level 5:colcon.colcon_core.verb:set package 'alfred_sim' build argument 'cmake_force_configure' from command line to 'False'
[0.294s] Level 5:colcon.colcon_core.verb:set package 'alfred_sim' build argument 'ament_cmake_args' from command line to 'None'
[0.294s] Level 5:colcon.colcon_core.verb:set package 'alfred_sim' build argument 'catkin_cmake_args' from command line to 'None'
[0.294s] Level 5:colcon.colcon_core.verb:set package 'alfred_sim' build argument 'catkin_skip_building_tests' from command line to 'False'
[0.294s] DEBUG:colcon.colcon_core.verb:Building package 'alfred_sim' with the following arguments: {'ament_cmake_args': None, 'build_base': '/home/harshdev/alfred_workspace/build/alfred_sim', 'catkin_cmake_args': None, 'catkin_skip_building_tests': False, 'cmake_args': None, 'cmake_clean_cache': False, 'cmake_clean_first': False, 'cmake_force_configure': False, 'cmake_target': None, 'cmake_target_skip_unavailable': False, 'install_base': '/home/harshdev/alfred_workspace/install/alfred_sim', 'merge_install': False, 'path': '/home/harshdev/alfred_workspace/src/alfred_sim', 'symlink_install': False, 'test_result_base': None}
[0.294s] Level 5:colcon.colcon_core.verb:set package 'joy_input' build argument 'cmake_args' from command line to 'None'
[0.294s] Level 5:colcon.colcon_core.verb:set package 'joy_input' build argument 'cmake_target' from command line to 'None'
[0.294s] Level 5:colcon.colcon_core.verb:set package 'joy_input' build argument 'cmake_target_skip_unavailable' from command line to 'False'
[0.294s] Level 5:colcon.colcon_core.verb:set package 'joy_input' build argument 'cmake_clean_cache' from command line to 'False'
[0.294s] Level 5:colcon.colcon_core.verb:set package 'joy_input' build argument 'cmake_clean_first' from command line to 'False'
[0.294s] Level 5:colcon.colcon_core.verb:set package 'joy_input' build argument 'cmake_force_configure' from command line to 'False'
[0.294s] Level 5:colcon.colcon_core.verb:set package 'joy_input' build argument 'ament_cmake_args' from command line to 'None'
[0.294s] Level 5:colcon.colcon_core.verb:set package 'joy_input' build argument 'catkin_cmake_args' from command line to 'None'
[0.294s] Level 5:colcon.colcon_core.verb:set package 'joy_input' build argument 'catkin_skip_building_tests' from command line to 'False'
[0.294s] DEBUG:colcon.colcon_core.verb:Building package 'joy_input' with the following arguments: {'ament_cmake_args': None, 'build_base': '/home/harshdev/alfred_workspace/build/joy_input', 'catkin_cmake_args': None, 'catkin_skip_building_tests': False, 'cmake_args': None, 'cmake_clean_cache': False, 'cmake_clean_first': False, 'cmake_force_configure': False, 'cmake_target': None, 'cmake_target_skip_unavailable': False, 'install_base': '/home/harshdev/alfred_workspace/install/joy_input', 'merge_install': False, 'path': '/home/harshdev/alfred_workspace/src/joy_input', 'symlink_install': False, 'test_result_base': None}
[0.294s] INFO:colcon.colcon_core.executor:Executing jobs using 'parallel' executor
[0.296s] DEBUG:colcon.colcon_parallel_executor.executor.parallel:run_until_complete
[0.296s] INFO:colcon.colcon_ros.task.ament_cmake.build:Building ROS package in '/home/harshdev/alfred_workspace/src/alfred_bot' with build type 'ament_cmake'
[0.296s] INFO:colcon.colcon_cmake.task.cmake.build:Building CMake package in '/home/harshdev/alfred_workspace/src/alfred_bot'
[0.298s] INFO:colcon.colcon_core.plugin_system:Skipping extension 'colcon_core.shell.bat': Not used on non-Windows systems
[0.298s] INFO:colcon.colcon_core.shell:Skip shell extension 'powershell' for command environment: Not usable outside of PowerShell
[0.298s] DEBUG:colcon.colcon_core.shell:Skip shell extension 'dsv' for command environment
[0.302s] INFO:colcon.colcon_ros.task.ament_cmake.build:Building ROS package in '/home/harshdev/alfred_workspace/src/alfred_sim' with build type 'ament_cmake'
[0.303s] INFO:colcon.colcon_cmake.task.cmake.build:Building CMake package in '/home/harshdev/alfred_workspace/src/alfred_sim'
[0.303s] INFO:colcon.colcon_core.shell:Skip shell extension 'powershell' for command environment: Not usable outside of PowerShell
[0.303s] DEBUG:colcon.colcon_core.shell:Skip shell extension 'dsv' for command environment
[0.307s] INFO:colcon.colcon_ros.task.ament_python.build:Building ROS package in '/home/harshdev/alfred_workspace/src/joy_input' with build type 'ament_python'
[0.307s] Level 1:colcon.colcon_core.shell:create_environment_hook('joy_input', 'ament_prefix_path')
[0.307s] INFO:colcon.colcon_core.shell:Creating environment hook '/home/harshdev/alfred_workspace/install/joy_input/share/joy_input/hook/ament_prefix_path.ps1'
[0.308s] INFO:colcon.colcon_core.shell:Creating environment descriptor '/home/harshdev/alfred_workspace/install/joy_input/share/joy_input/hook/ament_prefix_path.dsv'
[0.308s] INFO:colcon.colcon_core.shell:Creating environment hook '/home/harshdev/alfred_workspace/install/joy_input/share/joy_input/hook/ament_prefix_path.sh'
[0.309s] INFO:colcon.colcon_core.shell:Skip shell extension 'powershell' for command environment: Not usable outside of PowerShell
[0.309s] DEBUG:colcon.colcon_core.shell:Skip shell extension 'dsv' for command environment
[0.317s] DEBUG:colcon.colcon_core.event_handler.log_command:Invoking command in '/home/harshdev/alfred_workspace/build/alfred_bot': CMAKE_PREFIX_PATH=${CMAKE_PREFIX_PATH}:/opt/ros/jazzy DEBUGINFOD_URLS=https://debuginfod.ubuntu.com /usr/bin/cmake --build /home/harshdev/alfred_workspace/build/alfred_bot -- -j12 -l12
[0.322s] DEBUG:colcon.colcon_core.event_handler.log_command:Invoking command in '/home/harshdev/alfred_workspace/build/alfred_sim': CMAKE_PREFIX_PATH=${CMAKE_PREFIX_PATH}:/opt/ros/jazzy DEBUGINFOD_URLS=https://debuginfod.ubuntu.com /usr/bin/cmake --build /home/harshdev/alfred_workspace/build/alfred_sim -- -j12 -l12
[0.592s] INFO:colcon.colcon_core.task.python.build:Building Python package in '/home/harshdev/alfred_workspace/src/joy_input'
[0.592s] INFO:colcon.colcon_core.shell:Skip shell extension 'powershell' for command environment: Not usable outside of PowerShell
[0.593s] DEBUG:colcon.colcon_core.shell:Skip shell extension 'dsv' for command environment
[0.599s] DEBUG:colcon.colcon_core.event_handler.log_command:Invoked command in '/home/harshdev/alfred_workspace/build/alfred_bot' returned '0': CMAKE_PREFIX_PATH=${CMAKE_PREFIX_PATH}:/opt/ros/jazzy DEBUGINFOD_URLS=https://debuginfod.ubuntu.com /usr/bin/cmake --build /home/harshdev/alfred_workspace/build/alfred_bot -- -j12 -l12
[0.613s] DEBUG:colcon.colcon_core.event_handler.log_command:Invoking command in '/home/harshdev/alfred_workspace/build/alfred_bot': CMAKE_PREFIX_PATH=${CMAKE_PREFIX_PATH}:/opt/ros/jazzy DEBUGINFOD_URLS=https://debuginfod.ubuntu.com /usr/bin/cmake --install /home/harshdev/alfred_workspace/build/alfred_bot
[0.616s] DEBUG:colcon.colcon_core.event_handler.log_command:Invoked command in '/home/harshdev/alfred_workspace/build/alfred_sim' returned '0': CMAKE_PREFIX_PATH=${CMAKE_PREFIX_PATH}:/opt/ros/jazzy DEBUGINFOD_URLS=https://debuginfod.ubuntu.com /usr/bin/cmake --build /home/harshdev/alfred_workspace/build/alfred_sim -- -j12 -l12
[0.618s] DEBUG:colcon.colcon_core.event_handler.log_command:Invoking command in '/home/harshdev/alfred_workspace/build/alfred_sim': CMAKE_PREFIX_PATH=${CMAKE_PREFIX_PATH}:/opt/ros/jazzy DEBUGINFOD_URLS=https://debuginfod.ubuntu.com /usr/bin/cmake --install /home/harshdev/alfred_workspace/build/alfred_sim
[0.632s] Level 1:colcon.colcon_core.environment:create_environment_scripts_only(alfred_bot)
[0.632s] DEBUG:colcon.colcon_core.event_handler.log_command:Invoked command in '/home/harshdev/alfred_workspace/build/alfred_bot' returned '0': CMAKE_PREFIX_PATH=${CMAKE_PREFIX_PATH}:/opt/ros/jazzy DEBUGINFOD_URLS=https://debuginfod.ubuntu.com /usr/bin/cmake --install /home/harshdev/alfred_workspace/build/alfred_bot
[0.637s] Level 1:colcon.colcon_core.environment:checking '/home/harshdev/alfred_workspace/install/alfred_bot' for CMake module files
[0.638s] Level 1:colcon.colcon_core.environment:checking '/home/harshdev/alfred_workspace/install/alfred_bot' for CMake config files
[0.639s] Level 1:colcon.colcon_core.shell:create_environment_hook('alfred_bot', 'cmake_prefix_path')
[0.639s] INFO:colcon.colcon_core.shell:Creating environment hook '/home/harshdev/alfred_workspace/install/alfred_bot/share/alfred_bot/hook/cmake_prefix_path.ps1'
[0.640s] INFO:colcon.colcon_core.shell:Creating environment descriptor '/home/harshdev/alfred_workspace/install/alfred_bot/share/alfred_bot/hook/cmake_prefix_path.dsv'
[0.640s] INFO:colcon.colcon_core.shell:Creating environment hook '/home/harshdev/alfred_workspace/install/alfred_bot/share/alfred_bot/hook/cmake_prefix_path.sh'
[0.641s] Level 1:colcon.colcon_core.environment:checking '/home/harshdev/alfred_workspace/install/alfred_bot/bin'
[0.641s] Level 1:colcon.colcon_core.environment:checking '/home/harshdev/alfred_workspace/install/alfred_bot/lib/pkgconfig/alfred_bot.pc'
[0.642s] Level 1:colcon.colcon_core.environment:checking '/home/harshdev/alfred_workspace/install/alfred_bot/lib/python3.12/site-packages'
[0.642s] Level 1:colcon.colcon_core.environment:checking '/home/harshdev/alfred_workspace/install/alfred_bot/bin'
[0.642s] INFO:colcon.colcon_core.shell:Creating package script '/home/harshdev/alfred_workspace/install/alfred_bot/share/alfred_bot/package.ps1'
[0.643s] INFO:colcon.colcon_core.shell:Creating package descriptor '/home/harshdev/alfred_workspace/install/alfred_bot/share/alfred_bot/package.dsv'
[0.644s] INFO:colcon.colcon_core.shell:Creating package script '/home/harshdev/alfred_workspace/install/alfred_bot/share/alfred_bot/package.sh'
[0.645s] INFO:colcon.colcon_core.shell:Creating package script '/home/harshdev/alfred_workspace/install/alfred_bot/share/alfred_bot/package.bash'
[0.646s] INFO:colcon.colcon_core.shell:Creating package script '/home/harshdev/alfred_workspace/install/alfred_bot/share/alfred_bot/package.zsh'
[0.646s] Level 1:colcon.colcon_core.environment:create_file_with_runtime_dependencies(/home/harshdev/alfred_workspace/install/alfred_bot/share/colcon-core/packages/alfred_bot)
[0.647s] Level 1:colcon.colcon_core.environment:create_environment_scripts_only(alfred_bot)
[0.647s] Level 1:colcon.colcon_core.environment:checking '/home/harshdev/alfred_workspace/install/alfred_bot' for CMake module files
[0.648s] Level 1:colcon.colcon_core.environment:checking '/home/harshdev/alfred_workspace/install/alfred_bot' for CMake config files
[0.648s] Level 1:colcon.colcon_core.shell:create_environment_hook('alfred_bot', 'cmake_prefix_path')
[0.649s] INFO:colcon.colcon_core.shell:Creating environment hook '/home/harshdev/alfred_workspace/install/alfred_bot/share/alfred_bot/hook/cmake_prefix_path.ps1'
[0.649s] INFO:colcon.colcon_core.shell:Creating environment descriptor '/home/harshdev/alfred_workspace/install/alfred_bot/share/alfred_bot/hook/cmake_prefix_path.dsv'
[0.650s] INFO:colcon.colcon_core.shell:Creating environment hook '/home/harshdev/alfred_workspace/install/alfred_bot/share/alfred_bot/hook/cmake_prefix_path.sh'
[0.651s] Level 1:colcon.colcon_core.environment:checking '/home/harshdev/alfred_workspace/install/alfred_bot/bin'
[0.651s] Level 1:colcon.colcon_core.environment:checking '/home/harshdev/alfred_workspace/install/alfred_bot/lib/pkgconfig/alfred_bot.pc'
[0.651s] Level 1:colcon.colcon_core.environment:checking '/home/harshdev/alfred_workspace/install/alfred_bot/lib/python3.12/site-packages'
[0.651s] Level 1:colcon.colcon_core.environment:checking '/home/harshdev/alfred_workspace/install/alfred_bot/bin'
[0.651s] INFO:colcon.colcon_core.shell:Creating package script '/home/harshdev/alfred_workspace/install/alfred_bot/share/alfred_bot/package.ps1'
[0.652s] INFO:colcon.colcon_core.shell:Creating package descriptor '/home/harshdev/alfred_workspace/install/alfred_bot/share/alfred_bot/package.dsv'
[0.652s] INFO:colcon.colcon_core.shell:Creating package script '/home/harshdev/alfred_workspace/install/alfred_bot/share/alfred_bot/package.sh'
[0.653s] INFO:colcon.colcon_core.shell:Creating package script '/home/harshdev/alfred_workspace/install/alfred_bot/share/alfred_bot/package.bash'
[0.653s] INFO:colcon.colcon_core.shell:Creating package script '/home/harshdev/alfred_workspace/install/alfred_bot/share/alfred_bot/package.zsh'
[0.654s] Level 1:colcon.colcon_core.environment:create_file_with_runtime_dependencies(/home/harshdev/alfred_workspace/install/alfred_bot/share/colcon-core/packages/alfred_bot)
[0.655s] Level 1:colcon.colcon_core.environment:create_environment_scripts_only(alfred_sim)
[0.655s] Level 1:colcon.colcon_core.environment:checking '/home/harshdev/alfred_workspace/install/alfred_sim' for CMake module files
[0.656s] Level 1:colcon.colcon_core.environment:checking '/home/harshdev/alfred_workspace/install/alfred_sim' for CMake config files
[0.657s] DEBUG:colcon.colcon_core.event_handler.log_command:Invoked command in '/home/harshdev/alfred_workspace/build/alfred_sim' returned '0': CMAKE_PREFIX_PATH=${CMAKE_PREFIX_PATH}:/opt/ros/jazzy DEBUGINFOD_URLS=https://debuginfod.ubuntu.com /usr/bin/cmake --install /home/harshdev/alfred_workspace/build/alfred_sim
[0.657s] Level 1:colcon.colcon_core.shell:create_environment_hook('alfred_sim', 'cmake_prefix_path')
[0.658s] INFO:colcon.colcon_core.shell:Creating environment hook '/home/harshdev/alfred_workspace/install/alfred_sim/share/alfred_sim/hook/cmake_prefix_path.ps1'
[0.659s] INFO:colcon.colcon_core.shell:Creating environment descriptor '/home/harshdev/alfred_workspace/install/alfred_sim/share/alfred_sim/hook/cmake_prefix_path.dsv'
[0.659s] INFO:colcon.colcon_core.shell:Creating environment hook '/home/harshdev/alfred_workspace/install/alfred_sim/share/alfred_sim/hook/cmake_prefix_path.sh'
[0.660s] Level 1:colcon.colcon_core.environment:checking '/home/harshdev/alfred_workspace/install/alfred_sim/bin'
[0.660s] Level 1:colcon.colcon_core.environment:checking '/home/harshdev/alfred_workspace/install/alfred_sim/lib/pkgconfig/alfred_sim.pc'
[0.661s] Level 1:colcon.colcon_core.environment:checking '/home/harshdev/alfred_workspace/install/alfred_sim/lib/python3.12/site-packages'
[0.661s] Level 1:colcon.colcon_core.environment:checking '/home/harshdev/alfred_workspace/install/alfred_sim/bin'
[0.661s] INFO:colcon.colcon_core.shell:Creating package script '/home/harshdev/alfred_workspace/install/alfred_sim/share/alfred_sim/package.ps1'
[0.662s] INFO:colcon.colcon_core.shell:Creating package descriptor '/home/harshdev/alfred_workspace/install/alfred_sim/share/alfred_sim/package.dsv'
[0.662s] INFO:colcon.colcon_core.shell:Creating package script '/home/harshdev/alfred_workspace/install/alfred_sim/share/alfred_sim/package.sh'
[0.663s] INFO:colcon.colcon_core.shell:Creating package script '/home/harshdev/alfred_workspace/install/alfred_sim/share/alfred_sim/package.bash'
[0.663s] INFO:colcon.colcon_core.shell:Creating package script '/home/harshdev/alfred_workspace/install/alfred_sim/share/alfred_sim/package.zsh'
[0.663s] Level 1:colcon.colcon_core.environment:create_file_with_runtime_dependencies(/home/harshdev/alfred_workspace/install/alfred_sim/share/colcon-core/packages/alfred_sim)
[0.664s] Level 1:colcon.colcon_core.environment:create_environment_scripts_only(alfred_sim)
[0.664s] Level 1:colcon.colcon_core.environment:checking '/home/harshdev/alfred_workspace/install/alfred_sim' for CMake module files
[0.665s] Level 1:colcon.colcon_core.environment:checking '/home/harshdev/alfred_workspace/install/alfred_sim' for CMake config files
[0.665s] Level 1:colcon.colcon_core.shell:create_environment_hook('alfred_sim', 'cmake_prefix_path')
[0.665s] INFO:colcon.colcon_core.shell:Creating environment hook '/home/harshdev/alfred_workspace/install/alfred_sim/share/alfred_sim/hook/cmake_prefix_path.ps1'
[0.666s] INFO:colcon.colcon_core.shell:Creating environment descriptor '/home/harshdev/alfred_workspace/install/alfred_sim/share/alfred_sim/hook/cmake_prefix_path.dsv'
[0.666s] INFO:colcon.colcon_core.shell:Creating environment hook '/home/harshdev/alfred_workspace/install/alfred_sim/share/alfred_sim/hook/cmake_prefix_path.sh'
[0.666s] Level 1:colcon.colcon_core.environment:checking '/home/harshdev/alfred_workspace/install/alfred_sim/bin'
[0.667s] Level 1:colcon.colcon_core.environment:checking '/home/harshdev/alfred_workspace/install/alfred_sim/lib/pkgconfig/alfred_sim.pc'
[0.667s] Level 1:colcon.colcon_core.environment:checking '/home/harshdev/alfred_workspace/install/alfred_sim/lib/python3.12/site-packages'
[0.667s] Level 1:colcon.colcon_core.environment:checking '/home/harshdev/alfred_workspace/install/alfred_sim/bin'
[0.667s] INFO:colcon.colcon_core.shell:Creating package script '/home/harshdev/alfred_workspace/install/alfred_sim/share/alfred_sim/package.ps1'
[0.668s] INFO:colcon.colcon_core.shell:Creating package descriptor '/home/harshdev/alfred_workspace/install/alfred_sim/share/alfred_sim/package.dsv'
[0.668s] INFO:colcon.colcon_core.shell:Creating package script '/home/harshdev/alfred_workspace/install/alfred_sim/share/alfred_sim/package.sh'
[0.668s] INFO:colcon.colcon_core.shell:Creating package script '/home/harshdev/alfred_workspace/install/alfred_sim/share/alfred_sim/package.bash'
[0.669s] INFO:colcon.colcon_core.shell:Creating package script '/home/harshdev/alfred_workspace/install/alfred_sim/share/alfred_sim/package.zsh'
[0.669s] Level 1:colcon.colcon_core.environment:create_file_with_runtime_dependencies(/home/harshdev/alfred_workspace/install/alfred_sim/share/colcon-core/packages/alfred_sim)
[1.306s] DEBUG:colcon.colcon_core.event_handler.log_command:Invoking command in '/home/harshdev/alfred_workspace/src/joy_input': DEBUGINFOD_URLS=https://debuginfod.ubuntu.com PYTHONPATH=/home/harshdev/alfred_workspace/build/joy_input/prefix_override:/usr/lib/python3/dist-packages/colcon_core/task/python/colcon_distutils_commands:/home/harshdev/alfred_workspace/install/joy_input/lib/python3.12/site-packages:${PYTHONPATH} /usr/bin/python3 -W ignore:setup.py install is deprecated -W ignore:easy_install command is deprecated setup.py egg_info --egg-base ../../build/joy_input build --build-base /home/harshdev/alfred_workspace/build/joy_input/build install --record /home/harshdev/alfred_workspace/build/joy_input/install.log --single-version-externally-managed install_data
[1.927s] Level 1:colcon.colcon_core.environment:checking '/home/harshdev/alfred_workspace/install/joy_input' for CMake module files
[1.929s] DEBUG:colcon.colcon_core.event_handler.log_command:Invoked command in '/home/harshdev/alfred_workspace/src/joy_input' returned '0': DEBUGINFOD_URLS=https://debuginfod.ubuntu.com PYTHONPATH=/home/harshdev/alfred_workspace/build/joy_input/prefix_override:/usr/lib/python3/dist-packages/colcon_core/task/python/colcon_distutils_commands:/home/harshdev/alfred_workspace/install/joy_input/lib/python3.12/site-packages:${PYTHONPATH} /usr/bin/python3 -W ignore:setup.py install is deprecated -W ignore:easy_install command is deprecated setup.py egg_info --egg-base ../../build/joy_input build --build-base /home/harshdev/alfred_workspace/build/joy_input/build install --record /home/harshdev/alfred_workspace/build/joy_input/install.log --single-version-externally-managed install_data
[1.929s] Level 1:colcon.colcon_core.environment:checking '/home/harshdev/alfred_workspace/install/joy_input' for CMake config files
[1.930s] Level 1:colcon.colcon_core.environment:checking '/home/harshdev/alfred_workspace/install/joy_input/lib'
[1.930s] Level 1:colcon.colcon_core.environment:checking '/home/harshdev/alfred_workspace/install/joy_input/bin'
[1.930s] Level 1:colcon.colcon_core.environment:checking '/home/harshdev/alfred_workspace/install/joy_input/lib/pkgconfig/joy_input.pc'
[1.931s] Level 1:colcon.colcon_core.environment:checking '/home/harshdev/alfred_workspace/install/joy_input/lib/python3.12/site-packages'
[1.931s] Level 1:colcon.colcon_core.shell:create_environment_hook('joy_input', 'pythonpath')
[1.931s] INFO:colcon.colcon_core.shell:Creating environment hook '/home/harshdev/alfred_workspace/install/joy_input/share/joy_input/hook/pythonpath.ps1'
[1.932s] INFO:colcon.colcon_core.shell:Creating environment descriptor '/home/harshdev/alfred_workspace/install/joy_input/share/joy_input/hook/pythonpath.dsv'
[1.932s] INFO:colcon.colcon_core.shell:Creating environment hook '/home/harshdev/alfred_workspace/install/joy_input/share/joy_input/hook/pythonpath.sh'
[1.933s] Level 1:colcon.colcon_core.environment:checking '/home/harshdev/alfred_workspace/install/joy_input/bin'
[1.933s] Level 1:colcon.colcon_core.environment:create_environment_scripts_only(joy_input)
[1.933s] INFO:colcon.colcon_core.shell:Creating package script '/home/harshdev/alfred_workspace/install/joy_input/share/joy_input/package.ps1'
[1.933s] INFO:colcon.colcon_core.shell:Creating package descriptor '/home/harshdev/alfred_workspace/install/joy_input/share/joy_input/package.dsv'
[1.934s] INFO:colcon.colcon_core.shell:Creating package script '/home/harshdev/alfred_workspace/install/joy_input/share/joy_input/package.sh'
[1.934s] INFO:colcon.colcon_core.shell:Creating package script '/home/harshdev/alfred_workspace/install/joy_input/share/joy_input/package.bash'
[1.934s] INFO:colcon.colcon_core.shell:Creating package script '/home/harshdev/alfred_workspace/install/joy_input/share/joy_input/package.zsh'
[1.935s] Level 1:colcon.colcon_core.environment:create_file_with_runtime_dependencies(/home/harshdev/alfred_workspace/install/joy_input/share/colcon-core/packages/joy_input)
[1.935s] DEBUG:colcon.colcon_parallel_executor.executor.parallel:closing loop
[1.935s] DEBUG:colcon.colcon_parallel_executor.executor.parallel:loop closed
[1.935s] DEBUG:colcon.colcon_parallel_executor.executor.parallel:run_until_complete finished with '0'
[1.935s] DEBUG:colcon.colcon_core.event_reactor:joining thread
[1.943s] INFO:colcon.colcon_core.plugin_system:Skipping extension 'colcon_notification.desktop_notification.terminal_notifier': Not used on non-Darwin systems
[1.943s] INFO:colcon.colcon_core.plugin_system:Skipping extension 'colcon_notification.desktop_notification.win32': Not used on non-Windows systems
[1.943s] INFO:colcon.colcon_notification.desktop_notification:Sending desktop notification using 'notify2'
[1.961s] DEBUG:colcon.colcon_core.event_reactor:joined thread
[1.961s] INFO:colcon.colcon_core.shell:Creating prefix script '/home/harshdev/alfred_workspace/install/local_setup.ps1'
[1.963s] INFO:colcon.colcon_core.shell:Creating prefix util module '/home/harshdev/alfred_workspace/install/_local_setup_util_ps1.py'
[1.964s] INFO:colcon.colcon_core.shell:Creating prefix chain script '/home/harshdev/alfred_workspace/install/setup.ps1'
[1.966s] INFO:colcon.colcon_core.shell:Creating prefix script '/home/harshdev/alfred_workspace/install/local_setup.sh'
[1.967s] INFO:colcon.colcon_core.shell:Creating prefix util module '/home/harshdev/alfred_workspace/install/_local_setup_util_sh.py'
[1.968s] INFO:colcon.colcon_core.shell:Creating prefix chain script '/home/harshdev/alfred_workspace/install/setup.sh'
[1.969s] INFO:colcon.colcon_core.shell:Creating prefix script '/home/harshdev/alfred_workspace/install/local_setup.bash'
[1.970s] INFO:colcon.colcon_core.shell:Creating prefix chain script '/home/harshdev/alfred_workspace/install/setup.bash'
[1.971s] INFO:colcon.colcon_core.shell:Creating prefix script '/home/harshdev/alfred_workspace/install/local_setup.zsh'
[1.971s] INFO:colcon.colcon_core.shell:Creating prefix chain script '/home/harshdev/alfred_workspace/install/setup.zsh'
