/home/harshdev/Documents/harsh/Learning-ROS/bumperbot/src/install/bumperbot_package_py/lib/python3.12/site-packages/bumperbot_package_py/__init__.py
/home/harshdev/Documents/harsh/Learning-ROS/bumperbot/src/install/bumperbot_package_py/lib/python3.12/site-packages/bumperbot_package_py/publisher.py
/home/harshdev/Documents/harsh/Learning-ROS/bumperbot/src/install/bumperbot_package_py/lib/python3.12/site-packages/bumperbot_package_py/subscriber.py
/home/harshdev/Documents/harsh/Learning-ROS/bumperbot/src/install/bumperbot_package_py/lib/python3.12/site-packages/bumperbot_package_py/parameters.py
/home/harshdev/Documents/harsh/Learning-ROS/bumperbot/src/install/bumperbot_package_py/lib/python3.12/site-packages/bumperbot_package_py/__pycache__/__init__.cpython-312.pyc
/home/harshdev/Documents/harsh/Learning-ROS/bumperbot/src/install/bumperbot_package_py/lib/python3.12/site-packages/bumperbot_package_py/__pycache__/publisher.cpython-312.pyc
/home/harshdev/Documents/harsh/Learning-ROS/bumperbot/src/install/bumperbot_package_py/lib/python3.12/site-packages/bumperbot_package_py/__pycache__/subscriber.cpython-312.pyc
/home/harshdev/Documents/harsh/Learning-ROS/bumperbot/src/install/bumperbot_package_py/lib/python3.12/site-packages/bumperbot_package_py/__pycache__/parameters.cpython-312.pyc
/home/harshdev/Documents/harsh/Learning-ROS/bumperbot/src/install/bumperbot_package_py/share/ament_index/resource_index/packages/bumperbot_package_py
/home/harshdev/Documents/harsh/Learning-ROS/bumperbot/src/install/bumperbot_package_py/share/bumperbot_package_py/package.xml
/home/harshdev/Documents/harsh/Learning-ROS/bumperbot/src/install/bumperbot_package_py/lib/python3.12/site-packages/bumperbot_package_py-0.0.0-py3.12.egg-info/dependency_links.txt
/home/harshdev/Documents/harsh/Learning-ROS/bumperbot/src/install/bumperbot_package_py/lib/python3.12/site-packages/bumperbot_package_py-0.0.0-py3.12.egg-info/PKG-INFO
/home/harshdev/Documents/harsh/Learning-ROS/bumperbot/src/install/bumperbot_package_py/lib/python3.12/site-packages/bumperbot_package_py-0.0.0-py3.12.egg-info/SOURCES.txt
/home/harshdev/Documents/harsh/Learning-ROS/bumperbot/src/install/bumperbot_package_py/lib/python3.12/site-packages/bumperbot_package_py-0.0.0-py3.12.egg-info/entry_points.txt
/home/harshdev/Documents/harsh/Learning-ROS/bumperbot/src/install/bumperbot_package_py/lib/python3.12/site-packages/bumperbot_package_py-0.0.0-py3.12.egg-info/requires.txt
/home/harshdev/Documents/harsh/Learning-ROS/bumperbot/src/install/bumperbot_package_py/lib/python3.12/site-packages/bumperbot_package_py-0.0.0-py3.12.egg-info/top_level.txt
/home/harshdev/Documents/harsh/Learning-ROS/bumperbot/src/install/bumperbot_package_py/lib/python3.12/site-packages/bumperbot_package_py-0.0.0-py3.12.egg-info/zip-safe
/home/harshdev/Documents/harsh/Learning-ROS/bumperbot/src/install/bumperbot_package_py/lib/bumperbot_package_py/parameters
/home/harshdev/Documents/harsh/Learning-ROS/bumperbot/src/install/bumperbot_package_py/lib/bumperbot_package_py/publisher
/home/harshdev/Documents/harsh/Learning-ROS/bumperbot/src/install/bumperbot_package_py/lib/bumperbot_package_py/subscriber
