[0.062s] DEBUG:colcon:Command line arguments: ['/usr/bin/colcon', 'build']
[0.062s] DEBUG:colcon:Parsed command line arguments: Namespace(log_base=None, log_level=None, verb_name='build', build_base='build', install_base='install', merge_install=False, symlink_install=False, test_result_base=None, continue_on_error=False, executor='parallel', parallel_workers=12, event_handlers=None, ignore_user_meta=False, metas=['./colcon.meta'], base_paths=['.'], packages_ignore=None, packages_ignore_regex=None, paths=None, packages_up_to=None, packages_up_to_regex=None, packages_above=None, packages_above_and_dependencies=None, packages_above_depth=None, packages_select_by_dep=None, packages_skip_by_dep=None, packages_skip_up_to=None, packages_select_build_failed=False, packages_skip_build_finished=False, packages_select_test_failures=False, packages_skip_test_passed=False, packages_select=None, packages_skip=None, packages_select_regex=None, packages_skip_regex=None, packages_start=None, packages_end=None, allow_overriding=[], cmake_args=None, cmake_target=None, cmake_target_skip_unavailable=False, cmake_clean_cache=False, cmake_clean_first=False, cmake_force_configure=False, ament_cmake_args=None, catkin_cmake_args=None, catkin_skip_building_tests=False, mixin_files=None, mixin=None, verb_parser=<colcon_mixin.mixin.mixin_argument.MixinArgumentDecorator object at 0x78c581ea4fe0>, verb_extension=<colcon_core.verb.build.BuildVerb object at 0x78c581fc8d70>, main=<bound method BuildVerb.main of <colcon_core.verb.build.BuildVerb object at 0x78c581fc8d70>>, mixin_verb=('build',))
[0.086s] Level 1:colcon.colcon_core.package_discovery:discover_packages(colcon_meta) check parameters
[0.086s] Level 1:colcon.colcon_core.package_discovery:discover_packages(recursive) check parameters
[0.086s] Level 1:colcon.colcon_core.package_discovery:discover_packages(ignore) check parameters
[0.086s] Level 1:colcon.colcon_core.package_discovery:discover_packages(path) check parameters
[0.086s] Level 1:colcon.colcon_core.package_discovery:discover_packages(colcon_meta) discover
[0.086s] Level 1:colcon.colcon_core.package_discovery:discover_packages(recursive) discover
[0.086s] INFO:colcon.colcon_core.package_discovery:Crawling recursively for packages in '/home/harshdev/alfred_workspace'
[0.086s] Level 1:colcon.colcon_core.package_identification:_identify(.) by extensions ['ignore', 'ignore_ament_install']
[0.086s] Level 1:colcon.colcon_core.package_identification:_identify(.) by extension 'ignore'
[0.086s] Level 1:colcon.colcon_core.package_identification:_identify(.) by extension 'ignore_ament_install'
[0.086s] Level 1:colcon.colcon_core.package_identification:_identify(.) by extensions ['colcon_pkg']
[0.086s] Level 1:colcon.colcon_core.package_identification:_identify(.) by extension 'colcon_pkg'
[0.086s] Level 1:colcon.colcon_core.package_identification:_identify(.) by extensions ['colcon_meta']
[0.086s] Level 1:colcon.colcon_core.package_identification:_identify(.) by extension 'colcon_meta'
[0.086s] Level 1:colcon.colcon_core.package_identification:_identify(.) by extensions ['ros']
[0.086s] Level 1:colcon.colcon_core.package_identification:_identify(.) by extension 'ros'
[0.102s] Level 1:colcon.colcon_core.package_identification:_identify(.) by extensions ['cmake', 'python']
[0.102s] Level 1:colcon.colcon_core.package_identification:_identify(.) by extension 'cmake'
[0.102s] Level 1:colcon.colcon_core.package_identification:_identify(.) by extension 'python'
[0.102s] Level 1:colcon.colcon_core.package_identification:_identify(.) by extensions ['python_setup_py']
[0.102s] Level 1:colcon.colcon_core.package_identification:_identify(.) by extension 'python_setup_py'
[0.102s] Level 1:colcon.colcon_core.package_identification:_identify(build) by extensions ['ignore', 'ignore_ament_install']
[0.102s] Level 1:colcon.colcon_core.package_identification:_identify(build) by extension 'ignore'
[0.102s] Level 1:colcon.colcon_core.package_identification:_identify(build) ignored
[0.103s] Level 1:colcon.colcon_core.package_identification:_identify(install) by extensions ['ignore', 'ignore_ament_install']
[0.103s] Level 1:colcon.colcon_core.package_identification:_identify(install) by extension 'ignore'
[0.103s] Level 1:colcon.colcon_core.package_identification:_identify(install) ignored
[0.103s] Level 1:colcon.colcon_core.package_identification:_identify(log) by extensions ['ignore', 'ignore_ament_install']
[0.103s] Level 1:colcon.colcon_core.package_identification:_identify(log) by extension 'ignore'
[0.103s] Level 1:colcon.colcon_core.package_identification:_identify(log) ignored
[0.103s] Level 1:colcon.colcon_core.package_identification:_identify(src) by extensions ['ignore', 'ignore_ament_install']
[0.103s] Level 1:colcon.colcon_core.package_identification:_identify(src) by extension 'ignore'
[0.103s] Level 1:colcon.colcon_core.package_identification:_identify(src) by extension 'ignore_ament_install'
[0.103s] Level 1:colcon.colcon_core.package_identification:_identify(src) by extensions ['colcon_pkg']
[0.103s] Level 1:colcon.colcon_core.package_identification:_identify(src) by extension 'colcon_pkg'
[0.103s] Level 1:colcon.colcon_core.package_identification:_identify(src) by extensions ['colcon_meta']
[0.103s] Level 1:colcon.colcon_core.package_identification:_identify(src) by extension 'colcon_meta'
[0.103s] Level 1:colcon.colcon_core.package_identification:_identify(src) by extensions ['ros']
[0.103s] Level 1:colcon.colcon_core.package_identification:_identify(src) by extension 'ros'
[0.103s] Level 1:colcon.colcon_core.package_identification:_identify(src) by extensions ['cmake', 'python']
[0.103s] Level 1:colcon.colcon_core.package_identification:_identify(src) by extension 'cmake'
[0.103s] Level 1:colcon.colcon_core.package_identification:_identify(src) by extension 'python'
[0.103s] Level 1:colcon.colcon_core.package_identification:_identify(src) by extensions ['python_setup_py']
[0.103s] Level 1:colcon.colcon_core.package_identification:_identify(src) by extension 'python_setup_py'
[0.103s] Level 1:colcon.colcon_core.package_identification:_identify(src/alfred_bot) by extensions ['ignore', 'ignore_ament_install']
[0.103s] Level 1:colcon.colcon_core.package_identification:_identify(src/alfred_bot) by extension 'ignore'
[0.103s] Level 1:colcon.colcon_core.package_identification:_identify(src/alfred_bot) by extension 'ignore_ament_install'
[0.103s] Level 1:colcon.colcon_core.package_identification:_identify(src/alfred_bot) by extensions ['colcon_pkg']
[0.103s] Level 1:colcon.colcon_core.package_identification:_identify(src/alfred_bot) by extension 'colcon_pkg'
[0.103s] Level 1:colcon.colcon_core.package_identification:_identify(src/alfred_bot) by extensions ['colcon_meta']
[0.103s] Level 1:colcon.colcon_core.package_identification:_identify(src/alfred_bot) by extension 'colcon_meta'
[0.103s] Level 1:colcon.colcon_core.package_identification:_identify(src/alfred_bot) by extensions ['ros']
[0.103s] Level 1:colcon.colcon_core.package_identification:_identify(src/alfred_bot) by extension 'ros'
[0.105s] DEBUG:colcon.colcon_core.package_identification:Package 'src/alfred_bot' with type 'ros.ament_cmake' and name 'alfred_bot'
[0.105s] Level 1:colcon.colcon_core.package_identification:_identify(src/alfred_sim) by extensions ['ignore', 'ignore_ament_install']
[0.105s] Level 1:colcon.colcon_core.package_identification:_identify(src/alfred_sim) by extension 'ignore'
[0.105s] Level 1:colcon.colcon_core.package_identification:_identify(src/alfred_sim) by extension 'ignore_ament_install'
[0.105s] Level 1:colcon.colcon_core.package_identification:_identify(src/alfred_sim) by extensions ['colcon_pkg']
[0.105s] Level 1:colcon.colcon_core.package_identification:_identify(src/alfred_sim) by extension 'colcon_pkg'
[0.105s] Level 1:colcon.colcon_core.package_identification:_identify(src/alfred_sim) by extensions ['colcon_meta']
[0.105s] Level 1:colcon.colcon_core.package_identification:_identify(src/alfred_sim) by extension 'colcon_meta'
[0.105s] Level 1:colcon.colcon_core.package_identification:_identify(src/alfred_sim) by extensions ['ros']
[0.105s] Level 1:colcon.colcon_core.package_identification:_identify(src/alfred_sim) by extension 'ros'
[0.105s] DEBUG:colcon.colcon_core.package_identification:Package 'src/alfred_sim' with type 'ros.ament_cmake' and name 'alfred_sim'
[0.105s] Level 1:colcon.colcon_core.package_identification:_identify(src/joy_input) by extensions ['ignore', 'ignore_ament_install']
[0.105s] Level 1:colcon.colcon_core.package_identification:_identify(src/joy_input) by extension 'ignore'
[0.105s] Level 1:colcon.colcon_core.package_identification:_identify(src/joy_input) by extension 'ignore_ament_install'
[0.105s] Level 1:colcon.colcon_core.package_identification:_identify(src/joy_input) by extensions ['colcon_pkg']
[0.105s] Level 1:colcon.colcon_core.package_identification:_identify(src/joy_input) by extension 'colcon_pkg'
[0.105s] Level 1:colcon.colcon_core.package_identification:_identify(src/joy_input) by extensions ['colcon_meta']
[0.105s] Level 1:colcon.colcon_core.package_identification:_identify(src/joy_input) by extension 'colcon_meta'
[0.105s] Level 1:colcon.colcon_core.package_identification:_identify(src/joy_input) by extensions ['ros']
[0.105s] Level 1:colcon.colcon_core.package_identification:_identify(src/joy_input) by extension 'ros'
[0.106s] DEBUG:colcon.colcon_core.package_identification:Package 'src/joy_input' with type 'ros.ament_python' and name 'joy_input'
[0.106s] Level 1:colcon.colcon_core.package_discovery:discover_packages(recursive) using defaults
[0.106s] Level 1:colcon.colcon_core.package_discovery:discover_packages(ignore) discover
[0.106s] Level 1:colcon.colcon_core.package_discovery:discover_packages(ignore) using defaults
[0.106s] Level 1:colcon.colcon_core.package_discovery:discover_packages(path) discover
[0.106s] Level 1:colcon.colcon_core.package_discovery:discover_packages(path) using defaults
[0.116s] Level 1:colcon.colcon_core.package_discovery:discover_packages(prefix_path) check parameters
[0.116s] Level 1:colcon.colcon_core.package_discovery:discover_packages(prefix_path) discover
[0.117s] DEBUG:colcon.colcon_installed_package_information.package_discovery:Found 3 installed packages in /home/harshdev/alfred_workspace/install
[0.118s] DEBUG:colcon.colcon_installed_package_information.package_discovery:Found 461 installed packages in /opt/ros/jazzy
[0.119s] Level 1:colcon.colcon_core.package_discovery:discover_packages(prefix_path) using defaults
[0.156s] Level 5:colcon.colcon_core.verb:set package 'alfred_bot' build argument 'cmake_args' from command line to 'None'
[0.156s] Level 5:colcon.colcon_core.verb:set package 'alfred_bot' build argument 'cmake_target' from command line to 'None'
[0.156s] Level 5:colcon.colcon_core.verb:set package 'alfred_bot' build argument 'cmake_target_skip_unavailable' from command line to 'False'
[0.156s] Level 5:colcon.colcon_core.verb:set package 'alfred_bot' build argument 'cmake_clean_cache' from command line to 'False'
[0.156s] Level 5:colcon.colcon_core.verb:set package 'alfred_bot' build argument 'cmake_clean_first' from command line to 'False'
[0.156s] Level 5:colcon.colcon_core.verb:set package 'alfred_bot' build argument 'cmake_force_configure' from command line to 'False'
[0.156s] Level 5:colcon.colcon_core.verb:set package 'alfred_bot' build argument 'ament_cmake_args' from command line to 'None'
[0.156s] Level 5:colcon.colcon_core.verb:set package 'alfred_bot' build argument 'catkin_cmake_args' from command line to 'None'
[0.156s] Level 5:colcon.colcon_core.verb:set package 'alfred_bot' build argument 'catkin_skip_building_tests' from command line to 'False'
[0.156s] DEBUG:colcon.colcon_core.verb:Building package 'alfred_bot' with the following arguments: {'ament_cmake_args': None, 'build_base': '/home/harshdev/alfred_workspace/build/alfred_bot', 'catkin_cmake_args': None, 'catkin_skip_building_tests': False, 'cmake_args': None, 'cmake_clean_cache': False, 'cmake_clean_first': False, 'cmake_force_configure': False, 'cmake_target': None, 'cmake_target_skip_unavailable': False, 'install_base': '/home/harshdev/alfred_workspace/install/alfred_bot', 'merge_install': False, 'path': '/home/harshdev/alfred_workspace/src/alfred_bot', 'symlink_install': False, 'test_result_base': None}
[0.156s] Level 5:colcon.colcon_core.verb:set package 'alfred_sim' build argument 'cmake_args' from command line to 'None'
[0.156s] Level 5:colcon.colcon_core.verb:set package 'alfred_sim' build argument 'cmake_target' from command line to 'None'
[0.156s] Level 5:colcon.colcon_core.verb:set package 'alfred_sim' build argument 'cmake_target_skip_unavailable' from command line to 'False'
[0.156s] Level 5:colcon.colcon_core.verb:set package 'alfred_sim' build argument 'cmake_clean_cache' from command line to 'False'
[0.156s] Level 5:colcon.colcon_core.verb:set package 'alfred_sim' build argument 'cmake_clean_first' from command line to 'False'
[0.156s] Level 5:colcon.colcon_core.verb:set package 'alfred_sim' build argument 'cmake_force_configure' from command line to 'False'
[0.156s] Level 5:colcon.colcon_core.verb:set package 'alfred_sim' build argument 'ament_cmake_args' from command line to 'None'
[0.156s] Level 5:colcon.colcon_core.verb:set package 'alfred_sim' build argument 'catkin_cmake_args' from command line to 'None'
[0.156s] Level 5:colcon.colcon_core.verb:set package 'alfred_sim' build argument 'catkin_skip_building_tests' from command line to 'False'
[0.156s] DEBUG:colcon.colcon_core.verb:Building package 'alfred_sim' with the following arguments: {'ament_cmake_args': None, 'build_base': '/home/harshdev/alfred_workspace/build/alfred_sim', 'catkin_cmake_args': None, 'catkin_skip_building_tests': False, 'cmake_args': None, 'cmake_clean_cache': False, 'cmake_clean_first': False, 'cmake_force_configure': False, 'cmake_target': None, 'cmake_target_skip_unavailable': False, 'install_base': '/home/harshdev/alfred_workspace/install/alfred_sim', 'merge_install': False, 'path': '/home/harshdev/alfred_workspace/src/alfred_sim', 'symlink_install': False, 'test_result_base': None}
[0.157s] Level 5:colcon.colcon_core.verb:set package 'joy_input' build argument 'cmake_args' from command line to 'None'
[0.157s] Level 5:colcon.colcon_core.verb:set package 'joy_input' build argument 'cmake_target' from command line to 'None'
[0.157s] Level 5:colcon.colcon_core.verb:set package 'joy_input' build argument 'cmake_target_skip_unavailable' from command line to 'False'
[0.157s] Level 5:colcon.colcon_core.verb:set package 'joy_input' build argument 'cmake_clean_cache' from command line to 'False'
[0.157s] Level 5:colcon.colcon_core.verb:set package 'joy_input' build argument 'cmake_clean_first' from command line to 'False'
[0.157s] Level 5:colcon.colcon_core.verb:set package 'joy_input' build argument 'cmake_force_configure' from command line to 'False'
[0.157s] Level 5:colcon.colcon_core.verb:set package 'joy_input' build argument 'ament_cmake_args' from command line to 'None'
[0.157s] Level 5:colcon.colcon_core.verb:set package 'joy_input' build argument 'catkin_cmake_args' from command line to 'None'
[0.157s] Level 5:colcon.colcon_core.verb:set package 'joy_input' build argument 'catkin_skip_building_tests' from command line to 'False'
[0.157s] DEBUG:colcon.colcon_core.verb:Building package 'joy_input' with the following arguments: {'ament_cmake_args': None, 'build_base': '/home/harshdev/alfred_workspace/build/joy_input', 'catkin_cmake_args': None, 'catkin_skip_building_tests': False, 'cmake_args': None, 'cmake_clean_cache': False, 'cmake_clean_first': False, 'cmake_force_configure': False, 'cmake_target': None, 'cmake_target_skip_unavailable': False, 'install_base': '/home/harshdev/alfred_workspace/install/joy_input', 'merge_install': False, 'path': '/home/harshdev/alfred_workspace/src/joy_input', 'symlink_install': False, 'test_result_base': None}
[0.157s] INFO:colcon.colcon_core.executor:Executing jobs using 'parallel' executor
[0.158s] DEBUG:colcon.colcon_parallel_executor.executor.parallel:run_until_complete
[0.158s] INFO:colcon.colcon_ros.task.ament_cmake.build:Building ROS package in '/home/harshdev/alfred_workspace/src/alfred_bot' with build type 'ament_cmake'
[0.158s] INFO:colcon.colcon_cmake.task.cmake.build:Building CMake package in '/home/harshdev/alfred_workspace/src/alfred_bot'
[0.159s] INFO:colcon.colcon_core.plugin_system:Skipping extension 'colcon_core.shell.bat': Not used on non-Windows systems
[0.159s] INFO:colcon.colcon_core.shell:Skip shell extension 'powershell' for command environment: Not usable outside of PowerShell
[0.159s] DEBUG:colcon.colcon_core.shell:Skip shell extension 'dsv' for command environment
[0.162s] INFO:colcon.colcon_ros.task.ament_cmake.build:Building ROS package in '/home/harshdev/alfred_workspace/src/alfred_sim' with build type 'ament_cmake'
[0.162s] INFO:colcon.colcon_cmake.task.cmake.build:Building CMake package in '/home/harshdev/alfred_workspace/src/alfred_sim'
[0.162s] INFO:colcon.colcon_core.shell:Skip shell extension 'powershell' for command environment: Not usable outside of PowerShell
[0.162s] DEBUG:colcon.colcon_core.shell:Skip shell extension 'dsv' for command environment
[0.165s] INFO:colcon.colcon_ros.task.ament_python.build:Building ROS package in '/home/harshdev/alfred_workspace/src/joy_input' with build type 'ament_python'
[0.165s] Level 1:colcon.colcon_core.shell:create_environment_hook('joy_input', 'ament_prefix_path')
[0.166s] INFO:colcon.colcon_core.shell:Creating environment hook '/home/harshdev/alfred_workspace/install/joy_input/share/joy_input/hook/ament_prefix_path.ps1'
[0.166s] INFO:colcon.colcon_core.shell:Creating environment descriptor '/home/harshdev/alfred_workspace/install/joy_input/share/joy_input/hook/ament_prefix_path.dsv'
[0.166s] INFO:colcon.colcon_core.shell:Creating environment hook '/home/harshdev/alfred_workspace/install/joy_input/share/joy_input/hook/ament_prefix_path.sh'
[0.167s] INFO:colcon.colcon_core.shell:Skip shell extension 'powershell' for command environment: Not usable outside of PowerShell
[0.167s] DEBUG:colcon.colcon_core.shell:Skip shell extension 'dsv' for command environment
[0.172s] DEBUG:colcon.colcon_core.event_handler.log_command:Invoking command in '/home/harshdev/alfred_workspace/build/alfred_bot': CMAKE_PREFIX_PATH=${CMAKE_PREFIX_PATH}:/home/harshdev/alfred_workspace/install/joy_input:/opt/ros/jazzy DEBUGINFOD_URLS=https://debuginfod.ubuntu.com /usr/bin/cmake --build /home/harshdev/alfred_workspace/build/alfred_bot -- -j12 -l12
[0.174s] DEBUG:colcon.colcon_core.event_handler.log_command:Invoking command in '/home/harshdev/alfred_workspace/build/alfred_sim': CMAKE_PREFIX_PATH=${CMAKE_PREFIX_PATH}:/home/harshdev/alfred_workspace/install/joy_input:/opt/ros/jazzy DEBUGINFOD_URLS=https://debuginfod.ubuntu.com /usr/bin/cmake --build /home/harshdev/alfred_workspace/build/alfred_sim -- -j12 -l12
[0.315s] INFO:colcon.colcon_core.task.python.build:Building Python package in '/home/harshdev/alfred_workspace/src/joy_input'
[0.315s] INFO:colcon.colcon_core.shell:Skip shell extension 'powershell' for command environment: Not usable outside of PowerShell
[0.315s] DEBUG:colcon.colcon_core.shell:Skip shell extension 'dsv' for command environment
[0.319s] DEBUG:colcon.colcon_core.event_handler.log_command:Invoked command in '/home/harshdev/alfred_workspace/build/alfred_sim' returned '0': CMAKE_PREFIX_PATH=${CMAKE_PREFIX_PATH}:/home/harshdev/alfred_workspace/install/joy_input:/opt/ros/jazzy DEBUGINFOD_URLS=https://debuginfod.ubuntu.com /usr/bin/cmake --build /home/harshdev/alfred_workspace/build/alfred_sim -- -j12 -l12
[0.328s] DEBUG:colcon.colcon_core.event_handler.log_command:Invoking command in '/home/harshdev/alfred_workspace/build/alfred_sim': CMAKE_PREFIX_PATH=${CMAKE_PREFIX_PATH}:/home/harshdev/alfred_workspace/install/joy_input:/opt/ros/jazzy DEBUGINFOD_URLS=https://debuginfod.ubuntu.com /usr/bin/cmake --install /home/harshdev/alfred_workspace/build/alfred_sim
[0.328s] DEBUG:colcon.colcon_core.event_handler.log_command:Invoked command in '/home/harshdev/alfred_workspace/build/alfred_bot' returned '0': CMAKE_PREFIX_PATH=${CMAKE_PREFIX_PATH}:/home/harshdev/alfred_workspace/install/joy_input:/opt/ros/jazzy DEBUGINFOD_URLS=https://debuginfod.ubuntu.com /usr/bin/cmake --build /home/harshdev/alfred_workspace/build/alfred_bot -- -j12 -l12
[0.329s] DEBUG:colcon.colcon_core.event_handler.log_command:Invoking command in '/home/harshdev/alfred_workspace/build/alfred_bot': CMAKE_PREFIX_PATH=${CMAKE_PREFIX_PATH}:/home/harshdev/alfred_workspace/install/joy_input:/opt/ros/jazzy DEBUGINFOD_URLS=https://debuginfod.ubuntu.com /usr/bin/cmake --install /home/harshdev/alfred_workspace/build/alfred_bot
[0.339s] Level 1:colcon.colcon_core.environment:create_environment_scripts_only(alfred_sim)
[0.339s] DEBUG:colcon.colcon_core.event_handler.log_command:Invoked command in '/home/harshdev/alfred_workspace/build/alfred_sim' returned '0': CMAKE_PREFIX_PATH=${CMAKE_PREFIX_PATH}:/home/harshdev/alfred_workspace/install/joy_input:/opt/ros/jazzy DEBUGINFOD_URLS=https://debuginfod.ubuntu.com /usr/bin/cmake --install /home/harshdev/alfred_workspace/build/alfred_sim
[0.341s] Level 1:colcon.colcon_core.environment:checking '/home/harshdev/alfred_workspace/install/alfred_sim' for CMake module files
[0.341s] Level 1:colcon.colcon_core.environment:checking '/home/harshdev/alfred_workspace/install/alfred_sim' for CMake config files
[0.341s] Level 1:colcon.colcon_core.shell:create_environment_hook('alfred_sim', 'cmake_prefix_path')
[0.341s] INFO:colcon.colcon_core.shell:Creating environment hook '/home/harshdev/alfred_workspace/install/alfred_sim/share/alfred_sim/hook/cmake_prefix_path.ps1'
[0.341s] INFO:colcon.colcon_core.shell:Creating environment descriptor '/home/harshdev/alfred_workspace/install/alfred_sim/share/alfred_sim/hook/cmake_prefix_path.dsv'
[0.342s] INFO:colcon.colcon_core.shell:Creating environment hook '/home/harshdev/alfred_workspace/install/alfred_sim/share/alfred_sim/hook/cmake_prefix_path.sh'
[0.342s] Level 1:colcon.colcon_core.environment:checking '/home/harshdev/alfred_workspace/install/alfred_sim/bin'
[0.342s] Level 1:colcon.colcon_core.environment:checking '/home/harshdev/alfred_workspace/install/alfred_sim/lib/pkgconfig/alfred_sim.pc'
[0.342s] Level 1:colcon.colcon_core.environment:checking '/home/harshdev/alfred_workspace/install/alfred_sim/lib/python3.12/site-packages'
[0.342s] Level 1:colcon.colcon_core.environment:checking '/home/harshdev/alfred_workspace/install/alfred_sim/bin'
[0.342s] INFO:colcon.colcon_core.shell:Creating package script '/home/harshdev/alfred_workspace/install/alfred_sim/share/alfred_sim/package.ps1'
[0.343s] INFO:colcon.colcon_core.shell:Creating package descriptor '/home/harshdev/alfred_workspace/install/alfred_sim/share/alfred_sim/package.dsv'
[0.343s] INFO:colcon.colcon_core.shell:Creating package script '/home/harshdev/alfred_workspace/install/alfred_sim/share/alfred_sim/package.sh'
[0.343s] INFO:colcon.colcon_core.shell:Creating package script '/home/harshdev/alfred_workspace/install/alfred_sim/share/alfred_sim/package.bash'
[0.344s] INFO:colcon.colcon_core.shell:Creating package script '/home/harshdev/alfred_workspace/install/alfred_sim/share/alfred_sim/package.zsh'
[0.344s] Level 1:colcon.colcon_core.environment:create_file_with_runtime_dependencies(/home/harshdev/alfred_workspace/install/alfred_sim/share/colcon-core/packages/alfred_sim)
[0.344s] Level 1:colcon.colcon_core.environment:create_environment_scripts_only(alfred_sim)
[0.344s] Level 1:colcon.colcon_core.environment:checking '/home/harshdev/alfred_workspace/install/alfred_sim' for CMake module files
[0.345s] Level 1:colcon.colcon_core.environment:checking '/home/harshdev/alfred_workspace/install/alfred_sim' for CMake config files
[0.345s] Level 1:colcon.colcon_core.shell:create_environment_hook('alfred_sim', 'cmake_prefix_path')
[0.345s] INFO:colcon.colcon_core.shell:Creating environment hook '/home/harshdev/alfred_workspace/install/alfred_sim/share/alfred_sim/hook/cmake_prefix_path.ps1'
[0.345s] INFO:colcon.colcon_core.shell:Creating environment descriptor '/home/harshdev/alfred_workspace/install/alfred_sim/share/alfred_sim/hook/cmake_prefix_path.dsv'
[0.345s] INFO:colcon.colcon_core.shell:Creating environment hook '/home/harshdev/alfred_workspace/install/alfred_sim/share/alfred_sim/hook/cmake_prefix_path.sh'
[0.345s] Level 1:colcon.colcon_core.environment:checking '/home/harshdev/alfred_workspace/install/alfred_sim/bin'
[0.346s] Level 1:colcon.colcon_core.environment:checking '/home/harshdev/alfred_workspace/install/alfred_sim/lib/pkgconfig/alfred_sim.pc'
[0.346s] Level 1:colcon.colcon_core.environment:checking '/home/harshdev/alfred_workspace/install/alfred_sim/lib/python3.12/site-packages'
[0.346s] Level 1:colcon.colcon_core.environment:checking '/home/harshdev/alfred_workspace/install/alfred_sim/bin'
[0.346s] INFO:colcon.colcon_core.shell:Creating package script '/home/harshdev/alfred_workspace/install/alfred_sim/share/alfred_sim/package.ps1'
[0.346s] INFO:colcon.colcon_core.shell:Creating package descriptor '/home/harshdev/alfred_workspace/install/alfred_sim/share/alfred_sim/package.dsv'
[0.346s] INFO:colcon.colcon_core.shell:Creating package script '/home/harshdev/alfred_workspace/install/alfred_sim/share/alfred_sim/package.sh'
[0.347s] INFO:colcon.colcon_core.shell:Creating package script '/home/harshdev/alfred_workspace/install/alfred_sim/share/alfred_sim/package.bash'
[0.347s] INFO:colcon.colcon_core.shell:Creating package script '/home/harshdev/alfred_workspace/install/alfred_sim/share/alfred_sim/package.zsh'
[0.347s] Level 1:colcon.colcon_core.environment:create_file_with_runtime_dependencies(/home/harshdev/alfred_workspace/install/alfred_sim/share/colcon-core/packages/alfred_sim)
[0.347s] Level 1:colcon.colcon_core.environment:create_environment_scripts_only(alfred_bot)
[0.347s] Level 1:colcon.colcon_core.environment:checking '/home/harshdev/alfred_workspace/install/alfred_bot' for CMake module files
[0.348s] Level 1:colcon.colcon_core.environment:checking '/home/harshdev/alfred_workspace/install/alfred_bot' for CMake config files
[0.348s] DEBUG:colcon.colcon_core.event_handler.log_command:Invoked command in '/home/harshdev/alfred_workspace/build/alfred_bot' returned '0': CMAKE_PREFIX_PATH=${CMAKE_PREFIX_PATH}:/home/harshdev/alfred_workspace/install/joy_input:/opt/ros/jazzy DEBUGINFOD_URLS=https://debuginfod.ubuntu.com /usr/bin/cmake --install /home/harshdev/alfred_workspace/build/alfred_bot
[0.348s] Level 1:colcon.colcon_core.shell:create_environment_hook('alfred_bot', 'cmake_prefix_path')
[0.349s] INFO:colcon.colcon_core.shell:Creating environment hook '/home/harshdev/alfred_workspace/install/alfred_bot/share/alfred_bot/hook/cmake_prefix_path.ps1'
[0.349s] INFO:colcon.colcon_core.shell:Creating environment descriptor '/home/harshdev/alfred_workspace/install/alfred_bot/share/alfred_bot/hook/cmake_prefix_path.dsv'
[0.349s] INFO:colcon.colcon_core.shell:Creating environment hook '/home/harshdev/alfred_workspace/install/alfred_bot/share/alfred_bot/hook/cmake_prefix_path.sh'
[0.350s] Level 1:colcon.colcon_core.environment:checking '/home/harshdev/alfred_workspace/install/alfred_bot/bin'
[0.350s] Level 1:colcon.colcon_core.environment:checking '/home/harshdev/alfred_workspace/install/alfred_bot/lib/pkgconfig/alfred_bot.pc'
[0.350s] Level 1:colcon.colcon_core.environment:checking '/home/harshdev/alfred_workspace/install/alfred_bot/lib/python3.12/site-packages'
[0.350s] Level 1:colcon.colcon_core.environment:checking '/home/harshdev/alfred_workspace/install/alfred_bot/bin'
[0.350s] INFO:colcon.colcon_core.shell:Creating package script '/home/harshdev/alfred_workspace/install/alfred_bot/share/alfred_bot/package.ps1'
[0.351s] INFO:colcon.colcon_core.shell:Creating package descriptor '/home/harshdev/alfred_workspace/install/alfred_bot/share/alfred_bot/package.dsv'
[0.351s] INFO:colcon.colcon_core.shell:Creating package script '/home/harshdev/alfred_workspace/install/alfred_bot/share/alfred_bot/package.sh'
[0.351s] INFO:colcon.colcon_core.shell:Creating package script '/home/harshdev/alfred_workspace/install/alfred_bot/share/alfred_bot/package.bash'
[0.351s] INFO:colcon.colcon_core.shell:Creating package script '/home/harshdev/alfred_workspace/install/alfred_bot/share/alfred_bot/package.zsh'
[0.352s] Level 1:colcon.colcon_core.environment:create_file_with_runtime_dependencies(/home/harshdev/alfred_workspace/install/alfred_bot/share/colcon-core/packages/alfred_bot)
[0.352s] Level 1:colcon.colcon_core.environment:create_environment_scripts_only(alfred_bot)
[0.352s] Level 1:colcon.colcon_core.environment:checking '/home/harshdev/alfred_workspace/install/alfred_bot' for CMake module files
[0.352s] Level 1:colcon.colcon_core.environment:checking '/home/harshdev/alfred_workspace/install/alfred_bot' for CMake config files
[0.353s] Level 1:colcon.colcon_core.shell:create_environment_hook('alfred_bot', 'cmake_prefix_path')
[0.353s] INFO:colcon.colcon_core.shell:Creating environment hook '/home/harshdev/alfred_workspace/install/alfred_bot/share/alfred_bot/hook/cmake_prefix_path.ps1'
[0.353s] INFO:colcon.colcon_core.shell:Creating environment descriptor '/home/harshdev/alfred_workspace/install/alfred_bot/share/alfred_bot/hook/cmake_prefix_path.dsv'
[0.353s] INFO:colcon.colcon_core.shell:Creating environment hook '/home/harshdev/alfred_workspace/install/alfred_bot/share/alfred_bot/hook/cmake_prefix_path.sh'
[0.353s] Level 1:colcon.colcon_core.environment:checking '/home/harshdev/alfred_workspace/install/alfred_bot/bin'
[0.353s] Level 1:colcon.colcon_core.environment:checking '/home/harshdev/alfred_workspace/install/alfred_bot/lib/pkgconfig/alfred_bot.pc'
[0.354s] Level 1:colcon.colcon_core.environment:checking '/home/harshdev/alfred_workspace/install/alfred_bot/lib/python3.12/site-packages'
[0.354s] Level 1:colcon.colcon_core.environment:checking '/home/harshdev/alfred_workspace/install/alfred_bot/bin'
[0.354s] INFO:colcon.colcon_core.shell:Creating package script '/home/harshdev/alfred_workspace/install/alfred_bot/share/alfred_bot/package.ps1'
[0.354s] INFO:colcon.colcon_core.shell:Creating package descriptor '/home/harshdev/alfred_workspace/install/alfred_bot/share/alfred_bot/package.dsv'
[0.354s] INFO:colcon.colcon_core.shell:Creating package script '/home/harshdev/alfred_workspace/install/alfred_bot/share/alfred_bot/package.sh'
[0.355s] INFO:colcon.colcon_core.shell:Creating package script '/home/harshdev/alfred_workspace/install/alfred_bot/share/alfred_bot/package.bash'
[0.355s] INFO:colcon.colcon_core.shell:Creating package script '/home/harshdev/alfred_workspace/install/alfred_bot/share/alfred_bot/package.zsh'
[0.355s] Level 1:colcon.colcon_core.environment:create_file_with_runtime_dependencies(/home/harshdev/alfred_workspace/install/alfred_bot/share/colcon-core/packages/alfred_bot)
[0.689s] DEBUG:colcon.colcon_core.event_handler.log_command:Invoking command in '/home/harshdev/alfred_workspace/src/joy_input': DEBUGINFOD_URLS=https://debuginfod.ubuntu.com PYTHONPATH=/home/harshdev/alfred_workspace/build/joy_input/prefix_override:/usr/lib/python3/dist-packages/colcon_core/task/python/colcon_distutils_commands:/home/harshdev/alfred_workspace/install/joy_input/lib/python3.12/site-packages:${PYTHONPATH} /usr/bin/python3 -W ignore:setup.py install is deprecated -W ignore:easy_install command is deprecated setup.py egg_info --egg-base ../../build/joy_input build --build-base /home/harshdev/alfred_workspace/build/joy_input/build install --record /home/harshdev/alfred_workspace/build/joy_input/install.log --single-version-externally-managed install_data
[1.005s] Level 1:colcon.colcon_core.environment:checking '/home/harshdev/alfred_workspace/install/joy_input' for CMake module files
[1.005s] DEBUG:colcon.colcon_core.event_handler.log_command:Invoked command in '/home/harshdev/alfred_workspace/src/joy_input' returned '0': DEBUGINFOD_URLS=https://debuginfod.ubuntu.com PYTHONPATH=/home/harshdev/alfred_workspace/build/joy_input/prefix_override:/usr/lib/python3/dist-packages/colcon_core/task/python/colcon_distutils_commands:/home/harshdev/alfred_workspace/install/joy_input/lib/python3.12/site-packages:${PYTHONPATH} /usr/bin/python3 -W ignore:setup.py install is deprecated -W ignore:easy_install command is deprecated setup.py egg_info --egg-base ../../build/joy_input build --build-base /home/harshdev/alfred_workspace/build/joy_input/build install --record /home/harshdev/alfred_workspace/build/joy_input/install.log --single-version-externally-managed install_data
[1.005s] Level 1:colcon.colcon_core.environment:checking '/home/harshdev/alfred_workspace/install/joy_input' for CMake config files
[1.006s] Level 1:colcon.colcon_core.environment:checking '/home/harshdev/alfred_workspace/install/joy_input/lib'
[1.006s] Level 1:colcon.colcon_core.environment:checking '/home/harshdev/alfred_workspace/install/joy_input/bin'
[1.006s] Level 1:colcon.colcon_core.environment:checking '/home/harshdev/alfred_workspace/install/joy_input/lib/pkgconfig/joy_input.pc'
[1.006s] Level 1:colcon.colcon_core.environment:checking '/home/harshdev/alfred_workspace/install/joy_input/lib/python3.12/site-packages'
[1.006s] Level 1:colcon.colcon_core.shell:create_environment_hook('joy_input', 'pythonpath')
[1.006s] INFO:colcon.colcon_core.shell:Creating environment hook '/home/harshdev/alfred_workspace/install/joy_input/share/joy_input/hook/pythonpath.ps1'
[1.006s] INFO:colcon.colcon_core.shell:Creating environment descriptor '/home/harshdev/alfred_workspace/install/joy_input/share/joy_input/hook/pythonpath.dsv'
[1.006s] INFO:colcon.colcon_core.shell:Creating environment hook '/home/harshdev/alfred_workspace/install/joy_input/share/joy_input/hook/pythonpath.sh'
[1.007s] Level 1:colcon.colcon_core.environment:checking '/home/harshdev/alfred_workspace/install/joy_input/bin'
[1.007s] Level 1:colcon.colcon_core.environment:create_environment_scripts_only(joy_input)
[1.007s] INFO:colcon.colcon_core.shell:Creating package script '/home/harshdev/alfred_workspace/install/joy_input/share/joy_input/package.ps1'
[1.007s] INFO:colcon.colcon_core.shell:Creating package descriptor '/home/harshdev/alfred_workspace/install/joy_input/share/joy_input/package.dsv'
[1.007s] INFO:colcon.colcon_core.shell:Creating package script '/home/harshdev/alfred_workspace/install/joy_input/share/joy_input/package.sh'
[1.008s] INFO:colcon.colcon_core.shell:Creating package script '/home/harshdev/alfred_workspace/install/joy_input/share/joy_input/package.bash'
[1.008s] INFO:colcon.colcon_core.shell:Creating package script '/home/harshdev/alfred_workspace/install/joy_input/share/joy_input/package.zsh'
[1.008s] Level 1:colcon.colcon_core.environment:create_file_with_runtime_dependencies(/home/harshdev/alfred_workspace/install/joy_input/share/colcon-core/packages/joy_input)
[1.008s] DEBUG:colcon.colcon_parallel_executor.executor.parallel:closing loop
[1.008s] DEBUG:colcon.colcon_parallel_executor.executor.parallel:loop closed
[1.008s] DEBUG:colcon.colcon_parallel_executor.executor.parallel:run_until_complete finished with '0'
[1.008s] DEBUG:colcon.colcon_core.event_reactor:joining thread
[1.013s] INFO:colcon.colcon_core.plugin_system:Skipping extension 'colcon_notification.desktop_notification.terminal_notifier': Not used on non-Darwin systems
[1.013s] INFO:colcon.colcon_core.plugin_system:Skipping extension 'colcon_notification.desktop_notification.win32': Not used on non-Windows systems
[1.013s] INFO:colcon.colcon_notification.desktop_notification:Sending desktop notification using 'notify2'
[1.026s] DEBUG:colcon.colcon_core.event_reactor:joined thread
[1.026s] INFO:colcon.colcon_core.shell:Creating prefix script '/home/harshdev/alfred_workspace/install/local_setup.ps1'
[1.027s] INFO:colcon.colcon_core.shell:Creating prefix util module '/home/harshdev/alfred_workspace/install/_local_setup_util_ps1.py'
[1.028s] INFO:colcon.colcon_core.shell:Creating prefix chain script '/home/harshdev/alfred_workspace/install/setup.ps1'
[1.029s] INFO:colcon.colcon_core.shell:Creating prefix script '/home/harshdev/alfred_workspace/install/local_setup.sh'
[1.030s] INFO:colcon.colcon_core.shell:Creating prefix util module '/home/harshdev/alfred_workspace/install/_local_setup_util_sh.py'
[1.030s] INFO:colcon.colcon_core.shell:Creating prefix chain script '/home/harshdev/alfred_workspace/install/setup.sh'
[1.031s] INFO:colcon.colcon_core.shell:Creating prefix script '/home/harshdev/alfred_workspace/install/local_setup.bash'
[1.031s] INFO:colcon.colcon_core.shell:Creating prefix chain script '/home/harshdev/alfred_workspace/install/setup.bash'
[1.032s] INFO:colcon.colcon_core.shell:Creating prefix script '/home/harshdev/alfred_workspace/install/local_setup.zsh'
[1.033s] INFO:colcon.colcon_core.shell:Creating prefix chain script '/home/harshdev/alfred_workspace/install/setup.zsh'
