[0.015s] Invoking command in '/home/harshdev/Learning-ROS/basicbotws/build/basicbot': CMAKE_PREFIX_PATH=${CMAKE_PREFIX_PATH}:/opt/ros/jazzy DEBUGINFOD_URLS=https://debuginfod.ubuntu.com /usr/bin/cmake --build /home/harshdev/Learning-ROS/basicbotws/build/basicbot -- -j12 -l12
[0.075s] -- Found ament_cmake: 2.5.3 (/opt/ros/jazzy/share/ament_cmake/cmake)
[0.576s] -- Found ament_lint_auto: 0.17.1 (/opt/ros/jazzy/share/ament_lint_auto/cmake)
[0.800s] -- Added test 'flake8' to check Python code syntax and style conventions
[0.801s] -- Configured 'flake8' exclude dirs and/or files: 
[0.802s] -- Added test 'lint_cmake' to check CMake code style
[0.804s] -- Added test 'pep257' to check Python code against some of the docstring style conventions in PEP 257
[0.808s] -- Added test 'xmllint' to check XML markup files
[0.812s] -- Configuring done (0.8s)
[0.824s] -- Generating done (0.0s)
[0.829s] -- Build files have been written to: /home/harshdev/Learning-ROS/basicbotws/build/basicbot
[0.867s] Invoked command in '/home/harshdev/Learning-ROS/basicbotws/build/basicbot' returned '0': CMAKE_PREFIX_PATH=${CMAKE_PREFIX_PATH}:/opt/ros/jazzy DEBUGINFOD_URLS=https://debuginfod.ubuntu.com /usr/bin/cmake --build /home/harshdev/Learning-ROS/basicbotws/build/basicbot -- -j12 -l12
[0.888s] Invoking command in '/home/harshdev/Learning-ROS/basicbotws/build/basicbot': CMAKE_PREFIX_PATH=${CMAKE_PREFIX_PATH}:/opt/ros/jazzy DEBUGINFOD_URLS=https://debuginfod.ubuntu.com /usr/bin/cmake --install /home/harshdev/Learning-ROS/basicbotws/build/basicbot
[0.909s] -- Install configuration: ""
[0.910s] -- Up-to-date: /home/harshdev/Learning-ROS/basicbotws/install/basicbot/share/basicbot/config
[0.910s] -- Up-to-date: /home/harshdev/Learning-ROS/basicbotws/install/basicbot/share/basicbot/config/controllers.yaml
[0.910s] -- Up-to-date: /home/harshdev/Learning-ROS/basicbotws/install/basicbot/share/basicbot/description
[0.911s] -- Up-to-date: /home/harshdev/Learning-ROS/basicbotws/install/basicbot/share/basicbot/description/inertial_macros.xacro
[0.911s] -- Up-to-date: /home/harshdev/Learning-ROS/basicbotws/install/basicbot/share/basicbot/description/gazebo_control.xacro
[0.911s] -- Up-to-date: /home/harshdev/Learning-ROS/basicbotws/install/basicbot/share/basicbot/description/robot.urdf.xacro
[0.911s] -- Up-to-date: /home/harshdev/Learning-ROS/basicbotws/install/basicbot/share/basicbot/description/robot_core.xacro
[0.912s] -- Up-to-date: /home/harshdev/Learning-ROS/basicbotws/install/basicbot/share/basicbot/description/ros2_control.xacro
[0.912s] -- Up-to-date: /home/harshdev/Learning-ROS/basicbotws/install/basicbot/share/basicbot/launch
[0.912s] -- Up-to-date: /home/harshdev/Learning-ROS/basicbotws/install/basicbot/share/basicbot/launch/rsp.launch.py
[0.912s] -- Up-to-date: /home/harshdev/Learning-ROS/basicbotws/install/basicbot/share/basicbot/launch/sim.launch.py
[0.913s] -- Up-to-date: /home/harshdev/Learning-ROS/basicbotws/install/basicbot/share/basicbot/worlds
[0.913s] -- Installing: /home/harshdev/Learning-ROS/basicbotws/install/basicbot/share/basicbot/bot
[0.914s] -- Up-to-date: /home/harshdev/Learning-ROS/basicbotws/install/basicbot/share/ament_index/resource_index/package_run_dependencies/basicbot
[0.914s] -- Up-to-date: /home/harshdev/Learning-ROS/basicbotws/install/basicbot/share/ament_index/resource_index/parent_prefix_path/basicbot
[0.914s] -- Up-to-date: /home/harshdev/Learning-ROS/basicbotws/install/basicbot/share/basicbot/environment/ament_prefix_path.sh
[0.915s] -- Up-to-date: /home/harshdev/Learning-ROS/basicbotws/install/basicbot/share/basicbot/environment/ament_prefix_path.dsv
[0.916s] -- Up-to-date: /home/harshdev/Learning-ROS/basicbotws/install/basicbot/share/basicbot/environment/path.sh
[0.916s] -- Up-to-date: /home/harshdev/Learning-ROS/basicbotws/install/basicbot/share/basicbot/environment/path.dsv
[0.917s] -- Up-to-date: /home/harshdev/Learning-ROS/basicbotws/install/basicbot/share/basicbot/local_setup.bash
[0.917s] -- Up-to-date: /home/harshdev/Learning-ROS/basicbotws/install/basicbot/share/basicbot/local_setup.sh
[0.917s] -- Up-to-date: /home/harshdev/Learning-ROS/basicbotws/install/basicbot/share/basicbot/local_setup.zsh
[0.918s] -- Up-to-date: /home/harshdev/Learning-ROS/basicbotws/install/basicbot/share/basicbot/local_setup.dsv
[0.918s] -- Installing: /home/harshdev/Learning-ROS/basicbotws/install/basicbot/share/basicbot/package.dsv
[0.919s] -- Up-to-date: /home/harshdev/Learning-ROS/basicbotws/install/basicbot/share/ament_index/resource_index/packages/basicbot
[0.919s] -- Up-to-date: /home/harshdev/Learning-ROS/basicbotws/install/basicbot/share/basicbot/cmake/basicbotConfig.cmake
[0.920s] -- Up-to-date: /home/harshdev/Learning-ROS/basicbotws/install/basicbot/share/basicbot/cmake/basicbotConfig-version.cmake
[0.920s] -- Up-to-date: /home/harshdev/Learning-ROS/basicbotws/install/basicbot/share/basicbot/package.xml
[0.921s] Invoked command in '/home/harshdev/Learning-ROS/basicbotws/build/basicbot' returned '0': CMAKE_PREFIX_PATH=${CMAKE_PREFIX_PATH}:/opt/ros/jazzy DEBUGINFOD_URLS=https://debuginfod.ubuntu.com /usr/bin/cmake --install /home/harshdev/Learning-ROS/basicbotws/build/basicbot
