running egg_info
creating ../../build/alffy_talks/alffy_talks.egg-info
writing ../../build/alffy_talks/alffy_talks.egg-info/PKG-INFO
writing dependency_links to ../../build/alffy_talks/alffy_talks.egg-info/dependency_links.txt
writing requirements to ../../build/alffy_talks/alffy_talks.egg-info/requires.txt
writing top-level names to ../../build/alffy_talks/alffy_talks.egg-info/top_level.txt
writing manifest file '../../build/alffy_talks/alffy_talks.egg-info/SOURCES.txt'
reading manifest file '../../build/alffy_talks/alffy_talks.egg-info/SOURCES.txt'
writing manifest file '../../build/alffy_talks/alffy_talks.egg-info/SOURCES.txt'
running build
running build_py
creating /home/harshdev/Learning-ROS/alffybot/build/alffy_talks/build
creating /home/harshdev/Learning-ROS/alffybot/build/alffy_talks/build/lib
creating /home/harshdev/Learning-ROS/alffybot/build/alffy_talks/build/lib/alffy_talks
copying alffy_talks/__init__.py -> /home/harshdev/Learning-ROS/alffybot/build/alffy_talks/build/lib/alffy_talks
copying alffy_talks/publisher.py -> /home/harshdev/Learning-ROS/alffybot/build/alffy_talks/build/lib/alffy_talks
copying alffy_talks/subscriber.py -> /home/harshdev/Learning-ROS/alffybot/build/alffy_talks/build/lib/alffy_talks
copying alffy_talks/parameters.py -> /home/harshdev/Learning-ROS/alffybot/build/alffy_talks/build/lib/alffy_talks
running install
running install_lib
creating /home/harshdev/Learning-ROS/alffybot/install/alffy_talks/lib/python3.12/site-packages/alffy_talks
copying /home/harshdev/Learning-ROS/alffybot/build/alffy_talks/build/lib/alffy_talks/__init__.py -> /home/harshdev/Learning-ROS/alffybot/install/alffy_talks/lib/python3.12/site-packages/alffy_talks
copying /home/harshdev/Learning-ROS/alffybot/build/alffy_talks/build/lib/alffy_talks/publisher.py -> /home/harshdev/Learning-ROS/alffybot/install/alffy_talks/lib/python3.12/site-packages/alffy_talks
copying /home/harshdev/Learning-ROS/alffybot/build/alffy_talks/build/lib/alffy_talks/subscriber.py -> /home/harshdev/Learning-ROS/alffybot/install/alffy_talks/lib/python3.12/site-packages/alffy_talks
copying /home/harshdev/Learning-ROS/alffybot/build/alffy_talks/build/lib/alffy_talks/parameters.py -> /home/harshdev/Learning-ROS/alffybot/install/alffy_talks/lib/python3.12/site-packages/alffy_talks
byte-compiling /home/harshdev/Learning-ROS/alffybot/install/alffy_talks/lib/python3.12/site-packages/alffy_talks/__init__.py to __init__.cpython-312.pyc
byte-compiling /home/harshdev/Learning-ROS/alffybot/install/alffy_talks/lib/python3.12/site-packages/alffy_talks/publisher.py to publisher.cpython-312.pyc
byte-compiling /home/harshdev/Learning-ROS/alffybot/install/alffy_talks/lib/python3.12/site-packages/alffy_talks/subscriber.py to subscriber.cpython-312.pyc
byte-compiling /home/harshdev/Learning-ROS/alffybot/install/alffy_talks/lib/python3.12/site-packages/alffy_talks/parameters.py to parameters.cpython-312.pyc
running install_data
creating /home/harshdev/Learning-ROS/alffybot/install/alffy_talks/share/ament_index
creating /home/harshdev/Learning-ROS/alffybot/install/alffy_talks/share/ament_index/resource_index
creating /home/harshdev/Learning-ROS/alffybot/install/alffy_talks/share/ament_index/resource_index/packages
copying resource/alffy_talks -> /home/harshdev/Learning-ROS/alffybot/install/alffy_talks/share/ament_index/resource_index/packages
copying package.xml -> /home/harshdev/Learning-ROS/alffybot/install/alffy_talks/share/alffy_talks
running install_egg_info
Copying ../../build/alffy_talks/alffy_talks.egg-info to /home/harshdev/Learning-ROS/alffybot/install/alffy_talks/lib/python3.12/site-packages/alffy_talks-0.0.0-py3.12.egg-info
running install_scripts
writing list of installed files to '/home/harshdev/Learning-ROS/alffybot/build/alffy_talks/install.log'
