[0.925s] Invoking command in '/home/harshdev/Learning-ROS/alffybot/src/alffy_talks': DEBUGINFOD_URLS=https://debuginfod.ubuntu.com PYTHONPATH=/home/harshdev/Learning-ROS/alffybot/build/alffy_talks/prefix_override:/usr/lib/python3/dist-packages/colcon_core/task/python/colcon_distutils_commands:/home/harshdev/Learning-ROS/alffybot/install/alffy_talks/lib/python3.12/site-packages:${PYTHONPATH} /usr/bin/python3 -W ignore:setup.py install is deprecated -W ignore:easy_install command is deprecated setup.py egg_info --egg-base ../../build/alffy_talks build --build-base /home/harshdev/Learning-ROS/alffybot/build/alffy_talks/build install --record /home/harshdev/Learning-ROS/alffybot/build/alffy_talks/install.log --single-version-externally-managed install_data
[1.229s] running egg_info
[1.229s] creating ../../build/alffy_talks/alffy_talks.egg-info
[1.250s] writing ../../build/alffy_talks/alffy_talks.egg-info/PKG-INFO
[1.250s] writing dependency_links to ../../build/alffy_talks/alffy_talks.egg-info/dependency_links.txt
[1.250s] writing requirements to ../../build/alffy_talks/alffy_talks.egg-info/requires.txt
[1.250s] writing top-level names to ../../build/alffy_talks/alffy_talks.egg-info/top_level.txt
[1.251s] writing manifest file '../../build/alffy_talks/alffy_talks.egg-info/SOURCES.txt'
[1.292s] reading manifest file '../../build/alffy_talks/alffy_talks.egg-info/SOURCES.txt'
[1.292s] writing manifest file '../../build/alffy_talks/alffy_talks.egg-info/SOURCES.txt'
[1.293s] running build
[1.293s] running build_py
[1.293s] creating /home/harshdev/Learning-ROS/alffybot/build/alffy_talks/build
[1.293s] creating /home/harshdev/Learning-ROS/alffybot/build/alffy_talks/build/lib
[1.293s] creating /home/harshdev/Learning-ROS/alffybot/build/alffy_talks/build/lib/alffy_talks
[1.293s] copying alffy_talks/__init__.py -> /home/harshdev/Learning-ROS/alffybot/build/alffy_talks/build/lib/alffy_talks
[1.293s] copying alffy_talks/publisher.py -> /home/harshdev/Learning-ROS/alffybot/build/alffy_talks/build/lib/alffy_talks
[1.294s] copying alffy_talks/subscriber.py -> /home/harshdev/Learning-ROS/alffybot/build/alffy_talks/build/lib/alffy_talks
[1.294s] copying alffy_talks/parameters.py -> /home/harshdev/Learning-ROS/alffybot/build/alffy_talks/build/lib/alffy_talks
[1.294s] running install
[1.301s] running install_lib
[1.321s] creating /home/harshdev/Learning-ROS/alffybot/install/alffy_talks/lib/python3.12/site-packages/alffy_talks
[1.322s] copying /home/harshdev/Learning-ROS/alffybot/build/alffy_talks/build/lib/alffy_talks/__init__.py -> /home/harshdev/Learning-ROS/alffybot/install/alffy_talks/lib/python3.12/site-packages/alffy_talks
[1.322s] copying /home/harshdev/Learning-ROS/alffybot/build/alffy_talks/build/lib/alffy_talks/publisher.py -> /home/harshdev/Learning-ROS/alffybot/install/alffy_talks/lib/python3.12/site-packages/alffy_talks
[1.322s] copying /home/harshdev/Learning-ROS/alffybot/build/alffy_talks/build/lib/alffy_talks/subscriber.py -> /home/harshdev/Learning-ROS/alffybot/install/alffy_talks/lib/python3.12/site-packages/alffy_talks
[1.322s] copying /home/harshdev/Learning-ROS/alffybot/build/alffy_talks/build/lib/alffy_talks/parameters.py -> /home/harshdev/Learning-ROS/alffybot/install/alffy_talks/lib/python3.12/site-packages/alffy_talks
[1.322s] byte-compiling /home/harshdev/Learning-ROS/alffybot/install/alffy_talks/lib/python3.12/site-packages/alffy_talks/__init__.py to __init__.cpython-312.pyc
[1.323s] byte-compiling /home/harshdev/Learning-ROS/alffybot/install/alffy_talks/lib/python3.12/site-packages/alffy_talks/publisher.py to publisher.cpython-312.pyc
[1.323s] byte-compiling /home/harshdev/Learning-ROS/alffybot/install/alffy_talks/lib/python3.12/site-packages/alffy_talks/subscriber.py to subscriber.cpython-312.pyc
[1.323s] byte-compiling /home/harshdev/Learning-ROS/alffybot/install/alffy_talks/lib/python3.12/site-packages/alffy_talks/parameters.py to parameters.cpython-312.pyc
[1.323s] running install_data
[1.323s] creating /home/harshdev/Learning-ROS/alffybot/install/alffy_talks/share/ament_index
[1.324s] creating /home/harshdev/Learning-ROS/alffybot/install/alffy_talks/share/ament_index/resource_index
[1.324s] creating /home/harshdev/Learning-ROS/alffybot/install/alffy_talks/share/ament_index/resource_index/packages
[1.324s] copying resource/alffy_talks -> /home/harshdev/Learning-ROS/alffybot/install/alffy_talks/share/ament_index/resource_index/packages
[1.324s] copying package.xml -> /home/harshdev/Learning-ROS/alffybot/install/alffy_talks/share/alffy_talks
[1.324s] running install_egg_info
[1.346s] Copying ../../build/alffy_talks/alffy_talks.egg-info to /home/harshdev/Learning-ROS/alffybot/install/alffy_talks/lib/python3.12/site-packages/alffy_talks-0.0.0-py3.12.egg-info
[1.346s] running install_scripts
[1.489s] writing list of installed files to '/home/harshdev/Learning-ROS/alffybot/build/alffy_talks/install.log'
[1.524s] Invoked command in '/home/harshdev/Learning-ROS/alffybot/src/alffy_talks' returned '0': DEBUGINFOD_URLS=https://debuginfod.ubuntu.com PYTHONPATH=/home/harshdev/Learning-ROS/alffybot/build/alffy_talks/prefix_override:/usr/lib/python3/dist-packages/colcon_core/task/python/colcon_distutils_commands:/home/harshdev/Learning-ROS/alffybot/install/alffy_talks/lib/python3.12/site-packages:${PYTHONPATH} /usr/bin/python3 -W ignore:setup.py install is deprecated -W ignore:easy_install command is deprecated setup.py egg_info --egg-base ../../build/alffy_talks build --build-base /home/harshdev/Learning-ROS/alffybot/build/alffy_talks/build install --record /home/harshdev/Learning-ROS/alffybot/build/alffy_talks/install.log --single-version-externally-managed install_data
