[0.085s] DEBUG:colcon:Command line arguments: ['/usr/bin/colcon', 'build']
[0.085s] DEBUG:colcon:Parsed command line arguments: Namespace(log_base=None, log_level=None, verb_name='build', build_base='build', install_base='install', merge_install=False, symlink_install=False, test_result_base=None, continue_on_error=False, executor='parallel', parallel_workers=12, event_handlers=None, ignore_user_meta=False, metas=['./colcon.meta'], base_paths=['.'], packages_ignore=None, packages_ignore_regex=None, paths=None, packages_up_to=None, packages_up_to_regex=None, packages_above=None, packages_above_and_dependencies=None, packages_above_depth=None, packages_select_by_dep=None, packages_skip_by_dep=None, packages_skip_up_to=None, packages_select_build_failed=False, packages_skip_build_finished=False, packages_select_test_failures=False, packages_skip_test_passed=False, packages_select=None, packages_skip=None, packages_select_regex=None, packages_skip_regex=None, packages_start=None, packages_end=None, allow_overriding=[], cmake_args=None, cmake_target=None, cmake_target_skip_unavailable=False, cmake_clean_cache=False, cmake_clean_first=False, cmake_force_configure=False, ament_cmake_args=None, catkin_cmake_args=None, catkin_skip_building_tests=False, mixin_files=None, mixin=None, verb_parser=<colcon_mixin.mixin.mixin_argument.MixinArgumentDecorator object at 0x798f7bc68350>, verb_extension=<colcon_core.verb.build.BuildVerb object at 0x798f7bdd54f0>, main=<bound method BuildVerb.main of <colcon_core.verb.build.BuildVerb object at 0x798f7bdd54f0>>, mixin_verb=('build',))
[0.109s] Level 1:colcon.colcon_core.package_discovery:discover_packages(colcon_meta) check parameters
[0.109s] Level 1:colcon.colcon_core.package_discovery:discover_packages(recursive) check parameters
[0.110s] Level 1:colcon.colcon_core.package_discovery:discover_packages(ignore) check parameters
[0.110s] Level 1:colcon.colcon_core.package_discovery:discover_packages(path) check parameters
[0.110s] Level 1:colcon.colcon_core.package_discovery:discover_packages(colcon_meta) discover
[0.110s] Level 1:colcon.colcon_core.package_discovery:discover_packages(recursive) discover
[0.110s] INFO:colcon.colcon_core.package_discovery:Crawling recursively for packages in '/home/harshdev/Learning-ROS/alffybot'
[0.110s] Level 1:colcon.colcon_core.package_identification:_identify(.) by extensions ['ignore', 'ignore_ament_install']
[0.110s] Level 1:colcon.colcon_core.package_identification:_identify(.) by extension 'ignore'
[0.110s] Level 1:colcon.colcon_core.package_identification:_identify(.) by extension 'ignore_ament_install'
[0.110s] Level 1:colcon.colcon_core.package_identification:_identify(.) by extensions ['colcon_pkg']
[0.110s] Level 1:colcon.colcon_core.package_identification:_identify(.) by extension 'colcon_pkg'
[0.110s] Level 1:colcon.colcon_core.package_identification:_identify(.) by extensions ['colcon_meta']
[0.110s] Level 1:colcon.colcon_core.package_identification:_identify(.) by extension 'colcon_meta'
[0.110s] Level 1:colcon.colcon_core.package_identification:_identify(.) by extensions ['ros']
[0.110s] Level 1:colcon.colcon_core.package_identification:_identify(.) by extension 'ros'
[0.127s] Level 1:colcon.colcon_core.package_identification:_identify(.) by extensions ['cmake', 'python']
[0.127s] Level 1:colcon.colcon_core.package_identification:_identify(.) by extension 'cmake'
[0.127s] Level 1:colcon.colcon_core.package_identification:_identify(.) by extension 'python'
[0.127s] Level 1:colcon.colcon_core.package_identification:_identify(.) by extensions ['python_setup_py']
[0.127s] Level 1:colcon.colcon_core.package_identification:_identify(.) by extension 'python_setup_py'
[0.127s] Level 1:colcon.colcon_core.package_identification:_identify(build) by extensions ['ignore', 'ignore_ament_install']
[0.127s] Level 1:colcon.colcon_core.package_identification:_identify(build) by extension 'ignore'
[0.127s] Level 1:colcon.colcon_core.package_identification:_identify(build) ignored
[0.127s] Level 1:colcon.colcon_core.package_identification:_identify(install) by extensions ['ignore', 'ignore_ament_install']
[0.127s] Level 1:colcon.colcon_core.package_identification:_identify(install) by extension 'ignore'
[0.127s] Level 1:colcon.colcon_core.package_identification:_identify(install) ignored
[0.127s] Level 1:colcon.colcon_core.package_identification:_identify(log) by extensions ['ignore', 'ignore_ament_install']
[0.127s] Level 1:colcon.colcon_core.package_identification:_identify(log) by extension 'ignore'
[0.127s] Level 1:colcon.colcon_core.package_identification:_identify(log) ignored
[0.127s] Level 1:colcon.colcon_core.package_identification:_identify(src) by extensions ['ignore', 'ignore_ament_install']
[0.127s] Level 1:colcon.colcon_core.package_identification:_identify(src) by extension 'ignore'
[0.127s] Level 1:colcon.colcon_core.package_identification:_identify(src) by extension 'ignore_ament_install'
[0.127s] Level 1:colcon.colcon_core.package_identification:_identify(src) by extensions ['colcon_pkg']
[0.127s] Level 1:colcon.colcon_core.package_identification:_identify(src) by extension 'colcon_pkg'
[0.128s] Level 1:colcon.colcon_core.package_identification:_identify(src) by extensions ['colcon_meta']
[0.128s] Level 1:colcon.colcon_core.package_identification:_identify(src) by extension 'colcon_meta'
[0.128s] Level 1:colcon.colcon_core.package_identification:_identify(src) by extensions ['ros']
[0.128s] Level 1:colcon.colcon_core.package_identification:_identify(src) by extension 'ros'
[0.128s] Level 1:colcon.colcon_core.package_identification:_identify(src) by extensions ['cmake', 'python']
[0.128s] Level 1:colcon.colcon_core.package_identification:_identify(src) by extension 'cmake'
[0.128s] Level 1:colcon.colcon_core.package_identification:_identify(src) by extension 'python'
[0.128s] Level 1:colcon.colcon_core.package_identification:_identify(src) by extensions ['python_setup_py']
[0.128s] Level 1:colcon.colcon_core.package_identification:_identify(src) by extension 'python_setup_py'
[0.128s] Level 1:colcon.colcon_core.package_identification:_identify(src/alffy_controller) by extensions ['ignore', 'ignore_ament_install']
[0.128s] Level 1:colcon.colcon_core.package_identification:_identify(src/alffy_controller) by extension 'ignore'
[0.128s] Level 1:colcon.colcon_core.package_identification:_identify(src/alffy_controller) by extension 'ignore_ament_install'
[0.128s] Level 1:colcon.colcon_core.package_identification:_identify(src/alffy_controller) by extensions ['colcon_pkg']
[0.128s] Level 1:colcon.colcon_core.package_identification:_identify(src/alffy_controller) by extension 'colcon_pkg'
[0.128s] Level 1:colcon.colcon_core.package_identification:_identify(src/alffy_controller) by extensions ['colcon_meta']
[0.128s] Level 1:colcon.colcon_core.package_identification:_identify(src/alffy_controller) by extension 'colcon_meta'
[0.128s] Level 1:colcon.colcon_core.package_identification:_identify(src/alffy_controller) by extensions ['ros']
[0.128s] Level 1:colcon.colcon_core.package_identification:_identify(src/alffy_controller) by extension 'ros'
[0.129s] DEBUG:colcon.colcon_core.package_identification:Package 'src/alffy_controller' with type 'ros.ament_cmake' and name 'alffy_controller'
[0.130s] Level 1:colcon.colcon_core.package_identification:_identify(src/alffy_description) by extensions ['ignore', 'ignore_ament_install']
[0.130s] Level 1:colcon.colcon_core.package_identification:_identify(src/alffy_description) by extension 'ignore'
[0.130s] Level 1:colcon.colcon_core.package_identification:_identify(src/alffy_description) by extension 'ignore_ament_install'
[0.130s] Level 1:colcon.colcon_core.package_identification:_identify(src/alffy_description) by extensions ['colcon_pkg']
[0.130s] Level 1:colcon.colcon_core.package_identification:_identify(src/alffy_description) by extension 'colcon_pkg'
[0.130s] Level 1:colcon.colcon_core.package_identification:_identify(src/alffy_description) by extensions ['colcon_meta']
[0.130s] Level 1:colcon.colcon_core.package_identification:_identify(src/alffy_description) by extension 'colcon_meta'
[0.130s] Level 1:colcon.colcon_core.package_identification:_identify(src/alffy_description) by extensions ['ros']
[0.130s] Level 1:colcon.colcon_core.package_identification:_identify(src/alffy_description) by extension 'ros'
[0.130s] DEBUG:colcon.colcon_core.package_identification:Package 'src/alffy_description' with type 'ros.ament_cmake' and name 'alffy_description'
[0.130s] Level 1:colcon.colcon_core.package_identification:_identify(src/alffy_talks) by extensions ['ignore', 'ignore_ament_install']
[0.130s] Level 1:colcon.colcon_core.package_identification:_identify(src/alffy_talks) by extension 'ignore'
[0.130s] Level 1:colcon.colcon_core.package_identification:_identify(src/alffy_talks) by extension 'ignore_ament_install'
[0.130s] Level 1:colcon.colcon_core.package_identification:_identify(src/alffy_talks) by extensions ['colcon_pkg']
[0.130s] Level 1:colcon.colcon_core.package_identification:_identify(src/alffy_talks) by extension 'colcon_pkg'
[0.130s] Level 1:colcon.colcon_core.package_identification:_identify(src/alffy_talks) by extensions ['colcon_meta']
[0.130s] Level 1:colcon.colcon_core.package_identification:_identify(src/alffy_talks) by extension 'colcon_meta'
[0.130s] Level 1:colcon.colcon_core.package_identification:_identify(src/alffy_talks) by extensions ['ros']
[0.130s] Level 1:colcon.colcon_core.package_identification:_identify(src/alffy_talks) by extension 'ros'
[0.131s] DEBUG:colcon.colcon_core.package_identification:Package 'src/alffy_talks' with type 'ros.ament_python' and name 'alffy_talks'
[0.131s] Level 1:colcon.colcon_core.package_discovery:discover_packages(recursive) using defaults
[0.131s] Level 1:colcon.colcon_core.package_discovery:discover_packages(ignore) discover
[0.131s] Level 1:colcon.colcon_core.package_discovery:discover_packages(ignore) using defaults
[0.131s] Level 1:colcon.colcon_core.package_discovery:discover_packages(path) discover
[0.131s] Level 1:colcon.colcon_core.package_discovery:discover_packages(path) using defaults
[0.142s] Level 1:colcon.colcon_core.package_discovery:discover_packages(prefix_path) check parameters
[0.142s] Level 1:colcon.colcon_core.package_discovery:discover_packages(prefix_path) discover
[0.143s] DEBUG:colcon.colcon_installed_package_information.package_discovery:Found 4 installed packages in /home/harshdev/Learning-ROS/alffybot/install
[0.145s] DEBUG:colcon.colcon_installed_package_information.package_discovery:Found 382 installed packages in /opt/ros/jazzy
[0.145s] Level 1:colcon.colcon_core.package_discovery:discover_packages(prefix_path) using defaults
[0.172s] Level 5:colcon.colcon_core.verb:set package 'alffy_controller' build argument 'cmake_args' from command line to 'None'
[0.172s] Level 5:colcon.colcon_core.verb:set package 'alffy_controller' build argument 'cmake_target' from command line to 'None'
[0.172s] Level 5:colcon.colcon_core.verb:set package 'alffy_controller' build argument 'cmake_target_skip_unavailable' from command line to 'False'
[0.172s] Level 5:colcon.colcon_core.verb:set package 'alffy_controller' build argument 'cmake_clean_cache' from command line to 'False'
[0.172s] Level 5:colcon.colcon_core.verb:set package 'alffy_controller' build argument 'cmake_clean_first' from command line to 'False'
[0.172s] Level 5:colcon.colcon_core.verb:set package 'alffy_controller' build argument 'cmake_force_configure' from command line to 'False'
[0.172s] Level 5:colcon.colcon_core.verb:set package 'alffy_controller' build argument 'ament_cmake_args' from command line to 'None'
[0.172s] Level 5:colcon.colcon_core.verb:set package 'alffy_controller' build argument 'catkin_cmake_args' from command line to 'None'
[0.172s] Level 5:colcon.colcon_core.verb:set package 'alffy_controller' build argument 'catkin_skip_building_tests' from command line to 'False'
[0.172s] DEBUG:colcon.colcon_core.verb:Building package 'alffy_controller' with the following arguments: {'ament_cmake_args': None, 'build_base': '/home/harshdev/Learning-ROS/alffybot/build/alffy_controller', 'catkin_cmake_args': None, 'catkin_skip_building_tests': False, 'cmake_args': None, 'cmake_clean_cache': False, 'cmake_clean_first': False, 'cmake_force_configure': False, 'cmake_target': None, 'cmake_target_skip_unavailable': False, 'install_base': '/home/harshdev/Learning-ROS/alffybot/install/alffy_controller', 'merge_install': False, 'path': '/home/harshdev/Learning-ROS/alffybot/src/alffy_controller', 'symlink_install': False, 'test_result_base': None}
[0.172s] Level 5:colcon.colcon_core.verb:set package 'alffy_description' build argument 'cmake_args' from command line to 'None'
[0.172s] Level 5:colcon.colcon_core.verb:set package 'alffy_description' build argument 'cmake_target' from command line to 'None'
[0.172s] Level 5:colcon.colcon_core.verb:set package 'alffy_description' build argument 'cmake_target_skip_unavailable' from command line to 'False'
[0.172s] Level 5:colcon.colcon_core.verb:set package 'alffy_description' build argument 'cmake_clean_cache' from command line to 'False'
[0.172s] Level 5:colcon.colcon_core.verb:set package 'alffy_description' build argument 'cmake_clean_first' from command line to 'False'
[0.172s] Level 5:colcon.colcon_core.verb:set package 'alffy_description' build argument 'cmake_force_configure' from command line to 'False'
[0.172s] Level 5:colcon.colcon_core.verb:set package 'alffy_description' build argument 'ament_cmake_args' from command line to 'None'
[0.172s] Level 5:colcon.colcon_core.verb:set package 'alffy_description' build argument 'catkin_cmake_args' from command line to 'None'
[0.172s] Level 5:colcon.colcon_core.verb:set package 'alffy_description' build argument 'catkin_skip_building_tests' from command line to 'False'
[0.172s] DEBUG:colcon.colcon_core.verb:Building package 'alffy_description' with the following arguments: {'ament_cmake_args': None, 'build_base': '/home/harshdev/Learning-ROS/alffybot/build/alffy_description', 'catkin_cmake_args': None, 'catkin_skip_building_tests': False, 'cmake_args': None, 'cmake_clean_cache': False, 'cmake_clean_first': False, 'cmake_force_configure': False, 'cmake_target': None, 'cmake_target_skip_unavailable': False, 'install_base': '/home/harshdev/Learning-ROS/alffybot/install/alffy_description', 'merge_install': False, 'path': '/home/harshdev/Learning-ROS/alffybot/src/alffy_description', 'symlink_install': False, 'test_result_base': None}
[0.172s] Level 5:colcon.colcon_core.verb:set package 'alffy_talks' build argument 'cmake_args' from command line to 'None'
[0.172s] Level 5:colcon.colcon_core.verb:set package 'alffy_talks' build argument 'cmake_target' from command line to 'None'
[0.172s] Level 5:colcon.colcon_core.verb:set package 'alffy_talks' build argument 'cmake_target_skip_unavailable' from command line to 'False'
[0.172s] Level 5:colcon.colcon_core.verb:set package 'alffy_talks' build argument 'cmake_clean_cache' from command line to 'False'
[0.172s] Level 5:colcon.colcon_core.verb:set package 'alffy_talks' build argument 'cmake_clean_first' from command line to 'False'
[0.172s] Level 5:colcon.colcon_core.verb:set package 'alffy_talks' build argument 'cmake_force_configure' from command line to 'False'
[0.172s] Level 5:colcon.colcon_core.verb:set package 'alffy_talks' build argument 'ament_cmake_args' from command line to 'None'
[0.172s] Level 5:colcon.colcon_core.verb:set package 'alffy_talks' build argument 'catkin_cmake_args' from command line to 'None'
[0.172s] Level 5:colcon.colcon_core.verb:set package 'alffy_talks' build argument 'catkin_skip_building_tests' from command line to 'False'
[0.172s] DEBUG:colcon.colcon_core.verb:Building package 'alffy_talks' with the following arguments: {'ament_cmake_args': None, 'build_base': '/home/harshdev/Learning-ROS/alffybot/build/alffy_talks', 'catkin_cmake_args': None, 'catkin_skip_building_tests': False, 'cmake_args': None, 'cmake_clean_cache': False, 'cmake_clean_first': False, 'cmake_force_configure': False, 'cmake_target': None, 'cmake_target_skip_unavailable': False, 'install_base': '/home/harshdev/Learning-ROS/alffybot/install/alffy_talks', 'merge_install': False, 'path': '/home/harshdev/Learning-ROS/alffybot/src/alffy_talks', 'symlink_install': False, 'test_result_base': None}
[0.172s] INFO:colcon.colcon_core.executor:Executing jobs using 'parallel' executor
[0.173s] DEBUG:colcon.colcon_parallel_executor.executor.parallel:run_until_complete
[0.173s] INFO:colcon.colcon_ros.task.ament_cmake.build:Building ROS package in '/home/harshdev/Learning-ROS/alffybot/src/alffy_controller' with build type 'ament_cmake'
[0.173s] INFO:colcon.colcon_cmake.task.cmake.build:Building CMake package in '/home/harshdev/Learning-ROS/alffybot/src/alffy_controller'
[0.175s] INFO:colcon.colcon_core.plugin_system:Skipping extension 'colcon_core.shell.bat': Not used on non-Windows systems
[0.175s] INFO:colcon.colcon_core.shell:Skip shell extension 'powershell' for command environment: Not usable outside of PowerShell
[0.175s] DEBUG:colcon.colcon_core.shell:Skip shell extension 'dsv' for command environment
[0.178s] INFO:colcon.colcon_ros.task.ament_cmake.build:Building ROS package in '/home/harshdev/Learning-ROS/alffybot/src/alffy_description' with build type 'ament_cmake'
[0.178s] INFO:colcon.colcon_cmake.task.cmake.build:Building CMake package in '/home/harshdev/Learning-ROS/alffybot/src/alffy_description'
[0.178s] INFO:colcon.colcon_core.shell:Skip shell extension 'powershell' for command environment: Not usable outside of PowerShell
[0.178s] DEBUG:colcon.colcon_core.shell:Skip shell extension 'dsv' for command environment
[0.183s] INFO:colcon.colcon_ros.task.ament_python.build:Building ROS package in '/home/harshdev/Learning-ROS/alffybot/src/alffy_talks' with build type 'ament_python'
[0.183s] Level 1:colcon.colcon_core.shell:create_environment_hook('alffy_talks', 'ament_prefix_path')
[0.183s] INFO:colcon.colcon_core.shell:Creating environment hook '/home/harshdev/Learning-ROS/alffybot/install/alffy_talks/share/alffy_talks/hook/ament_prefix_path.ps1'
[0.184s] INFO:colcon.colcon_core.shell:Creating environment descriptor '/home/harshdev/Learning-ROS/alffybot/install/alffy_talks/share/alffy_talks/hook/ament_prefix_path.dsv'
[0.184s] INFO:colcon.colcon_core.shell:Creating environment hook '/home/harshdev/Learning-ROS/alffybot/install/alffy_talks/share/alffy_talks/hook/ament_prefix_path.sh'
[0.185s] INFO:colcon.colcon_core.shell:Skip shell extension 'powershell' for command environment: Not usable outside of PowerShell
[0.185s] DEBUG:colcon.colcon_core.shell:Skip shell extension 'dsv' for command environment
[0.191s] DEBUG:colcon.colcon_core.event_handler.log_command:Invoking command in '/home/harshdev/Learning-ROS/alffybot/build/alffy_controller': CMAKE_PREFIX_PATH=${CMAKE_PREFIX_PATH}:/home/harshdev/Learning-ROS/alffybot/install/alffy_talks_package:/home/harshdev/Learning-ROS/alffybot/install/alffy_talks:/opt/ros/jazzy DEBUGINFOD_URLS=https://debuginfod.ubuntu.com /usr/bin/cmake --build /home/harshdev/Learning-ROS/alffybot/build/alffy_controller -- -j12 -l12
[0.195s] DEBUG:colcon.colcon_core.event_handler.log_command:Invoking command in '/home/harshdev/Learning-ROS/alffybot/build/alffy_description': CMAKE_PREFIX_PATH=${CMAKE_PREFIX_PATH}:/home/harshdev/Learning-ROS/alffybot/install/alffy_talks_package:/home/harshdev/Learning-ROS/alffybot/install/alffy_talks:/opt/ros/jazzy DEBUGINFOD_URLS=https://debuginfod.ubuntu.com /usr/bin/cmake --build /home/harshdev/Learning-ROS/alffybot/build/alffy_description -- -j12 -l12
[0.397s] INFO:colcon.colcon_core.task.python.build:Building Python package in '/home/harshdev/Learning-ROS/alffybot/src/alffy_talks'
[0.397s] INFO:colcon.colcon_core.shell:Skip shell extension 'powershell' for command environment: Not usable outside of PowerShell
[0.398s] DEBUG:colcon.colcon_core.shell:Skip shell extension 'dsv' for command environment
[0.402s] DEBUG:colcon.colcon_core.event_handler.log_command:Invoked command in '/home/harshdev/Learning-ROS/alffybot/build/alffy_description' returned '0': CMAKE_PREFIX_PATH=${CMAKE_PREFIX_PATH}:/home/harshdev/Learning-ROS/alffybot/install/alffy_talks_package:/home/harshdev/Learning-ROS/alffybot/install/alffy_talks:/opt/ros/jazzy DEBUGINFOD_URLS=https://debuginfod.ubuntu.com /usr/bin/cmake --build /home/harshdev/Learning-ROS/alffybot/build/alffy_description -- -j12 -l12
[0.414s] DEBUG:colcon.colcon_core.event_handler.log_command:Invoking command in '/home/harshdev/Learning-ROS/alffybot/build/alffy_description': CMAKE_PREFIX_PATH=${CMAKE_PREFIX_PATH}:/home/harshdev/Learning-ROS/alffybot/install/alffy_talks_package:/home/harshdev/Learning-ROS/alffybot/install/alffy_talks:/opt/ros/jazzy DEBUGINFOD_URLS=https://debuginfod.ubuntu.com /usr/bin/cmake --install /home/harshdev/Learning-ROS/alffybot/build/alffy_description
[0.416s] DEBUG:colcon.colcon_core.event_handler.log_command:Invoked command in '/home/harshdev/Learning-ROS/alffybot/build/alffy_controller' returned '0': CMAKE_PREFIX_PATH=${CMAKE_PREFIX_PATH}:/home/harshdev/Learning-ROS/alffybot/install/alffy_talks_package:/home/harshdev/Learning-ROS/alffybot/install/alffy_talks:/opt/ros/jazzy DEBUGINFOD_URLS=https://debuginfod.ubuntu.com /usr/bin/cmake --build /home/harshdev/Learning-ROS/alffybot/build/alffy_controller -- -j12 -l12
[0.418s] DEBUG:colcon.colcon_core.event_handler.log_command:Invoking command in '/home/harshdev/Learning-ROS/alffybot/build/alffy_controller': CMAKE_PREFIX_PATH=${CMAKE_PREFIX_PATH}:/home/harshdev/Learning-ROS/alffybot/install/alffy_talks_package:/home/harshdev/Learning-ROS/alffybot/install/alffy_talks:/opt/ros/jazzy DEBUGINFOD_URLS=https://debuginfod.ubuntu.com /usr/bin/cmake --install /home/harshdev/Learning-ROS/alffybot/build/alffy_controller
[0.433s] Level 1:colcon.colcon_core.environment:create_environment_scripts_only(alffy_controller)
[0.442s] DEBUG:colcon.colcon_core.event_handler.log_command:Invoked command in '/home/harshdev/Learning-ROS/alffybot/build/alffy_controller' returned '0': CMAKE_PREFIX_PATH=${CMAKE_PREFIX_PATH}:/home/harshdev/Learning-ROS/alffybot/install/alffy_talks_package:/home/harshdev/Learning-ROS/alffybot/install/alffy_talks:/opt/ros/jazzy DEBUGINFOD_URLS=https://debuginfod.ubuntu.com /usr/bin/cmake --install /home/harshdev/Learning-ROS/alffybot/build/alffy_controller
[0.444s] Level 1:colcon.colcon_core.environment:checking '/home/harshdev/Learning-ROS/alffybot/install/alffy_controller' for CMake module files
[0.445s] Level 1:colcon.colcon_core.environment:checking '/home/harshdev/Learning-ROS/alffybot/install/alffy_controller' for CMake config files
[0.446s] Level 1:colcon.colcon_core.shell:create_environment_hook('alffy_controller', 'cmake_prefix_path')
[0.446s] INFO:colcon.colcon_core.shell:Creating environment hook '/home/harshdev/Learning-ROS/alffybot/install/alffy_controller/share/alffy_controller/hook/cmake_prefix_path.ps1'
[0.447s] INFO:colcon.colcon_core.shell:Creating environment descriptor '/home/harshdev/Learning-ROS/alffybot/install/alffy_controller/share/alffy_controller/hook/cmake_prefix_path.dsv'
[0.448s] INFO:colcon.colcon_core.shell:Creating environment hook '/home/harshdev/Learning-ROS/alffybot/install/alffy_controller/share/alffy_controller/hook/cmake_prefix_path.sh'
[0.449s] Level 1:colcon.colcon_core.environment:checking '/home/harshdev/Learning-ROS/alffybot/install/alffy_controller/bin'
[0.449s] Level 1:colcon.colcon_core.environment:checking '/home/harshdev/Learning-ROS/alffybot/install/alffy_controller/lib/pkgconfig/alffy_controller.pc'
[0.450s] Level 1:colcon.colcon_core.environment:checking '/home/harshdev/Learning-ROS/alffybot/install/alffy_controller/lib/python3.12/site-packages'
[0.450s] Level 1:colcon.colcon_core.environment:checking '/home/harshdev/Learning-ROS/alffybot/install/alffy_controller/bin'
[0.451s] INFO:colcon.colcon_core.shell:Creating package script '/home/harshdev/Learning-ROS/alffybot/install/alffy_controller/share/alffy_controller/package.ps1'
[0.452s] INFO:colcon.colcon_core.shell:Creating package descriptor '/home/harshdev/Learning-ROS/alffybot/install/alffy_controller/share/alffy_controller/package.dsv'
[0.453s] INFO:colcon.colcon_core.shell:Creating package script '/home/harshdev/Learning-ROS/alffybot/install/alffy_controller/share/alffy_controller/package.sh'
[0.454s] INFO:colcon.colcon_core.shell:Creating package script '/home/harshdev/Learning-ROS/alffybot/install/alffy_controller/share/alffy_controller/package.bash'
[0.455s] INFO:colcon.colcon_core.shell:Creating package script '/home/harshdev/Learning-ROS/alffybot/install/alffy_controller/share/alffy_controller/package.zsh'
[0.456s] Level 1:colcon.colcon_core.environment:create_file_with_runtime_dependencies(/home/harshdev/Learning-ROS/alffybot/install/alffy_controller/share/colcon-core/packages/alffy_controller)
[0.457s] Level 1:colcon.colcon_core.environment:create_environment_scripts_only(alffy_controller)
[0.458s] Level 1:colcon.colcon_core.environment:checking '/home/harshdev/Learning-ROS/alffybot/install/alffy_controller' for CMake module files
[0.459s] Level 1:colcon.colcon_core.environment:checking '/home/harshdev/Learning-ROS/alffybot/install/alffy_controller' for CMake config files
[0.459s] Level 1:colcon.colcon_core.shell:create_environment_hook('alffy_controller', 'cmake_prefix_path')
[0.459s] INFO:colcon.colcon_core.shell:Creating environment hook '/home/harshdev/Learning-ROS/alffybot/install/alffy_controller/share/alffy_controller/hook/cmake_prefix_path.ps1'
[0.460s] INFO:colcon.colcon_core.shell:Creating environment descriptor '/home/harshdev/Learning-ROS/alffybot/install/alffy_controller/share/alffy_controller/hook/cmake_prefix_path.dsv'
[0.460s] INFO:colcon.colcon_core.shell:Creating environment hook '/home/harshdev/Learning-ROS/alffybot/install/alffy_controller/share/alffy_controller/hook/cmake_prefix_path.sh'
[0.461s] Level 1:colcon.colcon_core.environment:checking '/home/harshdev/Learning-ROS/alffybot/install/alffy_controller/bin'
[0.462s] Level 1:colcon.colcon_core.environment:checking '/home/harshdev/Learning-ROS/alffybot/install/alffy_controller/lib/pkgconfig/alffy_controller.pc'
[0.462s] Level 1:colcon.colcon_core.environment:checking '/home/harshdev/Learning-ROS/alffybot/install/alffy_controller/lib/python3.12/site-packages'
[0.462s] Level 1:colcon.colcon_core.environment:checking '/home/harshdev/Learning-ROS/alffybot/install/alffy_controller/bin'
[0.463s] INFO:colcon.colcon_core.shell:Creating package script '/home/harshdev/Learning-ROS/alffybot/install/alffy_controller/share/alffy_controller/package.ps1'
[0.463s] INFO:colcon.colcon_core.shell:Creating package descriptor '/home/harshdev/Learning-ROS/alffybot/install/alffy_controller/share/alffy_controller/package.dsv'
[0.464s] INFO:colcon.colcon_core.shell:Creating package script '/home/harshdev/Learning-ROS/alffybot/install/alffy_controller/share/alffy_controller/package.sh'
[0.464s] INFO:colcon.colcon_core.shell:Creating package script '/home/harshdev/Learning-ROS/alffybot/install/alffy_controller/share/alffy_controller/package.bash'
[0.465s] INFO:colcon.colcon_core.shell:Creating package script '/home/harshdev/Learning-ROS/alffybot/install/alffy_controller/share/alffy_controller/package.zsh'
[0.465s] Level 1:colcon.colcon_core.environment:create_file_with_runtime_dependencies(/home/harshdev/Learning-ROS/alffybot/install/alffy_controller/share/colcon-core/packages/alffy_controller)
[0.466s] Level 1:colcon.colcon_core.environment:create_environment_scripts_only(alffy_description)
[0.466s] Level 1:colcon.colcon_core.environment:checking '/home/harshdev/Learning-ROS/alffybot/install/alffy_description' for CMake module files
[0.467s] Level 1:colcon.colcon_core.environment:checking '/home/harshdev/Learning-ROS/alffybot/install/alffy_description' for CMake config files
[0.467s] DEBUG:colcon.colcon_core.event_handler.log_command:Invoked command in '/home/harshdev/Learning-ROS/alffybot/build/alffy_description' returned '0': CMAKE_PREFIX_PATH=${CMAKE_PREFIX_PATH}:/home/harshdev/Learning-ROS/alffybot/install/alffy_talks_package:/home/harshdev/Learning-ROS/alffybot/install/alffy_talks:/opt/ros/jazzy DEBUGINFOD_URLS=https://debuginfod.ubuntu.com /usr/bin/cmake --install /home/harshdev/Learning-ROS/alffybot/build/alffy_description
[0.468s] Level 1:colcon.colcon_core.shell:create_environment_hook('alffy_description', 'cmake_prefix_path')
[0.468s] INFO:colcon.colcon_core.shell:Creating environment hook '/home/harshdev/Learning-ROS/alffybot/install/alffy_description/share/alffy_description/hook/cmake_prefix_path.ps1'
[0.468s] INFO:colcon.colcon_core.shell:Creating environment descriptor '/home/harshdev/Learning-ROS/alffybot/install/alffy_description/share/alffy_description/hook/cmake_prefix_path.dsv'
[0.468s] INFO:colcon.colcon_core.shell:Creating environment hook '/home/harshdev/Learning-ROS/alffybot/install/alffy_description/share/alffy_description/hook/cmake_prefix_path.sh'
[0.469s] Level 1:colcon.colcon_core.environment:checking '/home/harshdev/Learning-ROS/alffybot/install/alffy_description/bin'
[0.469s] Level 1:colcon.colcon_core.environment:checking '/home/harshdev/Learning-ROS/alffybot/install/alffy_description/lib/pkgconfig/alffy_description.pc'
[0.469s] Level 1:colcon.colcon_core.environment:checking '/home/harshdev/Learning-ROS/alffybot/install/alffy_description/lib/python3.12/site-packages'
[0.469s] Level 1:colcon.colcon_core.environment:checking '/home/harshdev/Learning-ROS/alffybot/install/alffy_description/bin'
[0.470s] INFO:colcon.colcon_core.shell:Creating package script '/home/harshdev/Learning-ROS/alffybot/install/alffy_description/share/alffy_description/package.ps1'
[0.470s] INFO:colcon.colcon_core.shell:Creating package descriptor '/home/harshdev/Learning-ROS/alffybot/install/alffy_description/share/alffy_description/package.dsv'
[0.470s] INFO:colcon.colcon_core.shell:Creating package script '/home/harshdev/Learning-ROS/alffybot/install/alffy_description/share/alffy_description/package.sh'
[0.470s] INFO:colcon.colcon_core.shell:Creating package script '/home/harshdev/Learning-ROS/alffybot/install/alffy_description/share/alffy_description/package.bash'
[0.471s] INFO:colcon.colcon_core.shell:Creating package script '/home/harshdev/Learning-ROS/alffybot/install/alffy_description/share/alffy_description/package.zsh'
[0.471s] Level 1:colcon.colcon_core.environment:create_file_with_runtime_dependencies(/home/harshdev/Learning-ROS/alffybot/install/alffy_description/share/colcon-core/packages/alffy_description)
[0.471s] Level 1:colcon.colcon_core.environment:create_environment_scripts_only(alffy_description)
[0.471s] Level 1:colcon.colcon_core.environment:checking '/home/harshdev/Learning-ROS/alffybot/install/alffy_description' for CMake module files
[0.472s] Level 1:colcon.colcon_core.environment:checking '/home/harshdev/Learning-ROS/alffybot/install/alffy_description' for CMake config files
[0.472s] Level 1:colcon.colcon_core.shell:create_environment_hook('alffy_description', 'cmake_prefix_path')
[0.472s] INFO:colcon.colcon_core.shell:Creating environment hook '/home/harshdev/Learning-ROS/alffybot/install/alffy_description/share/alffy_description/hook/cmake_prefix_path.ps1'
[0.472s] INFO:colcon.colcon_core.shell:Creating environment descriptor '/home/harshdev/Learning-ROS/alffybot/install/alffy_description/share/alffy_description/hook/cmake_prefix_path.dsv'
[0.473s] INFO:colcon.colcon_core.shell:Creating environment hook '/home/harshdev/Learning-ROS/alffybot/install/alffy_description/share/alffy_description/hook/cmake_prefix_path.sh'
[0.473s] Level 1:colcon.colcon_core.environment:checking '/home/harshdev/Learning-ROS/alffybot/install/alffy_description/bin'
[0.473s] Level 1:colcon.colcon_core.environment:checking '/home/harshdev/Learning-ROS/alffybot/install/alffy_description/lib/pkgconfig/alffy_description.pc'
[0.473s] Level 1:colcon.colcon_core.environment:checking '/home/harshdev/Learning-ROS/alffybot/install/alffy_description/lib/python3.12/site-packages'
[0.473s] Level 1:colcon.colcon_core.environment:checking '/home/harshdev/Learning-ROS/alffybot/install/alffy_description/bin'
[0.474s] INFO:colcon.colcon_core.shell:Creating package script '/home/harshdev/Learning-ROS/alffybot/install/alffy_description/share/alffy_description/package.ps1'
[0.474s] INFO:colcon.colcon_core.shell:Creating package descriptor '/home/harshdev/Learning-ROS/alffybot/install/alffy_description/share/alffy_description/package.dsv'
[0.474s] INFO:colcon.colcon_core.shell:Creating package script '/home/harshdev/Learning-ROS/alffybot/install/alffy_description/share/alffy_description/package.sh'
[0.475s] INFO:colcon.colcon_core.shell:Creating package script '/home/harshdev/Learning-ROS/alffybot/install/alffy_description/share/alffy_description/package.bash'
[0.475s] INFO:colcon.colcon_core.shell:Creating package script '/home/harshdev/Learning-ROS/alffybot/install/alffy_description/share/alffy_description/package.zsh'
[0.475s] Level 1:colcon.colcon_core.environment:create_file_with_runtime_dependencies(/home/harshdev/Learning-ROS/alffybot/install/alffy_description/share/colcon-core/packages/alffy_description)
[0.840s] DEBUG:colcon.colcon_core.event_handler.log_command:Invoking command in '/home/harshdev/Learning-ROS/alffybot/src/alffy_talks': DEBUGINFOD_URLS=https://debuginfod.ubuntu.com PYTHONPATH=/home/harshdev/Learning-ROS/alffybot/build/alffy_talks/prefix_override:/usr/lib/python3/dist-packages/colcon_core/task/python/colcon_distutils_commands:/home/harshdev/Learning-ROS/alffybot/install/alffy_talks/lib/python3.12/site-packages:${PYTHONPATH} /usr/bin/python3 -W ignore:setup.py install is deprecated -W ignore:easy_install command is deprecated setup.py egg_info --egg-base ../../build/alffy_talks build --build-base /home/harshdev/Learning-ROS/alffybot/build/alffy_talks/build install --record /home/harshdev/Learning-ROS/alffybot/build/alffy_talks/install.log --single-version-externally-managed install_data
[1.257s] Level 1:colcon.colcon_core.environment:checking '/home/harshdev/Learning-ROS/alffybot/install/alffy_talks' for CMake module files
[1.258s] DEBUG:colcon.colcon_core.event_handler.log_command:Invoked command in '/home/harshdev/Learning-ROS/alffybot/src/alffy_talks' returned '0': DEBUGINFOD_URLS=https://debuginfod.ubuntu.com PYTHONPATH=/home/harshdev/Learning-ROS/alffybot/build/alffy_talks/prefix_override:/usr/lib/python3/dist-packages/colcon_core/task/python/colcon_distutils_commands:/home/harshdev/Learning-ROS/alffybot/install/alffy_talks/lib/python3.12/site-packages:${PYTHONPATH} /usr/bin/python3 -W ignore:setup.py install is deprecated -W ignore:easy_install command is deprecated setup.py egg_info --egg-base ../../build/alffy_talks build --build-base /home/harshdev/Learning-ROS/alffybot/build/alffy_talks/build install --record /home/harshdev/Learning-ROS/alffybot/build/alffy_talks/install.log --single-version-externally-managed install_data
[1.258s] Level 1:colcon.colcon_core.environment:checking '/home/harshdev/Learning-ROS/alffybot/install/alffy_talks' for CMake config files
[1.259s] Level 1:colcon.colcon_core.environment:checking '/home/harshdev/Learning-ROS/alffybot/install/alffy_talks/lib'
[1.259s] Level 1:colcon.colcon_core.environment:checking '/home/harshdev/Learning-ROS/alffybot/install/alffy_talks/bin'
[1.260s] Level 1:colcon.colcon_core.environment:checking '/home/harshdev/Learning-ROS/alffybot/install/alffy_talks/lib/pkgconfig/alffy_talks.pc'
[1.260s] Level 1:colcon.colcon_core.environment:checking '/home/harshdev/Learning-ROS/alffybot/install/alffy_talks/lib/python3.12/site-packages'
[1.260s] Level 1:colcon.colcon_core.shell:create_environment_hook('alffy_talks', 'pythonpath')
[1.260s] INFO:colcon.colcon_core.shell:Creating environment hook '/home/harshdev/Learning-ROS/alffybot/install/alffy_talks/share/alffy_talks/hook/pythonpath.ps1'
[1.261s] INFO:colcon.colcon_core.shell:Creating environment descriptor '/home/harshdev/Learning-ROS/alffybot/install/alffy_talks/share/alffy_talks/hook/pythonpath.dsv'
[1.261s] INFO:colcon.colcon_core.shell:Creating environment hook '/home/harshdev/Learning-ROS/alffybot/install/alffy_talks/share/alffy_talks/hook/pythonpath.sh'
[1.262s] Level 1:colcon.colcon_core.environment:checking '/home/harshdev/Learning-ROS/alffybot/install/alffy_talks/bin'
[1.262s] Level 1:colcon.colcon_core.environment:create_environment_scripts_only(alffy_talks)
[1.262s] INFO:colcon.colcon_core.shell:Creating package script '/home/harshdev/Learning-ROS/alffybot/install/alffy_talks/share/alffy_talks/package.ps1'
[1.263s] INFO:colcon.colcon_core.shell:Creating package descriptor '/home/harshdev/Learning-ROS/alffybot/install/alffy_talks/share/alffy_talks/package.dsv'
[1.264s] INFO:colcon.colcon_core.shell:Creating package script '/home/harshdev/Learning-ROS/alffybot/install/alffy_talks/share/alffy_talks/package.sh'
[1.264s] INFO:colcon.colcon_core.shell:Creating package script '/home/harshdev/Learning-ROS/alffybot/install/alffy_talks/share/alffy_talks/package.bash'
[1.265s] INFO:colcon.colcon_core.shell:Creating package script '/home/harshdev/Learning-ROS/alffybot/install/alffy_talks/share/alffy_talks/package.zsh'
[1.265s] Level 1:colcon.colcon_core.environment:create_file_with_runtime_dependencies(/home/harshdev/Learning-ROS/alffybot/install/alffy_talks/share/colcon-core/packages/alffy_talks)
[1.265s] DEBUG:colcon.colcon_parallel_executor.executor.parallel:closing loop
[1.266s] DEBUG:colcon.colcon_parallel_executor.executor.parallel:loop closed
[1.266s] DEBUG:colcon.colcon_parallel_executor.executor.parallel:run_until_complete finished with '0'
[1.266s] DEBUG:colcon.colcon_core.event_reactor:joining thread
[1.275s] INFO:colcon.colcon_core.plugin_system:Skipping extension 'colcon_notification.desktop_notification.terminal_notifier': Not used on non-Darwin systems
[1.275s] INFO:colcon.colcon_core.plugin_system:Skipping extension 'colcon_notification.desktop_notification.win32': Not used on non-Windows systems
[1.275s] INFO:colcon.colcon_notification.desktop_notification:Sending desktop notification using 'notify2'
[1.296s] DEBUG:colcon.colcon_core.event_reactor:joined thread
[1.296s] INFO:colcon.colcon_core.shell:Creating prefix script '/home/harshdev/Learning-ROS/alffybot/install/local_setup.ps1'
[1.298s] INFO:colcon.colcon_core.shell:Creating prefix util module '/home/harshdev/Learning-ROS/alffybot/install/_local_setup_util_ps1.py'
[1.300s] INFO:colcon.colcon_core.shell:Creating prefix chain script '/home/harshdev/Learning-ROS/alffybot/install/setup.ps1'
[1.302s] INFO:colcon.colcon_core.shell:Creating prefix script '/home/harshdev/Learning-ROS/alffybot/install/local_setup.sh'
[1.302s] INFO:colcon.colcon_core.shell:Creating prefix util module '/home/harshdev/Learning-ROS/alffybot/install/_local_setup_util_sh.py'
[1.303s] INFO:colcon.colcon_core.shell:Creating prefix chain script '/home/harshdev/Learning-ROS/alffybot/install/setup.sh'
[1.305s] INFO:colcon.colcon_core.shell:Creating prefix script '/home/harshdev/Learning-ROS/alffybot/install/local_setup.bash'
[1.306s] INFO:colcon.colcon_core.shell:Creating prefix chain script '/home/harshdev/Learning-ROS/alffybot/install/setup.bash'
[1.307s] INFO:colcon.colcon_core.shell:Creating prefix script '/home/harshdev/Learning-ROS/alffybot/install/local_setup.zsh'
[1.308s] INFO:colcon.colcon_core.shell:Creating prefix chain script '/home/harshdev/Learning-ROS/alffybot/install/setup.zsh'
