[0.548s] DEBUG:colcon:Command line arguments: ['/usr/bin/colcon', 'build']
[0.549s] DEBUG:colcon:Parsed command line arguments: Namespace(log_base=None, log_level=None, verb_name='build', build_base='build', install_base='install', merge_install=False, symlink_install=False, test_result_base=None, continue_on_error=False, executor='parallel', parallel_workers=12, event_handlers=None, ignore_user_meta=False, metas=['./colcon.meta'], base_paths=['.'], packages_ignore=None, packages_ignore_regex=None, paths=None, packages_up_to=None, packages_up_to_regex=None, packages_above=None, packages_above_and_dependencies=None, packages_above_depth=None, packages_select_by_dep=None, packages_skip_by_dep=None, packages_skip_up_to=None, packages_select_build_failed=False, packages_skip_build_finished=False, packages_select_test_failures=False, packages_skip_test_passed=False, packages_select=None, packages_skip=None, packages_select_regex=None, packages_skip_regex=None, packages_start=None, packages_end=None, allow_overriding=[], cmake_args=None, cmake_target=None, cmake_target_skip_unavailable=False, cmake_clean_cache=False, cmake_clean_first=False, cmake_force_configure=False, ament_cmake_args=None, catkin_cmake_args=None, catkin_skip_building_tests=False, mixin_files=None, mixin=None, verb_parser=<colcon_mixin.mixin.mixin_argument.MixinArgumentDecorator object at 0x7e71e3d88560>, verb_extension=<colcon_core.verb.build.BuildVerb object at 0x7e71e3ed0b00>, main=<bound method BuildVerb.main of <colcon_core.verb.build.BuildVerb object at 0x7e71e3ed0b00>>, mixin_verb=('build',))
[0.677s] Level 1:colcon.colcon_core.package_discovery:discover_packages(colcon_meta) check parameters
[0.677s] Level 1:colcon.colcon_core.package_discovery:discover_packages(recursive) check parameters
[0.677s] Level 1:colcon.colcon_core.package_discovery:discover_packages(ignore) check parameters
[0.677s] Level 1:colcon.colcon_core.package_discovery:discover_packages(path) check parameters
[0.677s] Level 1:colcon.colcon_core.package_discovery:discover_packages(colcon_meta) discover
[0.677s] Level 1:colcon.colcon_core.package_discovery:discover_packages(recursive) discover
[0.678s] INFO:colcon.colcon_core.package_discovery:Crawling recursively for packages in '/home/harshdev/Learning-ROS/basicbotws'
[0.678s] Level 1:colcon.colcon_core.package_identification:_identify(.) by extensions ['ignore', 'ignore_ament_install']
[0.678s] Level 1:colcon.colcon_core.package_identification:_identify(.) by extension 'ignore'
[0.678s] Level 1:colcon.colcon_core.package_identification:_identify(.) by extension 'ignore_ament_install'
[0.678s] Level 1:colcon.colcon_core.package_identification:_identify(.) by extensions ['colcon_pkg']
[0.678s] Level 1:colcon.colcon_core.package_identification:_identify(.) by extension 'colcon_pkg'
[0.678s] Level 1:colcon.colcon_core.package_identification:_identify(.) by extensions ['colcon_meta']
[0.678s] Level 1:colcon.colcon_core.package_identification:_identify(.) by extension 'colcon_meta'
[0.678s] Level 1:colcon.colcon_core.package_identification:_identify(.) by extensions ['ros']
[0.678s] Level 1:colcon.colcon_core.package_identification:_identify(.) by extension 'ros'
[0.731s] Level 1:colcon.colcon_core.package_identification:_identify(.) by extensions ['cmake', 'python']
[0.731s] Level 1:colcon.colcon_core.package_identification:_identify(.) by extension 'cmake'
[0.731s] Level 1:colcon.colcon_core.package_identification:_identify(.) by extension 'python'
[0.731s] Level 1:colcon.colcon_core.package_identification:_identify(.) by extensions ['python_setup_py']
[0.731s] Level 1:colcon.colcon_core.package_identification:_identify(.) by extension 'python_setup_py'
[0.731s] Level 1:colcon.colcon_core.package_identification:_identify(build) by extensions ['ignore', 'ignore_ament_install']
[0.731s] Level 1:colcon.colcon_core.package_identification:_identify(build) by extension 'ignore'
[0.731s] Level 1:colcon.colcon_core.package_identification:_identify(build) ignored
[0.731s] Level 1:colcon.colcon_core.package_identification:_identify(install) by extensions ['ignore', 'ignore_ament_install']
[0.732s] Level 1:colcon.colcon_core.package_identification:_identify(install) by extension 'ignore'
[0.732s] Level 1:colcon.colcon_core.package_identification:_identify(install) ignored
[0.732s] Level 1:colcon.colcon_core.package_identification:_identify(log) by extensions ['ignore', 'ignore_ament_install']
[0.732s] Level 1:colcon.colcon_core.package_identification:_identify(log) by extension 'ignore'
[0.733s] Level 1:colcon.colcon_core.package_identification:_identify(log) ignored
[0.733s] Level 1:colcon.colcon_core.package_identification:_identify(src) by extensions ['ignore', 'ignore_ament_install']
[0.733s] Level 1:colcon.colcon_core.package_identification:_identify(src) by extension 'ignore'
[0.733s] Level 1:colcon.colcon_core.package_identification:_identify(src) by extension 'ignore_ament_install'
[0.733s] Level 1:colcon.colcon_core.package_identification:_identify(src) by extensions ['colcon_pkg']
[0.733s] Level 1:colcon.colcon_core.package_identification:_identify(src) by extension 'colcon_pkg'
[0.733s] Level 1:colcon.colcon_core.package_identification:_identify(src) by extensions ['colcon_meta']
[0.733s] Level 1:colcon.colcon_core.package_identification:_identify(src) by extension 'colcon_meta'
[0.733s] Level 1:colcon.colcon_core.package_identification:_identify(src) by extensions ['ros']
[0.733s] Level 1:colcon.colcon_core.package_identification:_identify(src) by extension 'ros'
[0.734s] Level 1:colcon.colcon_core.package_identification:_identify(src) by extensions ['cmake', 'python']
[0.734s] Level 1:colcon.colcon_core.package_identification:_identify(src) by extension 'cmake'
[0.734s] Level 1:colcon.colcon_core.package_identification:_identify(src) by extension 'python'
[0.734s] Level 1:colcon.colcon_core.package_identification:_identify(src) by extensions ['python_setup_py']
[0.734s] Level 1:colcon.colcon_core.package_identification:_identify(src) by extension 'python_setup_py'
[0.734s] Level 1:colcon.colcon_core.package_identification:_identify(src/basicbot) by extensions ['ignore', 'ignore_ament_install']
[0.734s] Level 1:colcon.colcon_core.package_identification:_identify(src/basicbot) by extension 'ignore'
[0.735s] Level 1:colcon.colcon_core.package_identification:_identify(src/basicbot) by extension 'ignore_ament_install'
[0.735s] Level 1:colcon.colcon_core.package_identification:_identify(src/basicbot) by extensions ['colcon_pkg']
[0.735s] Level 1:colcon.colcon_core.package_identification:_identify(src/basicbot) by extension 'colcon_pkg'
[0.735s] Level 1:colcon.colcon_core.package_identification:_identify(src/basicbot) by extensions ['colcon_meta']
[0.735s] Level 1:colcon.colcon_core.package_identification:_identify(src/basicbot) by extension 'colcon_meta'
[0.735s] Level 1:colcon.colcon_core.package_identification:_identify(src/basicbot) by extensions ['ros']
[0.735s] Level 1:colcon.colcon_core.package_identification:_identify(src/basicbot) by extension 'ros'
[0.740s] DEBUG:colcon.colcon_core.package_identification:Package 'src/basicbot' with type 'ros.ament_cmake' and name 'basicbot'
[0.741s] Level 1:colcon.colcon_core.package_identification:_identify(src/joy_to_cmd_vel) by extensions ['ignore', 'ignore_ament_install']
[0.741s] Level 1:colcon.colcon_core.package_identification:_identify(src/joy_to_cmd_vel) by extension 'ignore'
[0.741s] Level 1:colcon.colcon_core.package_identification:_identify(src/joy_to_cmd_vel) by extension 'ignore_ament_install'
[0.741s] Level 1:colcon.colcon_core.package_identification:_identify(src/joy_to_cmd_vel) by extensions ['colcon_pkg']
[0.741s] Level 1:colcon.colcon_core.package_identification:_identify(src/joy_to_cmd_vel) by extension 'colcon_pkg'
[0.741s] Level 1:colcon.colcon_core.package_identification:_identify(src/joy_to_cmd_vel) by extensions ['colcon_meta']
[0.741s] Level 1:colcon.colcon_core.package_identification:_identify(src/joy_to_cmd_vel) by extension 'colcon_meta'
[0.741s] Level 1:colcon.colcon_core.package_identification:_identify(src/joy_to_cmd_vel) by extensions ['ros']
[0.741s] Level 1:colcon.colcon_core.package_identification:_identify(src/joy_to_cmd_vel) by extension 'ros'
[0.742s] DEBUG:colcon.colcon_core.package_identification:Package 'src/joy_to_cmd_vel' with type 'ros.ament_python' and name 'joy_to_cmd_vel'
[0.743s] Level 1:colcon.colcon_core.package_identification:_identify(src/joy_to_cmdvel) by extensions ['ignore', 'ignore_ament_install']
[0.743s] Level 1:colcon.colcon_core.package_identification:_identify(src/joy_to_cmdvel) by extension 'ignore'
[0.743s] Level 1:colcon.colcon_core.package_identification:_identify(src/joy_to_cmdvel) by extension 'ignore_ament_install'
[0.743s] Level 1:colcon.colcon_core.package_identification:_identify(src/joy_to_cmdvel) by extensions ['colcon_pkg']
[0.743s] Level 1:colcon.colcon_core.package_identification:_identify(src/joy_to_cmdvel) by extension 'colcon_pkg'
[0.743s] Level 1:colcon.colcon_core.package_identification:_identify(src/joy_to_cmdvel) by extensions ['colcon_meta']
[0.743s] Level 1:colcon.colcon_core.package_identification:_identify(src/joy_to_cmdvel) by extension 'colcon_meta'
[0.743s] Level 1:colcon.colcon_core.package_identification:_identify(src/joy_to_cmdvel) by extensions ['ros']
[0.743s] Level 1:colcon.colcon_core.package_identification:_identify(src/joy_to_cmdvel) by extension 'ros'
[0.744s] DEBUG:colcon.colcon_core.package_identification:Package 'src/joy_to_cmdvel' with type 'ros.ament_cmake' and name 'joy_to_cmdvel'
[0.745s] Level 1:colcon.colcon_core.package_identification:_identify(src/point_to_point_nav) by extensions ['ignore', 'ignore_ament_install']
[0.745s] Level 1:colcon.colcon_core.package_identification:_identify(src/point_to_point_nav) by extension 'ignore'
[0.745s] Level 1:colcon.colcon_core.package_identification:_identify(src/point_to_point_nav) by extension 'ignore_ament_install'
[0.745s] Level 1:colcon.colcon_core.package_identification:_identify(src/point_to_point_nav) by extensions ['colcon_pkg']
[0.745s] Level 1:colcon.colcon_core.package_identification:_identify(src/point_to_point_nav) by extension 'colcon_pkg'
[0.745s] Level 1:colcon.colcon_core.package_identification:_identify(src/point_to_point_nav) by extensions ['colcon_meta']
[0.745s] Level 1:colcon.colcon_core.package_identification:_identify(src/point_to_point_nav) by extension 'colcon_meta'
[0.745s] Level 1:colcon.colcon_core.package_identification:_identify(src/point_to_point_nav) by extensions ['ros']
[0.745s] Level 1:colcon.colcon_core.package_identification:_identify(src/point_to_point_nav) by extension 'ros'
[0.747s] DEBUG:colcon.colcon_core.package_identification:Package 'src/point_to_point_nav' with type 'ros.ament_python' and name 'point_to_point_nav'
[0.747s] Level 1:colcon.colcon_core.package_discovery:discover_packages(recursive) using defaults
[0.747s] Level 1:colcon.colcon_core.package_discovery:discover_packages(ignore) discover
[0.747s] Level 1:colcon.colcon_core.package_discovery:discover_packages(ignore) using defaults
[0.747s] Level 1:colcon.colcon_core.package_discovery:discover_packages(path) discover
[0.747s] Level 1:colcon.colcon_core.package_discovery:discover_packages(path) using defaults
[0.786s] Level 1:colcon.colcon_core.package_discovery:discover_packages(prefix_path) check parameters
[0.787s] Level 1:colcon.colcon_core.package_discovery:discover_packages(prefix_path) discover
[0.796s] DEBUG:colcon.colcon_installed_package_information.package_discovery:Found 450 installed packages in /opt/ros/jazzy
[0.798s] Level 1:colcon.colcon_core.package_discovery:discover_packages(prefix_path) using defaults
[0.855s] Level 5:colcon.colcon_core.verb:set package 'basicbot' build argument 'cmake_args' from command line to 'None'
[0.856s] Level 5:colcon.colcon_core.verb:set package 'basicbot' build argument 'cmake_target' from command line to 'None'
[0.856s] Level 5:colcon.colcon_core.verb:set package 'basicbot' build argument 'cmake_target_skip_unavailable' from command line to 'False'
[0.856s] Level 5:colcon.colcon_core.verb:set package 'basicbot' build argument 'cmake_clean_cache' from command line to 'False'
[0.856s] Level 5:colcon.colcon_core.verb:set package 'basicbot' build argument 'cmake_clean_first' from command line to 'False'
[0.856s] Level 5:colcon.colcon_core.verb:set package 'basicbot' build argument 'cmake_force_configure' from command line to 'False'
[0.856s] Level 5:colcon.colcon_core.verb:set package 'basicbot' build argument 'ament_cmake_args' from command line to 'None'
[0.856s] Level 5:colcon.colcon_core.verb:set package 'basicbot' build argument 'catkin_cmake_args' from command line to 'None'
[0.856s] Level 5:colcon.colcon_core.verb:set package 'basicbot' build argument 'catkin_skip_building_tests' from command line to 'False'
[0.856s] DEBUG:colcon.colcon_core.verb:Building package 'basicbot' with the following arguments: {'ament_cmake_args': None, 'build_base': '/home/harshdev/Learning-ROS/basicbotws/build/basicbot', 'catkin_cmake_args': None, 'catkin_skip_building_tests': False, 'cmake_args': None, 'cmake_clean_cache': False, 'cmake_clean_first': False, 'cmake_force_configure': False, 'cmake_target': None, 'cmake_target_skip_unavailable': False, 'install_base': '/home/harshdev/Learning-ROS/basicbotws/install/basicbot', 'merge_install': False, 'path': '/home/harshdev/Learning-ROS/basicbotws/src/basicbot', 'symlink_install': False, 'test_result_base': None}
[0.856s] Level 5:colcon.colcon_core.verb:set package 'joy_to_cmd_vel' build argument 'cmake_args' from command line to 'None'
[0.856s] Level 5:colcon.colcon_core.verb:set package 'joy_to_cmd_vel' build argument 'cmake_target' from command line to 'None'
[0.856s] Level 5:colcon.colcon_core.verb:set package 'joy_to_cmd_vel' build argument 'cmake_target_skip_unavailable' from command line to 'False'
[0.856s] Level 5:colcon.colcon_core.verb:set package 'joy_to_cmd_vel' build argument 'cmake_clean_cache' from command line to 'False'
[0.856s] Level 5:colcon.colcon_core.verb:set package 'joy_to_cmd_vel' build argument 'cmake_clean_first' from command line to 'False'
[0.856s] Level 5:colcon.colcon_core.verb:set package 'joy_to_cmd_vel' build argument 'cmake_force_configure' from command line to 'False'
[0.856s] Level 5:colcon.colcon_core.verb:set package 'joy_to_cmd_vel' build argument 'ament_cmake_args' from command line to 'None'
[0.856s] Level 5:colcon.colcon_core.verb:set package 'joy_to_cmd_vel' build argument 'catkin_cmake_args' from command line to 'None'
[0.856s] Level 5:colcon.colcon_core.verb:set package 'joy_to_cmd_vel' build argument 'catkin_skip_building_tests' from command line to 'False'
[0.856s] DEBUG:colcon.colcon_core.verb:Building package 'joy_to_cmd_vel' with the following arguments: {'ament_cmake_args': None, 'build_base': '/home/harshdev/Learning-ROS/basicbotws/build/joy_to_cmd_vel', 'catkin_cmake_args': None, 'catkin_skip_building_tests': False, 'cmake_args': None, 'cmake_clean_cache': False, 'cmake_clean_first': False, 'cmake_force_configure': False, 'cmake_target': None, 'cmake_target_skip_unavailable': False, 'install_base': '/home/harshdev/Learning-ROS/basicbotws/install/joy_to_cmd_vel', 'merge_install': False, 'path': '/home/harshdev/Learning-ROS/basicbotws/src/joy_to_cmd_vel', 'symlink_install': False, 'test_result_base': None}
[0.856s] Level 5:colcon.colcon_core.verb:set package 'joy_to_cmdvel' build argument 'cmake_args' from command line to 'None'
[0.856s] Level 5:colcon.colcon_core.verb:set package 'joy_to_cmdvel' build argument 'cmake_target' from command line to 'None'
[0.856s] Level 5:colcon.colcon_core.verb:set package 'joy_to_cmdvel' build argument 'cmake_target_skip_unavailable' from command line to 'False'
[0.856s] Level 5:colcon.colcon_core.verb:set package 'joy_to_cmdvel' build argument 'cmake_clean_cache' from command line to 'False'
[0.856s] Level 5:colcon.colcon_core.verb:set package 'joy_to_cmdvel' build argument 'cmake_clean_first' from command line to 'False'
[0.856s] Level 5:colcon.colcon_core.verb:set package 'joy_to_cmdvel' build argument 'cmake_force_configure' from command line to 'False'
[0.856s] Level 5:colcon.colcon_core.verb:set package 'joy_to_cmdvel' build argument 'ament_cmake_args' from command line to 'None'
[0.856s] Level 5:colcon.colcon_core.verb:set package 'joy_to_cmdvel' build argument 'catkin_cmake_args' from command line to 'None'
[0.856s] Level 5:colcon.colcon_core.verb:set package 'joy_to_cmdvel' build argument 'catkin_skip_building_tests' from command line to 'False'
[0.856s] DEBUG:colcon.colcon_core.verb:Building package 'joy_to_cmdvel' with the following arguments: {'ament_cmake_args': None, 'build_base': '/home/harshdev/Learning-ROS/basicbotws/build/joy_to_cmdvel', 'catkin_cmake_args': None, 'catkin_skip_building_tests': False, 'cmake_args': None, 'cmake_clean_cache': False, 'cmake_clean_first': False, 'cmake_force_configure': False, 'cmake_target': None, 'cmake_target_skip_unavailable': False, 'install_base': '/home/harshdev/Learning-ROS/basicbotws/install/joy_to_cmdvel', 'merge_install': False, 'path': '/home/harshdev/Learning-ROS/basicbotws/src/joy_to_cmdvel', 'symlink_install': False, 'test_result_base': None}
[0.856s] Level 5:colcon.colcon_core.verb:set package 'point_to_point_nav' build argument 'cmake_args' from command line to 'None'
[0.857s] Level 5:colcon.colcon_core.verb:set package 'point_to_point_nav' build argument 'cmake_target' from command line to 'None'
[0.857s] Level 5:colcon.colcon_core.verb:set package 'point_to_point_nav' build argument 'cmake_target_skip_unavailable' from command line to 'False'
[0.857s] Level 5:colcon.colcon_core.verb:set package 'point_to_point_nav' build argument 'cmake_clean_cache' from command line to 'False'
[0.857s] Level 5:colcon.colcon_core.verb:set package 'point_to_point_nav' build argument 'cmake_clean_first' from command line to 'False'
[0.857s] Level 5:colcon.colcon_core.verb:set package 'point_to_point_nav' build argument 'cmake_force_configure' from command line to 'False'
[0.857s] Level 5:colcon.colcon_core.verb:set package 'point_to_point_nav' build argument 'ament_cmake_args' from command line to 'None'
[0.857s] Level 5:colcon.colcon_core.verb:set package 'point_to_point_nav' build argument 'catkin_cmake_args' from command line to 'None'
[0.857s] Level 5:colcon.colcon_core.verb:set package 'point_to_point_nav' build argument 'catkin_skip_building_tests' from command line to 'False'
[0.857s] DEBUG:colcon.colcon_core.verb:Building package 'point_to_point_nav' with the following arguments: {'ament_cmake_args': None, 'build_base': '/home/harshdev/Learning-ROS/basicbotws/build/point_to_point_nav', 'catkin_cmake_args': None, 'catkin_skip_building_tests': False, 'cmake_args': None, 'cmake_clean_cache': False, 'cmake_clean_first': False, 'cmake_force_configure': False, 'cmake_target': None, 'cmake_target_skip_unavailable': False, 'install_base': '/home/harshdev/Learning-ROS/basicbotws/install/point_to_point_nav', 'merge_install': False, 'path': '/home/harshdev/Learning-ROS/basicbotws/src/point_to_point_nav', 'symlink_install': False, 'test_result_base': None}
[0.857s] INFO:colcon.colcon_core.executor:Executing jobs using 'parallel' executor
[0.858s] DEBUG:colcon.colcon_parallel_executor.executor.parallel:run_until_complete
[0.858s] INFO:colcon.colcon_ros.task.ament_cmake.build:Building ROS package in '/home/harshdev/Learning-ROS/basicbotws/src/basicbot' with build type 'ament_cmake'
[0.858s] INFO:colcon.colcon_cmake.task.cmake.build:Building CMake package in '/home/harshdev/Learning-ROS/basicbotws/src/basicbot'
[0.867s] INFO:colcon.colcon_core.plugin_system:Skipping extension 'colcon_core.shell.bat': Not used on non-Windows systems
[0.867s] INFO:colcon.colcon_core.shell:Skip shell extension 'powershell' for command environment: Not usable outside of PowerShell
[0.867s] DEBUG:colcon.colcon_core.shell:Skip shell extension 'dsv' for command environment
[0.875s] INFO:colcon.colcon_ros.task.ament_python.build:Building ROS package in '/home/harshdev/Learning-ROS/basicbotws/src/joy_to_cmd_vel' with build type 'ament_python'
[0.875s] Level 1:colcon.colcon_core.shell:create_environment_hook('joy_to_cmd_vel', 'ament_prefix_path')
[0.876s] INFO:colcon.colcon_core.shell:Creating environment hook '/home/harshdev/Learning-ROS/basicbotws/install/joy_to_cmd_vel/share/joy_to_cmd_vel/hook/ament_prefix_path.ps1'
[0.878s] INFO:colcon.colcon_core.shell:Creating environment descriptor '/home/harshdev/Learning-ROS/basicbotws/install/joy_to_cmd_vel/share/joy_to_cmd_vel/hook/ament_prefix_path.dsv'
[0.879s] INFO:colcon.colcon_core.shell:Creating environment hook '/home/harshdev/Learning-ROS/basicbotws/install/joy_to_cmd_vel/share/joy_to_cmd_vel/hook/ament_prefix_path.sh'
[0.880s] INFO:colcon.colcon_core.shell:Skip shell extension 'powershell' for command environment: Not usable outside of PowerShell
[0.880s] DEBUG:colcon.colcon_core.shell:Skip shell extension 'dsv' for command environment
[0.886s] INFO:colcon.colcon_ros.task.ament_cmake.build:Building ROS package in '/home/harshdev/Learning-ROS/basicbotws/src/joy_to_cmdvel' with build type 'ament_cmake'
[0.886s] INFO:colcon.colcon_cmake.task.cmake.build:Building CMake package in '/home/harshdev/Learning-ROS/basicbotws/src/joy_to_cmdvel'
[0.886s] INFO:colcon.colcon_core.shell:Skip shell extension 'powershell' for command environment: Not usable outside of PowerShell
[0.886s] DEBUG:colcon.colcon_core.shell:Skip shell extension 'dsv' for command environment
[0.891s] INFO:colcon.colcon_ros.task.ament_python.build:Building ROS package in '/home/harshdev/Learning-ROS/basicbotws/src/point_to_point_nav' with build type 'ament_python'
[0.892s] Level 1:colcon.colcon_core.shell:create_environment_hook('point_to_point_nav', 'ament_prefix_path')
[0.892s] INFO:colcon.colcon_core.shell:Creating environment hook '/home/harshdev/Learning-ROS/basicbotws/install/point_to_point_nav/share/point_to_point_nav/hook/ament_prefix_path.ps1'
[0.893s] INFO:colcon.colcon_core.shell:Creating environment descriptor '/home/harshdev/Learning-ROS/basicbotws/install/point_to_point_nav/share/point_to_point_nav/hook/ament_prefix_path.dsv'
[0.894s] INFO:colcon.colcon_core.shell:Creating environment hook '/home/harshdev/Learning-ROS/basicbotws/install/point_to_point_nav/share/point_to_point_nav/hook/ament_prefix_path.sh'
[0.895s] INFO:colcon.colcon_core.shell:Skip shell extension 'powershell' for command environment: Not usable outside of PowerShell
[0.895s] DEBUG:colcon.colcon_core.shell:Skip shell extension 'dsv' for command environment
[0.911s] DEBUG:colcon.colcon_core.event_handler.log_command:Invoking command in '/home/harshdev/Learning-ROS/basicbotws/build/basicbot': CMAKE_PREFIX_PATH=${CMAKE_PREFIX_PATH}:/opt/ros/jazzy DEBUGINFOD_URLS=https://debuginfod.ubuntu.com /usr/bin/cmake --build /home/harshdev/Learning-ROS/basicbotws/build/basicbot -- -j12 -l12
[1.115s] INFO:colcon.colcon_core.task.python.build:Building Python package in '/home/harshdev/Learning-ROS/basicbotws/src/joy_to_cmd_vel'
[1.115s] INFO:colcon.colcon_core.shell:Skip shell extension 'powershell' for command environment: Not usable outside of PowerShell
[1.115s] DEBUG:colcon.colcon_core.shell:Skip shell extension 'dsv' for command environment
[1.121s] DEBUG:colcon.colcon_core.event_handler.log_command:Invoking command in '/home/harshdev/Learning-ROS/basicbotws/build/joy_to_cmdvel': CMAKE_PREFIX_PATH=${CMAKE_PREFIX_PATH}:/opt/ros/jazzy DEBUGINFOD_URLS=https://debuginfod.ubuntu.com /usr/bin/cmake --build /home/harshdev/Learning-ROS/basicbotws/build/joy_to_cmdvel -- -j12 -l12
[1.122s] DEBUG:colcon.colcon_core.event_handler.log_command:Invoked command in '/home/harshdev/Learning-ROS/basicbotws/build/basicbot' returned '0': CMAKE_PREFIX_PATH=${CMAKE_PREFIX_PATH}:/opt/ros/jazzy DEBUGINFOD_URLS=https://debuginfod.ubuntu.com /usr/bin/cmake --build /home/harshdev/Learning-ROS/basicbotws/build/basicbot -- -j12 -l12
[1.139s] DEBUG:colcon.colcon_core.event_handler.log_command:Invoking command in '/home/harshdev/Learning-ROS/basicbotws/build/basicbot': CMAKE_PREFIX_PATH=${CMAKE_PREFIX_PATH}:/opt/ros/jazzy DEBUGINFOD_URLS=https://debuginfod.ubuntu.com /usr/bin/cmake --install /home/harshdev/Learning-ROS/basicbotws/build/basicbot
[1.322s] INFO:colcon.colcon_core.task.python.build:Building Python package in '/home/harshdev/Learning-ROS/basicbotws/src/point_to_point_nav'
[1.322s] INFO:colcon.colcon_core.shell:Skip shell extension 'powershell' for command environment: Not usable outside of PowerShell
[1.322s] DEBUG:colcon.colcon_core.shell:Skip shell extension 'dsv' for command environment
[1.329s] DEBUG:colcon.colcon_core.event_handler.log_command:Invoked command in '/home/harshdev/Learning-ROS/basicbotws/build/joy_to_cmdvel' returned '0': CMAKE_PREFIX_PATH=${CMAKE_PREFIX_PATH}:/opt/ros/jazzy DEBUGINFOD_URLS=https://debuginfod.ubuntu.com /usr/bin/cmake --build /home/harshdev/Learning-ROS/basicbotws/build/joy_to_cmdvel -- -j12 -l12
[1.331s] DEBUG:colcon.colcon_core.event_handler.log_command:Invoking command in '/home/harshdev/Learning-ROS/basicbotws/build/joy_to_cmdvel': CMAKE_PREFIX_PATH=${CMAKE_PREFIX_PATH}:/opt/ros/jazzy DEBUGINFOD_URLS=https://debuginfod.ubuntu.com /usr/bin/cmake --install /home/harshdev/Learning-ROS/basicbotws/build/joy_to_cmdvel
[1.332s] Level 1:colcon.colcon_core.environment:create_environment_scripts_only(basicbot)
[1.332s] DEBUG:colcon.colcon_core.event_handler.log_command:Invoked command in '/home/harshdev/Learning-ROS/basicbotws/build/basicbot' returned '0': CMAKE_PREFIX_PATH=${CMAKE_PREFIX_PATH}:/opt/ros/jazzy DEBUGINFOD_URLS=https://debuginfod.ubuntu.com /usr/bin/cmake --install /home/harshdev/Learning-ROS/basicbotws/build/basicbot
[1.342s] Level 1:colcon.colcon_core.environment:checking '/home/harshdev/Learning-ROS/basicbotws/install/basicbot' for CMake module files
[1.343s] Level 1:colcon.colcon_core.environment:checking '/home/harshdev/Learning-ROS/basicbotws/install/basicbot' for CMake config files
[1.343s] Level 1:colcon.colcon_core.shell:create_environment_hook('basicbot', 'cmake_prefix_path')
[1.344s] INFO:colcon.colcon_core.shell:Creating environment hook '/home/harshdev/Learning-ROS/basicbotws/install/basicbot/share/basicbot/hook/cmake_prefix_path.ps1'
[1.344s] INFO:colcon.colcon_core.shell:Creating environment descriptor '/home/harshdev/Learning-ROS/basicbotws/install/basicbot/share/basicbot/hook/cmake_prefix_path.dsv'
[1.345s] INFO:colcon.colcon_core.shell:Creating environment hook '/home/harshdev/Learning-ROS/basicbotws/install/basicbot/share/basicbot/hook/cmake_prefix_path.sh'
[1.345s] Level 1:colcon.colcon_core.environment:checking '/home/harshdev/Learning-ROS/basicbotws/install/basicbot/bin'
[1.346s] Level 1:colcon.colcon_core.environment:checking '/home/harshdev/Learning-ROS/basicbotws/install/basicbot/lib/pkgconfig/basicbot.pc'
[1.346s] Level 1:colcon.colcon_core.environment:checking '/home/harshdev/Learning-ROS/basicbotws/install/basicbot/lib/python3.12/site-packages'
[1.346s] Level 1:colcon.colcon_core.environment:checking '/home/harshdev/Learning-ROS/basicbotws/install/basicbot/bin'
[1.346s] INFO:colcon.colcon_core.shell:Creating package script '/home/harshdev/Learning-ROS/basicbotws/install/basicbot/share/basicbot/package.ps1'
[1.347s] INFO:colcon.colcon_core.shell:Creating package descriptor '/home/harshdev/Learning-ROS/basicbotws/install/basicbot/share/basicbot/package.dsv'
[1.348s] INFO:colcon.colcon_core.shell:Creating package script '/home/harshdev/Learning-ROS/basicbotws/install/basicbot/share/basicbot/package.sh'
[1.349s] INFO:colcon.colcon_core.shell:Creating package script '/home/harshdev/Learning-ROS/basicbotws/install/basicbot/share/basicbot/package.bash'
[1.350s] INFO:colcon.colcon_core.shell:Creating package script '/home/harshdev/Learning-ROS/basicbotws/install/basicbot/share/basicbot/package.zsh'
[1.351s] Level 1:colcon.colcon_core.environment:create_file_with_runtime_dependencies(/home/harshdev/Learning-ROS/basicbotws/install/basicbot/share/colcon-core/packages/basicbot)
[1.351s] Level 1:colcon.colcon_core.environment:create_environment_scripts_only(basicbot)
[1.352s] Level 1:colcon.colcon_core.environment:checking '/home/harshdev/Learning-ROS/basicbotws/install/basicbot' for CMake module files
[1.352s] Level 1:colcon.colcon_core.environment:checking '/home/harshdev/Learning-ROS/basicbotws/install/basicbot' for CMake config files
[1.352s] Level 1:colcon.colcon_core.shell:create_environment_hook('basicbot', 'cmake_prefix_path')
[1.352s] INFO:colcon.colcon_core.shell:Creating environment hook '/home/harshdev/Learning-ROS/basicbotws/install/basicbot/share/basicbot/hook/cmake_prefix_path.ps1'
[1.353s] INFO:colcon.colcon_core.shell:Creating environment descriptor '/home/harshdev/Learning-ROS/basicbotws/install/basicbot/share/basicbot/hook/cmake_prefix_path.dsv'
[1.353s] INFO:colcon.colcon_core.shell:Creating environment hook '/home/harshdev/Learning-ROS/basicbotws/install/basicbot/share/basicbot/hook/cmake_prefix_path.sh'
[1.354s] Level 1:colcon.colcon_core.environment:checking '/home/harshdev/Learning-ROS/basicbotws/install/basicbot/bin'
[1.354s] Level 1:colcon.colcon_core.environment:checking '/home/harshdev/Learning-ROS/basicbotws/install/basicbot/lib/pkgconfig/basicbot.pc'
[1.354s] Level 1:colcon.colcon_core.environment:checking '/home/harshdev/Learning-ROS/basicbotws/install/basicbot/lib/python3.12/site-packages'
[1.354s] Level 1:colcon.colcon_core.environment:checking '/home/harshdev/Learning-ROS/basicbotws/install/basicbot/bin'
[1.355s] INFO:colcon.colcon_core.shell:Creating package script '/home/harshdev/Learning-ROS/basicbotws/install/basicbot/share/basicbot/package.ps1'
[1.355s] INFO:colcon.colcon_core.shell:Creating package descriptor '/home/harshdev/Learning-ROS/basicbotws/install/basicbot/share/basicbot/package.dsv'
[1.356s] INFO:colcon.colcon_core.shell:Creating package script '/home/harshdev/Learning-ROS/basicbotws/install/basicbot/share/basicbot/package.sh'
[1.356s] INFO:colcon.colcon_core.shell:Creating package script '/home/harshdev/Learning-ROS/basicbotws/install/basicbot/share/basicbot/package.bash'
[1.357s] INFO:colcon.colcon_core.shell:Creating package script '/home/harshdev/Learning-ROS/basicbotws/install/basicbot/share/basicbot/package.zsh'
[1.357s] Level 1:colcon.colcon_core.environment:create_file_with_runtime_dependencies(/home/harshdev/Learning-ROS/basicbotws/install/basicbot/share/colcon-core/packages/basicbot)
[1.363s] Level 1:colcon.colcon_core.environment:create_environment_scripts_only(joy_to_cmdvel)
[1.363s] Level 1:colcon.colcon_core.environment:checking '/home/harshdev/Learning-ROS/basicbotws/install/joy_to_cmdvel' for CMake module files
[1.367s] DEBUG:colcon.colcon_core.event_handler.log_command:Invoked command in '/home/harshdev/Learning-ROS/basicbotws/build/joy_to_cmdvel' returned '0': CMAKE_PREFIX_PATH=${CMAKE_PREFIX_PATH}:/opt/ros/jazzy DEBUGINFOD_URLS=https://debuginfod.ubuntu.com /usr/bin/cmake --install /home/harshdev/Learning-ROS/basicbotws/build/joy_to_cmdvel
[1.367s] Level 1:colcon.colcon_core.environment:checking '/home/harshdev/Learning-ROS/basicbotws/install/joy_to_cmdvel' for CMake config files
[1.368s] Level 1:colcon.colcon_core.shell:create_environment_hook('joy_to_cmdvel', 'cmake_prefix_path')
[1.368s] INFO:colcon.colcon_core.shell:Creating environment hook '/home/harshdev/Learning-ROS/basicbotws/install/joy_to_cmdvel/share/joy_to_cmdvel/hook/cmake_prefix_path.ps1'
[1.369s] INFO:colcon.colcon_core.shell:Creating environment descriptor '/home/harshdev/Learning-ROS/basicbotws/install/joy_to_cmdvel/share/joy_to_cmdvel/hook/cmake_prefix_path.dsv'
[1.370s] INFO:colcon.colcon_core.shell:Creating environment hook '/home/harshdev/Learning-ROS/basicbotws/install/joy_to_cmdvel/share/joy_to_cmdvel/hook/cmake_prefix_path.sh'
[1.371s] Level 1:colcon.colcon_core.environment:checking '/home/harshdev/Learning-ROS/basicbotws/install/joy_to_cmdvel/bin'
[1.371s] Level 1:colcon.colcon_core.environment:checking '/home/harshdev/Learning-ROS/basicbotws/install/joy_to_cmdvel/lib/pkgconfig/joy_to_cmdvel.pc'
[1.371s] Level 1:colcon.colcon_core.environment:checking '/home/harshdev/Learning-ROS/basicbotws/install/joy_to_cmdvel/lib/python3.12/site-packages'
[1.372s] Level 1:colcon.colcon_core.environment:checking '/home/harshdev/Learning-ROS/basicbotws/install/joy_to_cmdvel/bin'
[1.372s] INFO:colcon.colcon_core.shell:Creating package script '/home/harshdev/Learning-ROS/basicbotws/install/joy_to_cmdvel/share/joy_to_cmdvel/package.ps1'
[1.373s] INFO:colcon.colcon_core.shell:Creating package descriptor '/home/harshdev/Learning-ROS/basicbotws/install/joy_to_cmdvel/share/joy_to_cmdvel/package.dsv'
[1.373s] INFO:colcon.colcon_core.shell:Creating package script '/home/harshdev/Learning-ROS/basicbotws/install/joy_to_cmdvel/share/joy_to_cmdvel/package.sh'
[1.374s] INFO:colcon.colcon_core.shell:Creating package script '/home/harshdev/Learning-ROS/basicbotws/install/joy_to_cmdvel/share/joy_to_cmdvel/package.bash'
[1.374s] INFO:colcon.colcon_core.shell:Creating package script '/home/harshdev/Learning-ROS/basicbotws/install/joy_to_cmdvel/share/joy_to_cmdvel/package.zsh'
[1.375s] Level 1:colcon.colcon_core.environment:create_file_with_runtime_dependencies(/home/harshdev/Learning-ROS/basicbotws/install/joy_to_cmdvel/share/colcon-core/packages/joy_to_cmdvel)
[1.375s] Level 1:colcon.colcon_core.environment:create_environment_scripts_only(joy_to_cmdvel)
[1.376s] Level 1:colcon.colcon_core.environment:checking '/home/harshdev/Learning-ROS/basicbotws/install/joy_to_cmdvel' for CMake module files
[1.376s] Level 1:colcon.colcon_core.environment:checking '/home/harshdev/Learning-ROS/basicbotws/install/joy_to_cmdvel' for CMake config files
[1.377s] Level 1:colcon.colcon_core.shell:create_environment_hook('joy_to_cmdvel', 'cmake_prefix_path')
[1.377s] INFO:colcon.colcon_core.shell:Creating environment hook '/home/harshdev/Learning-ROS/basicbotws/install/joy_to_cmdvel/share/joy_to_cmdvel/hook/cmake_prefix_path.ps1'
[1.378s] INFO:colcon.colcon_core.shell:Creating environment descriptor '/home/harshdev/Learning-ROS/basicbotws/install/joy_to_cmdvel/share/joy_to_cmdvel/hook/cmake_prefix_path.dsv'
[1.378s] INFO:colcon.colcon_core.shell:Creating environment hook '/home/harshdev/Learning-ROS/basicbotws/install/joy_to_cmdvel/share/joy_to_cmdvel/hook/cmake_prefix_path.sh'
[1.379s] Level 1:colcon.colcon_core.environment:checking '/home/harshdev/Learning-ROS/basicbotws/install/joy_to_cmdvel/bin'
[1.379s] Level 1:colcon.colcon_core.environment:checking '/home/harshdev/Learning-ROS/basicbotws/install/joy_to_cmdvel/lib/pkgconfig/joy_to_cmdvel.pc'
[1.379s] Level 1:colcon.colcon_core.environment:checking '/home/harshdev/Learning-ROS/basicbotws/install/joy_to_cmdvel/lib/python3.12/site-packages'
[1.379s] Level 1:colcon.colcon_core.environment:checking '/home/harshdev/Learning-ROS/basicbotws/install/joy_to_cmdvel/bin'
[1.380s] INFO:colcon.colcon_core.shell:Creating package script '/home/harshdev/Learning-ROS/basicbotws/install/joy_to_cmdvel/share/joy_to_cmdvel/package.ps1'
[1.380s] INFO:colcon.colcon_core.shell:Creating package descriptor '/home/harshdev/Learning-ROS/basicbotws/install/joy_to_cmdvel/share/joy_to_cmdvel/package.dsv'
[1.381s] INFO:colcon.colcon_core.shell:Creating package script '/home/harshdev/Learning-ROS/basicbotws/install/joy_to_cmdvel/share/joy_to_cmdvel/package.sh'
[1.381s] INFO:colcon.colcon_core.shell:Creating package script '/home/harshdev/Learning-ROS/basicbotws/install/joy_to_cmdvel/share/joy_to_cmdvel/package.bash'
[1.382s] INFO:colcon.colcon_core.shell:Creating package script '/home/harshdev/Learning-ROS/basicbotws/install/joy_to_cmdvel/share/joy_to_cmdvel/package.zsh'
[1.382s] Level 1:colcon.colcon_core.environment:create_file_with_runtime_dependencies(/home/harshdev/Learning-ROS/basicbotws/install/joy_to_cmdvel/share/colcon-core/packages/joy_to_cmdvel)
[2.148s] DEBUG:colcon.colcon_core.event_handler.log_command:Invoking command in '/home/harshdev/Learning-ROS/basicbotws/src/point_to_point_nav': DEBUGINFOD_URLS=https://debuginfod.ubuntu.com PYTHONPATH=/home/harshdev/Learning-ROS/basicbotws/build/point_to_point_nav/prefix_override:/usr/lib/python3/dist-packages/colcon_core/task/python/colcon_distutils_commands:/home/harshdev/Learning-ROS/basicbotws/install/point_to_point_nav/lib/python3.12/site-packages:${PYTHONPATH} /usr/bin/python3 -W ignore:setup.py install is deprecated -W ignore:easy_install command is deprecated setup.py egg_info --egg-base ../../build/point_to_point_nav build --build-base /home/harshdev/Learning-ROS/basicbotws/build/point_to_point_nav/build install --record /home/harshdev/Learning-ROS/basicbotws/build/point_to_point_nav/install.log --single-version-externally-managed install_data
[2.150s] DEBUG:colcon.colcon_core.event_handler.log_command:Invoking command in '/home/harshdev/Learning-ROS/basicbotws/src/joy_to_cmd_vel': DEBUGINFOD_URLS=https://debuginfod.ubuntu.com PYTHONPATH=/home/harshdev/Learning-ROS/basicbotws/build/joy_to_cmd_vel/prefix_override:/usr/lib/python3/dist-packages/colcon_core/task/python/colcon_distutils_commands:/home/harshdev/Learning-ROS/basicbotws/install/joy_to_cmd_vel/lib/python3.12/site-packages:${PYTHONPATH} /usr/bin/python3 -W ignore:setup.py install is deprecated -W ignore:easy_install command is deprecated setup.py egg_info --egg-base ../../build/joy_to_cmd_vel build --build-base /home/harshdev/Learning-ROS/basicbotws/build/joy_to_cmd_vel/build install --record /home/harshdev/Learning-ROS/basicbotws/build/joy_to_cmd_vel/install.log --single-version-externally-managed install_data
[2.511s] Level 1:colcon.colcon_core.environment:checking '/home/harshdev/Learning-ROS/basicbotws/install/point_to_point_nav' for CMake module files
[2.511s] DEBUG:colcon.colcon_core.event_handler.log_command:Invoked command in '/home/harshdev/Learning-ROS/basicbotws/src/point_to_point_nav' returned '0': DEBUGINFOD_URLS=https://debuginfod.ubuntu.com PYTHONPATH=/home/harshdev/Learning-ROS/basicbotws/build/point_to_point_nav/prefix_override:/usr/lib/python3/dist-packages/colcon_core/task/python/colcon_distutils_commands:/home/harshdev/Learning-ROS/basicbotws/install/point_to_point_nav/lib/python3.12/site-packages:${PYTHONPATH} /usr/bin/python3 -W ignore:setup.py install is deprecated -W ignore:easy_install command is deprecated setup.py egg_info --egg-base ../../build/point_to_point_nav build --build-base /home/harshdev/Learning-ROS/basicbotws/build/point_to_point_nav/build install --record /home/harshdev/Learning-ROS/basicbotws/build/point_to_point_nav/install.log --single-version-externally-managed install_data
[2.511s] Level 1:colcon.colcon_core.environment:checking '/home/harshdev/Learning-ROS/basicbotws/install/point_to_point_nav' for CMake config files
[2.512s] Level 1:colcon.colcon_core.environment:checking '/home/harshdev/Learning-ROS/basicbotws/install/point_to_point_nav/lib'
[2.512s] Level 1:colcon.colcon_core.environment:checking '/home/harshdev/Learning-ROS/basicbotws/install/point_to_point_nav/bin'
[2.512s] Level 1:colcon.colcon_core.environment:checking '/home/harshdev/Learning-ROS/basicbotws/install/point_to_point_nav/lib/pkgconfig/point_to_point_nav.pc'
[2.512s] Level 1:colcon.colcon_core.environment:checking '/home/harshdev/Learning-ROS/basicbotws/install/point_to_point_nav/lib/python3.12/site-packages'
[2.513s] Level 1:colcon.colcon_core.shell:create_environment_hook('point_to_point_nav', 'pythonpath')
[2.513s] INFO:colcon.colcon_core.shell:Creating environment hook '/home/harshdev/Learning-ROS/basicbotws/install/point_to_point_nav/share/point_to_point_nav/hook/pythonpath.ps1'
[2.513s] INFO:colcon.colcon_core.shell:Creating environment descriptor '/home/harshdev/Learning-ROS/basicbotws/install/point_to_point_nav/share/point_to_point_nav/hook/pythonpath.dsv'
[2.513s] INFO:colcon.colcon_core.shell:Creating environment hook '/home/harshdev/Learning-ROS/basicbotws/install/point_to_point_nav/share/point_to_point_nav/hook/pythonpath.sh'
[2.514s] Level 1:colcon.colcon_core.environment:checking '/home/harshdev/Learning-ROS/basicbotws/install/point_to_point_nav/bin'
[2.514s] Level 1:colcon.colcon_core.environment:create_environment_scripts_only(point_to_point_nav)
[2.514s] INFO:colcon.colcon_core.shell:Creating package script '/home/harshdev/Learning-ROS/basicbotws/install/point_to_point_nav/share/point_to_point_nav/package.ps1'
[2.514s] INFO:colcon.colcon_core.shell:Creating package descriptor '/home/harshdev/Learning-ROS/basicbotws/install/point_to_point_nav/share/point_to_point_nav/package.dsv'
[2.514s] INFO:colcon.colcon_core.shell:Creating package script '/home/harshdev/Learning-ROS/basicbotws/install/point_to_point_nav/share/point_to_point_nav/package.sh'
[2.514s] INFO:colcon.colcon_core.shell:Creating package script '/home/harshdev/Learning-ROS/basicbotws/install/point_to_point_nav/share/point_to_point_nav/package.bash'
[2.515s] INFO:colcon.colcon_core.shell:Creating package script '/home/harshdev/Learning-ROS/basicbotws/install/point_to_point_nav/share/point_to_point_nav/package.zsh'
[2.515s] Level 1:colcon.colcon_core.environment:create_file_with_runtime_dependencies(/home/harshdev/Learning-ROS/basicbotws/install/point_to_point_nav/share/colcon-core/packages/point_to_point_nav)
[2.520s] Level 1:colcon.colcon_core.environment:checking '/home/harshdev/Learning-ROS/basicbotws/install/joy_to_cmd_vel' for CMake module files
[2.521s] DEBUG:colcon.colcon_core.event_handler.log_command:Invoked command in '/home/harshdev/Learning-ROS/basicbotws/src/joy_to_cmd_vel' returned '0': DEBUGINFOD_URLS=https://debuginfod.ubuntu.com PYTHONPATH=/home/harshdev/Learning-ROS/basicbotws/build/joy_to_cmd_vel/prefix_override:/usr/lib/python3/dist-packages/colcon_core/task/python/colcon_distutils_commands:/home/harshdev/Learning-ROS/basicbotws/install/joy_to_cmd_vel/lib/python3.12/site-packages:${PYTHONPATH} /usr/bin/python3 -W ignore:setup.py install is deprecated -W ignore:easy_install command is deprecated setup.py egg_info --egg-base ../../build/joy_to_cmd_vel build --build-base /home/harshdev/Learning-ROS/basicbotws/build/joy_to_cmd_vel/build install --record /home/harshdev/Learning-ROS/basicbotws/build/joy_to_cmd_vel/install.log --single-version-externally-managed install_data
[2.521s] Level 1:colcon.colcon_core.environment:checking '/home/harshdev/Learning-ROS/basicbotws/install/joy_to_cmd_vel' for CMake config files
[2.521s] Level 1:colcon.colcon_core.environment:checking '/home/harshdev/Learning-ROS/basicbotws/install/joy_to_cmd_vel/lib'
[2.521s] Level 1:colcon.colcon_core.environment:checking '/home/harshdev/Learning-ROS/basicbotws/install/joy_to_cmd_vel/bin'
[2.521s] Level 1:colcon.colcon_core.environment:checking '/home/harshdev/Learning-ROS/basicbotws/install/joy_to_cmd_vel/lib/pkgconfig/joy_to_cmd_vel.pc'
[2.522s] Level 1:colcon.colcon_core.environment:checking '/home/harshdev/Learning-ROS/basicbotws/install/joy_to_cmd_vel/lib/python3.12/site-packages'
[2.522s] Level 1:colcon.colcon_core.shell:create_environment_hook('joy_to_cmd_vel', 'pythonpath')
[2.522s] INFO:colcon.colcon_core.shell:Creating environment hook '/home/harshdev/Learning-ROS/basicbotws/install/joy_to_cmd_vel/share/joy_to_cmd_vel/hook/pythonpath.ps1'
[2.522s] INFO:colcon.colcon_core.shell:Creating environment descriptor '/home/harshdev/Learning-ROS/basicbotws/install/joy_to_cmd_vel/share/joy_to_cmd_vel/hook/pythonpath.dsv'
[2.522s] INFO:colcon.colcon_core.shell:Creating environment hook '/home/harshdev/Learning-ROS/basicbotws/install/joy_to_cmd_vel/share/joy_to_cmd_vel/hook/pythonpath.sh'
[2.523s] Level 1:colcon.colcon_core.environment:checking '/home/harshdev/Learning-ROS/basicbotws/install/joy_to_cmd_vel/bin'
[2.523s] Level 1:colcon.colcon_core.environment:create_environment_scripts_only(joy_to_cmd_vel)
[2.523s] INFO:colcon.colcon_core.shell:Creating package script '/home/harshdev/Learning-ROS/basicbotws/install/joy_to_cmd_vel/share/joy_to_cmd_vel/package.ps1'
[2.523s] INFO:colcon.colcon_core.shell:Creating package descriptor '/home/harshdev/Learning-ROS/basicbotws/install/joy_to_cmd_vel/share/joy_to_cmd_vel/package.dsv'
[2.523s] INFO:colcon.colcon_core.shell:Creating package script '/home/harshdev/Learning-ROS/basicbotws/install/joy_to_cmd_vel/share/joy_to_cmd_vel/package.sh'
[2.523s] INFO:colcon.colcon_core.shell:Creating package script '/home/harshdev/Learning-ROS/basicbotws/install/joy_to_cmd_vel/share/joy_to_cmd_vel/package.bash'
[2.524s] INFO:colcon.colcon_core.shell:Creating package script '/home/harshdev/Learning-ROS/basicbotws/install/joy_to_cmd_vel/share/joy_to_cmd_vel/package.zsh'
[2.524s] Level 1:colcon.colcon_core.environment:create_file_with_runtime_dependencies(/home/harshdev/Learning-ROS/basicbotws/install/joy_to_cmd_vel/share/colcon-core/packages/joy_to_cmd_vel)
[2.524s] DEBUG:colcon.colcon_parallel_executor.executor.parallel:closing loop
[2.524s] DEBUG:colcon.colcon_parallel_executor.executor.parallel:loop closed
[2.524s] DEBUG:colcon.colcon_parallel_executor.executor.parallel:run_until_complete finished with '0'
[2.524s] DEBUG:colcon.colcon_core.event_reactor:joining thread
[2.534s] INFO:colcon.colcon_core.plugin_system:Skipping extension 'colcon_notification.desktop_notification.terminal_notifier': Not used on non-Darwin systems
[2.535s] INFO:colcon.colcon_core.plugin_system:Skipping extension 'colcon_notification.desktop_notification.win32': Not used on non-Windows systems
[2.535s] INFO:colcon.colcon_notification.desktop_notification:Sending desktop notification using 'notify2'
[2.570s] DEBUG:colcon.colcon_core.event_reactor:joined thread
[2.570s] INFO:colcon.colcon_core.shell:Creating prefix script '/home/harshdev/Learning-ROS/basicbotws/install/local_setup.ps1'
[2.572s] INFO:colcon.colcon_core.shell:Creating prefix util module '/home/harshdev/Learning-ROS/basicbotws/install/_local_setup_util_ps1.py'
[2.573s] INFO:colcon.colcon_core.shell:Creating prefix chain script '/home/harshdev/Learning-ROS/basicbotws/install/setup.ps1'
[2.575s] INFO:colcon.colcon_core.shell:Creating prefix script '/home/harshdev/Learning-ROS/basicbotws/install/local_setup.sh'
[2.576s] INFO:colcon.colcon_core.shell:Creating prefix util module '/home/harshdev/Learning-ROS/basicbotws/install/_local_setup_util_sh.py'
[2.577s] INFO:colcon.colcon_core.shell:Creating prefix chain script '/home/harshdev/Learning-ROS/basicbotws/install/setup.sh'
[2.578s] INFO:colcon.colcon_core.shell:Creating prefix script '/home/harshdev/Learning-ROS/basicbotws/install/local_setup.bash'
[2.579s] INFO:colcon.colcon_core.shell:Creating prefix chain script '/home/harshdev/Learning-ROS/basicbotws/install/setup.bash'
[2.602s] INFO:colcon.colcon_core.shell:Creating prefix script '/home/harshdev/Learning-ROS/basicbotws/install/local_setup.zsh'
[2.603s] INFO:colcon.colcon_core.shell:Creating prefix chain script '/home/harshdev/Learning-ROS/basicbotws/install/setup.zsh'
