[1.033s] Invoking command in '/home/harshdev/Learning-ROS/joy_to_cmd_vel': DEBUGINFOD_URLS=https://debuginfod.ubuntu.com PYTHONPATH=/home/harshdev/Learning-ROS/build/joy_to_cmd_vel/prefix_override:/usr/lib/python3/dist-packages/colcon_core/task/python/colcon_distutils_commands:/home/harshdev/Learning-ROS/install/joy_to_cmd_vel/lib/python3.12/site-packages:${PYTHONPATH} /usr/bin/python3 -W ignore:setup.py install is deprecated -W ignore:easy_install command is deprecated setup.py egg_info --egg-base ../build/joy_to_cmd_vel build --build-base /home/harshdev/Learning-ROS/build/joy_to_cmd_vel/build install --record /home/harshdev/Learning-ROS/build/joy_to_cmd_vel/install.log --single-version-externally-managed install_data
[1.371s] running egg_info
[1.371s] creating ../build/joy_to_cmd_vel/joy_to_cmd_vel.egg-info
[1.393s] writing ../build/joy_to_cmd_vel/joy_to_cmd_vel.egg-info/PKG-INFO
[1.393s] writing dependency_links to ../build/joy_to_cmd_vel/joy_to_cmd_vel.egg-info/dependency_links.txt
[1.394s] writing entry points to ../build/joy_to_cmd_vel/joy_to_cmd_vel.egg-info/entry_points.txt
[1.394s] writing requirements to ../build/joy_to_cmd_vel/joy_to_cmd_vel.egg-info/requires.txt
[1.394s] writing top-level names to ../build/joy_to_cmd_vel/joy_to_cmd_vel.egg-info/top_level.txt
[1.394s] writing manifest file '../build/joy_to_cmd_vel/joy_to_cmd_vel.egg-info/SOURCES.txt'
[1.440s] reading manifest file '../build/joy_to_cmd_vel/joy_to_cmd_vel.egg-info/SOURCES.txt'
[1.441s] writing manifest file '../build/joy_to_cmd_vel/joy_to_cmd_vel.egg-info/SOURCES.txt'
[1.441s] running build
[1.441s] running build_py
[1.441s] creating /home/harshdev/Learning-ROS/build/joy_to_cmd_vel/build
[1.442s] creating /home/harshdev/Learning-ROS/build/joy_to_cmd_vel/build/lib
[1.442s] creating /home/harshdev/Learning-ROS/build/joy_to_cmd_vel/build/lib/joy_to_cmd_vel
[1.442s] copying joy_to_cmd_vel/__init__.py -> /home/harshdev/Learning-ROS/build/joy_to_cmd_vel/build/lib/joy_to_cmd_vel
[1.442s] copying joy_to_cmd_vel/joy_to_cmd_vel.py -> /home/harshdev/Learning-ROS/build/joy_to_cmd_vel/build/lib/joy_to_cmd_vel
[1.442s] running install
[1.450s] running install_lib
[1.473s] creating /home/harshdev/Learning-ROS/install/joy_to_cmd_vel/lib/python3.12/site-packages/joy_to_cmd_vel
[1.473s] copying /home/harshdev/Learning-ROS/build/joy_to_cmd_vel/build/lib/joy_to_cmd_vel/__init__.py -> /home/harshdev/Learning-ROS/install/joy_to_cmd_vel/lib/python3.12/site-packages/joy_to_cmd_vel
[1.473s] copying /home/harshdev/Learning-ROS/build/joy_to_cmd_vel/build/lib/joy_to_cmd_vel/joy_to_cmd_vel.py -> /home/harshdev/Learning-ROS/install/joy_to_cmd_vel/lib/python3.12/site-packages/joy_to_cmd_vel
[1.473s] byte-compiling /home/harshdev/Learning-ROS/install/joy_to_cmd_vel/lib/python3.12/site-packages/joy_to_cmd_vel/__init__.py to __init__.cpython-312.pyc
[1.474s] byte-compiling /home/harshdev/Learning-ROS/install/joy_to_cmd_vel/lib/python3.12/site-packages/joy_to_cmd_vel/joy_to_cmd_vel.py to joy_to_cmd_vel.cpython-312.pyc
[1.475s] running install_data
[1.475s] creating /home/harshdev/Learning-ROS/install/joy_to_cmd_vel/share/ament_index
[1.475s] creating /home/harshdev/Learning-ROS/install/joy_to_cmd_vel/share/ament_index/resource_index
[1.475s] creating /home/harshdev/Learning-ROS/install/joy_to_cmd_vel/share/ament_index/resource_index/packages
[1.475s] copying resource/joy_to_cmd_vel -> /home/harshdev/Learning-ROS/install/joy_to_cmd_vel/share/ament_index/resource_index/packages
[1.475s] copying package.xml -> /home/harshdev/Learning-ROS/install/joy_to_cmd_vel/share/joy_to_cmd_vel
[1.475s] running install_egg_info
[1.500s] Copying ../build/joy_to_cmd_vel/joy_to_cmd_vel.egg-info to /home/harshdev/Learning-ROS/install/joy_to_cmd_vel/lib/python3.12/site-packages/joy_to_cmd_vel-0.0.0-py3.12.egg-info
[1.501s] running install_scripts
[1.651s] Installing joy_to_cmd_vel script to /home/harshdev/Learning-ROS/install/joy_to_cmd_vel/lib/joy_to_cmd_vel
[1.651s] writing list of installed files to '/home/harshdev/Learning-ROS/build/joy_to_cmd_vel/install.log'
[1.685s] Invoked command in '/home/harshdev/Learning-ROS/joy_to_cmd_vel' returned '0': DEBUGINFOD_URLS=https://debuginfod.ubuntu.com PYTHONPATH=/home/harshdev/Learning-ROS/build/joy_to_cmd_vel/prefix_override:/usr/lib/python3/dist-packages/colcon_core/task/python/colcon_distutils_commands:/home/harshdev/Learning-ROS/install/joy_to_cmd_vel/lib/python3.12/site-packages:${PYTHONPATH} /usr/bin/python3 -W ignore:setup.py install is deprecated -W ignore:easy_install command is deprecated setup.py egg_info --egg-base ../build/joy_to_cmd_vel build --build-base /home/harshdev/Learning-ROS/build/joy_to_cmd_vel/build install --record /home/harshdev/Learning-ROS/build/joy_to_cmd_vel/install.log --single-version-externally-managed install_data
