[0.012s] Invoking command in '/home/harshdev/Learning-ROS/alffybot/build/alffy_controller': CMAKE_PREFIX_PATH=${CMAKE_PREFIX_PATH}:/opt/ros/jazzy DEBUGINFOD_URLS=https://debuginfod.ubuntu.com /usr/bin/cmake --build /home/harshdev/Learning-ROS/alffybot/build/alffy_controller -- -j12 -l12
[0.052s] -- Found ament_cmake: 2.5.3 (/opt/ros/jazzy/share/ament_cmake/cmake)
[0.336s] -- Found ament_lint_auto: 0.17.1 (/opt/ros/jazzy/share/ament_lint_auto/cmake)
[0.408s] -- Added test 'flake8' to check Python code syntax and style conventions
[0.409s] -- Configured 'flake8' exclude dirs and/or files: 
[0.409s] -- Added test 'lint_cmake' to check CMake code style
[0.410s] -- Added test 'pep257' to check Python code against some of the docstring style conventions in PEP 257
[0.411s] -- Added test 'xmllint' to check XML markup files
[0.412s] -- Configuring done (0.4s)
[0.418s] -- Generating done (0.0s)
[0.420s] -- Build files have been written to: /home/harshdev/Learning-ROS/alffybot/build/alffy_controller
[0.443s] Invoked command in '/home/harshdev/Learning-ROS/alffybot/build/alffy_controller' returned '0': CMAKE_PREFIX_PATH=${CMAKE_PREFIX_PATH}:/opt/ros/jazzy DEBUGINFOD_URLS=https://debuginfod.ubuntu.com /usr/bin/cmake --build /home/harshdev/Learning-ROS/alffybot/build/alffy_controller -- -j12 -l12
[0.444s] Invoking command in '/home/harshdev/Learning-ROS/alffybot/build/alffy_controller': CMAKE_PREFIX_PATH=${CMAKE_PREFIX_PATH}:/opt/ros/jazzy DEBUGINFOD_URLS=https://debuginfod.ubuntu.com /usr/bin/cmake --install /home/harshdev/Learning-ROS/alffybot/build/alffy_controller
[0.453s] -- Install configuration: ""
[0.453s] -- Installing: /home/harshdev/Learning-ROS/alffybot/install/alffy_controller/share/alffy_controller/launch
[0.454s] -- Installing: /home/harshdev/Learning-ROS/alffybot/install/alffy_controller/share/alffy_controller/launch/controller.launch.py
[0.454s] -- Installing: /home/harshdev/Learning-ROS/alffybot/install/alffy_controller/share/alffy_controller/config
[0.454s] -- Installing: /home/harshdev/Learning-ROS/alffybot/install/alffy_controller/share/alffy_controller/config/alffy_controllers.yaml
[0.454s] -- Installing: /home/harshdev/Learning-ROS/alffybot/install/alffy_controller/share/ament_index/resource_index/package_run_dependencies/alffy_controller
[0.454s] -- Up-to-date: /home/harshdev/Learning-ROS/alffybot/install/alffy_controller/share/ament_index/resource_index/parent_prefix_path/alffy_controller
[0.454s] -- Up-to-date: /home/harshdev/Learning-ROS/alffybot/install/alffy_controller/share/alffy_controller/environment/ament_prefix_path.sh
[0.454s] -- Up-to-date: /home/harshdev/Learning-ROS/alffybot/install/alffy_controller/share/alffy_controller/environment/ament_prefix_path.dsv
[0.454s] -- Up-to-date: /home/harshdev/Learning-ROS/alffybot/install/alffy_controller/share/alffy_controller/environment/path.sh
[0.455s] -- Up-to-date: /home/harshdev/Learning-ROS/alffybot/install/alffy_controller/share/alffy_controller/environment/path.dsv
[0.455s] -- Up-to-date: /home/harshdev/Learning-ROS/alffybot/install/alffy_controller/share/alffy_controller/local_setup.bash
[0.455s] -- Up-to-date: /home/harshdev/Learning-ROS/alffybot/install/alffy_controller/share/alffy_controller/local_setup.sh
[0.455s] -- Up-to-date: /home/harshdev/Learning-ROS/alffybot/install/alffy_controller/share/alffy_controller/local_setup.zsh
[0.455s] -- Up-to-date: /home/harshdev/Learning-ROS/alffybot/install/alffy_controller/share/alffy_controller/local_setup.dsv
[0.455s] -- Installing: /home/harshdev/Learning-ROS/alffybot/install/alffy_controller/share/alffy_controller/package.dsv
[0.455s] -- Up-to-date: /home/harshdev/Learning-ROS/alffybot/install/alffy_controller/share/ament_index/resource_index/packages/alffy_controller
[0.455s] -- Up-to-date: /home/harshdev/Learning-ROS/alffybot/install/alffy_controller/share/alffy_controller/cmake/alffy_controllerConfig.cmake
[0.455s] -- Up-to-date: /home/harshdev/Learning-ROS/alffybot/install/alffy_controller/share/alffy_controller/cmake/alffy_controllerConfig-version.cmake
[0.455s] -- Installing: /home/harshdev/Learning-ROS/alffybot/install/alffy_controller/share/alffy_controller/package.xml
[0.457s] Invoked command in '/home/harshdev/Learning-ROS/alffybot/build/alffy_controller' returned '0': CMAKE_PREFIX_PATH=${CMAKE_PREFIX_PATH}:/opt/ros/jazzy DEBUGINFOD_URLS=https://debuginfod.ubuntu.com /usr/bin/cmake --install /home/harshdev/Learning-ROS/alffybot/build/alffy_controller
