[0.091s] DEBUG:colcon:Command line arguments: ['/usr/bin/colcon', 'build']
[0.091s] DEBUG:colcon:Parsed command line arguments: Namespace(log_base=None, log_level=None, verb_name='build', build_base='build', install_base='install', merge_install=False, symlink_install=False, test_result_base=None, continue_on_error=False, executor='parallel', parallel_workers=12, event_handlers=None, ignore_user_meta=False, metas=['./colcon.meta'], base_paths=['.'], packages_ignore=None, packages_ignore_regex=None, paths=None, packages_up_to=None, packages_up_to_regex=None, packages_above=None, packages_above_and_dependencies=None, packages_above_depth=None, packages_select_by_dep=None, packages_skip_by_dep=None, packages_skip_up_to=None, packages_select_build_failed=False, packages_skip_build_finished=False, packages_select_test_failures=False, packages_skip_test_passed=False, packages_select=None, packages_skip=None, packages_select_regex=None, packages_skip_regex=None, packages_start=None, packages_end=None, allow_overriding=[], cmake_args=None, cmake_target=None, cmake_target_skip_unavailable=False, cmake_clean_cache=False, cmake_clean_first=False, cmake_force_configure=False, ament_cmake_args=None, catkin_cmake_args=None, catkin_skip_building_tests=False, mixin_files=None, mixin=None, verb_parser=<colcon_mixin.mixin.mixin_argument.MixinArgumentDecorator object at 0x71fe002ac620>, verb_extension=<colcon_core.verb.build.BuildVerb object at 0x71fe003d8d10>, main=<bound method BuildVerb.main of <colcon_core.verb.build.BuildVerb object at 0x71fe003d8d10>>, mixin_verb=('build',))
[0.116s] Level 1:colcon.colcon_core.package_discovery:discover_packages(colcon_meta) check parameters
[0.116s] Level 1:colcon.colcon_core.package_discovery:discover_packages(recursive) check parameters
[0.117s] Level 1:colcon.colcon_core.package_discovery:discover_packages(ignore) check parameters
[0.117s] Level 1:colcon.colcon_core.package_discovery:discover_packages(path) check parameters
[0.117s] Level 1:colcon.colcon_core.package_discovery:discover_packages(colcon_meta) discover
[0.117s] Level 1:colcon.colcon_core.package_discovery:discover_packages(recursive) discover
[0.117s] INFO:colcon.colcon_core.package_discovery:Crawling recursively for packages in '/home/harshdev/Learning-ROS/basicbotws'
[0.117s] Level 1:colcon.colcon_core.package_identification:_identify(.) by extensions ['ignore', 'ignore_ament_install']
[0.117s] Level 1:colcon.colcon_core.package_identification:_identify(.) by extension 'ignore'
[0.117s] Level 1:colcon.colcon_core.package_identification:_identify(.) by extension 'ignore_ament_install'
[0.117s] Level 1:colcon.colcon_core.package_identification:_identify(.) by extensions ['colcon_pkg']
[0.117s] Level 1:colcon.colcon_core.package_identification:_identify(.) by extension 'colcon_pkg'
[0.117s] Level 1:colcon.colcon_core.package_identification:_identify(.) by extensions ['colcon_meta']
[0.117s] Level 1:colcon.colcon_core.package_identification:_identify(.) by extension 'colcon_meta'
[0.117s] Level 1:colcon.colcon_core.package_identification:_identify(.) by extensions ['ros']
[0.117s] Level 1:colcon.colcon_core.package_identification:_identify(.) by extension 'ros'
[0.133s] Level 1:colcon.colcon_core.package_identification:_identify(.) by extensions ['cmake', 'python']
[0.133s] Level 1:colcon.colcon_core.package_identification:_identify(.) by extension 'cmake'
[0.133s] Level 1:colcon.colcon_core.package_identification:_identify(.) by extension 'python'
[0.133s] Level 1:colcon.colcon_core.package_identification:_identify(.) by extensions ['python_setup_py']
[0.133s] Level 1:colcon.colcon_core.package_identification:_identify(.) by extension 'python_setup_py'
[0.133s] Level 1:colcon.colcon_core.package_identification:_identify(build) by extensions ['ignore', 'ignore_ament_install']
[0.133s] Level 1:colcon.colcon_core.package_identification:_identify(build) by extension 'ignore'
[0.133s] Level 1:colcon.colcon_core.package_identification:_identify(build) ignored
[0.133s] Level 1:colcon.colcon_core.package_identification:_identify(install) by extensions ['ignore', 'ignore_ament_install']
[0.133s] Level 1:colcon.colcon_core.package_identification:_identify(install) by extension 'ignore'
[0.133s] Level 1:colcon.colcon_core.package_identification:_identify(install) ignored
[0.133s] Level 1:colcon.colcon_core.package_identification:_identify(log) by extensions ['ignore', 'ignore_ament_install']
[0.134s] Level 1:colcon.colcon_core.package_identification:_identify(log) by extension 'ignore'
[0.134s] Level 1:colcon.colcon_core.package_identification:_identify(log) ignored
[0.134s] Level 1:colcon.colcon_core.package_identification:_identify(src) by extensions ['ignore', 'ignore_ament_install']
[0.134s] Level 1:colcon.colcon_core.package_identification:_identify(src) by extension 'ignore'
[0.134s] Level 1:colcon.colcon_core.package_identification:_identify(src) by extension 'ignore_ament_install'
[0.134s] Level 1:colcon.colcon_core.package_identification:_identify(src) by extensions ['colcon_pkg']
[0.134s] Level 1:colcon.colcon_core.package_identification:_identify(src) by extension 'colcon_pkg'
[0.134s] Level 1:colcon.colcon_core.package_identification:_identify(src) by extensions ['colcon_meta']
[0.134s] Level 1:colcon.colcon_core.package_identification:_identify(src) by extension 'colcon_meta'
[0.134s] Level 1:colcon.colcon_core.package_identification:_identify(src) by extensions ['ros']
[0.134s] Level 1:colcon.colcon_core.package_identification:_identify(src) by extension 'ros'
[0.134s] Level 1:colcon.colcon_core.package_identification:_identify(src) by extensions ['cmake', 'python']
[0.134s] Level 1:colcon.colcon_core.package_identification:_identify(src) by extension 'cmake'
[0.134s] Level 1:colcon.colcon_core.package_identification:_identify(src) by extension 'python'
[0.134s] Level 1:colcon.colcon_core.package_identification:_identify(src) by extensions ['python_setup_py']
[0.134s] Level 1:colcon.colcon_core.package_identification:_identify(src) by extension 'python_setup_py'
[0.134s] Level 1:colcon.colcon_core.package_identification:_identify(src/basicbot) by extensions ['ignore', 'ignore_ament_install']
[0.134s] Level 1:colcon.colcon_core.package_identification:_identify(src/basicbot) by extension 'ignore'
[0.134s] Level 1:colcon.colcon_core.package_identification:_identify(src/basicbot) by extension 'ignore_ament_install'
[0.134s] Level 1:colcon.colcon_core.package_identification:_identify(src/basicbot) by extensions ['colcon_pkg']
[0.134s] Level 1:colcon.colcon_core.package_identification:_identify(src/basicbot) by extension 'colcon_pkg'
[0.134s] Level 1:colcon.colcon_core.package_identification:_identify(src/basicbot) by extensions ['colcon_meta']
[0.134s] Level 1:colcon.colcon_core.package_identification:_identify(src/basicbot) by extension 'colcon_meta'
[0.134s] Level 1:colcon.colcon_core.package_identification:_identify(src/basicbot) by extensions ['ros']
[0.134s] Level 1:colcon.colcon_core.package_identification:_identify(src/basicbot) by extension 'ros'
[0.135s] DEBUG:colcon.colcon_core.package_identification:Package 'src/basicbot' with type 'ros.ament_cmake' and name 'basicbot'
[0.136s] Level 1:colcon.colcon_core.package_identification:_identify(src/joy_to_cmd_vel) by extensions ['ignore', 'ignore_ament_install']
[0.136s] Level 1:colcon.colcon_core.package_identification:_identify(src/joy_to_cmd_vel) by extension 'ignore'
[0.136s] Level 1:colcon.colcon_core.package_identification:_identify(src/joy_to_cmd_vel) by extension 'ignore_ament_install'
[0.136s] Level 1:colcon.colcon_core.package_identification:_identify(src/joy_to_cmd_vel) by extensions ['colcon_pkg']
[0.136s] Level 1:colcon.colcon_core.package_identification:_identify(src/joy_to_cmd_vel) by extension 'colcon_pkg'
[0.136s] Level 1:colcon.colcon_core.package_identification:_identify(src/joy_to_cmd_vel) by extensions ['colcon_meta']
[0.136s] Level 1:colcon.colcon_core.package_identification:_identify(src/joy_to_cmd_vel) by extension 'colcon_meta'
[0.136s] Level 1:colcon.colcon_core.package_identification:_identify(src/joy_to_cmd_vel) by extensions ['ros']
[0.136s] Level 1:colcon.colcon_core.package_identification:_identify(src/joy_to_cmd_vel) by extension 'ros'
[0.136s] DEBUG:colcon.colcon_core.package_identification:Package 'src/joy_to_cmd_vel' with type 'ros.ament_python' and name 'joy_to_cmd_vel'
[0.136s] Level 1:colcon.colcon_core.package_identification:_identify(src/joy_to_cmdvel) by extensions ['ignore', 'ignore_ament_install']
[0.136s] Level 1:colcon.colcon_core.package_identification:_identify(src/joy_to_cmdvel) by extension 'ignore'
[0.136s] Level 1:colcon.colcon_core.package_identification:_identify(src/joy_to_cmdvel) by extension 'ignore_ament_install'
[0.136s] Level 1:colcon.colcon_core.package_identification:_identify(src/joy_to_cmdvel) by extensions ['colcon_pkg']
[0.136s] Level 1:colcon.colcon_core.package_identification:_identify(src/joy_to_cmdvel) by extension 'colcon_pkg'
[0.136s] Level 1:colcon.colcon_core.package_identification:_identify(src/joy_to_cmdvel) by extensions ['colcon_meta']
[0.136s] Level 1:colcon.colcon_core.package_identification:_identify(src/joy_to_cmdvel) by extension 'colcon_meta'
[0.136s] Level 1:colcon.colcon_core.package_identification:_identify(src/joy_to_cmdvel) by extensions ['ros']
[0.136s] Level 1:colcon.colcon_core.package_identification:_identify(src/joy_to_cmdvel) by extension 'ros'
[0.137s] DEBUG:colcon.colcon_core.package_identification:Package 'src/joy_to_cmdvel' with type 'ros.ament_cmake' and name 'joy_to_cmdvel'
[0.137s] Level 1:colcon.colcon_core.package_discovery:discover_packages(recursive) using defaults
[0.137s] Level 1:colcon.colcon_core.package_discovery:discover_packages(ignore) discover
[0.137s] Level 1:colcon.colcon_core.package_discovery:discover_packages(ignore) using defaults
[0.137s] Level 1:colcon.colcon_core.package_discovery:discover_packages(path) discover
[0.137s] Level 1:colcon.colcon_core.package_discovery:discover_packages(path) using defaults
[0.148s] Level 1:colcon.colcon_core.package_discovery:discover_packages(prefix_path) check parameters
[0.148s] Level 1:colcon.colcon_core.package_discovery:discover_packages(prefix_path) discover
[0.149s] DEBUG:colcon.colcon_installed_package_information.package_discovery:Found 1 installed packages in /home/harshdev/Learning-ROS/articubot_one/install
[0.150s] DEBUG:colcon.colcon_installed_package_information.package_discovery:Found 450 installed packages in /opt/ros/jazzy
[0.151s] Level 1:colcon.colcon_core.package_discovery:discover_packages(prefix_path) using defaults
[0.183s] Level 5:colcon.colcon_core.verb:set package 'basicbot' build argument 'cmake_args' from command line to 'None'
[0.183s] Level 5:colcon.colcon_core.verb:set package 'basicbot' build argument 'cmake_target' from command line to 'None'
[0.183s] Level 5:colcon.colcon_core.verb:set package 'basicbot' build argument 'cmake_target_skip_unavailable' from command line to 'False'
[0.183s] Level 5:colcon.colcon_core.verb:set package 'basicbot' build argument 'cmake_clean_cache' from command line to 'False'
[0.183s] Level 5:colcon.colcon_core.verb:set package 'basicbot' build argument 'cmake_clean_first' from command line to 'False'
[0.183s] Level 5:colcon.colcon_core.verb:set package 'basicbot' build argument 'cmake_force_configure' from command line to 'False'
[0.183s] Level 5:colcon.colcon_core.verb:set package 'basicbot' build argument 'ament_cmake_args' from command line to 'None'
[0.183s] Level 5:colcon.colcon_core.verb:set package 'basicbot' build argument 'catkin_cmake_args' from command line to 'None'
[0.183s] Level 5:colcon.colcon_core.verb:set package 'basicbot' build argument 'catkin_skip_building_tests' from command line to 'False'
[0.183s] DEBUG:colcon.colcon_core.verb:Building package 'basicbot' with the following arguments: {'ament_cmake_args': None, 'build_base': '/home/harshdev/Learning-ROS/basicbotws/build/basicbot', 'catkin_cmake_args': None, 'catkin_skip_building_tests': False, 'cmake_args': None, 'cmake_clean_cache': False, 'cmake_clean_first': False, 'cmake_force_configure': False, 'cmake_target': None, 'cmake_target_skip_unavailable': False, 'install_base': '/home/harshdev/Learning-ROS/basicbotws/install/basicbot', 'merge_install': False, 'path': '/home/harshdev/Learning-ROS/basicbotws/src/basicbot', 'symlink_install': False, 'test_result_base': None}
[0.183s] Level 5:colcon.colcon_core.verb:set package 'joy_to_cmd_vel' build argument 'cmake_args' from command line to 'None'
[0.183s] Level 5:colcon.colcon_core.verb:set package 'joy_to_cmd_vel' build argument 'cmake_target' from command line to 'None'
[0.183s] Level 5:colcon.colcon_core.verb:set package 'joy_to_cmd_vel' build argument 'cmake_target_skip_unavailable' from command line to 'False'
[0.183s] Level 5:colcon.colcon_core.verb:set package 'joy_to_cmd_vel' build argument 'cmake_clean_cache' from command line to 'False'
[0.183s] Level 5:colcon.colcon_core.verb:set package 'joy_to_cmd_vel' build argument 'cmake_clean_first' from command line to 'False'
[0.183s] Level 5:colcon.colcon_core.verb:set package 'joy_to_cmd_vel' build argument 'cmake_force_configure' from command line to 'False'
[0.183s] Level 5:colcon.colcon_core.verb:set package 'joy_to_cmd_vel' build argument 'ament_cmake_args' from command line to 'None'
[0.183s] Level 5:colcon.colcon_core.verb:set package 'joy_to_cmd_vel' build argument 'catkin_cmake_args' from command line to 'None'
[0.183s] Level 5:colcon.colcon_core.verb:set package 'joy_to_cmd_vel' build argument 'catkin_skip_building_tests' from command line to 'False'
[0.183s] DEBUG:colcon.colcon_core.verb:Building package 'joy_to_cmd_vel' with the following arguments: {'ament_cmake_args': None, 'build_base': '/home/harshdev/Learning-ROS/basicbotws/build/joy_to_cmd_vel', 'catkin_cmake_args': None, 'catkin_skip_building_tests': False, 'cmake_args': None, 'cmake_clean_cache': False, 'cmake_clean_first': False, 'cmake_force_configure': False, 'cmake_target': None, 'cmake_target_skip_unavailable': False, 'install_base': '/home/harshdev/Learning-ROS/basicbotws/install/joy_to_cmd_vel', 'merge_install': False, 'path': '/home/harshdev/Learning-ROS/basicbotws/src/joy_to_cmd_vel', 'symlink_install': False, 'test_result_base': None}
[0.183s] Level 5:colcon.colcon_core.verb:set package 'joy_to_cmdvel' build argument 'cmake_args' from command line to 'None'
[0.184s] Level 5:colcon.colcon_core.verb:set package 'joy_to_cmdvel' build argument 'cmake_target' from command line to 'None'
[0.184s] Level 5:colcon.colcon_core.verb:set package 'joy_to_cmdvel' build argument 'cmake_target_skip_unavailable' from command line to 'False'
[0.184s] Level 5:colcon.colcon_core.verb:set package 'joy_to_cmdvel' build argument 'cmake_clean_cache' from command line to 'False'
[0.184s] Level 5:colcon.colcon_core.verb:set package 'joy_to_cmdvel' build argument 'cmake_clean_first' from command line to 'False'
[0.184s] Level 5:colcon.colcon_core.verb:set package 'joy_to_cmdvel' build argument 'cmake_force_configure' from command line to 'False'
[0.184s] Level 5:colcon.colcon_core.verb:set package 'joy_to_cmdvel' build argument 'ament_cmake_args' from command line to 'None'
[0.184s] Level 5:colcon.colcon_core.verb:set package 'joy_to_cmdvel' build argument 'catkin_cmake_args' from command line to 'None'
[0.184s] Level 5:colcon.colcon_core.verb:set package 'joy_to_cmdvel' build argument 'catkin_skip_building_tests' from command line to 'False'
[0.184s] DEBUG:colcon.colcon_core.verb:Building package 'joy_to_cmdvel' with the following arguments: {'ament_cmake_args': None, 'build_base': '/home/harshdev/Learning-ROS/basicbotws/build/joy_to_cmdvel', 'catkin_cmake_args': None, 'catkin_skip_building_tests': False, 'cmake_args': None, 'cmake_clean_cache': False, 'cmake_clean_first': False, 'cmake_force_configure': False, 'cmake_target': None, 'cmake_target_skip_unavailable': False, 'install_base': '/home/harshdev/Learning-ROS/basicbotws/install/joy_to_cmdvel', 'merge_install': False, 'path': '/home/harshdev/Learning-ROS/basicbotws/src/joy_to_cmdvel', 'symlink_install': False, 'test_result_base': None}
[0.184s] INFO:colcon.colcon_core.executor:Executing jobs using 'parallel' executor
[0.184s] DEBUG:colcon.colcon_parallel_executor.executor.parallel:run_until_complete
[0.185s] INFO:colcon.colcon_ros.task.ament_cmake.build:Building ROS package in '/home/harshdev/Learning-ROS/basicbotws/src/basicbot' with build type 'ament_cmake'
[0.185s] INFO:colcon.colcon_cmake.task.cmake.build:Building CMake package in '/home/harshdev/Learning-ROS/basicbotws/src/basicbot'
[0.186s] INFO:colcon.colcon_core.plugin_system:Skipping extension 'colcon_core.shell.bat': Not used on non-Windows systems
[0.186s] INFO:colcon.colcon_core.shell:Skip shell extension 'powershell' for command environment: Not usable outside of PowerShell
[0.186s] DEBUG:colcon.colcon_core.shell:Skip shell extension 'dsv' for command environment
[0.189s] INFO:colcon.colcon_ros.task.ament_python.build:Building ROS package in '/home/harshdev/Learning-ROS/basicbotws/src/joy_to_cmd_vel' with build type 'ament_python'
[0.189s] Level 1:colcon.colcon_core.shell:create_environment_hook('joy_to_cmd_vel', 'ament_prefix_path')
[0.189s] INFO:colcon.colcon_core.shell:Creating environment hook '/home/harshdev/Learning-ROS/basicbotws/install/joy_to_cmd_vel/share/joy_to_cmd_vel/hook/ament_prefix_path.ps1'
[0.190s] INFO:colcon.colcon_core.shell:Creating environment descriptor '/home/harshdev/Learning-ROS/basicbotws/install/joy_to_cmd_vel/share/joy_to_cmd_vel/hook/ament_prefix_path.dsv'
[0.190s] INFO:colcon.colcon_core.shell:Creating environment hook '/home/harshdev/Learning-ROS/basicbotws/install/joy_to_cmd_vel/share/joy_to_cmd_vel/hook/ament_prefix_path.sh'
[0.191s] INFO:colcon.colcon_core.shell:Skip shell extension 'powershell' for command environment: Not usable outside of PowerShell
[0.191s] DEBUG:colcon.colcon_core.shell:Skip shell extension 'dsv' for command environment
[0.193s] INFO:colcon.colcon_ros.task.ament_cmake.build:Building ROS package in '/home/harshdev/Learning-ROS/basicbotws/src/joy_to_cmdvel' with build type 'ament_cmake'
[0.193s] INFO:colcon.colcon_cmake.task.cmake.build:Building CMake package in '/home/harshdev/Learning-ROS/basicbotws/src/joy_to_cmdvel'
[0.193s] INFO:colcon.colcon_core.shell:Skip shell extension 'powershell' for command environment: Not usable outside of PowerShell
[0.193s] DEBUG:colcon.colcon_core.shell:Skip shell extension 'dsv' for command environment
[0.199s] DEBUG:colcon.colcon_core.event_handler.log_command:Invoking command in '/home/harshdev/Learning-ROS/basicbotws/build/basicbot': CMAKE_PREFIX_PATH=${CMAKE_PREFIX_PATH}:/opt/ros/jazzy DEBUGINFOD_URLS=https://debuginfod.ubuntu.com /usr/bin/cmake --build /home/harshdev/Learning-ROS/basicbotws/build/basicbot -- -j12 -l12
[0.344s] INFO:colcon.colcon_core.task.python.build:Building Python package in '/home/harshdev/Learning-ROS/basicbotws/src/joy_to_cmd_vel'
[0.344s] INFO:colcon.colcon_core.shell:Skip shell extension 'powershell' for command environment: Not usable outside of PowerShell
[0.344s] DEBUG:colcon.colcon_core.shell:Skip shell extension 'dsv' for command environment
[0.351s] DEBUG:colcon.colcon_core.event_handler.log_command:Invoking command in '/home/harshdev/Learning-ROS/basicbotws/build/joy_to_cmdvel': CMAKE_PREFIX_PATH=${CMAKE_PREFIX_PATH}:/opt/ros/jazzy DEBUGINFOD_URLS=https://debuginfod.ubuntu.com /usr/bin/cmake --build /home/harshdev/Learning-ROS/basicbotws/build/joy_to_cmdvel -- -j12 -l12
[0.351s] DEBUG:colcon.colcon_core.event_handler.log_command:Invoked command in '/home/harshdev/Learning-ROS/basicbotws/build/basicbot' returned '0': CMAKE_PREFIX_PATH=${CMAKE_PREFIX_PATH}:/opt/ros/jazzy DEBUGINFOD_URLS=https://debuginfod.ubuntu.com /usr/bin/cmake --build /home/harshdev/Learning-ROS/basicbotws/build/basicbot -- -j12 -l12
[0.362s] DEBUG:colcon.colcon_core.event_handler.log_command:Invoking command in '/home/harshdev/Learning-ROS/basicbotws/build/basicbot': CMAKE_PREFIX_PATH=${CMAKE_PREFIX_PATH}:/opt/ros/jazzy DEBUGINFOD_URLS=https://debuginfod.ubuntu.com /usr/bin/cmake --install /home/harshdev/Learning-ROS/basicbotws/build/basicbot
[0.382s] Level 1:colcon.colcon_core.environment:create_environment_scripts_only(basicbot)
[0.383s] DEBUG:colcon.colcon_core.event_handler.log_command:Invoked command in '/home/harshdev/Learning-ROS/basicbotws/build/basicbot' returned '0': CMAKE_PREFIX_PATH=${CMAKE_PREFIX_PATH}:/opt/ros/jazzy DEBUGINFOD_URLS=https://debuginfod.ubuntu.com /usr/bin/cmake --install /home/harshdev/Learning-ROS/basicbotws/build/basicbot
[0.390s] Level 1:colcon.colcon_core.environment:checking '/home/harshdev/Learning-ROS/basicbotws/install/basicbot' for CMake module files
[0.391s] Level 1:colcon.colcon_core.environment:checking '/home/harshdev/Learning-ROS/basicbotws/install/basicbot' for CMake config files
[0.392s] Level 1:colcon.colcon_core.shell:create_environment_hook('basicbot', 'cmake_prefix_path')
[0.393s] INFO:colcon.colcon_core.shell:Creating environment hook '/home/harshdev/Learning-ROS/basicbotws/install/basicbot/share/basicbot/hook/cmake_prefix_path.ps1'
[0.394s] INFO:colcon.colcon_core.shell:Creating environment descriptor '/home/harshdev/Learning-ROS/basicbotws/install/basicbot/share/basicbot/hook/cmake_prefix_path.dsv'
[0.395s] INFO:colcon.colcon_core.shell:Creating environment hook '/home/harshdev/Learning-ROS/basicbotws/install/basicbot/share/basicbot/hook/cmake_prefix_path.sh'
[0.397s] Level 1:colcon.colcon_core.environment:checking '/home/harshdev/Learning-ROS/basicbotws/install/basicbot/bin'
[0.397s] Level 1:colcon.colcon_core.environment:checking '/home/harshdev/Learning-ROS/basicbotws/install/basicbot/lib/pkgconfig/basicbot.pc'
[0.397s] Level 1:colcon.colcon_core.environment:checking '/home/harshdev/Learning-ROS/basicbotws/install/basicbot/lib/python3.12/site-packages'
[0.398s] Level 1:colcon.colcon_core.environment:checking '/home/harshdev/Learning-ROS/basicbotws/install/basicbot/bin'
[0.398s] INFO:colcon.colcon_core.shell:Creating package script '/home/harshdev/Learning-ROS/basicbotws/install/basicbot/share/basicbot/package.ps1'
[0.400s] INFO:colcon.colcon_core.shell:Creating package descriptor '/home/harshdev/Learning-ROS/basicbotws/install/basicbot/share/basicbot/package.dsv'
[0.401s] INFO:colcon.colcon_core.shell:Creating package script '/home/harshdev/Learning-ROS/basicbotws/install/basicbot/share/basicbot/package.sh'
[0.403s] INFO:colcon.colcon_core.shell:Creating package script '/home/harshdev/Learning-ROS/basicbotws/install/basicbot/share/basicbot/package.bash'
[0.404s] INFO:colcon.colcon_core.shell:Creating package script '/home/harshdev/Learning-ROS/basicbotws/install/basicbot/share/basicbot/package.zsh'
[0.405s] Level 1:colcon.colcon_core.environment:create_file_with_runtime_dependencies(/home/harshdev/Learning-ROS/basicbotws/install/basicbot/share/colcon-core/packages/basicbot)
[0.406s] Level 1:colcon.colcon_core.environment:create_environment_scripts_only(basicbot)
[0.407s] Level 1:colcon.colcon_core.environment:checking '/home/harshdev/Learning-ROS/basicbotws/install/basicbot' for CMake module files
[0.408s] Level 1:colcon.colcon_core.environment:checking '/home/harshdev/Learning-ROS/basicbotws/install/basicbot' for CMake config files
[0.409s] Level 1:colcon.colcon_core.shell:create_environment_hook('basicbot', 'cmake_prefix_path')
[0.409s] INFO:colcon.colcon_core.shell:Creating environment hook '/home/harshdev/Learning-ROS/basicbotws/install/basicbot/share/basicbot/hook/cmake_prefix_path.ps1'
[0.410s] INFO:colcon.colcon_core.shell:Creating environment descriptor '/home/harshdev/Learning-ROS/basicbotws/install/basicbot/share/basicbot/hook/cmake_prefix_path.dsv'
[0.411s] INFO:colcon.colcon_core.shell:Creating environment hook '/home/harshdev/Learning-ROS/basicbotws/install/basicbot/share/basicbot/hook/cmake_prefix_path.sh'
[0.412s] Level 1:colcon.colcon_core.environment:checking '/home/harshdev/Learning-ROS/basicbotws/install/basicbot/bin'
[0.413s] Level 1:colcon.colcon_core.environment:checking '/home/harshdev/Learning-ROS/basicbotws/install/basicbot/lib/pkgconfig/basicbot.pc'
[0.413s] Level 1:colcon.colcon_core.environment:checking '/home/harshdev/Learning-ROS/basicbotws/install/basicbot/lib/python3.12/site-packages'
[0.414s] Level 1:colcon.colcon_core.environment:checking '/home/harshdev/Learning-ROS/basicbotws/install/basicbot/bin'
[0.414s] INFO:colcon.colcon_core.shell:Creating package script '/home/harshdev/Learning-ROS/basicbotws/install/basicbot/share/basicbot/package.ps1'
[0.415s] INFO:colcon.colcon_core.shell:Creating package descriptor '/home/harshdev/Learning-ROS/basicbotws/install/basicbot/share/basicbot/package.dsv'
[0.416s] INFO:colcon.colcon_core.shell:Creating package script '/home/harshdev/Learning-ROS/basicbotws/install/basicbot/share/basicbot/package.sh'
[0.417s] INFO:colcon.colcon_core.shell:Creating package script '/home/harshdev/Learning-ROS/basicbotws/install/basicbot/share/basicbot/package.bash'
[0.418s] INFO:colcon.colcon_core.shell:Creating package script '/home/harshdev/Learning-ROS/basicbotws/install/basicbot/share/basicbot/package.zsh'
[0.419s] Level 1:colcon.colcon_core.environment:create_file_with_runtime_dependencies(/home/harshdev/Learning-ROS/basicbotws/install/basicbot/share/colcon-core/packages/basicbot)
[0.422s] DEBUG:colcon.colcon_core.event_handler.log_command:Invoked command in '/home/harshdev/Learning-ROS/basicbotws/build/joy_to_cmdvel' returned '0': CMAKE_PREFIX_PATH=${CMAKE_PREFIX_PATH}:/opt/ros/jazzy DEBUGINFOD_URLS=https://debuginfod.ubuntu.com /usr/bin/cmake --build /home/harshdev/Learning-ROS/basicbotws/build/joy_to_cmdvel -- -j12 -l12
[0.425s] DEBUG:colcon.colcon_core.event_handler.log_command:Invoking command in '/home/harshdev/Learning-ROS/basicbotws/build/joy_to_cmdvel': CMAKE_PREFIX_PATH=${CMAKE_PREFIX_PATH}:/opt/ros/jazzy DEBUGINFOD_URLS=https://debuginfod.ubuntu.com /usr/bin/cmake --install /home/harshdev/Learning-ROS/basicbotws/build/joy_to_cmdvel
[0.442s] Level 1:colcon.colcon_core.environment:create_environment_scripts_only(joy_to_cmdvel)
[0.442s] Level 1:colcon.colcon_core.environment:checking '/home/harshdev/Learning-ROS/basicbotws/install/joy_to_cmdvel' for CMake module files
[0.443s] DEBUG:colcon.colcon_core.event_handler.log_command:Invoked command in '/home/harshdev/Learning-ROS/basicbotws/build/joy_to_cmdvel' returned '0': CMAKE_PREFIX_PATH=${CMAKE_PREFIX_PATH}:/opt/ros/jazzy DEBUGINFOD_URLS=https://debuginfod.ubuntu.com /usr/bin/cmake --install /home/harshdev/Learning-ROS/basicbotws/build/joy_to_cmdvel
[0.444s] Level 1:colcon.colcon_core.environment:checking '/home/harshdev/Learning-ROS/basicbotws/install/joy_to_cmdvel' for CMake config files
[0.444s] Level 1:colcon.colcon_core.shell:create_environment_hook('joy_to_cmdvel', 'cmake_prefix_path')
[0.445s] INFO:colcon.colcon_core.shell:Creating environment hook '/home/harshdev/Learning-ROS/basicbotws/install/joy_to_cmdvel/share/joy_to_cmdvel/hook/cmake_prefix_path.ps1'
[0.445s] INFO:colcon.colcon_core.shell:Creating environment descriptor '/home/harshdev/Learning-ROS/basicbotws/install/joy_to_cmdvel/share/joy_to_cmdvel/hook/cmake_prefix_path.dsv'
[0.446s] INFO:colcon.colcon_core.shell:Creating environment hook '/home/harshdev/Learning-ROS/basicbotws/install/joy_to_cmdvel/share/joy_to_cmdvel/hook/cmake_prefix_path.sh'
[0.447s] Level 1:colcon.colcon_core.environment:checking '/home/harshdev/Learning-ROS/basicbotws/install/joy_to_cmdvel/bin'
[0.447s] Level 1:colcon.colcon_core.environment:checking '/home/harshdev/Learning-ROS/basicbotws/install/joy_to_cmdvel/lib/pkgconfig/joy_to_cmdvel.pc'
[0.447s] Level 1:colcon.colcon_core.environment:checking '/home/harshdev/Learning-ROS/basicbotws/install/joy_to_cmdvel/lib/python3.12/site-packages'
[0.448s] Level 1:colcon.colcon_core.environment:checking '/home/harshdev/Learning-ROS/basicbotws/install/joy_to_cmdvel/bin'
[0.448s] INFO:colcon.colcon_core.shell:Creating package script '/home/harshdev/Learning-ROS/basicbotws/install/joy_to_cmdvel/share/joy_to_cmdvel/package.ps1'
[0.449s] INFO:colcon.colcon_core.shell:Creating package descriptor '/home/harshdev/Learning-ROS/basicbotws/install/joy_to_cmdvel/share/joy_to_cmdvel/package.dsv'
[0.449s] INFO:colcon.colcon_core.shell:Creating package script '/home/harshdev/Learning-ROS/basicbotws/install/joy_to_cmdvel/share/joy_to_cmdvel/package.sh'
[0.450s] INFO:colcon.colcon_core.shell:Creating package script '/home/harshdev/Learning-ROS/basicbotws/install/joy_to_cmdvel/share/joy_to_cmdvel/package.bash'
[0.450s] INFO:colcon.colcon_core.shell:Creating package script '/home/harshdev/Learning-ROS/basicbotws/install/joy_to_cmdvel/share/joy_to_cmdvel/package.zsh'
[0.451s] Level 1:colcon.colcon_core.environment:create_file_with_runtime_dependencies(/home/harshdev/Learning-ROS/basicbotws/install/joy_to_cmdvel/share/colcon-core/packages/joy_to_cmdvel)
[0.451s] Level 1:colcon.colcon_core.environment:create_environment_scripts_only(joy_to_cmdvel)
[0.452s] Level 1:colcon.colcon_core.environment:checking '/home/harshdev/Learning-ROS/basicbotws/install/joy_to_cmdvel' for CMake module files
[0.452s] Level 1:colcon.colcon_core.environment:checking '/home/harshdev/Learning-ROS/basicbotws/install/joy_to_cmdvel' for CMake config files
[0.453s] Level 1:colcon.colcon_core.shell:create_environment_hook('joy_to_cmdvel', 'cmake_prefix_path')
[0.453s] INFO:colcon.colcon_core.shell:Creating environment hook '/home/harshdev/Learning-ROS/basicbotws/install/joy_to_cmdvel/share/joy_to_cmdvel/hook/cmake_prefix_path.ps1'
[0.454s] INFO:colcon.colcon_core.shell:Creating environment descriptor '/home/harshdev/Learning-ROS/basicbotws/install/joy_to_cmdvel/share/joy_to_cmdvel/hook/cmake_prefix_path.dsv'
[0.454s] INFO:colcon.colcon_core.shell:Creating environment hook '/home/harshdev/Learning-ROS/basicbotws/install/joy_to_cmdvel/share/joy_to_cmdvel/hook/cmake_prefix_path.sh'
[0.455s] Level 1:colcon.colcon_core.environment:checking '/home/harshdev/Learning-ROS/basicbotws/install/joy_to_cmdvel/bin'
[0.455s] Level 1:colcon.colcon_core.environment:checking '/home/harshdev/Learning-ROS/basicbotws/install/joy_to_cmdvel/lib/pkgconfig/joy_to_cmdvel.pc'
[0.455s] Level 1:colcon.colcon_core.environment:checking '/home/harshdev/Learning-ROS/basicbotws/install/joy_to_cmdvel/lib/python3.12/site-packages'
[0.455s] Level 1:colcon.colcon_core.environment:checking '/home/harshdev/Learning-ROS/basicbotws/install/joy_to_cmdvel/bin'
[0.456s] INFO:colcon.colcon_core.shell:Creating package script '/home/harshdev/Learning-ROS/basicbotws/install/joy_to_cmdvel/share/joy_to_cmdvel/package.ps1'
[0.456s] INFO:colcon.colcon_core.shell:Creating package descriptor '/home/harshdev/Learning-ROS/basicbotws/install/joy_to_cmdvel/share/joy_to_cmdvel/package.dsv'
[0.456s] INFO:colcon.colcon_core.shell:Creating package script '/home/harshdev/Learning-ROS/basicbotws/install/joy_to_cmdvel/share/joy_to_cmdvel/package.sh'
[0.457s] INFO:colcon.colcon_core.shell:Creating package script '/home/harshdev/Learning-ROS/basicbotws/install/joy_to_cmdvel/share/joy_to_cmdvel/package.bash'
[0.457s] INFO:colcon.colcon_core.shell:Creating package script '/home/harshdev/Learning-ROS/basicbotws/install/joy_to_cmdvel/share/joy_to_cmdvel/package.zsh'
[0.457s] Level 1:colcon.colcon_core.environment:create_file_with_runtime_dependencies(/home/harshdev/Learning-ROS/basicbotws/install/joy_to_cmdvel/share/colcon-core/packages/joy_to_cmdvel)
[1.195s] DEBUG:colcon.colcon_core.event_handler.log_command:Invoking command in '/home/harshdev/Learning-ROS/basicbotws/src/joy_to_cmd_vel': DEBUGINFOD_URLS=https://debuginfod.ubuntu.com PYTHONPATH=/home/harshdev/Learning-ROS/basicbotws/build/joy_to_cmd_vel/prefix_override:/usr/lib/python3/dist-packages/colcon_core/task/python/colcon_distutils_commands:/home/harshdev/Learning-ROS/basicbotws/install/joy_to_cmd_vel/lib/python3.12/site-packages:${PYTHONPATH} /usr/bin/python3 -W ignore:setup.py install is deprecated -W ignore:easy_install command is deprecated setup.py egg_info --egg-base ../../build/joy_to_cmd_vel build --build-base /home/harshdev/Learning-ROS/basicbotws/build/joy_to_cmd_vel/build install --record /home/harshdev/Learning-ROS/basicbotws/build/joy_to_cmd_vel/install.log --single-version-externally-managed install_data
[1.535s] Level 1:colcon.colcon_core.environment:checking '/home/harshdev/Learning-ROS/basicbotws/install/joy_to_cmd_vel' for CMake module files
[1.535s] Level 1:colcon.colcon_core.environment:checking '/home/harshdev/Learning-ROS/basicbotws/install/joy_to_cmd_vel' for CMake config files
[1.536s] DEBUG:colcon.colcon_core.event_handler.log_command:Invoked command in '/home/harshdev/Learning-ROS/basicbotws/src/joy_to_cmd_vel' returned '0': DEBUGINFOD_URLS=https://debuginfod.ubuntu.com PYTHONPATH=/home/harshdev/Learning-ROS/basicbotws/build/joy_to_cmd_vel/prefix_override:/usr/lib/python3/dist-packages/colcon_core/task/python/colcon_distutils_commands:/home/harshdev/Learning-ROS/basicbotws/install/joy_to_cmd_vel/lib/python3.12/site-packages:${PYTHONPATH} /usr/bin/python3 -W ignore:setup.py install is deprecated -W ignore:easy_install command is deprecated setup.py egg_info --egg-base ../../build/joy_to_cmd_vel build --build-base /home/harshdev/Learning-ROS/basicbotws/build/joy_to_cmd_vel/build install --record /home/harshdev/Learning-ROS/basicbotws/build/joy_to_cmd_vel/install.log --single-version-externally-managed install_data
[1.536s] Level 1:colcon.colcon_core.environment:checking '/home/harshdev/Learning-ROS/basicbotws/install/joy_to_cmd_vel/lib'
[1.536s] Level 1:colcon.colcon_core.environment:checking '/home/harshdev/Learning-ROS/basicbotws/install/joy_to_cmd_vel/bin'
[1.536s] Level 1:colcon.colcon_core.environment:checking '/home/harshdev/Learning-ROS/basicbotws/install/joy_to_cmd_vel/lib/pkgconfig/joy_to_cmd_vel.pc'
[1.536s] Level 1:colcon.colcon_core.environment:checking '/home/harshdev/Learning-ROS/basicbotws/install/joy_to_cmd_vel/lib/python3.12/site-packages'
[1.536s] Level 1:colcon.colcon_core.shell:create_environment_hook('joy_to_cmd_vel', 'pythonpath')
[1.536s] INFO:colcon.colcon_core.shell:Creating environment hook '/home/harshdev/Learning-ROS/basicbotws/install/joy_to_cmd_vel/share/joy_to_cmd_vel/hook/pythonpath.ps1'
[1.537s] INFO:colcon.colcon_core.shell:Creating environment descriptor '/home/harshdev/Learning-ROS/basicbotws/install/joy_to_cmd_vel/share/joy_to_cmd_vel/hook/pythonpath.dsv'
[1.537s] INFO:colcon.colcon_core.shell:Creating environment hook '/home/harshdev/Learning-ROS/basicbotws/install/joy_to_cmd_vel/share/joy_to_cmd_vel/hook/pythonpath.sh'
[1.537s] Level 1:colcon.colcon_core.environment:checking '/home/harshdev/Learning-ROS/basicbotws/install/joy_to_cmd_vel/bin'
[1.537s] Level 1:colcon.colcon_core.environment:create_environment_scripts_only(joy_to_cmd_vel)
[1.537s] INFO:colcon.colcon_core.shell:Creating package script '/home/harshdev/Learning-ROS/basicbotws/install/joy_to_cmd_vel/share/joy_to_cmd_vel/package.ps1'
[1.538s] INFO:colcon.colcon_core.shell:Creating package descriptor '/home/harshdev/Learning-ROS/basicbotws/install/joy_to_cmd_vel/share/joy_to_cmd_vel/package.dsv'
[1.538s] INFO:colcon.colcon_core.shell:Creating package script '/home/harshdev/Learning-ROS/basicbotws/install/joy_to_cmd_vel/share/joy_to_cmd_vel/package.sh'
[1.538s] INFO:colcon.colcon_core.shell:Creating package script '/home/harshdev/Learning-ROS/basicbotws/install/joy_to_cmd_vel/share/joy_to_cmd_vel/package.bash'
[1.538s] INFO:colcon.colcon_core.shell:Creating package script '/home/harshdev/Learning-ROS/basicbotws/install/joy_to_cmd_vel/share/joy_to_cmd_vel/package.zsh'
[1.538s] Level 1:colcon.colcon_core.environment:create_file_with_runtime_dependencies(/home/harshdev/Learning-ROS/basicbotws/install/joy_to_cmd_vel/share/colcon-core/packages/joy_to_cmd_vel)
[1.539s] DEBUG:colcon.colcon_parallel_executor.executor.parallel:closing loop
[1.539s] DEBUG:colcon.colcon_parallel_executor.executor.parallel:loop closed
[1.539s] DEBUG:colcon.colcon_parallel_executor.executor.parallel:run_until_complete finished with '0'
[1.539s] DEBUG:colcon.colcon_core.event_reactor:joining thread
[1.546s] INFO:colcon.colcon_core.plugin_system:Skipping extension 'colcon_notification.desktop_notification.terminal_notifier': Not used on non-Darwin systems
[1.547s] INFO:colcon.colcon_core.plugin_system:Skipping extension 'colcon_notification.desktop_notification.win32': Not used on non-Windows systems
[1.547s] INFO:colcon.colcon_notification.desktop_notification:Sending desktop notification using 'notify2'
[1.568s] DEBUG:colcon.colcon_core.event_reactor:joined thread
[1.568s] INFO:colcon.colcon_core.shell:Creating prefix script '/home/harshdev/Learning-ROS/basicbotws/install/local_setup.ps1'
[1.570s] INFO:colcon.colcon_core.shell:Creating prefix util module '/home/harshdev/Learning-ROS/basicbotws/install/_local_setup_util_ps1.py'
[1.572s] INFO:colcon.colcon_core.shell:Creating prefix chain script '/home/harshdev/Learning-ROS/basicbotws/install/setup.ps1'
[1.573s] INFO:colcon.colcon_core.shell:Creating prefix script '/home/harshdev/Learning-ROS/basicbotws/install/local_setup.sh'
[1.574s] INFO:colcon.colcon_core.shell:Creating prefix util module '/home/harshdev/Learning-ROS/basicbotws/install/_local_setup_util_sh.py'
[1.575s] INFO:colcon.colcon_core.shell:Creating prefix chain script '/home/harshdev/Learning-ROS/basicbotws/install/setup.sh'
[1.577s] INFO:colcon.colcon_core.shell:Creating prefix script '/home/harshdev/Learning-ROS/basicbotws/install/local_setup.bash'
[1.577s] INFO:colcon.colcon_core.shell:Creating prefix chain script '/home/harshdev/Learning-ROS/basicbotws/install/setup.bash'
[1.579s] INFO:colcon.colcon_core.shell:Creating prefix script '/home/harshdev/Learning-ROS/basicbotws/install/local_setup.zsh'
[1.580s] INFO:colcon.colcon_core.shell:Creating prefix chain script '/home/harshdev/Learning-ROS/basicbotws/install/setup.zsh'
