[0.378s] DEBUG:colcon:Command line arguments: ['/usr/bin/colcon', 'build']
[0.378s] DEBUG:colcon:Parsed command line arguments: Namespace(log_base=None, log_level=None, verb_name='build', build_base='build', install_base='install', merge_install=False, symlink_install=False, test_result_base=None, continue_on_error=False, executor='parallel', parallel_workers=12, event_handlers=None, ignore_user_meta=False, metas=['./colcon.meta'], base_paths=['.'], packages_ignore=None, packages_ignore_regex=None, paths=None, packages_up_to=None, packages_up_to_regex=None, packages_above=None, packages_above_and_dependencies=None, packages_above_depth=None, packages_select_by_dep=None, packages_skip_by_dep=None, packages_skip_up_to=None, packages_select_build_failed=False, packages_skip_build_finished=False, packages_select_test_failures=False, packages_skip_test_passed=False, packages_select=None, packages_skip=None, packages_select_regex=None, packages_skip_regex=None, packages_start=None, packages_end=None, allow_overriding=[], cmake_args=None, cmake_target=None, cmake_target_skip_unavailable=False, cmake_clean_cache=False, cmake_clean_first=False, cmake_force_configure=False, ament_cmake_args=None, catkin_cmake_args=None, catkin_skip_building_tests=False, mixin_files=None, mixin=None, verb_parser=<colcon_mixin.mixin.mixin_argument.MixinArgumentDecorator object at 0x7336a6f7bef0>, verb_extension=<colcon_core.verb.build.BuildVerb object at 0x7336a70c8470>, main=<bound method BuildVerb.main of <colcon_core.verb.build.BuildVerb object at 0x7336a70c8470>>, mixin_verb=('build',))
[0.471s] Level 1:colcon.colcon_core.package_discovery:discover_packages(colcon_meta) check parameters
[0.471s] Level 1:colcon.colcon_core.package_discovery:discover_packages(recursive) check parameters
[0.471s] Level 1:colcon.colcon_core.package_discovery:discover_packages(ignore) check parameters
[0.471s] Level 1:colcon.colcon_core.package_discovery:discover_packages(path) check parameters
[0.472s] Level 1:colcon.colcon_core.package_discovery:discover_packages(colcon_meta) discover
[0.472s] Level 1:colcon.colcon_core.package_discovery:discover_packages(recursive) discover
[0.472s] INFO:colcon.colcon_core.package_discovery:Crawling recursively for packages in '/home/harshdev/Learning-ROS/alffybot'
[0.472s] Level 1:colcon.colcon_core.package_identification:_identify(.) by extensions ['ignore', 'ignore_ament_install']
[0.472s] Level 1:colcon.colcon_core.package_identification:_identify(.) by extension 'ignore'
[0.472s] Level 1:colcon.colcon_core.package_identification:_identify(.) by extension 'ignore_ament_install'
[0.472s] Level 1:colcon.colcon_core.package_identification:_identify(.) by extensions ['colcon_pkg']
[0.472s] Level 1:colcon.colcon_core.package_identification:_identify(.) by extension 'colcon_pkg'
[0.472s] Level 1:colcon.colcon_core.package_identification:_identify(.) by extensions ['colcon_meta']
[0.472s] Level 1:colcon.colcon_core.package_identification:_identify(.) by extension 'colcon_meta'
[0.472s] Level 1:colcon.colcon_core.package_identification:_identify(.) by extensions ['ros']
[0.472s] Level 1:colcon.colcon_core.package_identification:_identify(.) by extension 'ros'
[0.516s] Level 1:colcon.colcon_core.package_identification:_identify(.) by extensions ['cmake', 'python']
[0.516s] Level 1:colcon.colcon_core.package_identification:_identify(.) by extension 'cmake'
[0.516s] Level 1:colcon.colcon_core.package_identification:_identify(.) by extension 'python'
[0.516s] Level 1:colcon.colcon_core.package_identification:_identify(.) by extensions ['python_setup_py']
[0.516s] Level 1:colcon.colcon_core.package_identification:_identify(.) by extension 'python_setup_py'
[0.516s] Level 1:colcon.colcon_core.package_identification:_identify(build) by extensions ['ignore', 'ignore_ament_install']
[0.516s] Level 1:colcon.colcon_core.package_identification:_identify(build) by extension 'ignore'
[0.516s] Level 1:colcon.colcon_core.package_identification:_identify(build) ignored
[0.516s] Level 1:colcon.colcon_core.package_identification:_identify(install) by extensions ['ignore', 'ignore_ament_install']
[0.516s] Level 1:colcon.colcon_core.package_identification:_identify(install) by extension 'ignore'
[0.516s] Level 1:colcon.colcon_core.package_identification:_identify(install) ignored
[0.516s] Level 1:colcon.colcon_core.package_identification:_identify(log) by extensions ['ignore', 'ignore_ament_install']
[0.516s] Level 1:colcon.colcon_core.package_identification:_identify(log) by extension 'ignore'
[0.517s] Level 1:colcon.colcon_core.package_identification:_identify(log) ignored
[0.517s] Level 1:colcon.colcon_core.package_identification:_identify(src) by extensions ['ignore', 'ignore_ament_install']
[0.517s] Level 1:colcon.colcon_core.package_identification:_identify(src) by extension 'ignore'
[0.517s] Level 1:colcon.colcon_core.package_identification:_identify(src) by extension 'ignore_ament_install'
[0.517s] Level 1:colcon.colcon_core.package_identification:_identify(src) by extensions ['colcon_pkg']
[0.517s] Level 1:colcon.colcon_core.package_identification:_identify(src) by extension 'colcon_pkg'
[0.517s] Level 1:colcon.colcon_core.package_identification:_identify(src) by extensions ['colcon_meta']
[0.517s] Level 1:colcon.colcon_core.package_identification:_identify(src) by extension 'colcon_meta'
[0.517s] Level 1:colcon.colcon_core.package_identification:_identify(src) by extensions ['ros']
[0.517s] Level 1:colcon.colcon_core.package_identification:_identify(src) by extension 'ros'
[0.517s] Level 1:colcon.colcon_core.package_identification:_identify(src) by extensions ['cmake', 'python']
[0.517s] Level 1:colcon.colcon_core.package_identification:_identify(src) by extension 'cmake'
[0.517s] Level 1:colcon.colcon_core.package_identification:_identify(src) by extension 'python'
[0.517s] Level 1:colcon.colcon_core.package_identification:_identify(src) by extensions ['python_setup_py']
[0.517s] Level 1:colcon.colcon_core.package_identification:_identify(src) by extension 'python_setup_py'
[0.517s] Level 1:colcon.colcon_core.package_identification:_identify(src/alffy_controller) by extensions ['ignore', 'ignore_ament_install']
[0.517s] Level 1:colcon.colcon_core.package_identification:_identify(src/alffy_controller) by extension 'ignore'
[0.517s] Level 1:colcon.colcon_core.package_identification:_identify(src/alffy_controller) by extension 'ignore_ament_install'
[0.517s] Level 1:colcon.colcon_core.package_identification:_identify(src/alffy_controller) by extensions ['colcon_pkg']
[0.517s] Level 1:colcon.colcon_core.package_identification:_identify(src/alffy_controller) by extension 'colcon_pkg'
[0.518s] Level 1:colcon.colcon_core.package_identification:_identify(src/alffy_controller) by extensions ['colcon_meta']
[0.518s] Level 1:colcon.colcon_core.package_identification:_identify(src/alffy_controller) by extension 'colcon_meta'
[0.518s] Level 1:colcon.colcon_core.package_identification:_identify(src/alffy_controller) by extensions ['ros']
[0.518s] Level 1:colcon.colcon_core.package_identification:_identify(src/alffy_controller) by extension 'ros'
[0.522s] DEBUG:colcon.colcon_core.package_identification:Package 'src/alffy_controller' with type 'ros.ament_cmake' and name 'alffy_controller'
[0.522s] Level 1:colcon.colcon_core.package_identification:_identify(src/alffy_description) by extensions ['ignore', 'ignore_ament_install']
[0.523s] Level 1:colcon.colcon_core.package_identification:_identify(src/alffy_description) by extension 'ignore'
[0.523s] Level 1:colcon.colcon_core.package_identification:_identify(src/alffy_description) by extension 'ignore_ament_install'
[0.523s] Level 1:colcon.colcon_core.package_identification:_identify(src/alffy_description) by extensions ['colcon_pkg']
[0.523s] Level 1:colcon.colcon_core.package_identification:_identify(src/alffy_description) by extension 'colcon_pkg'
[0.523s] Level 1:colcon.colcon_core.package_identification:_identify(src/alffy_description) by extensions ['colcon_meta']
[0.523s] Level 1:colcon.colcon_core.package_identification:_identify(src/alffy_description) by extension 'colcon_meta'
[0.523s] Level 1:colcon.colcon_core.package_identification:_identify(src/alffy_description) by extensions ['ros']
[0.523s] Level 1:colcon.colcon_core.package_identification:_identify(src/alffy_description) by extension 'ros'
[0.524s] DEBUG:colcon.colcon_core.package_identification:Package 'src/alffy_description' with type 'ros.ament_cmake' and name 'alffy_description'
[0.524s] Level 1:colcon.colcon_core.package_identification:_identify(src/alffy_talks) by extensions ['ignore', 'ignore_ament_install']
[0.524s] Level 1:colcon.colcon_core.package_identification:_identify(src/alffy_talks) by extension 'ignore'
[0.524s] Level 1:colcon.colcon_core.package_identification:_identify(src/alffy_talks) by extension 'ignore_ament_install'
[0.524s] Level 1:colcon.colcon_core.package_identification:_identify(src/alffy_talks) by extensions ['colcon_pkg']
[0.524s] Level 1:colcon.colcon_core.package_identification:_identify(src/alffy_talks) by extension 'colcon_pkg'
[0.524s] Level 1:colcon.colcon_core.package_identification:_identify(src/alffy_talks) by extensions ['colcon_meta']
[0.524s] Level 1:colcon.colcon_core.package_identification:_identify(src/alffy_talks) by extension 'colcon_meta'
[0.524s] Level 1:colcon.colcon_core.package_identification:_identify(src/alffy_talks) by extensions ['ros']
[0.524s] Level 1:colcon.colcon_core.package_identification:_identify(src/alffy_talks) by extension 'ros'
[0.525s] DEBUG:colcon.colcon_core.package_identification:Package 'src/alffy_talks' with type 'ros.ament_python' and name 'alffy_talks'
[0.525s] Level 1:colcon.colcon_core.package_discovery:discover_packages(recursive) using defaults
[0.525s] Level 1:colcon.colcon_core.package_discovery:discover_packages(ignore) discover
[0.525s] Level 1:colcon.colcon_core.package_discovery:discover_packages(ignore) using defaults
[0.525s] Level 1:colcon.colcon_core.package_discovery:discover_packages(path) discover
[0.525s] Level 1:colcon.colcon_core.package_discovery:discover_packages(path) using defaults
[0.560s] Level 1:colcon.colcon_core.package_discovery:discover_packages(prefix_path) check parameters
[0.560s] Level 1:colcon.colcon_core.package_discovery:discover_packages(prefix_path) discover
[0.567s] DEBUG:colcon.colcon_installed_package_information.package_discovery:Found 382 installed packages in /opt/ros/jazzy
[0.568s] Level 1:colcon.colcon_core.package_discovery:discover_packages(prefix_path) using defaults
[0.615s] Level 5:colcon.colcon_core.verb:set package 'alffy_controller' build argument 'cmake_args' from command line to 'None'
[0.615s] Level 5:colcon.colcon_core.verb:set package 'alffy_controller' build argument 'cmake_target' from command line to 'None'
[0.615s] Level 5:colcon.colcon_core.verb:set package 'alffy_controller' build argument 'cmake_target_skip_unavailable' from command line to 'False'
[0.615s] Level 5:colcon.colcon_core.verb:set package 'alffy_controller' build argument 'cmake_clean_cache' from command line to 'False'
[0.615s] Level 5:colcon.colcon_core.verb:set package 'alffy_controller' build argument 'cmake_clean_first' from command line to 'False'
[0.615s] Level 5:colcon.colcon_core.verb:set package 'alffy_controller' build argument 'cmake_force_configure' from command line to 'False'
[0.615s] Level 5:colcon.colcon_core.verb:set package 'alffy_controller' build argument 'ament_cmake_args' from command line to 'None'
[0.615s] Level 5:colcon.colcon_core.verb:set package 'alffy_controller' build argument 'catkin_cmake_args' from command line to 'None'
[0.615s] Level 5:colcon.colcon_core.verb:set package 'alffy_controller' build argument 'catkin_skip_building_tests' from command line to 'False'
[0.615s] DEBUG:colcon.colcon_core.verb:Building package 'alffy_controller' with the following arguments: {'ament_cmake_args': None, 'build_base': '/home/harshdev/Learning-ROS/alffybot/build/alffy_controller', 'catkin_cmake_args': None, 'catkin_skip_building_tests': False, 'cmake_args': None, 'cmake_clean_cache': False, 'cmake_clean_first': False, 'cmake_force_configure': False, 'cmake_target': None, 'cmake_target_skip_unavailable': False, 'install_base': '/home/harshdev/Learning-ROS/alffybot/install/alffy_controller', 'merge_install': False, 'path': '/home/harshdev/Learning-ROS/alffybot/src/alffy_controller', 'symlink_install': False, 'test_result_base': None}
[0.615s] Level 5:colcon.colcon_core.verb:set package 'alffy_description' build argument 'cmake_args' from command line to 'None'
[0.615s] Level 5:colcon.colcon_core.verb:set package 'alffy_description' build argument 'cmake_target' from command line to 'None'
[0.615s] Level 5:colcon.colcon_core.verb:set package 'alffy_description' build argument 'cmake_target_skip_unavailable' from command line to 'False'
[0.615s] Level 5:colcon.colcon_core.verb:set package 'alffy_description' build argument 'cmake_clean_cache' from command line to 'False'
[0.615s] Level 5:colcon.colcon_core.verb:set package 'alffy_description' build argument 'cmake_clean_first' from command line to 'False'
[0.615s] Level 5:colcon.colcon_core.verb:set package 'alffy_description' build argument 'cmake_force_configure' from command line to 'False'
[0.615s] Level 5:colcon.colcon_core.verb:set package 'alffy_description' build argument 'ament_cmake_args' from command line to 'None'
[0.615s] Level 5:colcon.colcon_core.verb:set package 'alffy_description' build argument 'catkin_cmake_args' from command line to 'None'
[0.615s] Level 5:colcon.colcon_core.verb:set package 'alffy_description' build argument 'catkin_skip_building_tests' from command line to 'False'
[0.615s] DEBUG:colcon.colcon_core.verb:Building package 'alffy_description' with the following arguments: {'ament_cmake_args': None, 'build_base': '/home/harshdev/Learning-ROS/alffybot/build/alffy_description', 'catkin_cmake_args': None, 'catkin_skip_building_tests': False, 'cmake_args': None, 'cmake_clean_cache': False, 'cmake_clean_first': False, 'cmake_force_configure': False, 'cmake_target': None, 'cmake_target_skip_unavailable': False, 'install_base': '/home/harshdev/Learning-ROS/alffybot/install/alffy_description', 'merge_install': False, 'path': '/home/harshdev/Learning-ROS/alffybot/src/alffy_description', 'symlink_install': False, 'test_result_base': None}
[0.615s] Level 5:colcon.colcon_core.verb:set package 'alffy_talks' build argument 'cmake_args' from command line to 'None'
[0.616s] Level 5:colcon.colcon_core.verb:set package 'alffy_talks' build argument 'cmake_target' from command line to 'None'
[0.616s] Level 5:colcon.colcon_core.verb:set package 'alffy_talks' build argument 'cmake_target_skip_unavailable' from command line to 'False'
[0.616s] Level 5:colcon.colcon_core.verb:set package 'alffy_talks' build argument 'cmake_clean_cache' from command line to 'False'
[0.616s] Level 5:colcon.colcon_core.verb:set package 'alffy_talks' build argument 'cmake_clean_first' from command line to 'False'
[0.616s] Level 5:colcon.colcon_core.verb:set package 'alffy_talks' build argument 'cmake_force_configure' from command line to 'False'
[0.616s] Level 5:colcon.colcon_core.verb:set package 'alffy_talks' build argument 'ament_cmake_args' from command line to 'None'
[0.616s] Level 5:colcon.colcon_core.verb:set package 'alffy_talks' build argument 'catkin_cmake_args' from command line to 'None'
[0.616s] Level 5:colcon.colcon_core.verb:set package 'alffy_talks' build argument 'catkin_skip_building_tests' from command line to 'False'
[0.616s] DEBUG:colcon.colcon_core.verb:Building package 'alffy_talks' with the following arguments: {'ament_cmake_args': None, 'build_base': '/home/harshdev/Learning-ROS/alffybot/build/alffy_talks', 'catkin_cmake_args': None, 'catkin_skip_building_tests': False, 'cmake_args': None, 'cmake_clean_cache': False, 'cmake_clean_first': False, 'cmake_force_configure': False, 'cmake_target': None, 'cmake_target_skip_unavailable': False, 'install_base': '/home/harshdev/Learning-ROS/alffybot/install/alffy_talks', 'merge_install': False, 'path': '/home/harshdev/Learning-ROS/alffybot/src/alffy_talks', 'symlink_install': False, 'test_result_base': None}
[0.616s] INFO:colcon.colcon_core.executor:Executing jobs using 'parallel' executor
[0.617s] DEBUG:colcon.colcon_parallel_executor.executor.parallel:run_until_complete
[0.617s] INFO:colcon.colcon_ros.task.ament_cmake.build:Building ROS package in '/home/harshdev/Learning-ROS/alffybot/src/alffy_controller' with build type 'ament_cmake'
[0.617s] INFO:colcon.colcon_cmake.task.cmake.build:Building CMake package in '/home/harshdev/Learning-ROS/alffybot/src/alffy_controller'
[0.621s] INFO:colcon.colcon_core.plugin_system:Skipping extension 'colcon_core.shell.bat': Not used on non-Windows systems
[0.622s] INFO:colcon.colcon_core.shell:Skip shell extension 'powershell' for command environment: Not usable outside of PowerShell
[0.622s] DEBUG:colcon.colcon_core.shell:Skip shell extension 'dsv' for command environment
[0.625s] INFO:colcon.colcon_ros.task.ament_cmake.build:Building ROS package in '/home/harshdev/Learning-ROS/alffybot/src/alffy_description' with build type 'ament_cmake'
[0.626s] INFO:colcon.colcon_cmake.task.cmake.build:Building CMake package in '/home/harshdev/Learning-ROS/alffybot/src/alffy_description'
[0.626s] INFO:colcon.colcon_core.shell:Skip shell extension 'powershell' for command environment: Not usable outside of PowerShell
[0.626s] DEBUG:colcon.colcon_core.shell:Skip shell extension 'dsv' for command environment
[0.629s] INFO:colcon.colcon_ros.task.ament_python.build:Building ROS package in '/home/harshdev/Learning-ROS/alffybot/src/alffy_talks' with build type 'ament_python'
[0.629s] Level 1:colcon.colcon_core.shell:create_environment_hook('alffy_talks', 'ament_prefix_path')
[0.629s] INFO:colcon.colcon_core.shell:Creating environment hook '/home/harshdev/Learning-ROS/alffybot/install/alffy_talks/share/alffy_talks/hook/ament_prefix_path.ps1'
[0.630s] INFO:colcon.colcon_core.shell:Creating environment descriptor '/home/harshdev/Learning-ROS/alffybot/install/alffy_talks/share/alffy_talks/hook/ament_prefix_path.dsv'
[0.630s] INFO:colcon.colcon_core.shell:Creating environment hook '/home/harshdev/Learning-ROS/alffybot/install/alffy_talks/share/alffy_talks/hook/ament_prefix_path.sh'
[0.631s] INFO:colcon.colcon_core.shell:Skip shell extension 'powershell' for command environment: Not usable outside of PowerShell
[0.631s] DEBUG:colcon.colcon_core.shell:Skip shell extension 'dsv' for command environment
[0.637s] DEBUG:colcon.colcon_core.event_handler.log_command:Invoking command in '/home/harshdev/Learning-ROS/alffybot/build/alffy_controller': CMAKE_PREFIX_PATH=${CMAKE_PREFIX_PATH}:/opt/ros/jazzy DEBUGINFOD_URLS=https://debuginfod.ubuntu.com /usr/bin/cmake --build /home/harshdev/Learning-ROS/alffybot/build/alffy_controller -- -j12 -l12
[0.641s] DEBUG:colcon.colcon_core.event_handler.log_command:Invoking command in '/home/harshdev/Learning-ROS/alffybot/build/alffy_description': CMAKE_PREFIX_PATH=${CMAKE_PREFIX_PATH}:/opt/ros/jazzy DEBUGINFOD_URLS=https://debuginfod.ubuntu.com /usr/bin/cmake --build /home/harshdev/Learning-ROS/alffybot/build/alffy_description -- -j12 -l12
[0.860s] INFO:colcon.colcon_core.task.python.build:Building Python package in '/home/harshdev/Learning-ROS/alffybot/src/alffy_talks'
[0.860s] INFO:colcon.colcon_core.shell:Skip shell extension 'powershell' for command environment: Not usable outside of PowerShell
[0.861s] DEBUG:colcon.colcon_core.shell:Skip shell extension 'dsv' for command environment
[0.866s] DEBUG:colcon.colcon_core.event_handler.log_command:Invoked command in '/home/harshdev/Learning-ROS/alffybot/build/alffy_controller' returned '0': CMAKE_PREFIX_PATH=${CMAKE_PREFIX_PATH}:/opt/ros/jazzy DEBUGINFOD_URLS=https://debuginfod.ubuntu.com /usr/bin/cmake --build /home/harshdev/Learning-ROS/alffybot/build/alffy_controller -- -j12 -l12
[0.882s] DEBUG:colcon.colcon_core.event_handler.log_command:Invoking command in '/home/harshdev/Learning-ROS/alffybot/build/alffy_controller': CMAKE_PREFIX_PATH=${CMAKE_PREFIX_PATH}:/opt/ros/jazzy DEBUGINFOD_URLS=https://debuginfod.ubuntu.com /usr/bin/cmake --install /home/harshdev/Learning-ROS/alffybot/build/alffy_controller
[0.884s] DEBUG:colcon.colcon_core.event_handler.log_command:Invoked command in '/home/harshdev/Learning-ROS/alffybot/build/alffy_description' returned '0': CMAKE_PREFIX_PATH=${CMAKE_PREFIX_PATH}:/opt/ros/jazzy DEBUGINFOD_URLS=https://debuginfod.ubuntu.com /usr/bin/cmake --build /home/harshdev/Learning-ROS/alffybot/build/alffy_description -- -j12 -l12
[0.885s] DEBUG:colcon.colcon_core.event_handler.log_command:Invoking command in '/home/harshdev/Learning-ROS/alffybot/build/alffy_description': CMAKE_PREFIX_PATH=${CMAKE_PREFIX_PATH}:/opt/ros/jazzy DEBUGINFOD_URLS=https://debuginfod.ubuntu.com /usr/bin/cmake --install /home/harshdev/Learning-ROS/alffybot/build/alffy_description
[0.902s] Level 1:colcon.colcon_core.environment:create_environment_scripts_only(alffy_controller)
[0.907s] DEBUG:colcon.colcon_core.event_handler.log_command:Invoked command in '/home/harshdev/Learning-ROS/alffybot/build/alffy_controller' returned '0': CMAKE_PREFIX_PATH=${CMAKE_PREFIX_PATH}:/opt/ros/jazzy DEBUGINFOD_URLS=https://debuginfod.ubuntu.com /usr/bin/cmake --install /home/harshdev/Learning-ROS/alffybot/build/alffy_controller
[0.916s] Level 1:colcon.colcon_core.environment:checking '/home/harshdev/Learning-ROS/alffybot/install/alffy_controller' for CMake module files
[0.917s] Level 1:colcon.colcon_core.environment:checking '/home/harshdev/Learning-ROS/alffybot/install/alffy_controller' for CMake config files
[0.918s] Level 1:colcon.colcon_core.shell:create_environment_hook('alffy_controller', 'cmake_prefix_path')
[0.918s] INFO:colcon.colcon_core.shell:Creating environment hook '/home/harshdev/Learning-ROS/alffybot/install/alffy_controller/share/alffy_controller/hook/cmake_prefix_path.ps1'
[0.919s] INFO:colcon.colcon_core.shell:Creating environment descriptor '/home/harshdev/Learning-ROS/alffybot/install/alffy_controller/share/alffy_controller/hook/cmake_prefix_path.dsv'
[0.920s] INFO:colcon.colcon_core.shell:Creating environment hook '/home/harshdev/Learning-ROS/alffybot/install/alffy_controller/share/alffy_controller/hook/cmake_prefix_path.sh'
[0.923s] Level 1:colcon.colcon_core.environment:checking '/home/harshdev/Learning-ROS/alffybot/install/alffy_controller/bin'
[0.923s] Level 1:colcon.colcon_core.environment:checking '/home/harshdev/Learning-ROS/alffybot/install/alffy_controller/lib/pkgconfig/alffy_controller.pc'
[0.924s] Level 1:colcon.colcon_core.environment:checking '/home/harshdev/Learning-ROS/alffybot/install/alffy_controller/lib/python3.12/site-packages'
[0.924s] Level 1:colcon.colcon_core.environment:checking '/home/harshdev/Learning-ROS/alffybot/install/alffy_controller/bin'
[0.925s] INFO:colcon.colcon_core.shell:Creating package script '/home/harshdev/Learning-ROS/alffybot/install/alffy_controller/share/alffy_controller/package.ps1'
[0.927s] INFO:colcon.colcon_core.shell:Creating package descriptor '/home/harshdev/Learning-ROS/alffybot/install/alffy_controller/share/alffy_controller/package.dsv'
[0.928s] INFO:colcon.colcon_core.shell:Creating package script '/home/harshdev/Learning-ROS/alffybot/install/alffy_controller/share/alffy_controller/package.sh'
[0.929s] INFO:colcon.colcon_core.shell:Creating package script '/home/harshdev/Learning-ROS/alffybot/install/alffy_controller/share/alffy_controller/package.bash'
[0.931s] INFO:colcon.colcon_core.shell:Creating package script '/home/harshdev/Learning-ROS/alffybot/install/alffy_controller/share/alffy_controller/package.zsh'
[0.934s] Level 1:colcon.colcon_core.environment:create_file_with_runtime_dependencies(/home/harshdev/Learning-ROS/alffybot/install/alffy_controller/share/colcon-core/packages/alffy_controller)
[0.935s] Level 1:colcon.colcon_core.environment:create_environment_scripts_only(alffy_controller)
[0.936s] Level 1:colcon.colcon_core.environment:checking '/home/harshdev/Learning-ROS/alffybot/install/alffy_controller' for CMake module files
[0.937s] Level 1:colcon.colcon_core.environment:checking '/home/harshdev/Learning-ROS/alffybot/install/alffy_controller' for CMake config files
[0.937s] Level 1:colcon.colcon_core.shell:create_environment_hook('alffy_controller', 'cmake_prefix_path')
[0.938s] INFO:colcon.colcon_core.shell:Creating environment hook '/home/harshdev/Learning-ROS/alffybot/install/alffy_controller/share/alffy_controller/hook/cmake_prefix_path.ps1'
[0.938s] INFO:colcon.colcon_core.shell:Creating environment descriptor '/home/harshdev/Learning-ROS/alffybot/install/alffy_controller/share/alffy_controller/hook/cmake_prefix_path.dsv'
[0.939s] INFO:colcon.colcon_core.shell:Creating environment hook '/home/harshdev/Learning-ROS/alffybot/install/alffy_controller/share/alffy_controller/hook/cmake_prefix_path.sh'
[0.940s] Level 1:colcon.colcon_core.environment:checking '/home/harshdev/Learning-ROS/alffybot/install/alffy_controller/bin'
[0.940s] Level 1:colcon.colcon_core.environment:checking '/home/harshdev/Learning-ROS/alffybot/install/alffy_controller/lib/pkgconfig/alffy_controller.pc'
[0.941s] Level 1:colcon.colcon_core.environment:checking '/home/harshdev/Learning-ROS/alffybot/install/alffy_controller/lib/python3.12/site-packages'
[0.941s] Level 1:colcon.colcon_core.environment:checking '/home/harshdev/Learning-ROS/alffybot/install/alffy_controller/bin'
[0.942s] INFO:colcon.colcon_core.shell:Creating package script '/home/harshdev/Learning-ROS/alffybot/install/alffy_controller/share/alffy_controller/package.ps1'
[0.943s] INFO:colcon.colcon_core.shell:Creating package descriptor '/home/harshdev/Learning-ROS/alffybot/install/alffy_controller/share/alffy_controller/package.dsv'
[0.944s] INFO:colcon.colcon_core.shell:Creating package script '/home/harshdev/Learning-ROS/alffybot/install/alffy_controller/share/alffy_controller/package.sh'
[0.944s] INFO:colcon.colcon_core.shell:Creating package script '/home/harshdev/Learning-ROS/alffybot/install/alffy_controller/share/alffy_controller/package.bash'
[0.945s] INFO:colcon.colcon_core.shell:Creating package script '/home/harshdev/Learning-ROS/alffybot/install/alffy_controller/share/alffy_controller/package.zsh'
[0.946s] Level 1:colcon.colcon_core.environment:create_file_with_runtime_dependencies(/home/harshdev/Learning-ROS/alffybot/install/alffy_controller/share/colcon-core/packages/alffy_controller)
[0.946s] Level 1:colcon.colcon_core.environment:create_environment_scripts_only(alffy_description)
[0.947s] Level 1:colcon.colcon_core.environment:checking '/home/harshdev/Learning-ROS/alffybot/install/alffy_description' for CMake module files
[0.948s] DEBUG:colcon.colcon_core.event_handler.log_command:Invoked command in '/home/harshdev/Learning-ROS/alffybot/build/alffy_description' returned '0': CMAKE_PREFIX_PATH=${CMAKE_PREFIX_PATH}:/opt/ros/jazzy DEBUGINFOD_URLS=https://debuginfod.ubuntu.com /usr/bin/cmake --install /home/harshdev/Learning-ROS/alffybot/build/alffy_description
[0.949s] Level 1:colcon.colcon_core.environment:checking '/home/harshdev/Learning-ROS/alffybot/install/alffy_description' for CMake config files
[0.949s] Level 1:colcon.colcon_core.shell:create_environment_hook('alffy_description', 'cmake_prefix_path')
[0.949s] INFO:colcon.colcon_core.shell:Creating environment hook '/home/harshdev/Learning-ROS/alffybot/install/alffy_description/share/alffy_description/hook/cmake_prefix_path.ps1'
[0.950s] INFO:colcon.colcon_core.shell:Creating environment descriptor '/home/harshdev/Learning-ROS/alffybot/install/alffy_description/share/alffy_description/hook/cmake_prefix_path.dsv'
[0.950s] INFO:colcon.colcon_core.shell:Creating environment hook '/home/harshdev/Learning-ROS/alffybot/install/alffy_description/share/alffy_description/hook/cmake_prefix_path.sh'
[0.951s] Level 1:colcon.colcon_core.environment:checking '/home/harshdev/Learning-ROS/alffybot/install/alffy_description/bin'
[0.951s] Level 1:colcon.colcon_core.environment:checking '/home/harshdev/Learning-ROS/alffybot/install/alffy_description/lib/pkgconfig/alffy_description.pc'
[0.951s] Level 1:colcon.colcon_core.environment:checking '/home/harshdev/Learning-ROS/alffybot/install/alffy_description/lib/python3.12/site-packages'
[0.951s] Level 1:colcon.colcon_core.environment:checking '/home/harshdev/Learning-ROS/alffybot/install/alffy_description/bin'
[0.952s] INFO:colcon.colcon_core.shell:Creating package script '/home/harshdev/Learning-ROS/alffybot/install/alffy_description/share/alffy_description/package.ps1'
[0.952s] INFO:colcon.colcon_core.shell:Creating package descriptor '/home/harshdev/Learning-ROS/alffybot/install/alffy_description/share/alffy_description/package.dsv'
[0.953s] INFO:colcon.colcon_core.shell:Creating package script '/home/harshdev/Learning-ROS/alffybot/install/alffy_description/share/alffy_description/package.sh'
[0.953s] INFO:colcon.colcon_core.shell:Creating package script '/home/harshdev/Learning-ROS/alffybot/install/alffy_description/share/alffy_description/package.bash'
[0.954s] INFO:colcon.colcon_core.shell:Creating package script '/home/harshdev/Learning-ROS/alffybot/install/alffy_description/share/alffy_description/package.zsh'
[0.954s] Level 1:colcon.colcon_core.environment:create_file_with_runtime_dependencies(/home/harshdev/Learning-ROS/alffybot/install/alffy_description/share/colcon-core/packages/alffy_description)
[0.954s] Level 1:colcon.colcon_core.environment:create_environment_scripts_only(alffy_description)
[0.955s] Level 1:colcon.colcon_core.environment:checking '/home/harshdev/Learning-ROS/alffybot/install/alffy_description' for CMake module files
[0.955s] Level 1:colcon.colcon_core.environment:checking '/home/harshdev/Learning-ROS/alffybot/install/alffy_description' for CMake config files
[0.956s] Level 1:colcon.colcon_core.shell:create_environment_hook('alffy_description', 'cmake_prefix_path')
[0.956s] INFO:colcon.colcon_core.shell:Creating environment hook '/home/harshdev/Learning-ROS/alffybot/install/alffy_description/share/alffy_description/hook/cmake_prefix_path.ps1'
[0.956s] INFO:colcon.colcon_core.shell:Creating environment descriptor '/home/harshdev/Learning-ROS/alffybot/install/alffy_description/share/alffy_description/hook/cmake_prefix_path.dsv'
[0.956s] INFO:colcon.colcon_core.shell:Creating environment hook '/home/harshdev/Learning-ROS/alffybot/install/alffy_description/share/alffy_description/hook/cmake_prefix_path.sh'
[0.957s] Level 1:colcon.colcon_core.environment:checking '/home/harshdev/Learning-ROS/alffybot/install/alffy_description/bin'
[0.957s] Level 1:colcon.colcon_core.environment:checking '/home/harshdev/Learning-ROS/alffybot/install/alffy_description/lib/pkgconfig/alffy_description.pc'
[0.957s] Level 1:colcon.colcon_core.environment:checking '/home/harshdev/Learning-ROS/alffybot/install/alffy_description/lib/python3.12/site-packages'
[0.958s] Level 1:colcon.colcon_core.environment:checking '/home/harshdev/Learning-ROS/alffybot/install/alffy_description/bin'
[0.958s] INFO:colcon.colcon_core.shell:Creating package script '/home/harshdev/Learning-ROS/alffybot/install/alffy_description/share/alffy_description/package.ps1'
[0.958s] INFO:colcon.colcon_core.shell:Creating package descriptor '/home/harshdev/Learning-ROS/alffybot/install/alffy_description/share/alffy_description/package.dsv'
[0.959s] INFO:colcon.colcon_core.shell:Creating package script '/home/harshdev/Learning-ROS/alffybot/install/alffy_description/share/alffy_description/package.sh'
[0.959s] INFO:colcon.colcon_core.shell:Creating package script '/home/harshdev/Learning-ROS/alffybot/install/alffy_description/share/alffy_description/package.bash'
[0.959s] INFO:colcon.colcon_core.shell:Creating package script '/home/harshdev/Learning-ROS/alffybot/install/alffy_description/share/alffy_description/package.zsh'
[0.960s] Level 1:colcon.colcon_core.environment:create_file_with_runtime_dependencies(/home/harshdev/Learning-ROS/alffybot/install/alffy_description/share/colcon-core/packages/alffy_description)
[1.618s] DEBUG:colcon.colcon_core.event_handler.log_command:Invoking command in '/home/harshdev/Learning-ROS/alffybot/src/alffy_talks': DEBUGINFOD_URLS=https://debuginfod.ubuntu.com PYTHONPATH=/home/harshdev/Learning-ROS/alffybot/build/alffy_talks/prefix_override:/usr/lib/python3/dist-packages/colcon_core/task/python/colcon_distutils_commands:/home/harshdev/Learning-ROS/alffybot/install/alffy_talks/lib/python3.12/site-packages:${PYTHONPATH} /usr/bin/python3 -W ignore:setup.py install is deprecated -W ignore:easy_install command is deprecated setup.py egg_info --egg-base ../../build/alffy_talks build --build-base /home/harshdev/Learning-ROS/alffybot/build/alffy_talks/build install --record /home/harshdev/Learning-ROS/alffybot/build/alffy_talks/install.log --single-version-externally-managed install_data
[1.928s] Level 1:colcon.colcon_core.environment:checking '/home/harshdev/Learning-ROS/alffybot/install/alffy_talks' for CMake module files
[1.929s] DEBUG:colcon.colcon_core.event_handler.log_command:Invoked command in '/home/harshdev/Learning-ROS/alffybot/src/alffy_talks' returned '0': DEBUGINFOD_URLS=https://debuginfod.ubuntu.com PYTHONPATH=/home/harshdev/Learning-ROS/alffybot/build/alffy_talks/prefix_override:/usr/lib/python3/dist-packages/colcon_core/task/python/colcon_distutils_commands:/home/harshdev/Learning-ROS/alffybot/install/alffy_talks/lib/python3.12/site-packages:${PYTHONPATH} /usr/bin/python3 -W ignore:setup.py install is deprecated -W ignore:easy_install command is deprecated setup.py egg_info --egg-base ../../build/alffy_talks build --build-base /home/harshdev/Learning-ROS/alffybot/build/alffy_talks/build install --record /home/harshdev/Learning-ROS/alffybot/build/alffy_talks/install.log --single-version-externally-managed install_data
[1.929s] Level 1:colcon.colcon_core.environment:checking '/home/harshdev/Learning-ROS/alffybot/install/alffy_talks' for CMake config files
[1.929s] Level 1:colcon.colcon_core.environment:checking '/home/harshdev/Learning-ROS/alffybot/install/alffy_talks/lib'
[1.929s] Level 1:colcon.colcon_core.environment:checking '/home/harshdev/Learning-ROS/alffybot/install/alffy_talks/bin'
[1.930s] Level 1:colcon.colcon_core.environment:checking '/home/harshdev/Learning-ROS/alffybot/install/alffy_talks/lib/pkgconfig/alffy_talks.pc'
[1.930s] Level 1:colcon.colcon_core.environment:checking '/home/harshdev/Learning-ROS/alffybot/install/alffy_talks/lib/python3.12/site-packages'
[1.930s] Level 1:colcon.colcon_core.shell:create_environment_hook('alffy_talks', 'pythonpath')
[1.930s] INFO:colcon.colcon_core.shell:Creating environment hook '/home/harshdev/Learning-ROS/alffybot/install/alffy_talks/share/alffy_talks/hook/pythonpath.ps1'
[1.930s] INFO:colcon.colcon_core.shell:Creating environment descriptor '/home/harshdev/Learning-ROS/alffybot/install/alffy_talks/share/alffy_talks/hook/pythonpath.dsv'
[1.930s] INFO:colcon.colcon_core.shell:Creating environment hook '/home/harshdev/Learning-ROS/alffybot/install/alffy_talks/share/alffy_talks/hook/pythonpath.sh'
[1.931s] Level 1:colcon.colcon_core.environment:checking '/home/harshdev/Learning-ROS/alffybot/install/alffy_talks/bin'
[1.931s] Level 1:colcon.colcon_core.environment:create_environment_scripts_only(alffy_talks)
[1.931s] INFO:colcon.colcon_core.shell:Creating package script '/home/harshdev/Learning-ROS/alffybot/install/alffy_talks/share/alffy_talks/package.ps1'
[1.931s] INFO:colcon.colcon_core.shell:Creating package descriptor '/home/harshdev/Learning-ROS/alffybot/install/alffy_talks/share/alffy_talks/package.dsv'
[1.931s] INFO:colcon.colcon_core.shell:Creating package script '/home/harshdev/Learning-ROS/alffybot/install/alffy_talks/share/alffy_talks/package.sh'
[1.932s] INFO:colcon.colcon_core.shell:Creating package script '/home/harshdev/Learning-ROS/alffybot/install/alffy_talks/share/alffy_talks/package.bash'
[1.932s] INFO:colcon.colcon_core.shell:Creating package script '/home/harshdev/Learning-ROS/alffybot/install/alffy_talks/share/alffy_talks/package.zsh'
[1.932s] Level 1:colcon.colcon_core.environment:create_file_with_runtime_dependencies(/home/harshdev/Learning-ROS/alffybot/install/alffy_talks/share/colcon-core/packages/alffy_talks)
[1.932s] DEBUG:colcon.colcon_parallel_executor.executor.parallel:closing loop
[1.932s] DEBUG:colcon.colcon_parallel_executor.executor.parallel:loop closed
[1.932s] DEBUG:colcon.colcon_parallel_executor.executor.parallel:run_until_complete finished with '0'
[1.932s] DEBUG:colcon.colcon_core.event_reactor:joining thread
[1.941s] INFO:colcon.colcon_core.plugin_system:Skipping extension 'colcon_notification.desktop_notification.terminal_notifier': Not used on non-Darwin systems
[1.941s] INFO:colcon.colcon_core.plugin_system:Skipping extension 'colcon_notification.desktop_notification.win32': Not used on non-Windows systems
[1.941s] INFO:colcon.colcon_notification.desktop_notification:Sending desktop notification using 'notify2'
[1.973s] DEBUG:colcon.colcon_core.event_reactor:joined thread
[1.973s] INFO:colcon.colcon_core.shell:Creating prefix script '/home/harshdev/Learning-ROS/alffybot/install/local_setup.ps1'
[1.975s] INFO:colcon.colcon_core.shell:Creating prefix util module '/home/harshdev/Learning-ROS/alffybot/install/_local_setup_util_ps1.py'
[1.977s] INFO:colcon.colcon_core.shell:Creating prefix chain script '/home/harshdev/Learning-ROS/alffybot/install/setup.ps1'
[1.979s] INFO:colcon.colcon_core.shell:Creating prefix script '/home/harshdev/Learning-ROS/alffybot/install/local_setup.sh'
[1.981s] INFO:colcon.colcon_core.shell:Creating prefix util module '/home/harshdev/Learning-ROS/alffybot/install/_local_setup_util_sh.py'
[1.982s] INFO:colcon.colcon_core.shell:Creating prefix chain script '/home/harshdev/Learning-ROS/alffybot/install/setup.sh'
[1.984s] INFO:colcon.colcon_core.shell:Creating prefix script '/home/harshdev/Learning-ROS/alffybot/install/local_setup.bash'
[1.985s] INFO:colcon.colcon_core.shell:Creating prefix chain script '/home/harshdev/Learning-ROS/alffybot/install/setup.bash'
[1.987s] INFO:colcon.colcon_core.shell:Creating prefix script '/home/harshdev/Learning-ROS/alffybot/install/local_setup.zsh'
[1.988s] INFO:colcon.colcon_core.shell:Creating prefix chain script '/home/harshdev/Learning-ROS/alffybot/install/setup.zsh'
