running egg_info
creating ../../build/joy_to_cmd_vel/joy_to_cmd_vel.egg-info
writing ../../build/joy_to_cmd_vel/joy_to_cmd_vel.egg-info/PKG-INFO
writing dependency_links to ../../build/joy_to_cmd_vel/joy_to_cmd_vel.egg-info/dependency_links.txt
writing entry points to ../../build/joy_to_cmd_vel/joy_to_cmd_vel.egg-info/entry_points.txt
writing requirements to ../../build/joy_to_cmd_vel/joy_to_cmd_vel.egg-info/requires.txt
writing top-level names to ../../build/joy_to_cmd_vel/joy_to_cmd_vel.egg-info/top_level.txt
writing manifest file '../../build/joy_to_cmd_vel/joy_to_cmd_vel.egg-info/SOURCES.txt'
reading manifest file '../../build/joy_to_cmd_vel/joy_to_cmd_vel.egg-info/SOURCES.txt'
writing manifest file '../../build/joy_to_cmd_vel/joy_to_cmd_vel.egg-info/SOURCES.txt'
running build
running build_py
creating /home/harshdev/Learning-ROS/basicbotws/build/joy_to_cmd_vel/build
creating /home/harshdev/Learning-ROS/basicbotws/build/joy_to_cmd_vel/build/lib
creating /home/harshdev/Learning-ROS/basicbotws/build/joy_to_cmd_vel/build/lib/joy_to_cmd_vel
copying joy_to_cmd_vel/__init__.py -> /home/harshdev/Learning-ROS/basicbotws/build/joy_to_cmd_vel/build/lib/joy_to_cmd_vel
copying joy_to_cmd_vel/oy_to_cmd_vel.py -> /home/harshdev/Learning-ROS/basicbotws/build/joy_to_cmd_vel/build/lib/joy_to_cmd_vel
running install
running install_lib
creating /home/harshdev/Learning-ROS/basicbotws/install/joy_to_cmd_vel/lib/python3.12/site-packages/joy_to_cmd_vel
copying /home/harshdev/Learning-ROS/basicbotws/build/joy_to_cmd_vel/build/lib/joy_to_cmd_vel/__init__.py -> /home/harshdev/Learning-ROS/basicbotws/install/joy_to_cmd_vel/lib/python3.12/site-packages/joy_to_cmd_vel
copying /home/harshdev/Learning-ROS/basicbotws/build/joy_to_cmd_vel/build/lib/joy_to_cmd_vel/oy_to_cmd_vel.py -> /home/harshdev/Learning-ROS/basicbotws/install/joy_to_cmd_vel/lib/python3.12/site-packages/joy_to_cmd_vel
byte-compiling /home/harshdev/Learning-ROS/basicbotws/install/joy_to_cmd_vel/lib/python3.12/site-packages/joy_to_cmd_vel/__init__.py to __init__.cpython-312.pyc
byte-compiling /home/harshdev/Learning-ROS/basicbotws/install/joy_to_cmd_vel/lib/python3.12/site-packages/joy_to_cmd_vel/oy_to_cmd_vel.py to oy_to_cmd_vel.cpython-312.pyc
running install_data
creating /home/harshdev/Learning-ROS/basicbotws/install/joy_to_cmd_vel/share/ament_index
creating /home/harshdev/Learning-ROS/basicbotws/install/joy_to_cmd_vel/share/ament_index/resource_index
creating /home/harshdev/Learning-ROS/basicbotws/install/joy_to_cmd_vel/share/ament_index/resource_index/packages
copying resource/joy_to_cmd_vel -> /home/harshdev/Learning-ROS/basicbotws/install/joy_to_cmd_vel/share/ament_index/resource_index/packages
copying package.xml -> /home/harshdev/Learning-ROS/basicbotws/install/joy_to_cmd_vel/share/joy_to_cmd_vel
running install_egg_info
Copying ../../build/joy_to_cmd_vel/joy_to_cmd_vel.egg-info to /home/harshdev/Learning-ROS/basicbotws/install/joy_to_cmd_vel/lib/python3.12/site-packages/joy_to_cmd_vel-0.0.0-py3.12.egg-info
running install_scripts
Installing joy_to_cmd_vel script to /home/harshdev/Learning-ROS/basicbotws/install/joy_to_cmd_vel/lib/joy_to_cmd_vel
writing list of installed files to '/home/harshdev/Learning-ROS/basicbotws/build/joy_to_cmd_vel/install.log'
