[0.717s] Invoking command in '/home/harshdev/Learning-ROS/basicbotws/src/joy_to_cmd_vel': DEBUGINFOD_URLS=https://debuginfod.ubuntu.com PYTHONPATH=/home/harshdev/Learning-ROS/basicbotws/build/joy_to_cmd_vel/prefix_override:/usr/lib/python3/dist-packages/colcon_core/task/python/colcon_distutils_commands:/home/harshdev/Learning-ROS/basicbotws/install/joy_to_cmd_vel/lib/python3.12/site-packages:${PYTHONPATH} /usr/bin/python3 -W ignore:setup.py install is deprecated -W ignore:easy_install command is deprecated setup.py egg_info --egg-base ../../build/joy_to_cmd_vel build --build-base /home/harshdev/Learning-ROS/basicbotws/build/joy_to_cmd_vel/build install --record /home/harshdev/Learning-ROS/basicbotws/build/joy_to_cmd_vel/install.log --single-version-externally-managed install_data
[0.965s] running egg_info
[0.965s] creating ../../build/joy_to_cmd_vel/joy_to_cmd_vel.egg-info
[0.976s] writing ../../build/joy_to_cmd_vel/joy_to_cmd_vel.egg-info/PKG-INFO
[0.976s] writing dependency_links to ../../build/joy_to_cmd_vel/joy_to_cmd_vel.egg-info/dependency_links.txt
[0.976s] writing entry points to ../../build/joy_to_cmd_vel/joy_to_cmd_vel.egg-info/entry_points.txt
[0.976s] writing requirements to ../../build/joy_to_cmd_vel/joy_to_cmd_vel.egg-info/requires.txt
[0.976s] writing top-level names to ../../build/joy_to_cmd_vel/joy_to_cmd_vel.egg-info/top_level.txt
[0.977s] writing manifest file '../../build/joy_to_cmd_vel/joy_to_cmd_vel.egg-info/SOURCES.txt'
[1.000s] reading manifest file '../../build/joy_to_cmd_vel/joy_to_cmd_vel.egg-info/SOURCES.txt'
[1.000s] writing manifest file '../../build/joy_to_cmd_vel/joy_to_cmd_vel.egg-info/SOURCES.txt'
[1.000s] running build
[1.000s] running build_py
[1.001s] creating /home/harshdev/Learning-ROS/basicbotws/build/joy_to_cmd_vel/build
[1.001s] creating /home/harshdev/Learning-ROS/basicbotws/build/joy_to_cmd_vel/build/lib
[1.001s] creating /home/harshdev/Learning-ROS/basicbotws/build/joy_to_cmd_vel/build/lib/joy_to_cmd_vel
[1.001s] copying joy_to_cmd_vel/__init__.py -> /home/harshdev/Learning-ROS/basicbotws/build/joy_to_cmd_vel/build/lib/joy_to_cmd_vel
[1.001s] copying joy_to_cmd_vel/oy_to_cmd_vel.py -> /home/harshdev/Learning-ROS/basicbotws/build/joy_to_cmd_vel/build/lib/joy_to_cmd_vel
[1.001s] running install
[1.005s] running install_lib
[1.017s] creating /home/harshdev/Learning-ROS/basicbotws/install/joy_to_cmd_vel/lib/python3.12/site-packages/joy_to_cmd_vel
[1.017s] copying /home/harshdev/Learning-ROS/basicbotws/build/joy_to_cmd_vel/build/lib/joy_to_cmd_vel/__init__.py -> /home/harshdev/Learning-ROS/basicbotws/install/joy_to_cmd_vel/lib/python3.12/site-packages/joy_to_cmd_vel
[1.017s] copying /home/harshdev/Learning-ROS/basicbotws/build/joy_to_cmd_vel/build/lib/joy_to_cmd_vel/oy_to_cmd_vel.py -> /home/harshdev/Learning-ROS/basicbotws/install/joy_to_cmd_vel/lib/python3.12/site-packages/joy_to_cmd_vel
[1.017s] byte-compiling /home/harshdev/Learning-ROS/basicbotws/install/joy_to_cmd_vel/lib/python3.12/site-packages/joy_to_cmd_vel/__init__.py to __init__.cpython-312.pyc
[1.017s] byte-compiling /home/harshdev/Learning-ROS/basicbotws/install/joy_to_cmd_vel/lib/python3.12/site-packages/joy_to_cmd_vel/oy_to_cmd_vel.py to oy_to_cmd_vel.cpython-312.pyc
[1.018s] running install_data
[1.018s] creating /home/harshdev/Learning-ROS/basicbotws/install/joy_to_cmd_vel/share/ament_index
[1.018s] creating /home/harshdev/Learning-ROS/basicbotws/install/joy_to_cmd_vel/share/ament_index/resource_index
[1.018s] creating /home/harshdev/Learning-ROS/basicbotws/install/joy_to_cmd_vel/share/ament_index/resource_index/packages
[1.018s] copying resource/joy_to_cmd_vel -> /home/harshdev/Learning-ROS/basicbotws/install/joy_to_cmd_vel/share/ament_index/resource_index/packages
[1.018s] copying package.xml -> /home/harshdev/Learning-ROS/basicbotws/install/joy_to_cmd_vel/share/joy_to_cmd_vel
[1.018s] running install_egg_info
[1.031s] Copying ../../build/joy_to_cmd_vel/joy_to_cmd_vel.egg-info to /home/harshdev/Learning-ROS/basicbotws/install/joy_to_cmd_vel/lib/python3.12/site-packages/joy_to_cmd_vel-0.0.0-py3.12.egg-info
[1.031s] running install_scripts
[1.151s] Installing joy_to_cmd_vel script to /home/harshdev/Learning-ROS/basicbotws/install/joy_to_cmd_vel/lib/joy_to_cmd_vel
[1.152s] writing list of installed files to '/home/harshdev/Learning-ROS/basicbotws/build/joy_to_cmd_vel/install.log'
[1.193s] Invoked command in '/home/harshdev/Learning-ROS/basicbotws/src/joy_to_cmd_vel' returned '0': DEBUGINFOD_URLS=https://debuginfod.ubuntu.com PYTHONPATH=/home/harshdev/Learning-ROS/basicbotws/build/joy_to_cmd_vel/prefix_override:/usr/lib/python3/dist-packages/colcon_core/task/python/colcon_distutils_commands:/home/harshdev/Learning-ROS/basicbotws/install/joy_to_cmd_vel/lib/python3.12/site-packages:${PYTHONPATH} /usr/bin/python3 -W ignore:setup.py install is deprecated -W ignore:easy_install command is deprecated setup.py egg_info --egg-base ../../build/joy_to_cmd_vel build --build-base /home/harshdev/Learning-ROS/basicbotws/build/joy_to_cmd_vel/build install --record /home/harshdev/Learning-ROS/basicbotws/build/joy_to_cmd_vel/install.log --single-version-externally-managed install_data
