[0.020s] Invoking command in '/home/harshdev/Learning-ROS/alffybot/build/alffy_description': CMAKE_PREFIX_PATH=${CMAKE_PREFIX_PATH}:/opt/ros/jazzy DEBUGINFOD_URLS=https://debuginfod.ubuntu.com /usr/bin/cmake --build /home/harshdev/Learning-ROS/alffybot/build/alffy_description -- -j12 -l12
[0.065s] -- Found ament_cmake: 2.5.3 (/opt/ros/jazzy/share/ament_cmake/cmake)
[0.366s] -- Found ament_lint_auto: 0.17.1 (/opt/ros/jazzy/share/ament_lint_auto/cmake)
[0.463s] -- Added test 'flake8' to check Python code syntax and style conventions
[0.463s] -- Configured 'flake8' exclude dirs and/or files: 
[0.465s] -- Added test 'lint_cmake' to check CMake code style
[0.465s] -- Added test 'pep257' to check Python code against some of the docstring style conventions in PEP 257
[0.469s] -- Added test 'xmllint' to check XML markup files
[0.471s] -- Configuring done (0.4s)
[0.479s] -- Generating done (0.0s)
[0.483s] -- Build files have been written to: /home/harshdev/Learning-ROS/alffybot/build/alffy_description
[0.518s] Invoked command in '/home/harshdev/Learning-ROS/alffybot/build/alffy_description' returned '0': CMAKE_PREFIX_PATH=${CMAKE_PREFIX_PATH}:/opt/ros/jazzy DEBUGINFOD_URLS=https://debuginfod.ubuntu.com /usr/bin/cmake --build /home/harshdev/Learning-ROS/alffybot/build/alffy_description -- -j12 -l12
[0.519s] Invoking command in '/home/harshdev/Learning-ROS/alffybot/build/alffy_description': CMAKE_PREFIX_PATH=${CMAKE_PREFIX_PATH}:/opt/ros/jazzy DEBUGINFOD_URLS=https://debuginfod.ubuntu.com /usr/bin/cmake --install /home/harshdev/Learning-ROS/alffybot/build/alffy_description
[0.527s] -- Install configuration: ""
[0.527s] -- Up-to-date: /home/harshdev/Learning-ROS/alffybot/install/alffy_description/share/alffy_description/launch
[0.527s] -- Up-to-date: /home/harshdev/Learning-ROS/alffybot/install/alffy_description/share/alffy_description/launch/display.launch.py
[0.527s] -- Installing: /home/harshdev/Learning-ROS/alffybot/install/alffy_description/share/alffy_description/launch/gazebo.launch.py
[0.528s] -- Up-to-date: /home/harshdev/Learning-ROS/alffybot/install/alffy_description/share/alffy_description/meshes
[0.528s] -- Up-to-date: /home/harshdev/Learning-ROS/alffybot/install/alffy_description/share/alffy_description/meshes/base_link.STL
[0.528s] -- Up-to-date: /home/harshdev/Learning-ROS/alffybot/install/alffy_description/share/alffy_description/meshes/caster_front_link.STL
[0.528s] -- Up-to-date: /home/harshdev/Learning-ROS/alffybot/install/alffy_description/share/alffy_description/meshes/imu_link.STL
[0.528s] -- Up-to-date: /home/harshdev/Learning-ROS/alffybot/install/alffy_description/share/alffy_description/meshes/caster_rear_link.STL
[0.528s] -- Up-to-date: /home/harshdev/Learning-ROS/alffybot/install/alffy_description/share/alffy_description/meshes/wheel_left_link.STL
[0.528s] -- Up-to-date: /home/harshdev/Learning-ROS/alffybot/install/alffy_description/share/alffy_description/meshes/wheel_right_link.STL
[0.529s] -- Up-to-date: /home/harshdev/Learning-ROS/alffybot/install/alffy_description/share/alffy_description/urdf
[0.529s] -- Installing: /home/harshdev/Learning-ROS/alffybot/install/alffy_description/share/alffy_description/urdf/alffy_gazebo.xacro
[0.529s] -- Installing: /home/harshdev/Learning-ROS/alffybot/install/alffy_description/share/alffy_description/urdf/alffy_ros2_control.xacro
[0.529s] -- Installing: /home/harshdev/Learning-ROS/alffybot/install/alffy_description/share/alffy_description/urdf/alffy.urdf.xacro
[0.529s] -- Up-to-date: /home/harshdev/Learning-ROS/alffybot/install/alffy_description/share/alffy_description/rviz
[0.529s] -- Up-to-date: /home/harshdev/Learning-ROS/alffybot/install/alffy_description/share/alffy_description/rviz/display.rviz
[0.529s] -- Installing: /home/harshdev/Learning-ROS/alffybot/install/alffy_description/share/ament_index/resource_index/package_run_dependencies/alffy_description
[0.529s] -- Up-to-date: /home/harshdev/Learning-ROS/alffybot/install/alffy_description/share/ament_index/resource_index/parent_prefix_path/alffy_description
[0.529s] -- Up-to-date: /home/harshdev/Learning-ROS/alffybot/install/alffy_description/share/alffy_description/environment/ament_prefix_path.sh
[0.529s] -- Up-to-date: /home/harshdev/Learning-ROS/alffybot/install/alffy_description/share/alffy_description/environment/ament_prefix_path.dsv
[0.530s] -- Up-to-date: /home/harshdev/Learning-ROS/alffybot/install/alffy_description/share/alffy_description/environment/path.sh
[0.530s] -- Up-to-date: /home/harshdev/Learning-ROS/alffybot/install/alffy_description/share/alffy_description/environment/path.dsv
[0.530s] -- Up-to-date: /home/harshdev/Learning-ROS/alffybot/install/alffy_description/share/alffy_description/local_setup.bash
[0.530s] -- Up-to-date: /home/harshdev/Learning-ROS/alffybot/install/alffy_description/share/alffy_description/local_setup.sh
[0.530s] -- Up-to-date: /home/harshdev/Learning-ROS/alffybot/install/alffy_description/share/alffy_description/local_setup.zsh
[0.530s] -- Up-to-date: /home/harshdev/Learning-ROS/alffybot/install/alffy_description/share/alffy_description/local_setup.dsv
[0.530s] -- Installing: /home/harshdev/Learning-ROS/alffybot/install/alffy_description/share/alffy_description/package.dsv
[0.530s] -- Up-to-date: /home/harshdev/Learning-ROS/alffybot/install/alffy_description/share/ament_index/resource_index/packages/alffy_description
[0.530s] -- Up-to-date: /home/harshdev/Learning-ROS/alffybot/install/alffy_description/share/alffy_description/cmake/alffy_descriptionConfig.cmake
[0.530s] -- Up-to-date: /home/harshdev/Learning-ROS/alffybot/install/alffy_description/share/alffy_description/cmake/alffy_descriptionConfig-version.cmake
[0.530s] -- Installing: /home/harshdev/Learning-ROS/alffybot/install/alffy_description/share/alffy_description/package.xml
[0.532s] Invoked command in '/home/harshdev/Learning-ROS/alffybot/build/alffy_description' returned '0': CMAKE_PREFIX_PATH=${CMAKE_PREFIX_PATH}:/opt/ros/jazzy DEBUGINFOD_URLS=https://debuginfod.ubuntu.com /usr/bin/cmake --install /home/harshdev/Learning-ROS/alffybot/build/alffy_description
