[0.028s] Invoking command in '/home/harshdev/Learning-ROS/build/alfred_bot': CMAKE_PREFIX_PATH=${CMAKE_PREFIX_PATH}:/opt/ros/jazzy DEBUGINFOD_URLS=https://debuginfod.ubuntu.com /usr/bin/cmake --build /home/harshdev/Learning-ROS/build/alfred_bot -- -j12 -l12
[0.301s] -- Found ament_cmake: 2.5.3 (/opt/ros/jazzy/share/ament_cmake/cmake)
[0.369s] -- Found ament_lint_auto: 0.17.1 (/opt/ros/jazzy/share/ament_lint_auto/cmake)
[0.489s] -- Added test 'flake8' to check Python code syntax and style conventions
[0.489s] -- Configured 'flake8' exclude dirs and/or files: 
[0.490s] -- Added test 'lint_cmake' to check CMake code style
[0.490s] -- Added test 'pep257' to check Python code against some of the docstring style conventions in PEP 257
[0.492s] -- Added test 'xmllint' to check XML markup files
[0.492s] -- Configuring done (0.4s)
[0.495s] -- Generating done (0.0s)
[0.497s] -- Build files have been written to: /home/harshdev/Learning-ROS/build/alfred_bot
[0.627s] Invoked command in '/home/harshdev/Learning-ROS/build/alfred_bot' returned '0': CMAKE_PREFIX_PATH=${CMAKE_PREFIX_PATH}:/opt/ros/jazzy DEBUGINFOD_URLS=https://debuginfod.ubuntu.com /usr/bin/cmake --build /home/harshdev/Learning-ROS/build/alfred_bot -- -j12 -l12
[0.628s] Invoking command in '/home/harshdev/Learning-ROS/build/alfred_bot': CMAKE_PREFIX_PATH=${CMAKE_PREFIX_PATH}:/opt/ros/jazzy DEBUGINFOD_URLS=https://debuginfod.ubuntu.com /usr/bin/cmake --install /home/harshdev/Learning-ROS/build/alfred_bot
[0.647s] -- Install configuration: ""
[0.647s] -- Installing: /home/harshdev/Learning-ROS/install/alfred_bot/share/alfred_bot/config
[0.648s] -- Installing: /home/harshdev/Learning-ROS/install/alfred_bot/share/alfred_bot/config/gz_bridge.yaml
[0.648s] -- Installing: /home/harshdev/Learning-ROS/install/alfred_bot/share/alfred_bot/config/empty.yaml
[0.649s] -- Installing: /home/harshdev/Learning-ROS/install/alfred_bot/share/alfred_bot/config/my_controllers.yaml
[0.649s] -- Installing: /home/harshdev/Learning-ROS/install/alfred_bot/share/alfred_bot/config/gaz_ros2_ctl_use_sim.yaml
[0.649s] -- Installing: /home/harshdev/Learning-ROS/install/alfred_bot/share/alfred_bot/description
[0.649s] -- Installing: /home/harshdev/Learning-ROS/install/alfred_bot/share/alfred_bot/description/inertial_macros.xacro
[0.650s] -- Installing: /home/harshdev/Learning-ROS/install/alfred_bot/share/alfred_bot/description/gazebo_control.xacro
[0.650s] -- Installing: /home/harshdev/Learning-ROS/install/alfred_bot/share/alfred_bot/description/materials.xacro
[0.650s] -- Installing: /home/harshdev/Learning-ROS/install/alfred_bot/share/alfred_bot/description/robot.urdf.xacro
[0.650s] -- Installing: /home/harshdev/Learning-ROS/install/alfred_bot/share/alfred_bot/description/robot_core.xacro
[0.650s] -- Installing: /home/harshdev/Learning-ROS/install/alfred_bot/share/alfred_bot/description/ros2_control.xacro
[0.651s] -- Installing: /home/harshdev/Learning-ROS/install/alfred_bot/share/alfred_bot/description/robot_measurements.xacro
[0.651s] -- Installing: /home/harshdev/Learning-ROS/install/alfred_bot/share/alfred_bot/launch
[0.651s] -- Installing: /home/harshdev/Learning-ROS/install/alfred_bot/share/alfred_bot/launch/rsp.launch.py
[0.651s] -- Installing: /home/harshdev/Learning-ROS/install/alfred_bot/share/alfred_bot/launch/launch_sim.launch.py
[0.652s] -- Installing: /home/harshdev/Learning-ROS/install/alfred_bot/share/alfred_bot/worlds
[0.652s] -- Installing: /home/harshdev/Learning-ROS/install/alfred_bot/share/alfred_bot/worlds/empty.world
[0.652s] [31mCMake Error at cmake_install.cmake:46 (file):
[0.652s]   file INSTALL cannot find "/home/harshdev/Learning-ROS/alfred_bot/hardware":
[0.652s]   No such file or directory.
[0.653s] 
[0.653s] [0m
[0.653s] Invoked command in '/home/harshdev/Learning-ROS/build/alfred_bot' returned '1': CMAKE_PREFIX_PATH=${CMAKE_PREFIX_PATH}:/opt/ros/jazzy DEBUGINFOD_URLS=https://debuginfod.ubuntu.com /usr/bin/cmake --install /home/harshdev/Learning-ROS/build/alfred_bot
