[0.011s] Invoking command in '/home/harshdev/Learning-ROS/articubot_one/build/articubot_one': CMAKE_PREFIX_PATH=${CMAKE_PREFIX_PATH}:/opt/ros/jazzy DEBUGINFOD_URLS=https://debuginfod.ubuntu.com /usr/bin/cmake /home/harshdev/Learning-ROS/articubot_one -DCMAKE_INSTALL_PREFIX=/home/harshdev/Learning-ROS/articubot_one/install/articubot_one
[0.252s] -- The C compiler identification is GNU 13.3.0
[0.416s] -- The CXX compiler identification is GNU 13.3.0
[0.457s] -- Detecting C compiler ABI info
[0.658s] -- Detecting C compiler ABI info - done
[0.673s] -- Check for working C compiler: /usr/bin/cc - skipped
[0.675s] -- Detecting C compile features
[0.676s] -- Detecting C compile features - done
[0.695s] -- Detecting CXX compiler ABI info
[0.841s] -- Detecting CXX compiler ABI info - done
[0.856s] -- Check for working CXX compiler: /usr/bin/c++ - skipped
[0.857s] -- Detecting CXX compile features
[0.858s] -- Detecting CXX compile features - done
[0.869s] -- Found ament_cmake: 2.5.3 (/opt/ros/jazzy/share/ament_cmake/cmake)
[1.141s] -- Found Python3: /usr/bin/python3 (found version "3.12.3") found components: Interpreter 
[1.487s] -- Found ament_lint_auto: 0.17.1 (/opt/ros/jazzy/share/ament_lint_auto/cmake)
[1.808s] -- Added test 'copyright' to check source files copyright and LICENSE
[1.817s] -- Added test 'cppcheck' to perform static code analysis on C / C++ code
[1.817s] -- Configured cppcheck include dirs: 
[1.817s] -- Configured cppcheck exclude dirs and/or files: 
[1.824s] -- Added test 'cpplint' to check C / C++ code against the Google style
[1.824s] -- Configured cpplint exclude dirs and/or files: 
[1.825s] -- Added test 'flake8' to check Python code syntax and style conventions
[1.826s] -- Configured 'flake8' exclude dirs and/or files: 
[1.828s] -- Added test 'lint_cmake' to check CMake code style
[1.830s] -- Added test 'pep257' to check Python code against some of the docstring style conventions in PEP 257
[1.837s] -- Added test 'uncrustify' to check C / C++ code style
[1.837s] -- Configured uncrustify additional arguments: 
[1.839s] -- Added test 'xmllint' to check XML markup files
[1.841s] -- Configuring done (1.8s)
[1.844s] -- Generating done (0.0s)
[1.847s] -- Build files have been written to: /home/harshdev/Learning-ROS/articubot_one/build/articubot_one
[1.854s] Invoked command in '/home/harshdev/Learning-ROS/articubot_one/build/articubot_one' returned '0': CMAKE_PREFIX_PATH=${CMAKE_PREFIX_PATH}:/opt/ros/jazzy DEBUGINFOD_URLS=https://debuginfod.ubuntu.com /usr/bin/cmake /home/harshdev/Learning-ROS/articubot_one -DCMAKE_INSTALL_PREFIX=/home/harshdev/Learning-ROS/articubot_one/install/articubot_one
[1.855s] Invoking command in '/home/harshdev/Learning-ROS/articubot_one/build/articubot_one': CMAKE_PREFIX_PATH=${CMAKE_PREFIX_PATH}:/opt/ros/jazzy DEBUGINFOD_URLS=https://debuginfod.ubuntu.com /usr/bin/cmake --build /home/harshdev/Learning-ROS/articubot_one/build/articubot_one -- -j12 -l12
[1.910s] Invoked command in '/home/harshdev/Learning-ROS/articubot_one/build/articubot_one' returned '0': CMAKE_PREFIX_PATH=${CMAKE_PREFIX_PATH}:/opt/ros/jazzy DEBUGINFOD_URLS=https://debuginfod.ubuntu.com /usr/bin/cmake --build /home/harshdev/Learning-ROS/articubot_one/build/articubot_one -- -j12 -l12
[1.926s] Invoking command in '/home/harshdev/Learning-ROS/articubot_one/build/articubot_one': CMAKE_PREFIX_PATH=${CMAKE_PREFIX_PATH}:/opt/ros/jazzy DEBUGINFOD_URLS=https://debuginfod.ubuntu.com /usr/bin/cmake --install /home/harshdev/Learning-ROS/articubot_one/build/articubot_one
[1.936s] -- Install configuration: ""
[1.936s] -- Installing: /home/harshdev/Learning-ROS/articubot_one/install/articubot_one/share/articubot_one/config
[1.937s] -- Installing: /home/harshdev/Learning-ROS/articubot_one/install/articubot_one/share/articubot_one/config/gz_bridge.yaml
[1.937s] -- Installing: /home/harshdev/Learning-ROS/articubot_one/install/articubot_one/share/articubot_one/config/empty.yaml
[1.937s] -- Installing: /home/harshdev/Learning-ROS/articubot_one/install/articubot_one/share/articubot_one/config/my_controllers.yaml
[1.937s] -- Installing: /home/harshdev/Learning-ROS/articubot_one/install/articubot_one/share/articubot_one/config/nav2_params.yaml
[1.937s] -- Installing: /home/harshdev/Learning-ROS/articubot_one/install/articubot_one/share/articubot_one/config/mapper_params_online_async.yaml
[1.937s] -- Installing: /home/harshdev/Learning-ROS/articubot_one/install/articubot_one/share/articubot_one/config/map.rviz
[1.937s] -- Installing: /home/harshdev/Learning-ROS/articubot_one/install/articubot_one/share/articubot_one/config/view_bot.rviz
[1.938s] -- Installing: /home/harshdev/Learning-ROS/articubot_one/install/articubot_one/share/articubot_one/config/main.rviz
[1.938s] -- Installing: /home/harshdev/Learning-ROS/articubot_one/install/articubot_one/share/articubot_one/config/gaz_ros2_ctl_use_sim.yaml
[1.938s] -- Installing: /home/harshdev/Learning-ROS/articubot_one/install/articubot_one/share/articubot_one/config/ball_tracker_params_robot.yaml
[1.938s] -- Installing: /home/harshdev/Learning-ROS/articubot_one/install/articubot_one/share/articubot_one/config/ball_tracker_params_sim.yaml
[1.938s] -- Installing: /home/harshdev/Learning-ROS/articubot_one/install/articubot_one/share/articubot_one/config/joystick.yaml
[1.938s] -- Installing: /home/harshdev/Learning-ROS/articubot_one/install/articubot_one/share/articubot_one/config/twist_mux.yaml
[1.938s] -- Installing: /home/harshdev/Learning-ROS/articubot_one/install/articubot_one/share/articubot_one/config/drive_bot.rviz
[1.939s] -- Installing: /home/harshdev/Learning-ROS/articubot_one/install/articubot_one/share/articubot_one/description
[1.939s] -- Installing: /home/harshdev/Learning-ROS/articubot_one/install/articubot_one/share/articubot_one/description/inertial_macros.xacro
[1.939s] -- Installing: /home/harshdev/Learning-ROS/articubot_one/install/articubot_one/share/articubot_one/description/depth_camera.xacro
[1.939s] -- Installing: /home/harshdev/Learning-ROS/articubot_one/install/articubot_one/share/articubot_one/description/gazebo_control.xacro
[1.939s] -- Installing: /home/harshdev/Learning-ROS/articubot_one/install/articubot_one/share/articubot_one/description/robot.urdf.xacro
[1.939s] -- Installing: /home/harshdev/Learning-ROS/articubot_one/install/articubot_one/share/articubot_one/description/face.xacro
[1.939s] -- Installing: /home/harshdev/Learning-ROS/articubot_one/install/articubot_one/share/articubot_one/description/robot_core.xacro
[1.940s] -- Installing: /home/harshdev/Learning-ROS/articubot_one/install/articubot_one/share/articubot_one/description/camera.xacro
[1.940s] -- Installing: /home/harshdev/Learning-ROS/articubot_one/install/articubot_one/share/articubot_one/description/ros2_control.xacro
[1.940s] -- Installing: /home/harshdev/Learning-ROS/articubot_one/install/articubot_one/share/articubot_one/description/lidar.xacro
[1.940s] -- Installing: /home/harshdev/Learning-ROS/articubot_one/install/articubot_one/share/articubot_one/launch
[1.940s] -- Installing: /home/harshdev/Learning-ROS/articubot_one/install/articubot_one/share/articubot_one/launch/launch_robot.launch.py
[1.940s] -- Installing: /home/harshdev/Learning-ROS/articubot_one/install/articubot_one/share/articubot_one/launch/rsp.launch.py
[1.940s] -- Installing: /home/harshdev/Learning-ROS/articubot_one/install/articubot_one/share/articubot_one/launch/camera.launch.py
[1.941s] -- Installing: /home/harshdev/Learning-ROS/articubot_one/install/articubot_one/share/articubot_one/launch/joystick.launch.py
[1.941s] -- Installing: /home/harshdev/Learning-ROS/articubot_one/install/articubot_one/share/articubot_one/launch/online_async_launch.py
[1.941s] -- Installing: /home/harshdev/Learning-ROS/articubot_one/install/articubot_one/share/articubot_one/launch/launch_sim.launch.py
[1.941s] -- Installing: /home/harshdev/Learning-ROS/articubot_one/install/articubot_one/share/articubot_one/launch/rplidar.launch.py
[1.941s] -- Installing: /home/harshdev/Learning-ROS/articubot_one/install/articubot_one/share/articubot_one/launch/navigation_launch.py
[1.941s] -- Installing: /home/harshdev/Learning-ROS/articubot_one/install/articubot_one/share/articubot_one/launch/ball_tracker.launch.py
[1.941s] -- Installing: /home/harshdev/Learning-ROS/articubot_one/install/articubot_one/share/articubot_one/launch/localization_launch.py
[1.941s] -- Installing: /home/harshdev/Learning-ROS/articubot_one/install/articubot_one/share/articubot_one/worlds
[1.941s] -- Installing: /home/harshdev/Learning-ROS/articubot_one/install/articubot_one/share/articubot_one/worlds/obstacles.world
[1.941s] -- Installing: /home/harshdev/Learning-ROS/articubot_one/install/articubot_one/share/articubot_one/worlds/empty.world
[1.941s] -- Installing: /home/harshdev/Learning-ROS/articubot_one/install/articubot_one/share/ament_index/resource_index/package_run_dependencies/articubot_one
[1.941s] -- Installing: /home/harshdev/Learning-ROS/articubot_one/install/articubot_one/share/ament_index/resource_index/parent_prefix_path/articubot_one
[1.941s] -- Installing: /home/harshdev/Learning-ROS/articubot_one/install/articubot_one/share/articubot_one/environment/ament_prefix_path.sh
[1.941s] -- Installing: /home/harshdev/Learning-ROS/articubot_one/install/articubot_one/share/articubot_one/environment/ament_prefix_path.dsv
[1.942s] -- Installing: /home/harshdev/Learning-ROS/articubot_one/install/articubot_one/share/articubot_one/environment/path.sh
[1.942s] -- Installing: /home/harshdev/Learning-ROS/articubot_one/install/articubot_one/share/articubot_one/environment/path.dsv
[1.942s] -- Installing: /home/harshdev/Learning-ROS/articubot_one/install/articubot_one/share/articubot_one/local_setup.bash
[1.942s] -- Installing: /home/harshdev/Learning-ROS/articubot_one/install/articubot_one/share/articubot_one/local_setup.sh
[1.942s] -- Installing: /home/harshdev/Learning-ROS/articubot_one/install/articubot_one/share/articubot_one/local_setup.zsh
[1.942s] -- Installing: /home/harshdev/Learning-ROS/articubot_one/install/articubot_one/share/articubot_one/local_setup.dsv
[1.942s] -- Installing: /home/harshdev/Learning-ROS/articubot_one/install/articubot_one/share/articubot_one/package.dsv
[1.942s] -- Installing: /home/harshdev/Learning-ROS/articubot_one/install/articubot_one/share/ament_index/resource_index/packages/articubot_one
[1.942s] -- Installing: /home/harshdev/Learning-ROS/articubot_one/install/articubot_one/share/articubot_one/cmake/articubot_oneConfig.cmake
[1.942s] -- Installing: /home/harshdev/Learning-ROS/articubot_one/install/articubot_one/share/articubot_one/cmake/articubot_oneConfig-version.cmake
[1.942s] -- Installing: /home/harshdev/Learning-ROS/articubot_one/install/articubot_one/share/articubot_one/package.xml
[1.944s] Invoked command in '/home/harshdev/Learning-ROS/articubot_one/build/articubot_one' returned '0': CMAKE_PREFIX_PATH=${CMAKE_PREFIX_PATH}:/opt/ros/jazzy DEBUGINFOD_URLS=https://debuginfod.ubuntu.com /usr/bin/cmake --install /home/harshdev/Learning-ROS/articubot_one/build/articubot_one
