[1.561s] Invoking command in '/home/harshdev/Learning-ROS/basicbotws/src/joy_to_cmd_vel': DEBUGINFOD_URLS=https://debuginfod.ubuntu.com PYTHONPATH=/home/harshdev/Learning-ROS/basicbotws/build/joy_to_cmd_vel/prefix_override:/usr/lib/python3/dist-packages/colcon_core/task/python/colcon_distutils_commands:/home/harshdev/Learning-ROS/basicbotws/install/joy_to_cmd_vel/lib/python3.12/site-packages:${PYTHONPATH} /usr/bin/python3 -W ignore:setup.py install is deprecated -W ignore:easy_install command is deprecated setup.py egg_info --egg-base ../../build/joy_to_cmd_vel build --build-base /home/harshdev/Learning-ROS/basicbotws/build/joy_to_cmd_vel/build install --record /home/harshdev/Learning-ROS/basicbotws/build/joy_to_cmd_vel/install.log --single-version-externally-managed install_data
[1.882s] running egg_info
[1.907s] writing ../../build/joy_to_cmd_vel/joy_to_cmd_vel.egg-info/PKG-INFO
[1.907s] writing dependency_links to ../../build/joy_to_cmd_vel/joy_to_cmd_vel.egg-info/dependency_links.txt
[1.907s] writing entry points to ../../build/joy_to_cmd_vel/joy_to_cmd_vel.egg-info/entry_points.txt
[1.907s] writing requirements to ../../build/joy_to_cmd_vel/joy_to_cmd_vel.egg-info/requires.txt
[1.907s] writing top-level names to ../../build/joy_to_cmd_vel/joy_to_cmd_vel.egg-info/top_level.txt
[1.954s] reading manifest file '../../build/joy_to_cmd_vel/joy_to_cmd_vel.egg-info/SOURCES.txt'
[1.955s] writing manifest file '../../build/joy_to_cmd_vel/joy_to_cmd_vel.egg-info/SOURCES.txt'
[1.955s] running build
[1.955s] running build_py
[1.956s] running install
[1.964s] running install_lib
[1.988s] running install_data
[1.988s] running install_egg_info
[2.013s] removing '/home/harshdev/Learning-ROS/basicbotws/install/joy_to_cmd_vel/lib/python3.12/site-packages/joy_to_cmd_vel-0.0.0-py3.12.egg-info' (and everything under it)
[2.014s] Copying ../../build/joy_to_cmd_vel/joy_to_cmd_vel.egg-info to /home/harshdev/Learning-ROS/basicbotws/install/joy_to_cmd_vel/lib/python3.12/site-packages/joy_to_cmd_vel-0.0.0-py3.12.egg-info
[2.015s] running install_scripts
[2.172s] Installing joy_to_cmd_vel script to /home/harshdev/Learning-ROS/basicbotws/install/joy_to_cmd_vel/lib/joy_to_cmd_vel
[2.173s] writing list of installed files to '/home/harshdev/Learning-ROS/basicbotws/build/joy_to_cmd_vel/install.log'
[2.212s] Invoked command in '/home/harshdev/Learning-ROS/basicbotws/src/joy_to_cmd_vel' returned '0': DEBUGINFOD_URLS=https://debuginfod.ubuntu.com PYTHONPATH=/home/harshdev/Learning-ROS/basicbotws/build/joy_to_cmd_vel/prefix_override:/usr/lib/python3/dist-packages/colcon_core/task/python/colcon_distutils_commands:/home/harshdev/Learning-ROS/basicbotws/install/joy_to_cmd_vel/lib/python3.12/site-packages:${PYTHONPATH} /usr/bin/python3 -W ignore:setup.py install is deprecated -W ignore:easy_install command is deprecated setup.py egg_info --egg-base ../../build/joy_to_cmd_vel build --build-base /home/harshdev/Learning-ROS/basicbotws/build/joy_to_cmd_vel/build install --record /home/harshdev/Learning-ROS/basicbotws/build/joy_to_cmd_vel/install.log --single-version-externally-managed install_data
