running egg_info
creating ../../build/alffy_talks_package/alffy_talks_package.egg-info
writing ../../build/alffy_talks_package/alffy_talks_package.egg-info/PKG-INFO
writing dependency_links to ../../build/alffy_talks_package/alffy_talks_package.egg-info/dependency_links.txt
writing requirements to ../../build/alffy_talks_package/alffy_talks_package.egg-info/requires.txt
writing top-level names to ../../build/alffy_talks_package/alffy_talks_package.egg-info/top_level.txt
writing manifest file '../../build/alffy_talks_package/alffy_talks_package.egg-info/SOURCES.txt'
reading manifest file '../../build/alffy_talks_package/alffy_talks_package.egg-info/SOURCES.txt'
writing manifest file '../../build/alffy_talks_package/alffy_talks_package.egg-info/SOURCES.txt'
running build
running build_py
creating /home/harshdev/Learning-ROS/alffybot/build/alffy_talks_package/build
creating /home/harshdev/Learning-ROS/alffybot/build/alffy_talks_package/build/lib
creating /home/harshdev/Learning-ROS/alffybot/build/alffy_talks_package/build/lib/alffy_talks_package
copying alffy_talks_package/__init__.py -> /home/harshdev/Learning-ROS/alffybot/build/alffy_talks_package/build/lib/alffy_talks_package
running install
running install_lib
creating /home/harshdev/Learning-ROS/alffybot/install/alffy_talks_package/lib/python3.12/site-packages/alffy_talks_package
copying /home/harshdev/Learning-ROS/alffybot/build/alffy_talks_package/build/lib/alffy_talks_package/__init__.py -> /home/harshdev/Learning-ROS/alffybot/install/alffy_talks_package/lib/python3.12/site-packages/alffy_talks_package
byte-compiling /home/harshdev/Learning-ROS/alffybot/install/alffy_talks_package/lib/python3.12/site-packages/alffy_talks_package/__init__.py to __init__.cpython-312.pyc
running install_data
creating /home/harshdev/Learning-ROS/alffybot/install/alffy_talks_package/share/ament_index
creating /home/harshdev/Learning-ROS/alffybot/install/alffy_talks_package/share/ament_index/resource_index
creating /home/harshdev/Learning-ROS/alffybot/install/alffy_talks_package/share/ament_index/resource_index/packages
copying resource/alffy_talks_package -> /home/harshdev/Learning-ROS/alffybot/install/alffy_talks_package/share/ament_index/resource_index/packages
copying package.xml -> /home/harshdev/Learning-ROS/alffybot/install/alffy_talks_package/share/alffy_talks_package
running install_egg_info
Copying ../../build/alffy_talks_package/alffy_talks_package.egg-info to /home/harshdev/Learning-ROS/alffybot/install/alffy_talks_package/lib/python3.12/site-packages/alffy_talks_package-0.0.0-py3.12.egg-info
running install_scripts
writing list of installed files to '/home/harshdev/Learning-ROS/alffybot/build/alffy_talks_package/install.log'
