[0.916s] Invoking command in '/home/harshdev/Learning-ROS/alffybot/src/alffy_talks_package': DEBUGINFOD_URLS=https://debuginfod.ubuntu.com PYTHONPATH=/home/harshdev/Learning-ROS/alffybot/build/alffy_talks_package/prefix_override:/usr/lib/python3/dist-packages/colcon_core/task/python/colcon_distutils_commands:/home/harshdev/Learning-ROS/alffybot/install/alffy_talks_package/lib/python3.12/site-packages:${PYTHONPATH} /usr/bin/python3 -W ignore:setup.py install is deprecated -W ignore:easy_install command is deprecated setup.py egg_info --egg-base ../../build/alffy_talks_package build --build-base /home/harshdev/Learning-ROS/alffybot/build/alffy_talks_package/build install --record /home/harshdev/Learning-ROS/alffybot/build/alffy_talks_package/install.log --single-version-externally-managed install_data
[1.215s] running egg_info
[1.216s] creating ../../build/alffy_talks_package/alffy_talks_package.egg-info
[1.236s] writing ../../build/alffy_talks_package/alffy_talks_package.egg-info/PKG-INFO
[1.236s] writing dependency_links to ../../build/alffy_talks_package/alffy_talks_package.egg-info/dependency_links.txt
[1.237s] writing requirements to ../../build/alffy_talks_package/alffy_talks_package.egg-info/requires.txt
[1.237s] writing top-level names to ../../build/alffy_talks_package/alffy_talks_package.egg-info/top_level.txt
[1.237s] writing manifest file '../../build/alffy_talks_package/alffy_talks_package.egg-info/SOURCES.txt'
[1.279s] reading manifest file '../../build/alffy_talks_package/alffy_talks_package.egg-info/SOURCES.txt'
[1.279s] writing manifest file '../../build/alffy_talks_package/alffy_talks_package.egg-info/SOURCES.txt'
[1.280s] running build
[1.280s] running build_py
[1.280s] creating /home/harshdev/Learning-ROS/alffybot/build/alffy_talks_package/build
[1.280s] creating /home/harshdev/Learning-ROS/alffybot/build/alffy_talks_package/build/lib
[1.280s] creating /home/harshdev/Learning-ROS/alffybot/build/alffy_talks_package/build/lib/alffy_talks_package
[1.281s] copying alffy_talks_package/__init__.py -> /home/harshdev/Learning-ROS/alffybot/build/alffy_talks_package/build/lib/alffy_talks_package
[1.281s] running install
[1.287s] running install_lib
[1.308s] creating /home/harshdev/Learning-ROS/alffybot/install/alffy_talks_package/lib/python3.12/site-packages/alffy_talks_package
[1.308s] copying /home/harshdev/Learning-ROS/alffybot/build/alffy_talks_package/build/lib/alffy_talks_package/__init__.py -> /home/harshdev/Learning-ROS/alffybot/install/alffy_talks_package/lib/python3.12/site-packages/alffy_talks_package
[1.309s] byte-compiling /home/harshdev/Learning-ROS/alffybot/install/alffy_talks_package/lib/python3.12/site-packages/alffy_talks_package/__init__.py to __init__.cpython-312.pyc
[1.309s] running install_data
[1.309s] creating /home/harshdev/Learning-ROS/alffybot/install/alffy_talks_package/share/ament_index
[1.309s] creating /home/harshdev/Learning-ROS/alffybot/install/alffy_talks_package/share/ament_index/resource_index
[1.309s] creating /home/harshdev/Learning-ROS/alffybot/install/alffy_talks_package/share/ament_index/resource_index/packages
[1.310s] copying resource/alffy_talks_package -> /home/harshdev/Learning-ROS/alffybot/install/alffy_talks_package/share/ament_index/resource_index/packages
[1.310s] copying package.xml -> /home/harshdev/Learning-ROS/alffybot/install/alffy_talks_package/share/alffy_talks_package
[1.310s] running install_egg_info
[1.333s] Copying ../../build/alffy_talks_package/alffy_talks_package.egg-info to /home/harshdev/Learning-ROS/alffybot/install/alffy_talks_package/lib/python3.12/site-packages/alffy_talks_package-0.0.0-py3.12.egg-info
[1.334s] running install_scripts
[1.478s] writing list of installed files to '/home/harshdev/Learning-ROS/alffybot/build/alffy_talks_package/install.log'
[1.512s] Invoked command in '/home/harshdev/Learning-ROS/alffybot/src/alffy_talks_package' returned '0': DEBUGINFOD_URLS=https://debuginfod.ubuntu.com PYTHONPATH=/home/harshdev/Learning-ROS/alffybot/build/alffy_talks_package/prefix_override:/usr/lib/python3/dist-packages/colcon_core/task/python/colcon_distutils_commands:/home/harshdev/Learning-ROS/alffybot/install/alffy_talks_package/lib/python3.12/site-packages:${PYTHONPATH} /usr/bin/python3 -W ignore:setup.py install is deprecated -W ignore:easy_install command is deprecated setup.py egg_info --egg-base ../../build/alffy_talks_package build --build-base /home/harshdev/Learning-ROS/alffybot/build/alffy_talks_package/build install --record /home/harshdev/Learning-ROS/alffybot/build/alffy_talks_package/install.log --single-version-externally-managed install_data
