[0.951s] Invoking command in '/home/harshdev/Learning-ROS/alffybot/src/alffy_talks': DEBUGINFOD_URLS=https://debuginfod.ubuntu.com PYTHONPATH=/home/harshdev/Learning-ROS/alffybot/build/alffy_talks/prefix_override:/usr/lib/python3/dist-packages/colcon_core/task/python/colcon_distutils_commands:/home/harshdev/Learning-ROS/alffybot/install/alffy_talks/lib/python3.12/site-packages:${PYTHONPATH} /usr/bin/python3 -W ignore:setup.py install is deprecated -W ignore:easy_install command is deprecated setup.py egg_info --egg-base ../../build/alffy_talks build --build-base /home/harshdev/Learning-ROS/alffybot/build/alffy_talks/build install --record /home/harshdev/Learning-ROS/alffybot/build/alffy_talks/install.log --single-version-externally-managed install_data
[1.257s] running egg_info
[1.278s] writing ../../build/alffy_talks/alffy_talks.egg-info/PKG-INFO
[1.278s] writing dependency_links to ../../build/alffy_talks/alffy_talks.egg-info/dependency_links.txt
[1.279s] writing entry points to ../../build/alffy_talks/alffy_talks.egg-info/entry_points.txt
[1.279s] writing requirements to ../../build/alffy_talks/alffy_talks.egg-info/requires.txt
[1.279s] writing top-level names to ../../build/alffy_talks/alffy_talks.egg-info/top_level.txt
[1.321s] reading manifest file '../../build/alffy_talks/alffy_talks.egg-info/SOURCES.txt'
[1.322s] writing manifest file '../../build/alffy_talks/alffy_talks.egg-info/SOURCES.txt'
[1.322s] running build
[1.322s] running build_py
[1.322s] running install
[1.330s] running install_lib
[1.351s] running install_data
[1.352s] running install_egg_info
[1.373s] removing '/home/harshdev/Learning-ROS/alffybot/install/alffy_talks/lib/python3.12/site-packages/alffy_talks-0.0.0-py3.12.egg-info' (and everything under it)
[1.374s] Copying ../../build/alffy_talks/alffy_talks.egg-info to /home/harshdev/Learning-ROS/alffybot/install/alffy_talks/lib/python3.12/site-packages/alffy_talks-0.0.0-py3.12.egg-info
[1.374s] running install_scripts
[1.518s] Installing parameters script to /home/harshdev/Learning-ROS/alffybot/install/alffy_talks/lib/alffy_talks
[1.518s] Installing publisher script to /home/harshdev/Learning-ROS/alffybot/install/alffy_talks/lib/alffy_talks
[1.518s] Installing subscriber script to /home/harshdev/Learning-ROS/alffybot/install/alffy_talks/lib/alffy_talks
[1.519s] writing list of installed files to '/home/harshdev/Learning-ROS/alffybot/build/alffy_talks/install.log'
[1.553s] Invoked command in '/home/harshdev/Learning-ROS/alffybot/src/alffy_talks' returned '0': DEBUGINFOD_URLS=https://debuginfod.ubuntu.com PYTHONPATH=/home/harshdev/Learning-ROS/alffybot/build/alffy_talks/prefix_override:/usr/lib/python3/dist-packages/colcon_core/task/python/colcon_distutils_commands:/home/harshdev/Learning-ROS/alffybot/install/alffy_talks/lib/python3.12/site-packages:${PYTHONPATH} /usr/bin/python3 -W ignore:setup.py install is deprecated -W ignore:easy_install command is deprecated setup.py egg_info --egg-base ../../build/alffy_talks build --build-base /home/harshdev/Learning-ROS/alffybot/build/alffy_talks/build install --record /home/harshdev/Learning-ROS/alffybot/build/alffy_talks/install.log --single-version-externally-managed install_data
