[0.018s] Invoking command in '/home/harshdev/Documents/harsh/Learning-ROS/build/bumperbot_description': CMAKE_PREFIX_PATH=${CMAKE_PREFIX_PATH}:/opt/ros/jazzy DEBUGINFOD_URLS=https://debuginfod.ubuntu.com /usr/bin/cmake /home/harshdev/Documents/harsh/Learning-ROS/bumperbot/src/bumperbot_description -DCMAKE_INSTALL_PREFIX=/home/harshdev/Documents/harsh/Learning-ROS/install/bumperbot_description
[0.171s] -- The C compiler identification is GNU 13.3.0
[0.282s] -- The CXX compiler identification is GNU 13.3.0
[0.312s] -- Detecting C compiler ABI info
[0.442s] -- Detecting C compiler ABI info - done
[0.455s] -- Check for working C compiler: /usr/bin/cc - skipped
[0.456s] -- Detecting C compile features
[0.456s] -- Detecting C compile features - done
[0.470s] -- Detecting CXX compiler ABI info
[0.610s] -- Detecting CXX compiler ABI info - done
[0.623s] -- Check for working CXX compiler: /usr/bin/c++ - skipped
[0.623s] -- Detecting CXX compile features
[0.624s] -- Detecting CXX compile features - done
[0.639s] -- Found ament_cmake: 2.5.3 (/opt/ros/jazzy/share/ament_cmake/cmake)
[0.847s] -- Found Python3: /usr/bin/python3 (found version "3.12.3") found components: Interpreter 
[1.025s] -- Found ament_lint_auto: 0.17.1 (/opt/ros/jazzy/share/ament_lint_auto/cmake)
[1.179s] -- Added test 'lint_cmake' to check CMake code style
[1.182s] -- Added test 'xmllint' to check XML markup files
[1.184s] -- Configuring done (1.1s)
[1.187s] -- Generating done (0.0s)
[1.189s] -- Build files have been written to: /home/harshdev/Documents/harsh/Learning-ROS/build/bumperbot_description
[1.196s] Invoked command in '/home/harshdev/Documents/harsh/Learning-ROS/build/bumperbot_description' returned '0': CMAKE_PREFIX_PATH=${CMAKE_PREFIX_PATH}:/opt/ros/jazzy DEBUGINFOD_URLS=https://debuginfod.ubuntu.com /usr/bin/cmake /home/harshdev/Documents/harsh/Learning-ROS/bumperbot/src/bumperbot_description -DCMAKE_INSTALL_PREFIX=/home/harshdev/Documents/harsh/Learning-ROS/install/bumperbot_description
[1.197s] Invoking command in '/home/harshdev/Documents/harsh/Learning-ROS/build/bumperbot_description': CMAKE_PREFIX_PATH=${CMAKE_PREFIX_PATH}:/opt/ros/jazzy DEBUGINFOD_URLS=https://debuginfod.ubuntu.com /usr/bin/cmake --build /home/harshdev/Documents/harsh/Learning-ROS/build/bumperbot_description -- -j12 -l12
[1.249s] Invoked command in '/home/harshdev/Documents/harsh/Learning-ROS/build/bumperbot_description' returned '0': CMAKE_PREFIX_PATH=${CMAKE_PREFIX_PATH}:/opt/ros/jazzy DEBUGINFOD_URLS=https://debuginfod.ubuntu.com /usr/bin/cmake --build /home/harshdev/Documents/harsh/Learning-ROS/build/bumperbot_description -- -j12 -l12
[1.262s] Invoking command in '/home/harshdev/Documents/harsh/Learning-ROS/build/bumperbot_description': CMAKE_PREFIX_PATH=${CMAKE_PREFIX_PATH}:/opt/ros/jazzy DEBUGINFOD_URLS=https://debuginfod.ubuntu.com /usr/bin/cmake --install /home/harshdev/Documents/harsh/Learning-ROS/build/bumperbot_description
[1.272s] -- Install configuration: ""
[1.272s] -- Installing: /home/harshdev/Documents/harsh/Learning-ROS/install/bumperbot_description/share/ament_index/resource_index/package_run_dependencies/bumperbot_description
[1.272s] -- Installing: /home/harshdev/Documents/harsh/Learning-ROS/install/bumperbot_description/share/ament_index/resource_index/parent_prefix_path/bumperbot_description
[1.273s] -- Installing: /home/harshdev/Documents/harsh/Learning-ROS/install/bumperbot_description/share/bumperbot_description/environment/ament_prefix_path.sh
[1.273s] -- Installing: /home/harshdev/Documents/harsh/Learning-ROS/install/bumperbot_description/share/bumperbot_description/environment/ament_prefix_path.dsv
[1.273s] -- Installing: /home/harshdev/Documents/harsh/Learning-ROS/install/bumperbot_description/share/bumperbot_description/environment/path.sh
[1.273s] -- Installing: /home/harshdev/Documents/harsh/Learning-ROS/install/bumperbot_description/share/bumperbot_description/environment/path.dsv
[1.273s] -- Installing: /home/harshdev/Documents/harsh/Learning-ROS/install/bumperbot_description/share/bumperbot_description/local_setup.bash
[1.273s] -- Installing: /home/harshdev/Documents/harsh/Learning-ROS/install/bumperbot_description/share/bumperbot_description/local_setup.sh
[1.273s] -- Installing: /home/harshdev/Documents/harsh/Learning-ROS/install/bumperbot_description/share/bumperbot_description/local_setup.zsh
[1.274s] -- Installing: /home/harshdev/Documents/harsh/Learning-ROS/install/bumperbot_description/share/bumperbot_description/local_setup.dsv
[1.274s] -- Installing: /home/harshdev/Documents/harsh/Learning-ROS/install/bumperbot_description/share/bumperbot_description/package.dsv
[1.274s] -- Installing: /home/harshdev/Documents/harsh/Learning-ROS/install/bumperbot_description/share/ament_index/resource_index/packages/bumperbot_description
[1.274s] -- Installing: /home/harshdev/Documents/harsh/Learning-ROS/install/bumperbot_description/share/bumperbot_description/cmake/bumperbot_descriptionConfig.cmake
[1.274s] -- Installing: /home/harshdev/Documents/harsh/Learning-ROS/install/bumperbot_description/share/bumperbot_description/cmake/bumperbot_descriptionConfig-version.cmake
[1.274s] -- Installing: /home/harshdev/Documents/harsh/Learning-ROS/install/bumperbot_description/share/bumperbot_description/package.xml
[1.275s] Invoked command in '/home/harshdev/Documents/harsh/Learning-ROS/build/bumperbot_description' returned '0': CMAKE_PREFIX_PATH=${CMAKE_PREFIX_PATH}:/opt/ros/jazzy DEBUGINFOD_URLS=https://debuginfod.ubuntu.com /usr/bin/cmake --install /home/harshdev/Documents/harsh/Learning-ROS/build/bumperbot_description
