[0.738s] Invoking command in '/home/harshdev/Documents/harsh/ROS/bumperbot/src/bumperbot_package_py': DEBUGINFOD_URLS=https://debuginfod.ubuntu.com PYTHONPATH=/home/harshdev/Documents/harsh/ROS/bumperbot/build/bumperbot_package_py/prefix_override:/usr/lib/python3/dist-packages/colcon_core/task/python/colcon_distutils_commands:/home/harshdev/Documents/harsh/ROS/bumperbot/install/bumperbot_package_py/lib/python3.12/site-packages:${PYTHONPATH} /usr/bin/python3 -W ignore:setup.py install is deprecated -W ignore:easy_install command is deprecated setup.py egg_info --egg-base ../../build/bumperbot_package_py build --build-base /home/harshdev/Documents/harsh/ROS/bumperbot/build/bumperbot_package_py/build install --record /home/harshdev/Documents/harsh/ROS/bumperbot/build/bumperbot_package_py/install.log --single-version-externally-managed install_data
[0.904s] running egg_info
[0.904s] creating ../../build/bumperbot_package_py/bumperbot_package_py.egg-info
[0.918s] writing ../../build/bumperbot_package_py/bumperbot_package_py.egg-info/PKG-INFO
[0.919s] writing dependency_links to ../../build/bumperbot_package_py/bumperbot_package_py.egg-info/dependency_links.txt
[0.919s] writing requirements to ../../build/bumperbot_package_py/bumperbot_package_py.egg-info/requires.txt
[0.919s] writing top-level names to ../../build/bumperbot_package_py/bumperbot_package_py.egg-info/top_level.txt
[0.919s] writing manifest file '../../build/bumperbot_package_py/bumperbot_package_py.egg-info/SOURCES.txt'
[0.942s] reading manifest file '../../build/bumperbot_package_py/bumperbot_package_py.egg-info/SOURCES.txt'
[0.942s] writing manifest file '../../build/bumperbot_package_py/bumperbot_package_py.egg-info/SOURCES.txt'
[0.942s] running build
[0.942s] running build_py
[0.943s] creating /home/harshdev/Documents/harsh/ROS/bumperbot/build/bumperbot_package_py/build
[0.943s] creating /home/harshdev/Documents/harsh/ROS/bumperbot/build/bumperbot_package_py/build/lib
[0.943s] creating /home/harshdev/Documents/harsh/ROS/bumperbot/build/bumperbot_package_py/build/lib/bumperbot_package_py
[0.943s] copying bumperbot_package_py/__init__.py -> /home/harshdev/Documents/harsh/ROS/bumperbot/build/bumperbot_package_py/build/lib/bumperbot_package_py
[0.943s] running install
[0.947s] running install_lib
[0.958s] creating /home/harshdev/Documents/harsh/ROS/bumperbot/install/bumperbot_package_py/lib/python3.12/site-packages/bumperbot_package_py
[0.958s] copying /home/harshdev/Documents/harsh/ROS/bumperbot/build/bumperbot_package_py/build/lib/bumperbot_package_py/__init__.py -> /home/harshdev/Documents/harsh/ROS/bumperbot/install/bumperbot_package_py/lib/python3.12/site-packages/bumperbot_package_py
[0.958s] byte-compiling /home/harshdev/Documents/harsh/ROS/bumperbot/install/bumperbot_package_py/lib/python3.12/site-packages/bumperbot_package_py/__init__.py to __init__.cpython-312.pyc
[0.958s] running install_data
[0.958s] creating /home/harshdev/Documents/harsh/ROS/bumperbot/install/bumperbot_package_py/share/ament_index
[0.958s] creating /home/harshdev/Documents/harsh/ROS/bumperbot/install/bumperbot_package_py/share/ament_index/resource_index
[0.958s] creating /home/harshdev/Documents/harsh/ROS/bumperbot/install/bumperbot_package_py/share/ament_index/resource_index/packages
[0.959s] copying resource/bumperbot_package_py -> /home/harshdev/Documents/harsh/ROS/bumperbot/install/bumperbot_package_py/share/ament_index/resource_index/packages
[0.959s] copying package.xml -> /home/harshdev/Documents/harsh/ROS/bumperbot/install/bumperbot_package_py/share/bumperbot_package_py
[0.959s] running install_egg_info
[0.970s] Copying ../../build/bumperbot_package_py/bumperbot_package_py.egg-info to /home/harshdev/Documents/harsh/ROS/bumperbot/install/bumperbot_package_py/lib/python3.12/site-packages/bumperbot_package_py-0.0.0-py3.12.egg-info
[0.970s] running install_scripts
[1.053s] writing list of installed files to '/home/harshdev/Documents/harsh/ROS/bumperbot/build/bumperbot_package_py/install.log'
[1.080s] Invoked command in '/home/harshdev/Documents/harsh/ROS/bumperbot/src/bumperbot_package_py' returned '0': DEBUGINFOD_URLS=https://debuginfod.ubuntu.com PYTHONPATH=/home/harshdev/Documents/harsh/ROS/bumperbot/build/bumperbot_package_py/prefix_override:/usr/lib/python3/dist-packages/colcon_core/task/python/colcon_distutils_commands:/home/harshdev/Documents/harsh/ROS/bumperbot/install/bumperbot_package_py/lib/python3.12/site-packages:${PYTHONPATH} /usr/bin/python3 -W ignore:setup.py install is deprecated -W ignore:easy_install command is deprecated setup.py egg_info --egg-base ../../build/bumperbot_package_py build --build-base /home/harshdev/Documents/harsh/ROS/bumperbot/build/bumperbot_package_py/build install --record /home/harshdev/Documents/harsh/ROS/bumperbot/build/bumperbot_package_py/install.log --single-version-externally-managed install_data
