[0.119s] DEBUG:colcon:Command line arguments: ['/usr/bin/colcon', 'build']
[0.120s] DEBUG:colcon:Parsed command line arguments: Namespace(log_base=None, log_level=None, verb_name='build', build_base='build', install_base='install', merge_install=False, symlink_install=False, test_result_base=None, continue_on_error=False, executor='parallel', parallel_workers=12, event_handlers=None, ignore_user_meta=False, metas=['./colcon.meta'], base_paths=['.'], packages_ignore=None, packages_ignore_regex=None, paths=None, packages_up_to=None, packages_up_to_regex=None, packages_above=None, packages_above_and_dependencies=None, packages_above_depth=None, packages_select_by_dep=None, packages_skip_by_dep=None, packages_skip_up_to=None, packages_select_build_failed=False, packages_skip_build_finished=False, packages_select_test_failures=False, packages_skip_test_passed=False, packages_select=None, packages_skip=None, packages_select_regex=None, packages_skip_regex=None, packages_start=None, packages_end=None, allow_overriding=[], cmake_args=None, cmake_target=None, cmake_target_skip_unavailable=False, cmake_clean_cache=False, cmake_clean_first=False, cmake_force_configure=False, ament_cmake_args=None, catkin_cmake_args=None, catkin_skip_building_tests=False, mixin_files=None, mixin=None, verb_parser=<colcon_mixin.mixin.mixin_argument.MixinArgumentDecorator object at 0x7d71b8fb0dd0>, verb_extension=<colcon_core.verb.build.BuildVerb object at 0x7d71b90d95e0>, main=<bound method BuildVerb.main of <colcon_core.verb.build.BuildVerb object at 0x7d71b90d95e0>>, mixin_verb=('build',))
[0.164s] Level 1:colcon.colcon_core.package_discovery:discover_packages(colcon_meta) check parameters
[0.165s] Level 1:colcon.colcon_core.package_discovery:discover_packages(recursive) check parameters
[0.165s] Level 1:colcon.colcon_core.package_discovery:discover_packages(ignore) check parameters
[0.165s] Level 1:colcon.colcon_core.package_discovery:discover_packages(path) check parameters
[0.165s] Level 1:colcon.colcon_core.package_discovery:discover_packages(colcon_meta) discover
[0.165s] Level 1:colcon.colcon_core.package_discovery:discover_packages(recursive) discover
[0.165s] INFO:colcon.colcon_core.package_discovery:Crawling recursively for packages in '/home/harshdev/alfred_workspace'
[0.165s] Level 1:colcon.colcon_core.package_identification:_identify(.) by extensions ['ignore', 'ignore_ament_install']
[0.165s] Level 1:colcon.colcon_core.package_identification:_identify(.) by extension 'ignore'
[0.165s] Level 1:colcon.colcon_core.package_identification:_identify(.) by extension 'ignore_ament_install'
[0.165s] Level 1:colcon.colcon_core.package_identification:_identify(.) by extensions ['colcon_pkg']
[0.165s] Level 1:colcon.colcon_core.package_identification:_identify(.) by extension 'colcon_pkg'
[0.165s] Level 1:colcon.colcon_core.package_identification:_identify(.) by extensions ['colcon_meta']
[0.165s] Level 1:colcon.colcon_core.package_identification:_identify(.) by extension 'colcon_meta'
[0.165s] Level 1:colcon.colcon_core.package_identification:_identify(.) by extensions ['ros']
[0.165s] Level 1:colcon.colcon_core.package_identification:_identify(.) by extension 'ros'
[0.196s] Level 1:colcon.colcon_core.package_identification:_identify(.) by extensions ['cmake', 'python']
[0.196s] Level 1:colcon.colcon_core.package_identification:_identify(.) by extension 'cmake'
[0.196s] Level 1:colcon.colcon_core.package_identification:_identify(.) by extension 'python'
[0.196s] Level 1:colcon.colcon_core.package_identification:_identify(.) by extensions ['python_setup_py']
[0.196s] Level 1:colcon.colcon_core.package_identification:_identify(.) by extension 'python_setup_py'
[0.196s] Level 1:colcon.colcon_core.package_identification:_identify(build) by extensions ['ignore', 'ignore_ament_install']
[0.196s] Level 1:colcon.colcon_core.package_identification:_identify(build) by extension 'ignore'
[0.197s] Level 1:colcon.colcon_core.package_identification:_identify(build) ignored
[0.197s] Level 1:colcon.colcon_core.package_identification:_identify(install) by extensions ['ignore', 'ignore_ament_install']
[0.197s] Level 1:colcon.colcon_core.package_identification:_identify(install) by extension 'ignore'
[0.197s] Level 1:colcon.colcon_core.package_identification:_identify(install) ignored
[0.197s] Level 1:colcon.colcon_core.package_identification:_identify(log) by extensions ['ignore', 'ignore_ament_install']
[0.197s] Level 1:colcon.colcon_core.package_identification:_identify(log) by extension 'ignore'
[0.197s] Level 1:colcon.colcon_core.package_identification:_identify(log) ignored
[0.197s] Level 1:colcon.colcon_core.package_identification:_identify(src) by extensions ['ignore', 'ignore_ament_install']
[0.197s] Level 1:colcon.colcon_core.package_identification:_identify(src) by extension 'ignore'
[0.197s] Level 1:colcon.colcon_core.package_identification:_identify(src) by extension 'ignore_ament_install'
[0.197s] Level 1:colcon.colcon_core.package_identification:_identify(src) by extensions ['colcon_pkg']
[0.197s] Level 1:colcon.colcon_core.package_identification:_identify(src) by extension 'colcon_pkg'
[0.197s] Level 1:colcon.colcon_core.package_identification:_identify(src) by extensions ['colcon_meta']
[0.197s] Level 1:colcon.colcon_core.package_identification:_identify(src) by extension 'colcon_meta'
[0.197s] Level 1:colcon.colcon_core.package_identification:_identify(src) by extensions ['ros']
[0.197s] Level 1:colcon.colcon_core.package_identification:_identify(src) by extension 'ros'
[0.198s] Level 1:colcon.colcon_core.package_identification:_identify(src) by extensions ['cmake', 'python']
[0.198s] Level 1:colcon.colcon_core.package_identification:_identify(src) by extension 'cmake'
[0.198s] Level 1:colcon.colcon_core.package_identification:_identify(src) by extension 'python'
[0.198s] Level 1:colcon.colcon_core.package_identification:_identify(src) by extensions ['python_setup_py']
[0.198s] Level 1:colcon.colcon_core.package_identification:_identify(src) by extension 'python_setup_py'
[0.198s] Level 1:colcon.colcon_core.package_identification:_identify(src/alfred_bot) by extensions ['ignore', 'ignore_ament_install']
[0.198s] Level 1:colcon.colcon_core.package_identification:_identify(src/alfred_bot) by extension 'ignore'
[0.198s] Level 1:colcon.colcon_core.package_identification:_identify(src/alfred_bot) by extension 'ignore_ament_install'
[0.198s] Level 1:colcon.colcon_core.package_identification:_identify(src/alfred_bot) by extensions ['colcon_pkg']
[0.198s] Level 1:colcon.colcon_core.package_identification:_identify(src/alfred_bot) by extension 'colcon_pkg'
[0.198s] Level 1:colcon.colcon_core.package_identification:_identify(src/alfred_bot) by extensions ['colcon_meta']
[0.198s] Level 1:colcon.colcon_core.package_identification:_identify(src/alfred_bot) by extension 'colcon_meta'
[0.198s] Level 1:colcon.colcon_core.package_identification:_identify(src/alfred_bot) by extensions ['ros']
[0.198s] Level 1:colcon.colcon_core.package_identification:_identify(src/alfred_bot) by extension 'ros'
[0.201s] DEBUG:colcon.colcon_core.package_identification:Package 'src/alfred_bot' with type 'ros.ament_cmake' and name 'alfred_bot'
[0.201s] Level 1:colcon.colcon_core.package_identification:_identify(src/alfred_sim) by extensions ['ignore', 'ignore_ament_install']
[0.201s] Level 1:colcon.colcon_core.package_identification:_identify(src/alfred_sim) by extension 'ignore'
[0.201s] Level 1:colcon.colcon_core.package_identification:_identify(src/alfred_sim) by extension 'ignore_ament_install'
[0.201s] Level 1:colcon.colcon_core.package_identification:_identify(src/alfred_sim) by extensions ['colcon_pkg']
[0.201s] Level 1:colcon.colcon_core.package_identification:_identify(src/alfred_sim) by extension 'colcon_pkg'
[0.201s] Level 1:colcon.colcon_core.package_identification:_identify(src/alfred_sim) by extensions ['colcon_meta']
[0.201s] Level 1:colcon.colcon_core.package_identification:_identify(src/alfred_sim) by extension 'colcon_meta'
[0.201s] Level 1:colcon.colcon_core.package_identification:_identify(src/alfred_sim) by extensions ['ros']
[0.202s] Level 1:colcon.colcon_core.package_identification:_identify(src/alfred_sim) by extension 'ros'
[0.202s] DEBUG:colcon.colcon_core.package_identification:Package 'src/alfred_sim' with type 'ros.ament_cmake' and name 'alfred_sim'
[0.202s] Level 1:colcon.colcon_core.package_identification:_identify(src/joy_input) by extensions ['ignore', 'ignore_ament_install']
[0.202s] Level 1:colcon.colcon_core.package_identification:_identify(src/joy_input) by extension 'ignore'
[0.202s] Level 1:colcon.colcon_core.package_identification:_identify(src/joy_input) by extension 'ignore_ament_install'
[0.202s] Level 1:colcon.colcon_core.package_identification:_identify(src/joy_input) by extensions ['colcon_pkg']
[0.202s] Level 1:colcon.colcon_core.package_identification:_identify(src/joy_input) by extension 'colcon_pkg'
[0.202s] Level 1:colcon.colcon_core.package_identification:_identify(src/joy_input) by extensions ['colcon_meta']
[0.202s] Level 1:colcon.colcon_core.package_identification:_identify(src/joy_input) by extension 'colcon_meta'
[0.203s] Level 1:colcon.colcon_core.package_identification:_identify(src/joy_input) by extensions ['ros']
[0.203s] Level 1:colcon.colcon_core.package_identification:_identify(src/joy_input) by extension 'ros'
[0.203s] DEBUG:colcon.colcon_core.package_identification:Package 'src/joy_input' with type 'ros.ament_python' and name 'joy_input'
[0.203s] Level 1:colcon.colcon_core.package_discovery:discover_packages(recursive) using defaults
[0.203s] Level 1:colcon.colcon_core.package_discovery:discover_packages(ignore) discover
[0.203s] Level 1:colcon.colcon_core.package_discovery:discover_packages(ignore) using defaults
[0.203s] Level 1:colcon.colcon_core.package_discovery:discover_packages(path) discover
[0.203s] Level 1:colcon.colcon_core.package_discovery:discover_packages(path) using defaults
[0.224s] Level 1:colcon.colcon_core.package_discovery:discover_packages(prefix_path) check parameters
[0.224s] Level 1:colcon.colcon_core.package_discovery:discover_packages(prefix_path) discover
[0.228s] DEBUG:colcon.colcon_installed_package_information.package_discovery:Found 461 installed packages in /opt/ros/jazzy
[0.230s] Level 1:colcon.colcon_core.package_discovery:discover_packages(prefix_path) using defaults
[0.289s] Level 5:colcon.colcon_core.verb:set package 'alfred_bot' build argument 'cmake_args' from command line to 'None'
[0.289s] Level 5:colcon.colcon_core.verb:set package 'alfred_bot' build argument 'cmake_target' from command line to 'None'
[0.289s] Level 5:colcon.colcon_core.verb:set package 'alfred_bot' build argument 'cmake_target_skip_unavailable' from command line to 'False'
[0.289s] Level 5:colcon.colcon_core.verb:set package 'alfred_bot' build argument 'cmake_clean_cache' from command line to 'False'
[0.289s] Level 5:colcon.colcon_core.verb:set package 'alfred_bot' build argument 'cmake_clean_first' from command line to 'False'
[0.289s] Level 5:colcon.colcon_core.verb:set package 'alfred_bot' build argument 'cmake_force_configure' from command line to 'False'
[0.289s] Level 5:colcon.colcon_core.verb:set package 'alfred_bot' build argument 'ament_cmake_args' from command line to 'None'
[0.289s] Level 5:colcon.colcon_core.verb:set package 'alfred_bot' build argument 'catkin_cmake_args' from command line to 'None'
[0.289s] Level 5:colcon.colcon_core.verb:set package 'alfred_bot' build argument 'catkin_skip_building_tests' from command line to 'False'
[0.289s] DEBUG:colcon.colcon_core.verb:Building package 'alfred_bot' with the following arguments: {'ament_cmake_args': None, 'build_base': '/home/harshdev/alfred_workspace/build/alfred_bot', 'catkin_cmake_args': None, 'catkin_skip_building_tests': False, 'cmake_args': None, 'cmake_clean_cache': False, 'cmake_clean_first': False, 'cmake_force_configure': False, 'cmake_target': None, 'cmake_target_skip_unavailable': False, 'install_base': '/home/harshdev/alfred_workspace/install/alfred_bot', 'merge_install': False, 'path': '/home/harshdev/alfred_workspace/src/alfred_bot', 'symlink_install': False, 'test_result_base': None}
[0.290s] Level 5:colcon.colcon_core.verb:set package 'alfred_sim' build argument 'cmake_args' from command line to 'None'
[0.290s] Level 5:colcon.colcon_core.verb:set package 'alfred_sim' build argument 'cmake_target' from command line to 'None'
[0.290s] Level 5:colcon.colcon_core.verb:set package 'alfred_sim' build argument 'cmake_target_skip_unavailable' from command line to 'False'
[0.290s] Level 5:colcon.colcon_core.verb:set package 'alfred_sim' build argument 'cmake_clean_cache' from command line to 'False'
[0.290s] Level 5:colcon.colcon_core.verb:set package 'alfred_sim' build argument 'cmake_clean_first' from command line to 'False'
[0.290s] Level 5:colcon.colcon_core.verb:set package 'alfred_sim' build argument 'cmake_force_configure' from command line to 'False'
[0.290s] Level 5:colcon.colcon_core.verb:set package 'alfred_sim' build argument 'ament_cmake_args' from command line to 'None'
[0.290s] Level 5:colcon.colcon_core.verb:set package 'alfred_sim' build argument 'catkin_cmake_args' from command line to 'None'
[0.290s] Level 5:colcon.colcon_core.verb:set package 'alfred_sim' build argument 'catkin_skip_building_tests' from command line to 'False'
[0.290s] DEBUG:colcon.colcon_core.verb:Building package 'alfred_sim' with the following arguments: {'ament_cmake_args': None, 'build_base': '/home/harshdev/alfred_workspace/build/alfred_sim', 'catkin_cmake_args': None, 'catkin_skip_building_tests': False, 'cmake_args': None, 'cmake_clean_cache': False, 'cmake_clean_first': False, 'cmake_force_configure': False, 'cmake_target': None, 'cmake_target_skip_unavailable': False, 'install_base': '/home/harshdev/alfred_workspace/install/alfred_sim', 'merge_install': False, 'path': '/home/harshdev/alfred_workspace/src/alfred_sim', 'symlink_install': False, 'test_result_base': None}
[0.290s] Level 5:colcon.colcon_core.verb:set package 'joy_input' build argument 'cmake_args' from command line to 'None'
[0.290s] Level 5:colcon.colcon_core.verb:set package 'joy_input' build argument 'cmake_target' from command line to 'None'
[0.290s] Level 5:colcon.colcon_core.verb:set package 'joy_input' build argument 'cmake_target_skip_unavailable' from command line to 'False'
[0.290s] Level 5:colcon.colcon_core.verb:set package 'joy_input' build argument 'cmake_clean_cache' from command line to 'False'
[0.290s] Level 5:colcon.colcon_core.verb:set package 'joy_input' build argument 'cmake_clean_first' from command line to 'False'
[0.290s] Level 5:colcon.colcon_core.verb:set package 'joy_input' build argument 'cmake_force_configure' from command line to 'False'
[0.290s] Level 5:colcon.colcon_core.verb:set package 'joy_input' build argument 'ament_cmake_args' from command line to 'None'
[0.290s] Level 5:colcon.colcon_core.verb:set package 'joy_input' build argument 'catkin_cmake_args' from command line to 'None'
[0.290s] Level 5:colcon.colcon_core.verb:set package 'joy_input' build argument 'catkin_skip_building_tests' from command line to 'False'
[0.290s] DEBUG:colcon.colcon_core.verb:Building package 'joy_input' with the following arguments: {'ament_cmake_args': None, 'build_base': '/home/harshdev/alfred_workspace/build/joy_input', 'catkin_cmake_args': None, 'catkin_skip_building_tests': False, 'cmake_args': None, 'cmake_clean_cache': False, 'cmake_clean_first': False, 'cmake_force_configure': False, 'cmake_target': None, 'cmake_target_skip_unavailable': False, 'install_base': '/home/harshdev/alfred_workspace/install/joy_input', 'merge_install': False, 'path': '/home/harshdev/alfred_workspace/src/joy_input', 'symlink_install': False, 'test_result_base': None}
[0.291s] INFO:colcon.colcon_core.executor:Executing jobs using 'parallel' executor
[0.292s] DEBUG:colcon.colcon_parallel_executor.executor.parallel:run_until_complete
[0.292s] INFO:colcon.colcon_ros.task.ament_cmake.build:Building ROS package in '/home/harshdev/alfred_workspace/src/alfred_bot' with build type 'ament_cmake'
[0.292s] INFO:colcon.colcon_cmake.task.cmake.build:Building CMake package in '/home/harshdev/alfred_workspace/src/alfred_bot'
[0.294s] INFO:colcon.colcon_core.plugin_system:Skipping extension 'colcon_core.shell.bat': Not used on non-Windows systems
[0.294s] INFO:colcon.colcon_core.shell:Skip shell extension 'powershell' for command environment: Not usable outside of PowerShell
[0.294s] DEBUG:colcon.colcon_core.shell:Skip shell extension 'dsv' for command environment
[0.299s] INFO:colcon.colcon_ros.task.ament_cmake.build:Building ROS package in '/home/harshdev/alfred_workspace/src/alfred_sim' with build type 'ament_cmake'
[0.299s] INFO:colcon.colcon_cmake.task.cmake.build:Building CMake package in '/home/harshdev/alfred_workspace/src/alfred_sim'
[0.299s] INFO:colcon.colcon_core.shell:Skip shell extension 'powershell' for command environment: Not usable outside of PowerShell
[0.299s] DEBUG:colcon.colcon_core.shell:Skip shell extension 'dsv' for command environment
[0.303s] INFO:colcon.colcon_ros.task.ament_python.build:Building ROS package in '/home/harshdev/alfred_workspace/src/joy_input' with build type 'ament_python'
[0.303s] Level 1:colcon.colcon_core.shell:create_environment_hook('joy_input', 'ament_prefix_path')
[0.303s] INFO:colcon.colcon_core.shell:Creating environment hook '/home/harshdev/alfred_workspace/install/joy_input/share/joy_input/hook/ament_prefix_path.ps1'
[0.304s] INFO:colcon.colcon_core.shell:Creating environment descriptor '/home/harshdev/alfred_workspace/install/joy_input/share/joy_input/hook/ament_prefix_path.dsv'
[0.304s] INFO:colcon.colcon_core.shell:Creating environment hook '/home/harshdev/alfred_workspace/install/joy_input/share/joy_input/hook/ament_prefix_path.sh'
[0.305s] INFO:colcon.colcon_core.shell:Skip shell extension 'powershell' for command environment: Not usable outside of PowerShell
[0.305s] DEBUG:colcon.colcon_core.shell:Skip shell extension 'dsv' for command environment
[0.313s] DEBUG:colcon.colcon_core.event_handler.log_command:Invoking command in '/home/harshdev/alfred_workspace/build/alfred_bot': CMAKE_PREFIX_PATH=${CMAKE_PREFIX_PATH}:/opt/ros/jazzy DEBUGINFOD_URLS=https://debuginfod.ubuntu.com /usr/bin/cmake --build /home/harshdev/alfred_workspace/build/alfred_bot -- -j12 -l12
[0.317s] DEBUG:colcon.colcon_core.event_handler.log_command:Invoking command in '/home/harshdev/alfred_workspace/build/alfred_sim': CMAKE_PREFIX_PATH=${CMAKE_PREFIX_PATH}:/opt/ros/jazzy DEBUGINFOD_URLS=https://debuginfod.ubuntu.com /usr/bin/cmake --build /home/harshdev/alfred_workspace/build/alfred_sim -- -j12 -l12
[0.579s] INFO:colcon.colcon_core.task.python.build:Building Python package in '/home/harshdev/alfred_workspace/src/joy_input'
[0.579s] INFO:colcon.colcon_core.shell:Skip shell extension 'powershell' for command environment: Not usable outside of PowerShell
[0.579s] DEBUG:colcon.colcon_core.shell:Skip shell extension 'dsv' for command environment
[0.584s] DEBUG:colcon.colcon_core.event_handler.log_command:Invoked command in '/home/harshdev/alfred_workspace/build/alfred_sim' returned '0': CMAKE_PREFIX_PATH=${CMAKE_PREFIX_PATH}:/opt/ros/jazzy DEBUGINFOD_URLS=https://debuginfod.ubuntu.com /usr/bin/cmake --build /home/harshdev/alfred_workspace/build/alfred_sim -- -j12 -l12
[0.599s] DEBUG:colcon.colcon_core.event_handler.log_command:Invoking command in '/home/harshdev/alfred_workspace/build/alfred_sim': CMAKE_PREFIX_PATH=${CMAKE_PREFIX_PATH}:/opt/ros/jazzy DEBUGINFOD_URLS=https://debuginfod.ubuntu.com /usr/bin/cmake --install /home/harshdev/alfred_workspace/build/alfred_sim
[0.616s] Level 1:colcon.colcon_core.environment:create_environment_scripts_only(alfred_sim)
[0.617s] DEBUG:colcon.colcon_core.event_handler.log_command:Invoked command in '/home/harshdev/alfred_workspace/build/alfred_sim' returned '0': CMAKE_PREFIX_PATH=${CMAKE_PREFIX_PATH}:/opt/ros/jazzy DEBUGINFOD_URLS=https://debuginfod.ubuntu.com /usr/bin/cmake --install /home/harshdev/alfred_workspace/build/alfred_sim
[0.620s] Level 1:colcon.colcon_core.environment:checking '/home/harshdev/alfred_workspace/install/alfred_sim' for CMake module files
[0.621s] Level 1:colcon.colcon_core.environment:checking '/home/harshdev/alfred_workspace/install/alfred_sim' for CMake config files
[0.621s] Level 1:colcon.colcon_core.shell:create_environment_hook('alfred_sim', 'cmake_prefix_path')
[0.621s] INFO:colcon.colcon_core.shell:Creating environment hook '/home/harshdev/alfred_workspace/install/alfred_sim/share/alfred_sim/hook/cmake_prefix_path.ps1'
[0.622s] INFO:colcon.colcon_core.shell:Creating environment descriptor '/home/harshdev/alfred_workspace/install/alfred_sim/share/alfred_sim/hook/cmake_prefix_path.dsv'
[0.622s] INFO:colcon.colcon_core.shell:Creating environment hook '/home/harshdev/alfred_workspace/install/alfred_sim/share/alfred_sim/hook/cmake_prefix_path.sh'
[0.623s] Level 1:colcon.colcon_core.environment:checking '/home/harshdev/alfred_workspace/install/alfred_sim/bin'
[0.623s] Level 1:colcon.colcon_core.environment:checking '/home/harshdev/alfred_workspace/install/alfred_sim/lib/pkgconfig/alfred_sim.pc'
[0.623s] Level 1:colcon.colcon_core.environment:checking '/home/harshdev/alfred_workspace/install/alfred_sim/lib/python3.12/site-packages'
[0.623s] Level 1:colcon.colcon_core.environment:checking '/home/harshdev/alfred_workspace/install/alfred_sim/bin'
[0.624s] INFO:colcon.colcon_core.shell:Creating package script '/home/harshdev/alfred_workspace/install/alfred_sim/share/alfred_sim/package.ps1'
[0.624s] INFO:colcon.colcon_core.shell:Creating package descriptor '/home/harshdev/alfred_workspace/install/alfred_sim/share/alfred_sim/package.dsv'
[0.625s] INFO:colcon.colcon_core.shell:Creating package script '/home/harshdev/alfred_workspace/install/alfred_sim/share/alfred_sim/package.sh'
[0.625s] INFO:colcon.colcon_core.shell:Creating package script '/home/harshdev/alfred_workspace/install/alfred_sim/share/alfred_sim/package.bash'
[0.626s] INFO:colcon.colcon_core.shell:Creating package script '/home/harshdev/alfred_workspace/install/alfred_sim/share/alfred_sim/package.zsh'
[0.627s] Level 1:colcon.colcon_core.environment:create_file_with_runtime_dependencies(/home/harshdev/alfred_workspace/install/alfred_sim/share/colcon-core/packages/alfred_sim)
[0.627s] Level 1:colcon.colcon_core.environment:create_environment_scripts_only(alfred_sim)
[0.627s] Level 1:colcon.colcon_core.environment:checking '/home/harshdev/alfred_workspace/install/alfred_sim' for CMake module files
[0.628s] Level 1:colcon.colcon_core.environment:checking '/home/harshdev/alfred_workspace/install/alfred_sim' for CMake config files
[0.628s] Level 1:colcon.colcon_core.shell:create_environment_hook('alfred_sim', 'cmake_prefix_path')
[0.628s] INFO:colcon.colcon_core.shell:Creating environment hook '/home/harshdev/alfred_workspace/install/alfred_sim/share/alfred_sim/hook/cmake_prefix_path.ps1'
[0.629s] INFO:colcon.colcon_core.shell:Creating environment descriptor '/home/harshdev/alfred_workspace/install/alfred_sim/share/alfred_sim/hook/cmake_prefix_path.dsv'
[0.629s] INFO:colcon.colcon_core.shell:Creating environment hook '/home/harshdev/alfred_workspace/install/alfred_sim/share/alfred_sim/hook/cmake_prefix_path.sh'
[0.630s] Level 1:colcon.colcon_core.environment:checking '/home/harshdev/alfred_workspace/install/alfred_sim/bin'
[0.630s] Level 1:colcon.colcon_core.environment:checking '/home/harshdev/alfred_workspace/install/alfred_sim/lib/pkgconfig/alfred_sim.pc'
[0.630s] Level 1:colcon.colcon_core.environment:checking '/home/harshdev/alfred_workspace/install/alfred_sim/lib/python3.12/site-packages'
[0.630s] Level 1:colcon.colcon_core.environment:checking '/home/harshdev/alfred_workspace/install/alfred_sim/bin'
[0.631s] INFO:colcon.colcon_core.shell:Creating package script '/home/harshdev/alfred_workspace/install/alfred_sim/share/alfred_sim/package.ps1'
[0.631s] INFO:colcon.colcon_core.shell:Creating package descriptor '/home/harshdev/alfred_workspace/install/alfred_sim/share/alfred_sim/package.dsv'
[0.632s] INFO:colcon.colcon_core.shell:Creating package script '/home/harshdev/alfred_workspace/install/alfred_sim/share/alfred_sim/package.sh'
[0.632s] INFO:colcon.colcon_core.shell:Creating package script '/home/harshdev/alfred_workspace/install/alfred_sim/share/alfred_sim/package.bash'
[0.633s] INFO:colcon.colcon_core.shell:Creating package script '/home/harshdev/alfred_workspace/install/alfred_sim/share/alfred_sim/package.zsh'
[0.633s] Level 1:colcon.colcon_core.environment:create_file_with_runtime_dependencies(/home/harshdev/alfred_workspace/install/alfred_sim/share/colcon-core/packages/alfred_sim)
[0.891s] DEBUG:colcon.colcon_core.event_handler.log_command:Invoked command in '/home/harshdev/alfred_workspace/build/alfred_bot' returned '0': CMAKE_PREFIX_PATH=${CMAKE_PREFIX_PATH}:/opt/ros/jazzy DEBUGINFOD_URLS=https://debuginfod.ubuntu.com /usr/bin/cmake --build /home/harshdev/alfred_workspace/build/alfred_bot -- -j12 -l12
[0.893s] DEBUG:colcon.colcon_core.event_handler.log_command:Invoking command in '/home/harshdev/alfred_workspace/build/alfred_bot': CMAKE_PREFIX_PATH=${CMAKE_PREFIX_PATH}:/opt/ros/jazzy DEBUGINFOD_URLS=https://debuginfod.ubuntu.com /usr/bin/cmake --install /home/harshdev/alfred_workspace/build/alfred_bot
[0.906s] DEBUG:colcon.colcon_core.event_handler.log_command:Invoked command in '/home/harshdev/alfred_workspace/build/alfred_bot' returned '1': CMAKE_PREFIX_PATH=${CMAKE_PREFIX_PATH}:/opt/ros/jazzy DEBUGINFOD_URLS=https://debuginfod.ubuntu.com /usr/bin/cmake --install /home/harshdev/alfred_workspace/build/alfred_bot
[0.906s] Level 1:colcon.colcon_core.environment:create_environment_scripts_only(alfred_bot)
[0.906s] Level 1:colcon.colcon_core.environment:checking '/home/harshdev/alfred_workspace/install/alfred_bot' for CMake module files
[0.907s] Level 1:colcon.colcon_core.environment:checking '/home/harshdev/alfred_workspace/install/alfred_bot' for CMake config files
[0.907s] Level 1:colcon.colcon_core.shell:create_environment_hook('alfred_bot', 'cmake_prefix_path')
[0.907s] INFO:colcon.colcon_core.shell:Creating environment hook '/home/harshdev/alfred_workspace/install/alfred_bot/share/alfred_bot/hook/cmake_prefix_path.ps1'
[0.908s] INFO:colcon.colcon_core.shell:Creating environment descriptor '/home/harshdev/alfred_workspace/install/alfred_bot/share/alfred_bot/hook/cmake_prefix_path.dsv'
[0.908s] INFO:colcon.colcon_core.shell:Creating environment hook '/home/harshdev/alfred_workspace/install/alfred_bot/share/alfred_bot/hook/cmake_prefix_path.sh'
[0.909s] Level 1:colcon.colcon_core.environment:checking '/home/harshdev/alfred_workspace/install/alfred_bot/bin'
[0.909s] Level 1:colcon.colcon_core.environment:checking '/home/harshdev/alfred_workspace/install/alfred_bot/lib/pkgconfig/alfred_bot.pc'
[0.909s] Level 1:colcon.colcon_core.environment:checking '/home/harshdev/alfred_workspace/install/alfred_bot/lib/python3.12/site-packages'
[0.909s] Level 1:colcon.colcon_core.environment:checking '/home/harshdev/alfred_workspace/install/alfred_bot/bin'
[0.910s] INFO:colcon.colcon_core.shell:Creating package script '/home/harshdev/alfred_workspace/install/alfred_bot/share/alfred_bot/package.ps1'
[0.910s] INFO:colcon.colcon_core.shell:Creating package descriptor '/home/harshdev/alfred_workspace/install/alfred_bot/share/alfred_bot/package.dsv'
[0.911s] INFO:colcon.colcon_core.shell:Creating package script '/home/harshdev/alfred_workspace/install/alfred_bot/share/alfred_bot/package.sh'
[0.911s] INFO:colcon.colcon_core.shell:Creating package script '/home/harshdev/alfred_workspace/install/alfred_bot/share/alfred_bot/package.bash'
[0.911s] INFO:colcon.colcon_core.shell:Creating package script '/home/harshdev/alfred_workspace/install/alfred_bot/share/alfred_bot/package.zsh'
[0.912s] Level 1:colcon.colcon_core.environment:create_file_with_runtime_dependencies(/home/harshdev/alfred_workspace/install/alfred_bot/share/colcon-core/packages/alfred_bot)
[1.324s] DEBUG:colcon.colcon_parallel_executor.executor.parallel:closing loop
[1.324s] DEBUG:colcon.colcon_parallel_executor.executor.parallel:loop closed
[1.325s] DEBUG:colcon.colcon_parallel_executor.executor.parallel:run_until_complete finished with '1'
[1.325s] DEBUG:colcon.colcon_core.event_reactor:joining thread
[1.333s] INFO:colcon.colcon_core.plugin_system:Skipping extension 'colcon_notification.desktop_notification.terminal_notifier': Not used on non-Darwin systems
[1.333s] INFO:colcon.colcon_core.plugin_system:Skipping extension 'colcon_notification.desktop_notification.win32': Not used on non-Windows systems
[1.333s] INFO:colcon.colcon_notification.desktop_notification:Sending desktop notification using 'notify2'
[1.351s] DEBUG:colcon.colcon_core.event_reactor:joined thread
[1.352s] INFO:colcon.colcon_core.shell:Creating prefix script '/home/harshdev/alfred_workspace/install/local_setup.ps1'
[1.353s] INFO:colcon.colcon_core.shell:Creating prefix util module '/home/harshdev/alfred_workspace/install/_local_setup_util_ps1.py'
[1.355s] INFO:colcon.colcon_core.shell:Creating prefix chain script '/home/harshdev/alfred_workspace/install/setup.ps1'
[1.356s] INFO:colcon.colcon_core.shell:Creating prefix script '/home/harshdev/alfred_workspace/install/local_setup.sh'
[1.357s] INFO:colcon.colcon_core.shell:Creating prefix util module '/home/harshdev/alfred_workspace/install/_local_setup_util_sh.py'
[1.357s] INFO:colcon.colcon_core.shell:Creating prefix chain script '/home/harshdev/alfred_workspace/install/setup.sh'
[1.359s] INFO:colcon.colcon_core.shell:Creating prefix script '/home/harshdev/alfred_workspace/install/local_setup.bash'
[1.359s] INFO:colcon.colcon_core.shell:Creating prefix chain script '/home/harshdev/alfred_workspace/install/setup.bash'
[1.360s] INFO:colcon.colcon_core.shell:Creating prefix script '/home/harshdev/alfred_workspace/install/local_setup.zsh'
[1.361s] INFO:colcon.colcon_core.shell:Creating prefix chain script '/home/harshdev/alfred_workspace/install/setup.zsh'
