[0.021s] Invoking command in '/home/harshdev/Documents/harsh/Learning-ROS/bumperbot/src/build/bumberbot_controller': CMAKE_PREFIX_PATH=${CMAKE_PREFIX_PATH}:/opt/ros/jazzy DEBUGINFOD_URLS=https://debuginfod.ubuntu.com /usr/bin/cmake /home/harshdev/Documents/harsh/Learning-ROS/bumperbot/src/bumberbot_controller -DCMAKE_INSTALL_PREFIX=/home/harshdev/Documents/harsh/Learning-ROS/bumperbot/src/install/bumberbot_controller
[0.182s] -- The C compiler identification is GNU 13.3.0
[0.277s] -- The CXX compiler identification is GNU 13.3.0
[0.295s] -- Detecting C compiler ABI info
[0.452s] -- Detecting C compiler ABI info - done
[0.463s] -- Check for working C compiler: /usr/bin/cc - skipped
[0.463s] -- Detecting C compile features
[0.464s] -- Detecting C compile features - done
[0.473s] -- Detecting CXX compiler ABI info
[0.585s] -- Detecting CXX compiler ABI info - done
[0.599s] -- Check for working CXX compiler: /usr/bin/c++ - skipped
[0.599s] -- Detecting CXX compile features
[0.599s] -- Detecting CXX compile features - done
[0.607s] -- Found ament_cmake: 2.5.3 (/opt/ros/jazzy/share/ament_cmake/cmake)
[0.751s] -- Found Python3: /usr/bin/python3 (found version "3.12.3") found components: Interpreter 
[0.849s] -- Found ament_lint_auto: 0.17.1 (/opt/ros/jazzy/share/ament_lint_auto/cmake)
[0.951s] -- Added test 'lint_cmake' to check CMake code style
[0.953s] -- Added test 'xmllint' to check XML markup files
[0.955s] -- Configuring done (0.9s)
[0.959s] -- Generating done (0.0s)
[0.962s] -- Build files have been written to: /home/harshdev/Documents/harsh/Learning-ROS/bumperbot/src/build/bumberbot_controller
[0.968s] Invoked command in '/home/harshdev/Documents/harsh/Learning-ROS/bumperbot/src/build/bumberbot_controller' returned '0': CMAKE_PREFIX_PATH=${CMAKE_PREFIX_PATH}:/opt/ros/jazzy DEBUGINFOD_URLS=https://debuginfod.ubuntu.com /usr/bin/cmake /home/harshdev/Documents/harsh/Learning-ROS/bumperbot/src/bumberbot_controller -DCMAKE_INSTALL_PREFIX=/home/harshdev/Documents/harsh/Learning-ROS/bumperbot/src/install/bumberbot_controller
[0.969s] Invoking command in '/home/harshdev/Documents/harsh/Learning-ROS/bumperbot/src/build/bumberbot_controller': CMAKE_PREFIX_PATH=${CMAKE_PREFIX_PATH}:/opt/ros/jazzy DEBUGINFOD_URLS=https://debuginfod.ubuntu.com /usr/bin/cmake --build /home/harshdev/Documents/harsh/Learning-ROS/bumperbot/src/build/bumberbot_controller -- -j12 -l12
[1.020s] Invoked command in '/home/harshdev/Documents/harsh/Learning-ROS/bumperbot/src/build/bumberbot_controller' returned '0': CMAKE_PREFIX_PATH=${CMAKE_PREFIX_PATH}:/opt/ros/jazzy DEBUGINFOD_URLS=https://debuginfod.ubuntu.com /usr/bin/cmake --build /home/harshdev/Documents/harsh/Learning-ROS/bumperbot/src/build/bumberbot_controller -- -j12 -l12
[1.033s] Invoking command in '/home/harshdev/Documents/harsh/Learning-ROS/bumperbot/src/build/bumberbot_controller': CMAKE_PREFIX_PATH=${CMAKE_PREFIX_PATH}:/opt/ros/jazzy DEBUGINFOD_URLS=https://debuginfod.ubuntu.com /usr/bin/cmake --install /home/harshdev/Documents/harsh/Learning-ROS/bumperbot/src/build/bumberbot_controller
[1.040s] -- Install configuration: ""
[1.040s] -- Installing: /home/harshdev/Documents/harsh/Learning-ROS/bumperbot/src/install/bumberbot_controller/share/ament_index/resource_index/package_run_dependencies/bumberbot_controller
[1.040s] -- Installing: /home/harshdev/Documents/harsh/Learning-ROS/bumperbot/src/install/bumberbot_controller/share/ament_index/resource_index/parent_prefix_path/bumberbot_controller
[1.040s] -- Installing: /home/harshdev/Documents/harsh/Learning-ROS/bumperbot/src/install/bumberbot_controller/share/bumberbot_controller/environment/ament_prefix_path.sh
[1.040s] -- Installing: /home/harshdev/Documents/harsh/Learning-ROS/bumperbot/src/install/bumberbot_controller/share/bumberbot_controller/environment/ament_prefix_path.dsv
[1.040s] -- Installing: /home/harshdev/Documents/harsh/Learning-ROS/bumperbot/src/install/bumberbot_controller/share/bumberbot_controller/environment/path.sh
[1.041s] -- Installing: /home/harshdev/Documents/harsh/Learning-ROS/bumperbot/src/install/bumberbot_controller/share/bumberbot_controller/environment/path.dsv
[1.041s] -- Installing: /home/harshdev/Documents/harsh/Learning-ROS/bumperbot/src/install/bumberbot_controller/share/bumberbot_controller/local_setup.bash
[1.041s] -- Installing: /home/harshdev/Documents/harsh/Learning-ROS/bumperbot/src/install/bumberbot_controller/share/bumberbot_controller/local_setup.sh
[1.041s] -- Installing: /home/harshdev/Documents/harsh/Learning-ROS/bumperbot/src/install/bumberbot_controller/share/bumberbot_controller/local_setup.zsh
[1.041s] -- Installing: /home/harshdev/Documents/harsh/Learning-ROS/bumperbot/src/install/bumberbot_controller/share/bumberbot_controller/local_setup.dsv
[1.041s] -- Installing: /home/harshdev/Documents/harsh/Learning-ROS/bumperbot/src/install/bumberbot_controller/share/bumberbot_controller/package.dsv
[1.041s] -- Installing: /home/harshdev/Documents/harsh/Learning-ROS/bumperbot/src/install/bumberbot_controller/share/ament_index/resource_index/packages/bumberbot_controller
[1.041s] -- Installing: /home/harshdev/Documents/harsh/Learning-ROS/bumperbot/src/install/bumberbot_controller/share/bumberbot_controller/cmake/bumberbot_controllerConfig.cmake
[1.041s] -- Installing: /home/harshdev/Documents/harsh/Learning-ROS/bumperbot/src/install/bumberbot_controller/share/bumberbot_controller/cmake/bumberbot_controllerConfig-version.cmake
[1.041s] -- Installing: /home/harshdev/Documents/harsh/Learning-ROS/bumperbot/src/install/bumberbot_controller/share/bumberbot_controller/package.xml
[1.042s] Invoked command in '/home/harshdev/Documents/harsh/Learning-ROS/bumperbot/src/build/bumberbot_controller' returned '0': CMAKE_PREFIX_PATH=${CMAKE_PREFIX_PATH}:/opt/ros/jazzy DEBUGINFOD_URLS=https://debuginfod.ubuntu.com /usr/bin/cmake --install /home/harshdev/Documents/harsh/Learning-ROS/bumperbot/src/build/bumberbot_controller
