[0.018s] Invoking command in '/home/harshdev/Documents/harsh/Learning-ROS/bumperbot/build/bumperbot_description': CMAKE_PREFIX_PATH=${CMAKE_PREFIX_PATH}:/opt/ros/jazzy DEBUGINFOD_URLS=https://debuginfod.ubuntu.com /usr/bin/cmake /home/harshdev/Documents/harsh/Learning-ROS/bumperbot/src/bumperbot_description -DCMAKE_INSTALL_PREFIX=/home/harshdev/Documents/harsh/Learning-ROS/bumperbot/install/bumperbot_description
[0.122s] -- The C compiler identification is GNU 13.3.0
[0.206s] -- The CXX compiler identification is GNU 13.3.0
[0.225s] -- Detecting C compiler ABI info
[0.309s] -- Detecting C compiler ABI info - done
[0.316s] -- Check for working C compiler: /usr/bin/cc - skipped
[0.317s] -- Detecting C compile features
[0.317s] -- Detecting C compile features - done
[0.327s] -- Detecting CXX compiler ABI info
[0.415s] -- Detecting CXX compiler ABI info - done
[0.422s] -- Check for working CXX compiler: /usr/bin/c++ - skipped
[0.422s] -- Detecting CXX compile features
[0.422s] -- Detecting CXX compile features - done
[0.432s] -- Found ament_cmake: 2.5.3 (/opt/ros/jazzy/share/ament_cmake/cmake)
[0.563s] -- Found Python3: /usr/bin/python3 (found version "3.12.3") found components: Interpreter 
[0.665s] -- Found ament_lint_auto: 0.17.1 (/opt/ros/jazzy/share/ament_lint_auto/cmake)
[0.756s] -- Added test 'lint_cmake' to check CMake code style
[0.757s] -- Added test 'xmllint' to check XML markup files
[0.759s] -- Configuring done (0.7s)
[0.760s] -- Generating done (0.0s)
[0.762s] -- Build files have been written to: /home/harshdev/Documents/harsh/Learning-ROS/bumperbot/build/bumperbot_description
[0.765s] Invoked command in '/home/harshdev/Documents/harsh/Learning-ROS/bumperbot/build/bumperbot_description' returned '0': CMAKE_PREFIX_PATH=${CMAKE_PREFIX_PATH}:/opt/ros/jazzy DEBUGINFOD_URLS=https://debuginfod.ubuntu.com /usr/bin/cmake /home/harshdev/Documents/harsh/Learning-ROS/bumperbot/src/bumperbot_description -DCMAKE_INSTALL_PREFIX=/home/harshdev/Documents/harsh/Learning-ROS/bumperbot/install/bumperbot_description
[0.767s] Invoking command in '/home/harshdev/Documents/harsh/Learning-ROS/bumperbot/build/bumperbot_description': CMAKE_PREFIX_PATH=${CMAKE_PREFIX_PATH}:/opt/ros/jazzy DEBUGINFOD_URLS=https://debuginfod.ubuntu.com /usr/bin/cmake --build /home/harshdev/Documents/harsh/Learning-ROS/bumperbot/build/bumperbot_description -- -j12 -l12
[0.805s] Invoked command in '/home/harshdev/Documents/harsh/Learning-ROS/bumperbot/build/bumperbot_description' returned '0': CMAKE_PREFIX_PATH=${CMAKE_PREFIX_PATH}:/opt/ros/jazzy DEBUGINFOD_URLS=https://debuginfod.ubuntu.com /usr/bin/cmake --build /home/harshdev/Documents/harsh/Learning-ROS/bumperbot/build/bumperbot_description -- -j12 -l12
[0.815s] Invoking command in '/home/harshdev/Documents/harsh/Learning-ROS/bumperbot/build/bumperbot_description': CMAKE_PREFIX_PATH=${CMAKE_PREFIX_PATH}:/opt/ros/jazzy DEBUGINFOD_URLS=https://debuginfod.ubuntu.com /usr/bin/cmake --install /home/harshdev/Documents/harsh/Learning-ROS/bumperbot/build/bumperbot_description
[0.822s] -- Install configuration: ""
[0.822s] -- Installing: /home/harshdev/Documents/harsh/Learning-ROS/bumperbot/install/bumperbot_description/share/ament_index/resource_index/package_run_dependencies/bumperbot_description
[0.823s] -- Installing: /home/harshdev/Documents/harsh/Learning-ROS/bumperbot/install/bumperbot_description/share/ament_index/resource_index/parent_prefix_path/bumperbot_description
[0.823s] -- Installing: /home/harshdev/Documents/harsh/Learning-ROS/bumperbot/install/bumperbot_description/share/bumperbot_description/environment/ament_prefix_path.sh
[0.823s] -- Installing: /home/harshdev/Documents/harsh/Learning-ROS/bumperbot/install/bumperbot_description/share/bumperbot_description/environment/ament_prefix_path.dsv
[0.823s] -- Installing: /home/harshdev/Documents/harsh/Learning-ROS/bumperbot/install/bumperbot_description/share/bumperbot_description/environment/path.sh
[0.823s] -- Installing: /home/harshdev/Documents/harsh/Learning-ROS/bumperbot/install/bumperbot_description/share/bumperbot_description/environment/path.dsv
[0.824s] -- Installing: /home/harshdev/Documents/harsh/Learning-ROS/bumperbot/install/bumperbot_description/share/bumperbot_description/local_setup.bash
[0.824s] -- Installing: /home/harshdev/Documents/harsh/Learning-ROS/bumperbot/install/bumperbot_description/share/bumperbot_description/local_setup.sh
[0.824s] -- Installing: /home/harshdev/Documents/harsh/Learning-ROS/bumperbot/install/bumperbot_description/share/bumperbot_description/local_setup.zsh
[0.824s] -- Installing: /home/harshdev/Documents/harsh/Learning-ROS/bumperbot/install/bumperbot_description/share/bumperbot_description/local_setup.dsv
[0.824s] -- Installing: /home/harshdev/Documents/harsh/Learning-ROS/bumperbot/install/bumperbot_description/share/bumperbot_description/package.dsv
[0.824s] -- Installing: /home/harshdev/Documents/harsh/Learning-ROS/bumperbot/install/bumperbot_description/share/ament_index/resource_index/packages/bumperbot_description
[0.824s] -- Installing: /home/harshdev/Documents/harsh/Learning-ROS/bumperbot/install/bumperbot_description/share/bumperbot_description/cmake/bumperbot_descriptionConfig.cmake
[0.824s] -- Installing: /home/harshdev/Documents/harsh/Learning-ROS/bumperbot/install/bumperbot_description/share/bumperbot_description/cmake/bumperbot_descriptionConfig-version.cmake
[0.824s] -- Installing: /home/harshdev/Documents/harsh/Learning-ROS/bumperbot/install/bumperbot_description/share/bumperbot_description/package.xml
[0.825s] Invoked command in '/home/harshdev/Documents/harsh/Learning-ROS/bumperbot/build/bumperbot_description' returned '0': CMAKE_PREFIX_PATH=${CMAKE_PREFIX_PATH}:/opt/ros/jazzy DEBUGINFOD_URLS=https://debuginfod.ubuntu.com /usr/bin/cmake --install /home/harshdev/Documents/harsh/Learning-ROS/bumperbot/build/bumperbot_description
