[1.277s] Invoking command in '/home/harshdev/Learning-ROS/basicbotws/src/point_to_point_nav': DEBUGINFOD_URLS=https://debuginfod.ubuntu.com PYTHONPATH=/home/harshdev/Learning-ROS/basicbotws/build/point_to_point_nav/prefix_override:/usr/lib/python3/dist-packages/colcon_core/task/python/colcon_distutils_commands:/home/harshdev/Learning-ROS/basicbotws/install/point_to_point_nav/lib/python3.12/site-packages:${PYTHONPATH} /usr/bin/python3 -W ignore:setup.py install is deprecated -W ignore:easy_install command is deprecated setup.py egg_info --egg-base ../../build/point_to_point_nav build --build-base /home/harshdev/Learning-ROS/basicbotws/build/point_to_point_nav/build install --record /home/harshdev/Learning-ROS/basicbotws/build/point_to_point_nav/install.log --single-version-externally-managed install_data
[1.451s] running egg_info
[1.451s] creating ../../build/point_to_point_nav/point_to_point_nav.egg-info
[1.463s] writing ../../build/point_to_point_nav/point_to_point_nav.egg-info/PKG-INFO
[1.463s] writing dependency_links to ../../build/point_to_point_nav/point_to_point_nav.egg-info/dependency_links.txt
[1.463s] writing entry points to ../../build/point_to_point_nav/point_to_point_nav.egg-info/entry_points.txt
[1.464s] writing requirements to ../../build/point_to_point_nav/point_to_point_nav.egg-info/requires.txt
[1.464s] writing top-level names to ../../build/point_to_point_nav/point_to_point_nav.egg-info/top_level.txt
[1.464s] writing manifest file '../../build/point_to_point_nav/point_to_point_nav.egg-info/SOURCES.txt'
[1.489s] reading manifest file '../../build/point_to_point_nav/point_to_point_nav.egg-info/SOURCES.txt'
[1.489s] writing manifest file '../../build/point_to_point_nav/point_to_point_nav.egg-info/SOURCES.txt'
[1.490s] running build
[1.490s] running build_py
[1.490s] creating /home/harshdev/Learning-ROS/basicbotws/build/point_to_point_nav/build
[1.490s] creating /home/harshdev/Learning-ROS/basicbotws/build/point_to_point_nav/build/lib
[1.490s] creating /home/harshdev/Learning-ROS/basicbotws/build/point_to_point_nav/build/lib/point_to_point_nav
[1.490s] copying point_to_point_nav/__init__.py -> /home/harshdev/Learning-ROS/basicbotws/build/point_to_point_nav/build/lib/point_to_point_nav
[1.490s] copying point_to_point_nav/point_to_point_nav.py -> /home/harshdev/Learning-ROS/basicbotws/build/point_to_point_nav/build/lib/point_to_point_nav
[1.490s] running install
[1.494s] running install_lib
[1.507s] running install_data
[1.507s] running install_egg_info
[1.522s] removing '/home/harshdev/Learning-ROS/basicbotws/install/point_to_point_nav/lib/python3.12/site-packages/point_to_point_nav-0.0.0-py3.12.egg-info' (and everything under it)
[1.522s] Copying ../../build/point_to_point_nav/point_to_point_nav.egg-info to /home/harshdev/Learning-ROS/basicbotws/install/point_to_point_nav/lib/python3.12/site-packages/point_to_point_nav-0.0.0-py3.12.egg-info
[1.522s] running install_scripts
[1.608s] Installing point_to_point_nav script to /home/harshdev/Learning-ROS/basicbotws/install/point_to_point_nav/lib/point_to_point_nav
[1.608s] writing list of installed files to '/home/harshdev/Learning-ROS/basicbotws/build/point_to_point_nav/install.log'
[1.630s] Invoked command in '/home/harshdev/Learning-ROS/basicbotws/src/point_to_point_nav' returned '0': DEBUGINFOD_URLS=https://debuginfod.ubuntu.com PYTHONPATH=/home/harshdev/Learning-ROS/basicbotws/build/point_to_point_nav/prefix_override:/usr/lib/python3/dist-packages/colcon_core/task/python/colcon_distutils_commands:/home/harshdev/Learning-ROS/basicbotws/install/point_to_point_nav/lib/python3.12/site-packages:${PYTHONPATH} /usr/bin/python3 -W ignore:setup.py install is deprecated -W ignore:easy_install command is deprecated setup.py egg_info --egg-base ../../build/point_to_point_nav build --build-base /home/harshdev/Learning-ROS/basicbotws/build/point_to_point_nav/build install --record /home/harshdev/Learning-ROS/basicbotws/build/point_to_point_nav/install.log --single-version-externally-managed install_data
