[0.161s] DEBUG:colcon:Command line arguments: ['/usr/bin/colcon', 'build']
[0.161s] DEBUG:colcon:Parsed command line arguments: Namespace(log_base=None, log_level=None, verb_name='build', build_base='build', install_base='install', merge_install=False, symlink_install=False, test_result_base=None, continue_on_error=False, executor='parallel', parallel_workers=12, event_handlers=None, ignore_user_meta=False, metas=['./colcon.meta'], base_paths=['.'], packages_ignore=None, packages_ignore_regex=None, paths=None, packages_up_to=None, packages_up_to_regex=None, packages_above=None, packages_above_and_dependencies=None, packages_above_depth=None, packages_select_by_dep=None, packages_skip_by_dep=None, packages_skip_up_to=None, packages_select_build_failed=False, packages_skip_build_finished=False, packages_select_test_failures=False, packages_skip_test_passed=False, packages_select=None, packages_skip=None, packages_select_regex=None, packages_skip_regex=None, packages_start=None, packages_end=None, allow_overriding=[], cmake_args=None, cmake_target=None, cmake_target_skip_unavailable=False, cmake_clean_cache=False, cmake_clean_first=False, cmake_force_configure=False, ament_cmake_args=None, catkin_cmake_args=None, catkin_skip_building_tests=False, mixin_files=None, mixin=None, verb_parser=<colcon_mixin.mixin.mixin_argument.MixinArgumentDecorator object at 0x7ec46d940ce0>, verb_extension=<colcon_core.verb.build.BuildVerb object at 0x7ec46dacd0a0>, main=<bound method BuildVerb.main of <colcon_core.verb.build.BuildVerb object at 0x7ec46dacd0a0>>, mixin_verb=('build',))
[0.206s] Level 1:colcon.colcon_core.package_discovery:discover_packages(colcon_meta) check parameters
[0.207s] Level 1:colcon.colcon_core.package_discovery:discover_packages(recursive) check parameters
[0.207s] Level 1:colcon.colcon_core.package_discovery:discover_packages(ignore) check parameters
[0.207s] Level 1:colcon.colcon_core.package_discovery:discover_packages(path) check parameters
[0.207s] Level 1:colcon.colcon_core.package_discovery:discover_packages(colcon_meta) discover
[0.207s] Level 1:colcon.colcon_core.package_discovery:discover_packages(recursive) discover
[0.207s] INFO:colcon.colcon_core.package_discovery:Crawling recursively for packages in '/home/harshdev/alfred_workspace'
[0.207s] Level 1:colcon.colcon_core.package_identification:_identify(.) by extensions ['ignore', 'ignore_ament_install']
[0.207s] Level 1:colcon.colcon_core.package_identification:_identify(.) by extension 'ignore'
[0.207s] Level 1:colcon.colcon_core.package_identification:_identify(.) by extension 'ignore_ament_install'
[0.207s] Level 1:colcon.colcon_core.package_identification:_identify(.) by extensions ['colcon_pkg']
[0.207s] Level 1:colcon.colcon_core.package_identification:_identify(.) by extension 'colcon_pkg'
[0.207s] Level 1:colcon.colcon_core.package_identification:_identify(.) by extensions ['colcon_meta']
[0.207s] Level 1:colcon.colcon_core.package_identification:_identify(.) by extension 'colcon_meta'
[0.207s] Level 1:colcon.colcon_core.package_identification:_identify(.) by extensions ['ros']
[0.207s] Level 1:colcon.colcon_core.package_identification:_identify(.) by extension 'ros'
[0.238s] Level 1:colcon.colcon_core.package_identification:_identify(.) by extensions ['cmake', 'python']
[0.239s] Level 1:colcon.colcon_core.package_identification:_identify(.) by extension 'cmake'
[0.239s] Level 1:colcon.colcon_core.package_identification:_identify(.) by extension 'python'
[0.239s] Level 1:colcon.colcon_core.package_identification:_identify(.) by extensions ['python_setup_py']
[0.239s] Level 1:colcon.colcon_core.package_identification:_identify(.) by extension 'python_setup_py'
[0.239s] Level 1:colcon.colcon_core.package_identification:_identify(build) by extensions ['ignore', 'ignore_ament_install']
[0.239s] Level 1:colcon.colcon_core.package_identification:_identify(build) by extension 'ignore'
[0.239s] Level 1:colcon.colcon_core.package_identification:_identify(build) ignored
[0.239s] Level 1:colcon.colcon_core.package_identification:_identify(install) by extensions ['ignore', 'ignore_ament_install']
[0.239s] Level 1:colcon.colcon_core.package_identification:_identify(install) by extension 'ignore'
[0.239s] Level 1:colcon.colcon_core.package_identification:_identify(install) ignored
[0.239s] Level 1:colcon.colcon_core.package_identification:_identify(log) by extensions ['ignore', 'ignore_ament_install']
[0.240s] Level 1:colcon.colcon_core.package_identification:_identify(log) by extension 'ignore'
[0.240s] Level 1:colcon.colcon_core.package_identification:_identify(log) ignored
[0.240s] Level 1:colcon.colcon_core.package_identification:_identify(src) by extensions ['ignore', 'ignore_ament_install']
[0.240s] Level 1:colcon.colcon_core.package_identification:_identify(src) by extension 'ignore'
[0.240s] Level 1:colcon.colcon_core.package_identification:_identify(src) by extension 'ignore_ament_install'
[0.240s] Level 1:colcon.colcon_core.package_identification:_identify(src) by extensions ['colcon_pkg']
[0.240s] Level 1:colcon.colcon_core.package_identification:_identify(src) by extension 'colcon_pkg'
[0.240s] Level 1:colcon.colcon_core.package_identification:_identify(src) by extensions ['colcon_meta']
[0.240s] Level 1:colcon.colcon_core.package_identification:_identify(src) by extension 'colcon_meta'
[0.240s] Level 1:colcon.colcon_core.package_identification:_identify(src) by extensions ['ros']
[0.240s] Level 1:colcon.colcon_core.package_identification:_identify(src) by extension 'ros'
[0.240s] Level 1:colcon.colcon_core.package_identification:_identify(src) by extensions ['cmake', 'python']
[0.240s] Level 1:colcon.colcon_core.package_identification:_identify(src) by extension 'cmake'
[0.240s] Level 1:colcon.colcon_core.package_identification:_identify(src) by extension 'python'
[0.240s] Level 1:colcon.colcon_core.package_identification:_identify(src) by extensions ['python_setup_py']
[0.240s] Level 1:colcon.colcon_core.package_identification:_identify(src) by extension 'python_setup_py'
[0.240s] Level 1:colcon.colcon_core.package_identification:_identify(src/alfred_bot) by extensions ['ignore', 'ignore_ament_install']
[0.240s] Level 1:colcon.colcon_core.package_identification:_identify(src/alfred_bot) by extension 'ignore'
[0.240s] Level 1:colcon.colcon_core.package_identification:_identify(src/alfred_bot) by extension 'ignore_ament_install'
[0.240s] Level 1:colcon.colcon_core.package_identification:_identify(src/alfred_bot) by extensions ['colcon_pkg']
[0.240s] Level 1:colcon.colcon_core.package_identification:_identify(src/alfred_bot) by extension 'colcon_pkg'
[0.241s] Level 1:colcon.colcon_core.package_identification:_identify(src/alfred_bot) by extensions ['colcon_meta']
[0.241s] Level 1:colcon.colcon_core.package_identification:_identify(src/alfred_bot) by extension 'colcon_meta'
[0.241s] Level 1:colcon.colcon_core.package_identification:_identify(src/alfred_bot) by extensions ['ros']
[0.241s] Level 1:colcon.colcon_core.package_identification:_identify(src/alfred_bot) by extension 'ros'
[0.243s] DEBUG:colcon.colcon_core.package_identification:Package 'src/alfred_bot' with type 'ros.ament_cmake' and name 'alfred_bot'
[0.244s] Level 1:colcon.colcon_core.package_identification:_identify(src/alfred_sim) by extensions ['ignore', 'ignore_ament_install']
[0.244s] Level 1:colcon.colcon_core.package_identification:_identify(src/alfred_sim) by extension 'ignore'
[0.244s] Level 1:colcon.colcon_core.package_identification:_identify(src/alfred_sim) by extension 'ignore_ament_install'
[0.244s] Level 1:colcon.colcon_core.package_identification:_identify(src/alfred_sim) by extensions ['colcon_pkg']
[0.244s] Level 1:colcon.colcon_core.package_identification:_identify(src/alfred_sim) by extension 'colcon_pkg'
[0.244s] Level 1:colcon.colcon_core.package_identification:_identify(src/alfred_sim) by extensions ['colcon_meta']
[0.244s] Level 1:colcon.colcon_core.package_identification:_identify(src/alfred_sim) by extension 'colcon_meta'
[0.244s] Level 1:colcon.colcon_core.package_identification:_identify(src/alfred_sim) by extensions ['ros']
[0.244s] Level 1:colcon.colcon_core.package_identification:_identify(src/alfred_sim) by extension 'ros'
[0.244s] DEBUG:colcon.colcon_core.package_identification:Package 'src/alfred_sim' with type 'ros.ament_cmake' and name 'alfred_sim'
[0.245s] Level 1:colcon.colcon_core.package_identification:_identify(src/joy_input) by extensions ['ignore', 'ignore_ament_install']
[0.245s] Level 1:colcon.colcon_core.package_identification:_identify(src/joy_input) by extension 'ignore'
[0.245s] Level 1:colcon.colcon_core.package_identification:_identify(src/joy_input) by extension 'ignore_ament_install'
[0.245s] Level 1:colcon.colcon_core.package_identification:_identify(src/joy_input) by extensions ['colcon_pkg']
[0.245s] Level 1:colcon.colcon_core.package_identification:_identify(src/joy_input) by extension 'colcon_pkg'
[0.245s] Level 1:colcon.colcon_core.package_identification:_identify(src/joy_input) by extensions ['colcon_meta']
[0.245s] Level 1:colcon.colcon_core.package_identification:_identify(src/joy_input) by extension 'colcon_meta'
[0.245s] Level 1:colcon.colcon_core.package_identification:_identify(src/joy_input) by extensions ['ros']
[0.245s] Level 1:colcon.colcon_core.package_identification:_identify(src/joy_input) by extension 'ros'
[0.246s] DEBUG:colcon.colcon_core.package_identification:Package 'src/joy_input' with type 'ros.ament_python' and name 'joy_input'
[0.246s] Level 1:colcon.colcon_core.package_discovery:discover_packages(recursive) using defaults
[0.246s] Level 1:colcon.colcon_core.package_discovery:discover_packages(ignore) discover
[0.246s] Level 1:colcon.colcon_core.package_discovery:discover_packages(ignore) using defaults
[0.246s] Level 1:colcon.colcon_core.package_discovery:discover_packages(path) discover
[0.246s] Level 1:colcon.colcon_core.package_discovery:discover_packages(path) using defaults
[0.268s] Level 1:colcon.colcon_core.package_discovery:discover_packages(prefix_path) check parameters
[0.268s] Level 1:colcon.colcon_core.package_discovery:discover_packages(prefix_path) discover
[0.273s] DEBUG:colcon.colcon_installed_package_information.package_discovery:Found 461 installed packages in /opt/ros/jazzy
[0.275s] Level 1:colcon.colcon_core.package_discovery:discover_packages(prefix_path) using defaults
[0.337s] Level 5:colcon.colcon_core.verb:set package 'alfred_bot' build argument 'cmake_args' from command line to 'None'
[0.337s] Level 5:colcon.colcon_core.verb:set package 'alfred_bot' build argument 'cmake_target' from command line to 'None'
[0.337s] Level 5:colcon.colcon_core.verb:set package 'alfred_bot' build argument 'cmake_target_skip_unavailable' from command line to 'False'
[0.337s] Level 5:colcon.colcon_core.verb:set package 'alfred_bot' build argument 'cmake_clean_cache' from command line to 'False'
[0.337s] Level 5:colcon.colcon_core.verb:set package 'alfred_bot' build argument 'cmake_clean_first' from command line to 'False'
[0.337s] Level 5:colcon.colcon_core.verb:set package 'alfred_bot' build argument 'cmake_force_configure' from command line to 'False'
[0.337s] Level 5:colcon.colcon_core.verb:set package 'alfred_bot' build argument 'ament_cmake_args' from command line to 'None'
[0.337s] Level 5:colcon.colcon_core.verb:set package 'alfred_bot' build argument 'catkin_cmake_args' from command line to 'None'
[0.337s] Level 5:colcon.colcon_core.verb:set package 'alfred_bot' build argument 'catkin_skip_building_tests' from command line to 'False'
[0.337s] DEBUG:colcon.colcon_core.verb:Building package 'alfred_bot' with the following arguments: {'ament_cmake_args': None, 'build_base': '/home/harshdev/alfred_workspace/build/alfred_bot', 'catkin_cmake_args': None, 'catkin_skip_building_tests': False, 'cmake_args': None, 'cmake_clean_cache': False, 'cmake_clean_first': False, 'cmake_force_configure': False, 'cmake_target': None, 'cmake_target_skip_unavailable': False, 'install_base': '/home/harshdev/alfred_workspace/install/alfred_bot', 'merge_install': False, 'path': '/home/harshdev/alfred_workspace/src/alfred_bot', 'symlink_install': False, 'test_result_base': None}
[0.338s] Level 5:colcon.colcon_core.verb:set package 'alfred_sim' build argument 'cmake_args' from command line to 'None'
[0.338s] Level 5:colcon.colcon_core.verb:set package 'alfred_sim' build argument 'cmake_target' from command line to 'None'
[0.338s] Level 5:colcon.colcon_core.verb:set package 'alfred_sim' build argument 'cmake_target_skip_unavailable' from command line to 'False'
[0.338s] Level 5:colcon.colcon_core.verb:set package 'alfred_sim' build argument 'cmake_clean_cache' from command line to 'False'
[0.338s] Level 5:colcon.colcon_core.verb:set package 'alfred_sim' build argument 'cmake_clean_first' from command line to 'False'
[0.338s] Level 5:colcon.colcon_core.verb:set package 'alfred_sim' build argument 'cmake_force_configure' from command line to 'False'
[0.338s] Level 5:colcon.colcon_core.verb:set package 'alfred_sim' build argument 'ament_cmake_args' from command line to 'None'
[0.338s] Level 5:colcon.colcon_core.verb:set package 'alfred_sim' build argument 'catkin_cmake_args' from command line to 'None'
[0.338s] Level 5:colcon.colcon_core.verb:set package 'alfred_sim' build argument 'catkin_skip_building_tests' from command line to 'False'
[0.338s] DEBUG:colcon.colcon_core.verb:Building package 'alfred_sim' with the following arguments: {'ament_cmake_args': None, 'build_base': '/home/harshdev/alfred_workspace/build/alfred_sim', 'catkin_cmake_args': None, 'catkin_skip_building_tests': False, 'cmake_args': None, 'cmake_clean_cache': False, 'cmake_clean_first': False, 'cmake_force_configure': False, 'cmake_target': None, 'cmake_target_skip_unavailable': False, 'install_base': '/home/harshdev/alfred_workspace/install/alfred_sim', 'merge_install': False, 'path': '/home/harshdev/alfred_workspace/src/alfred_sim', 'symlink_install': False, 'test_result_base': None}
[0.338s] Level 5:colcon.colcon_core.verb:set package 'joy_input' build argument 'cmake_args' from command line to 'None'
[0.338s] Level 5:colcon.colcon_core.verb:set package 'joy_input' build argument 'cmake_target' from command line to 'None'
[0.338s] Level 5:colcon.colcon_core.verb:set package 'joy_input' build argument 'cmake_target_skip_unavailable' from command line to 'False'
[0.338s] Level 5:colcon.colcon_core.verb:set package 'joy_input' build argument 'cmake_clean_cache' from command line to 'False'
[0.338s] Level 5:colcon.colcon_core.verb:set package 'joy_input' build argument 'cmake_clean_first' from command line to 'False'
[0.338s] Level 5:colcon.colcon_core.verb:set package 'joy_input' build argument 'cmake_force_configure' from command line to 'False'
[0.338s] Level 5:colcon.colcon_core.verb:set package 'joy_input' build argument 'ament_cmake_args' from command line to 'None'
[0.338s] Level 5:colcon.colcon_core.verb:set package 'joy_input' build argument 'catkin_cmake_args' from command line to 'None'
[0.338s] Level 5:colcon.colcon_core.verb:set package 'joy_input' build argument 'catkin_skip_building_tests' from command line to 'False'
[0.338s] DEBUG:colcon.colcon_core.verb:Building package 'joy_input' with the following arguments: {'ament_cmake_args': None, 'build_base': '/home/harshdev/alfred_workspace/build/joy_input', 'catkin_cmake_args': None, 'catkin_skip_building_tests': False, 'cmake_args': None, 'cmake_clean_cache': False, 'cmake_clean_first': False, 'cmake_force_configure': False, 'cmake_target': None, 'cmake_target_skip_unavailable': False, 'install_base': '/home/harshdev/alfred_workspace/install/joy_input', 'merge_install': False, 'path': '/home/harshdev/alfred_workspace/src/joy_input', 'symlink_install': False, 'test_result_base': None}
[0.338s] INFO:colcon.colcon_core.executor:Executing jobs using 'parallel' executor
[0.339s] DEBUG:colcon.colcon_parallel_executor.executor.parallel:run_until_complete
[0.340s] INFO:colcon.colcon_ros.task.ament_cmake.build:Building ROS package in '/home/harshdev/alfred_workspace/src/alfred_bot' with build type 'ament_cmake'
[0.340s] INFO:colcon.colcon_cmake.task.cmake.build:Building CMake package in '/home/harshdev/alfred_workspace/src/alfred_bot'
[0.345s] INFO:colcon.colcon_core.plugin_system:Skipping extension 'colcon_core.shell.bat': Not used on non-Windows systems
[0.345s] INFO:colcon.colcon_core.shell:Skip shell extension 'powershell' for command environment: Not usable outside of PowerShell
[0.345s] DEBUG:colcon.colcon_core.shell:Skip shell extension 'dsv' for command environment
[0.350s] INFO:colcon.colcon_ros.task.ament_cmake.build:Building ROS package in '/home/harshdev/alfred_workspace/src/alfred_sim' with build type 'ament_cmake'
[0.350s] INFO:colcon.colcon_cmake.task.cmake.build:Building CMake package in '/home/harshdev/alfred_workspace/src/alfred_sim'
[0.350s] INFO:colcon.colcon_core.shell:Skip shell extension 'powershell' for command environment: Not usable outside of PowerShell
[0.350s] DEBUG:colcon.colcon_core.shell:Skip shell extension 'dsv' for command environment
[0.354s] INFO:colcon.colcon_ros.task.ament_python.build:Building ROS package in '/home/harshdev/alfred_workspace/src/joy_input' with build type 'ament_python'
[0.354s] Level 1:colcon.colcon_core.shell:create_environment_hook('joy_input', 'ament_prefix_path')
[0.354s] INFO:colcon.colcon_core.shell:Creating environment hook '/home/harshdev/alfred_workspace/install/joy_input/share/joy_input/hook/ament_prefix_path.ps1'
[0.355s] INFO:colcon.colcon_core.shell:Creating environment descriptor '/home/harshdev/alfred_workspace/install/joy_input/share/joy_input/hook/ament_prefix_path.dsv'
[0.356s] INFO:colcon.colcon_core.shell:Creating environment hook '/home/harshdev/alfred_workspace/install/joy_input/share/joy_input/hook/ament_prefix_path.sh'
[0.356s] INFO:colcon.colcon_core.shell:Skip shell extension 'powershell' for command environment: Not usable outside of PowerShell
[0.356s] DEBUG:colcon.colcon_core.shell:Skip shell extension 'dsv' for command environment
[0.366s] DEBUG:colcon.colcon_core.event_handler.log_command:Invoking command in '/home/harshdev/alfred_workspace/build/alfred_bot': CMAKE_PREFIX_PATH=${CMAKE_PREFIX_PATH}:/opt/ros/jazzy DEBUGINFOD_URLS=https://debuginfod.ubuntu.com /usr/bin/cmake --build /home/harshdev/alfred_workspace/build/alfred_bot -- -j12 -l12
[0.371s] DEBUG:colcon.colcon_core.event_handler.log_command:Invoking command in '/home/harshdev/alfred_workspace/build/alfred_sim': CMAKE_PREFIX_PATH=${CMAKE_PREFIX_PATH}:/opt/ros/jazzy DEBUGINFOD_URLS=https://debuginfod.ubuntu.com /usr/bin/cmake --build /home/harshdev/alfred_workspace/build/alfred_sim -- -j12 -l12
[0.646s] INFO:colcon.colcon_core.task.python.build:Building Python package in '/home/harshdev/alfred_workspace/src/joy_input'
[0.646s] INFO:colcon.colcon_core.shell:Skip shell extension 'powershell' for command environment: Not usable outside of PowerShell
[0.646s] DEBUG:colcon.colcon_core.shell:Skip shell extension 'dsv' for command environment
[0.652s] DEBUG:colcon.colcon_core.event_handler.log_command:Invoked command in '/home/harshdev/alfred_workspace/build/alfred_bot' returned '0': CMAKE_PREFIX_PATH=${CMAKE_PREFIX_PATH}:/opt/ros/jazzy DEBUGINFOD_URLS=https://debuginfod.ubuntu.com /usr/bin/cmake --build /home/harshdev/alfred_workspace/build/alfred_bot -- -j12 -l12
[0.666s] DEBUG:colcon.colcon_core.event_handler.log_command:Invoking command in '/home/harshdev/alfred_workspace/build/alfred_bot': CMAKE_PREFIX_PATH=${CMAKE_PREFIX_PATH}:/opt/ros/jazzy DEBUGINFOD_URLS=https://debuginfod.ubuntu.com /usr/bin/cmake --install /home/harshdev/alfred_workspace/build/alfred_bot
[0.666s] DEBUG:colcon.colcon_core.event_handler.log_command:Invoked command in '/home/harshdev/alfred_workspace/build/alfred_sim' returned '0': CMAKE_PREFIX_PATH=${CMAKE_PREFIX_PATH}:/opt/ros/jazzy DEBUGINFOD_URLS=https://debuginfod.ubuntu.com /usr/bin/cmake --build /home/harshdev/alfred_workspace/build/alfred_sim -- -j12 -l12
[0.669s] DEBUG:colcon.colcon_core.event_handler.log_command:Invoking command in '/home/harshdev/alfred_workspace/build/alfred_sim': CMAKE_PREFIX_PATH=${CMAKE_PREFIX_PATH}:/opt/ros/jazzy DEBUGINFOD_URLS=https://debuginfod.ubuntu.com /usr/bin/cmake --install /home/harshdev/alfred_workspace/build/alfred_sim
[0.688s] Level 1:colcon.colcon_core.environment:create_environment_scripts_only(alfred_bot)
[0.691s] DEBUG:colcon.colcon_core.event_handler.log_command:Invoked command in '/home/harshdev/alfred_workspace/build/alfred_bot' returned '0': CMAKE_PREFIX_PATH=${CMAKE_PREFIX_PATH}:/opt/ros/jazzy DEBUGINFOD_URLS=https://debuginfod.ubuntu.com /usr/bin/cmake --install /home/harshdev/alfred_workspace/build/alfred_bot
[0.698s] Level 1:colcon.colcon_core.environment:checking '/home/harshdev/alfred_workspace/install/alfred_bot' for CMake module files
[0.699s] Level 1:colcon.colcon_core.environment:checking '/home/harshdev/alfred_workspace/install/alfred_bot' for CMake config files
[0.699s] Level 1:colcon.colcon_core.shell:create_environment_hook('alfred_bot', 'cmake_prefix_path')
[0.700s] INFO:colcon.colcon_core.shell:Creating environment hook '/home/harshdev/alfred_workspace/install/alfred_bot/share/alfred_bot/hook/cmake_prefix_path.ps1'
[0.701s] INFO:colcon.colcon_core.shell:Creating environment descriptor '/home/harshdev/alfred_workspace/install/alfred_bot/share/alfred_bot/hook/cmake_prefix_path.dsv'
[0.701s] INFO:colcon.colcon_core.shell:Creating environment hook '/home/harshdev/alfred_workspace/install/alfred_bot/share/alfred_bot/hook/cmake_prefix_path.sh'
[0.702s] Level 1:colcon.colcon_core.environment:checking '/home/harshdev/alfred_workspace/install/alfred_bot/bin'
[0.702s] Level 1:colcon.colcon_core.environment:checking '/home/harshdev/alfred_workspace/install/alfred_bot/lib/pkgconfig/alfred_bot.pc'
[0.703s] Level 1:colcon.colcon_core.environment:checking '/home/harshdev/alfred_workspace/install/alfred_bot/lib/python3.12/site-packages'
[0.703s] Level 1:colcon.colcon_core.environment:checking '/home/harshdev/alfred_workspace/install/alfred_bot/bin'
[0.703s] INFO:colcon.colcon_core.shell:Creating package script '/home/harshdev/alfred_workspace/install/alfred_bot/share/alfred_bot/package.ps1'
[0.704s] INFO:colcon.colcon_core.shell:Creating package descriptor '/home/harshdev/alfred_workspace/install/alfred_bot/share/alfred_bot/package.dsv'
[0.705s] INFO:colcon.colcon_core.shell:Creating package script '/home/harshdev/alfred_workspace/install/alfred_bot/share/alfred_bot/package.sh'
[0.706s] INFO:colcon.colcon_core.shell:Creating package script '/home/harshdev/alfred_workspace/install/alfred_bot/share/alfred_bot/package.bash'
[0.707s] INFO:colcon.colcon_core.shell:Creating package script '/home/harshdev/alfred_workspace/install/alfred_bot/share/alfred_bot/package.zsh'
[0.707s] Level 1:colcon.colcon_core.environment:create_file_with_runtime_dependencies(/home/harshdev/alfred_workspace/install/alfred_bot/share/colcon-core/packages/alfred_bot)
[0.708s] Level 1:colcon.colcon_core.environment:create_environment_scripts_only(alfred_bot)
[0.708s] Level 1:colcon.colcon_core.environment:checking '/home/harshdev/alfred_workspace/install/alfred_bot' for CMake module files
[0.709s] Level 1:colcon.colcon_core.environment:checking '/home/harshdev/alfred_workspace/install/alfred_bot' for CMake config files
[0.709s] Level 1:colcon.colcon_core.shell:create_environment_hook('alfred_bot', 'cmake_prefix_path')
[0.709s] INFO:colcon.colcon_core.shell:Creating environment hook '/home/harshdev/alfred_workspace/install/alfred_bot/share/alfred_bot/hook/cmake_prefix_path.ps1'
[0.709s] INFO:colcon.colcon_core.shell:Creating environment descriptor '/home/harshdev/alfred_workspace/install/alfred_bot/share/alfred_bot/hook/cmake_prefix_path.dsv'
[0.710s] INFO:colcon.colcon_core.shell:Creating environment hook '/home/harshdev/alfred_workspace/install/alfred_bot/share/alfred_bot/hook/cmake_prefix_path.sh'
[0.710s] Level 1:colcon.colcon_core.environment:checking '/home/harshdev/alfred_workspace/install/alfred_bot/bin'
[0.710s] Level 1:colcon.colcon_core.environment:checking '/home/harshdev/alfred_workspace/install/alfred_bot/lib/pkgconfig/alfred_bot.pc'
[0.711s] Level 1:colcon.colcon_core.environment:checking '/home/harshdev/alfred_workspace/install/alfred_bot/lib/python3.12/site-packages'
[0.711s] Level 1:colcon.colcon_core.environment:checking '/home/harshdev/alfred_workspace/install/alfred_bot/bin'
[0.711s] INFO:colcon.colcon_core.shell:Creating package script '/home/harshdev/alfred_workspace/install/alfred_bot/share/alfred_bot/package.ps1'
[0.712s] INFO:colcon.colcon_core.shell:Creating package descriptor '/home/harshdev/alfred_workspace/install/alfred_bot/share/alfred_bot/package.dsv'
[0.712s] INFO:colcon.colcon_core.shell:Creating package script '/home/harshdev/alfred_workspace/install/alfred_bot/share/alfred_bot/package.sh'
[0.712s] INFO:colcon.colcon_core.shell:Creating package script '/home/harshdev/alfred_workspace/install/alfred_bot/share/alfred_bot/package.bash'
[0.713s] INFO:colcon.colcon_core.shell:Creating package script '/home/harshdev/alfred_workspace/install/alfred_bot/share/alfred_bot/package.zsh'
[0.713s] Level 1:colcon.colcon_core.environment:create_file_with_runtime_dependencies(/home/harshdev/alfred_workspace/install/alfred_bot/share/colcon-core/packages/alfred_bot)
[0.713s] Level 1:colcon.colcon_core.environment:create_environment_scripts_only(alfred_sim)
[0.714s] Level 1:colcon.colcon_core.environment:checking '/home/harshdev/alfred_workspace/install/alfred_sim' for CMake module files
[0.715s] DEBUG:colcon.colcon_core.event_handler.log_command:Invoked command in '/home/harshdev/alfred_workspace/build/alfred_sim' returned '0': CMAKE_PREFIX_PATH=${CMAKE_PREFIX_PATH}:/opt/ros/jazzy DEBUGINFOD_URLS=https://debuginfod.ubuntu.com /usr/bin/cmake --install /home/harshdev/alfred_workspace/build/alfred_sim
[0.715s] Level 1:colcon.colcon_core.environment:checking '/home/harshdev/alfred_workspace/install/alfred_sim' for CMake config files
[0.716s] Level 1:colcon.colcon_core.shell:create_environment_hook('alfred_sim', 'cmake_prefix_path')
[0.716s] INFO:colcon.colcon_core.shell:Creating environment hook '/home/harshdev/alfred_workspace/install/alfred_sim/share/alfred_sim/hook/cmake_prefix_path.ps1'
[0.716s] INFO:colcon.colcon_core.shell:Creating environment descriptor '/home/harshdev/alfred_workspace/install/alfred_sim/share/alfred_sim/hook/cmake_prefix_path.dsv'
[0.717s] INFO:colcon.colcon_core.shell:Creating environment hook '/home/harshdev/alfred_workspace/install/alfred_sim/share/alfred_sim/hook/cmake_prefix_path.sh'
[0.717s] Level 1:colcon.colcon_core.environment:checking '/home/harshdev/alfred_workspace/install/alfred_sim/bin'
[0.717s] Level 1:colcon.colcon_core.environment:checking '/home/harshdev/alfred_workspace/install/alfred_sim/lib/pkgconfig/alfred_sim.pc'
[0.718s] Level 1:colcon.colcon_core.environment:checking '/home/harshdev/alfred_workspace/install/alfred_sim/lib/python3.12/site-packages'
[0.718s] Level 1:colcon.colcon_core.environment:checking '/home/harshdev/alfred_workspace/install/alfred_sim/bin'
[0.718s] INFO:colcon.colcon_core.shell:Creating package script '/home/harshdev/alfred_workspace/install/alfred_sim/share/alfred_sim/package.ps1'
[0.719s] INFO:colcon.colcon_core.shell:Creating package descriptor '/home/harshdev/alfred_workspace/install/alfred_sim/share/alfred_sim/package.dsv'
[0.719s] INFO:colcon.colcon_core.shell:Creating package script '/home/harshdev/alfred_workspace/install/alfred_sim/share/alfred_sim/package.sh'
[0.720s] INFO:colcon.colcon_core.shell:Creating package script '/home/harshdev/alfred_workspace/install/alfred_sim/share/alfred_sim/package.bash'
[0.720s] INFO:colcon.colcon_core.shell:Creating package script '/home/harshdev/alfred_workspace/install/alfred_sim/share/alfred_sim/package.zsh'
[0.721s] Level 1:colcon.colcon_core.environment:create_file_with_runtime_dependencies(/home/harshdev/alfred_workspace/install/alfred_sim/share/colcon-core/packages/alfred_sim)
[0.721s] Level 1:colcon.colcon_core.environment:create_environment_scripts_only(alfred_sim)
[0.721s] Level 1:colcon.colcon_core.environment:checking '/home/harshdev/alfred_workspace/install/alfred_sim' for CMake module files
[0.722s] Level 1:colcon.colcon_core.environment:checking '/home/harshdev/alfred_workspace/install/alfred_sim' for CMake config files
[0.722s] Level 1:colcon.colcon_core.shell:create_environment_hook('alfred_sim', 'cmake_prefix_path')
[0.722s] INFO:colcon.colcon_core.shell:Creating environment hook '/home/harshdev/alfred_workspace/install/alfred_sim/share/alfred_sim/hook/cmake_prefix_path.ps1'
[0.723s] INFO:colcon.colcon_core.shell:Creating environment descriptor '/home/harshdev/alfred_workspace/install/alfred_sim/share/alfred_sim/hook/cmake_prefix_path.dsv'
[0.723s] INFO:colcon.colcon_core.shell:Creating environment hook '/home/harshdev/alfred_workspace/install/alfred_sim/share/alfred_sim/hook/cmake_prefix_path.sh'
[0.723s] Level 1:colcon.colcon_core.environment:checking '/home/harshdev/alfred_workspace/install/alfred_sim/bin'
[0.724s] Level 1:colcon.colcon_core.environment:checking '/home/harshdev/alfred_workspace/install/alfred_sim/lib/pkgconfig/alfred_sim.pc'
[0.724s] Level 1:colcon.colcon_core.environment:checking '/home/harshdev/alfred_workspace/install/alfred_sim/lib/python3.12/site-packages'
[0.724s] Level 1:colcon.colcon_core.environment:checking '/home/harshdev/alfred_workspace/install/alfred_sim/bin'
[0.724s] INFO:colcon.colcon_core.shell:Creating package script '/home/harshdev/alfred_workspace/install/alfred_sim/share/alfred_sim/package.ps1'
[0.725s] INFO:colcon.colcon_core.shell:Creating package descriptor '/home/harshdev/alfred_workspace/install/alfred_sim/share/alfred_sim/package.dsv'
[0.725s] INFO:colcon.colcon_core.shell:Creating package script '/home/harshdev/alfred_workspace/install/alfred_sim/share/alfred_sim/package.sh'
[0.726s] INFO:colcon.colcon_core.shell:Creating package script '/home/harshdev/alfred_workspace/install/alfred_sim/share/alfred_sim/package.bash'
[0.726s] INFO:colcon.colcon_core.shell:Creating package script '/home/harshdev/alfred_workspace/install/alfred_sim/share/alfred_sim/package.zsh'
[0.726s] Level 1:colcon.colcon_core.environment:create_file_with_runtime_dependencies(/home/harshdev/alfred_workspace/install/alfred_sim/share/colcon-core/packages/alfred_sim)
[1.566s] DEBUG:colcon.colcon_core.event_handler.log_command:Invoking command in '/home/harshdev/alfred_workspace/src/joy_input': DEBUGINFOD_URLS=https://debuginfod.ubuntu.com PYTHONPATH=/home/harshdev/alfred_workspace/build/joy_input/prefix_override:/usr/lib/python3/dist-packages/colcon_core/task/python/colcon_distutils_commands:/home/harshdev/alfred_workspace/install/joy_input/lib/python3.12/site-packages:${PYTHONPATH} /usr/bin/python3 -W ignore:setup.py install is deprecated -W ignore:easy_install command is deprecated setup.py egg_info --egg-base ../../build/joy_input build --build-base /home/harshdev/alfred_workspace/build/joy_input/build install --record /home/harshdev/alfred_workspace/build/joy_input/install.log --single-version-externally-managed install_data
[2.186s] Level 1:colcon.colcon_core.environment:checking '/home/harshdev/alfred_workspace/install/joy_input' for CMake module files
[2.186s] DEBUG:colcon.colcon_core.event_handler.log_command:Invoked command in '/home/harshdev/alfred_workspace/src/joy_input' returned '0': DEBUGINFOD_URLS=https://debuginfod.ubuntu.com PYTHONPATH=/home/harshdev/alfred_workspace/build/joy_input/prefix_override:/usr/lib/python3/dist-packages/colcon_core/task/python/colcon_distutils_commands:/home/harshdev/alfred_workspace/install/joy_input/lib/python3.12/site-packages:${PYTHONPATH} /usr/bin/python3 -W ignore:setup.py install is deprecated -W ignore:easy_install command is deprecated setup.py egg_info --egg-base ../../build/joy_input build --build-base /home/harshdev/alfred_workspace/build/joy_input/build install --record /home/harshdev/alfred_workspace/build/joy_input/install.log --single-version-externally-managed install_data
[2.187s] Level 1:colcon.colcon_core.environment:checking '/home/harshdev/alfred_workspace/install/joy_input' for CMake config files
[2.187s] Level 1:colcon.colcon_core.environment:checking '/home/harshdev/alfred_workspace/install/joy_input/lib'
[2.188s] Level 1:colcon.colcon_core.environment:checking '/home/harshdev/alfred_workspace/install/joy_input/bin'
[2.188s] Level 1:colcon.colcon_core.environment:checking '/home/harshdev/alfred_workspace/install/joy_input/lib/pkgconfig/joy_input.pc'
[2.188s] Level 1:colcon.colcon_core.environment:checking '/home/harshdev/alfred_workspace/install/joy_input/lib/python3.12/site-packages'
[2.188s] Level 1:colcon.colcon_core.shell:create_environment_hook('joy_input', 'pythonpath')
[2.189s] INFO:colcon.colcon_core.shell:Creating environment hook '/home/harshdev/alfred_workspace/install/joy_input/share/joy_input/hook/pythonpath.ps1'
[2.189s] INFO:colcon.colcon_core.shell:Creating environment descriptor '/home/harshdev/alfred_workspace/install/joy_input/share/joy_input/hook/pythonpath.dsv'
[2.189s] INFO:colcon.colcon_core.shell:Creating environment hook '/home/harshdev/alfred_workspace/install/joy_input/share/joy_input/hook/pythonpath.sh'
[2.190s] Level 1:colcon.colcon_core.environment:checking '/home/harshdev/alfred_workspace/install/joy_input/bin'
[2.190s] Level 1:colcon.colcon_core.environment:create_environment_scripts_only(joy_input)
[2.190s] INFO:colcon.colcon_core.shell:Creating package script '/home/harshdev/alfred_workspace/install/joy_input/share/joy_input/package.ps1'
[2.191s] INFO:colcon.colcon_core.shell:Creating package descriptor '/home/harshdev/alfred_workspace/install/joy_input/share/joy_input/package.dsv'
[2.191s] INFO:colcon.colcon_core.shell:Creating package script '/home/harshdev/alfred_workspace/install/joy_input/share/joy_input/package.sh'
[2.192s] INFO:colcon.colcon_core.shell:Creating package script '/home/harshdev/alfred_workspace/install/joy_input/share/joy_input/package.bash'
[2.192s] INFO:colcon.colcon_core.shell:Creating package script '/home/harshdev/alfred_workspace/install/joy_input/share/joy_input/package.zsh'
[2.192s] Level 1:colcon.colcon_core.environment:create_file_with_runtime_dependencies(/home/harshdev/alfred_workspace/install/joy_input/share/colcon-core/packages/joy_input)
[2.192s] DEBUG:colcon.colcon_parallel_executor.executor.parallel:closing loop
[2.193s] DEBUG:colcon.colcon_parallel_executor.executor.parallel:loop closed
[2.193s] DEBUG:colcon.colcon_parallel_executor.executor.parallel:run_until_complete finished with '0'
[2.193s] DEBUG:colcon.colcon_core.event_reactor:joining thread
[2.204s] INFO:colcon.colcon_core.plugin_system:Skipping extension 'colcon_notification.desktop_notification.terminal_notifier': Not used on non-Darwin systems
[2.204s] INFO:colcon.colcon_core.plugin_system:Skipping extension 'colcon_notification.desktop_notification.win32': Not used on non-Windows systems
[2.204s] INFO:colcon.colcon_notification.desktop_notification:Sending desktop notification using 'notify2'
[2.242s] DEBUG:colcon.colcon_core.event_reactor:joined thread
[2.243s] INFO:colcon.colcon_core.shell:Creating prefix script '/home/harshdev/alfred_workspace/install/local_setup.ps1'
[2.245s] INFO:colcon.colcon_core.shell:Creating prefix util module '/home/harshdev/alfred_workspace/install/_local_setup_util_ps1.py'
[2.248s] INFO:colcon.colcon_core.shell:Creating prefix chain script '/home/harshdev/alfred_workspace/install/setup.ps1'
[2.250s] INFO:colcon.colcon_core.shell:Creating prefix script '/home/harshdev/alfred_workspace/install/local_setup.sh'
[2.251s] INFO:colcon.colcon_core.shell:Creating prefix util module '/home/harshdev/alfred_workspace/install/_local_setup_util_sh.py'
[2.252s] INFO:colcon.colcon_core.shell:Creating prefix chain script '/home/harshdev/alfred_workspace/install/setup.sh'
[2.253s] INFO:colcon.colcon_core.shell:Creating prefix script '/home/harshdev/alfred_workspace/install/local_setup.bash'
[2.254s] INFO:colcon.colcon_core.shell:Creating prefix chain script '/home/harshdev/alfred_workspace/install/setup.bash'
[2.255s] INFO:colcon.colcon_core.shell:Creating prefix script '/home/harshdev/alfred_workspace/install/local_setup.zsh'
[2.256s] INFO:colcon.colcon_core.shell:Creating prefix chain script '/home/harshdev/alfred_workspace/install/setup.zsh'
