[0.120s] DEBUG:colcon:Command line arguments: ['/usr/bin/colcon', 'build']
[0.120s] DEBUG:colcon:Parsed command line arguments: Namespace(log_base=None, log_level=None, verb_name='build', build_base='build', install_base='install', merge_install=False, symlink_install=False, test_result_base=None, continue_on_error=False, executor='parallel', parallel_workers=12, event_handlers=None, ignore_user_meta=False, metas=['./colcon.meta'], base_paths=['.'], packages_ignore=None, packages_ignore_regex=None, paths=None, packages_up_to=None, packages_up_to_regex=None, packages_above=None, packages_above_and_dependencies=None, packages_above_depth=None, packages_select_by_dep=None, packages_skip_by_dep=None, packages_skip_up_to=None, packages_select_build_failed=False, packages_skip_build_finished=False, packages_select_test_failures=False, packages_skip_test_passed=False, packages_select=None, packages_skip=None, packages_select_regex=None, packages_skip_regex=None, packages_start=None, packages_end=None, allow_overriding=[], cmake_args=None, cmake_target=None, cmake_target_skip_unavailable=False, cmake_clean_cache=False, cmake_clean_first=False, cmake_force_configure=False, ament_cmake_args=None, catkin_cmake_args=None, catkin_skip_building_tests=False, mixin_files=None, mixin=None, verb_parser=<colcon_mixin.mixin.mixin_argument.MixinArgumentDecorator object at 0x7b242f7a4650>, verb_extension=<colcon_core.verb.build.BuildVerb object at 0x7b24300f3c50>, main=<bound method BuildVerb.main of <colcon_core.verb.build.BuildVerb object at 0x7b24300f3c50>>, mixin_verb=('build',))
[0.167s] Level 1:colcon.colcon_core.package_discovery:discover_packages(colcon_meta) check parameters
[0.167s] Level 1:colcon.colcon_core.package_discovery:discover_packages(recursive) check parameters
[0.167s] Level 1:colcon.colcon_core.package_discovery:discover_packages(ignore) check parameters
[0.167s] Level 1:colcon.colcon_core.package_discovery:discover_packages(path) check parameters
[0.167s] Level 1:colcon.colcon_core.package_discovery:discover_packages(colcon_meta) discover
[0.167s] Level 1:colcon.colcon_core.package_discovery:discover_packages(recursive) discover
[0.168s] INFO:colcon.colcon_core.package_discovery:Crawling recursively for packages in '/home/harshdev/Learning-ROS/articubot_one'
[0.168s] Level 1:colcon.colcon_core.package_identification:_identify(.) by extensions ['ignore', 'ignore_ament_install']
[0.168s] Level 1:colcon.colcon_core.package_identification:_identify(.) by extension 'ignore'
[0.168s] Level 1:colcon.colcon_core.package_identification:_identify(.) by extension 'ignore_ament_install'
[0.168s] Level 1:colcon.colcon_core.package_identification:_identify(.) by extensions ['colcon_pkg']
[0.168s] Level 1:colcon.colcon_core.package_identification:_identify(.) by extension 'colcon_pkg'
[0.168s] Level 1:colcon.colcon_core.package_identification:_identify(.) by extensions ['colcon_meta']
[0.168s] Level 1:colcon.colcon_core.package_identification:_identify(.) by extension 'colcon_meta'
[0.168s] Level 1:colcon.colcon_core.package_identification:_identify(.) by extensions ['ros']
[0.168s] Level 1:colcon.colcon_core.package_identification:_identify(.) by extension 'ros'
[0.201s] DEBUG:colcon.colcon_core.package_identification:Package '.' with type 'ros.ament_cmake' and name 'articubot_one'
[0.201s] Level 1:colcon.colcon_core.package_discovery:discover_packages(recursive) using defaults
[0.201s] Level 1:colcon.colcon_core.package_discovery:discover_packages(ignore) discover
[0.201s] Level 1:colcon.colcon_core.package_discovery:discover_packages(ignore) using defaults
[0.201s] Level 1:colcon.colcon_core.package_discovery:discover_packages(path) discover
[0.201s] Level 1:colcon.colcon_core.package_discovery:discover_packages(path) using defaults
[0.225s] Level 1:colcon.colcon_core.package_discovery:discover_packages(prefix_path) check parameters
[0.225s] Level 1:colcon.colcon_core.package_discovery:discover_packages(prefix_path) discover
[0.229s] DEBUG:colcon.colcon_installed_package_information.package_discovery:Found 450 installed packages in /opt/ros/jazzy
[0.232s] Level 1:colcon.colcon_core.package_discovery:discover_packages(prefix_path) using defaults
[0.298s] Level 5:colcon.colcon_core.verb:set package 'articubot_one' build argument 'cmake_args' from command line to 'None'
[0.298s] Level 5:colcon.colcon_core.verb:set package 'articubot_one' build argument 'cmake_target' from command line to 'None'
[0.298s] Level 5:colcon.colcon_core.verb:set package 'articubot_one' build argument 'cmake_target_skip_unavailable' from command line to 'False'
[0.298s] Level 5:colcon.colcon_core.verb:set package 'articubot_one' build argument 'cmake_clean_cache' from command line to 'False'
[0.298s] Level 5:colcon.colcon_core.verb:set package 'articubot_one' build argument 'cmake_clean_first' from command line to 'False'
[0.298s] Level 5:colcon.colcon_core.verb:set package 'articubot_one' build argument 'cmake_force_configure' from command line to 'False'
[0.298s] Level 5:colcon.colcon_core.verb:set package 'articubot_one' build argument 'ament_cmake_args' from command line to 'None'
[0.298s] Level 5:colcon.colcon_core.verb:set package 'articubot_one' build argument 'catkin_cmake_args' from command line to 'None'
[0.298s] Level 5:colcon.colcon_core.verb:set package 'articubot_one' build argument 'catkin_skip_building_tests' from command line to 'False'
[0.298s] DEBUG:colcon.colcon_core.verb:Building package 'articubot_one' with the following arguments: {'ament_cmake_args': None, 'build_base': '/home/harshdev/Learning-ROS/articubot_one/build/articubot_one', 'catkin_cmake_args': None, 'catkin_skip_building_tests': False, 'cmake_args': None, 'cmake_clean_cache': False, 'cmake_clean_first': False, 'cmake_force_configure': False, 'cmake_target': None, 'cmake_target_skip_unavailable': False, 'install_base': '/home/harshdev/Learning-ROS/articubot_one/install/articubot_one', 'merge_install': False, 'path': '/home/harshdev/Learning-ROS/articubot_one', 'symlink_install': False, 'test_result_base': None}
[0.299s] INFO:colcon.colcon_core.executor:Executing jobs using 'parallel' executor
[0.300s] DEBUG:colcon.colcon_parallel_executor.executor.parallel:run_until_complete
[0.300s] INFO:colcon.colcon_ros.task.ament_cmake.build:Building ROS package in '/home/harshdev/Learning-ROS/articubot_one' with build type 'ament_cmake'
[0.300s] INFO:colcon.colcon_cmake.task.cmake.build:Building CMake package in '/home/harshdev/Learning-ROS/articubot_one'
[0.302s] INFO:colcon.colcon_core.plugin_system:Skipping extension 'colcon_core.shell.bat': Not used on non-Windows systems
[0.302s] INFO:colcon.colcon_core.shell:Skip shell extension 'powershell' for command environment: Not usable outside of PowerShell
[0.302s] DEBUG:colcon.colcon_core.shell:Skip shell extension 'dsv' for command environment
[0.313s] DEBUG:colcon.colcon_core.event_handler.log_command:Invoking command in '/home/harshdev/Learning-ROS/articubot_one/build/articubot_one': CMAKE_PREFIX_PATH=${CMAKE_PREFIX_PATH}:/opt/ros/jazzy DEBUGINFOD_URLS=https://debuginfod.ubuntu.com /usr/bin/cmake /home/harshdev/Learning-ROS/articubot_one -DCMAKE_INSTALL_PREFIX=/home/harshdev/Learning-ROS/articubot_one/install/articubot_one
[2.155s] DEBUG:colcon.colcon_core.event_handler.log_command:Invoked command in '/home/harshdev/Learning-ROS/articubot_one/build/articubot_one' returned '0': CMAKE_PREFIX_PATH=${CMAKE_PREFIX_PATH}:/opt/ros/jazzy DEBUGINFOD_URLS=https://debuginfod.ubuntu.com /usr/bin/cmake /home/harshdev/Learning-ROS/articubot_one -DCMAKE_INSTALL_PREFIX=/home/harshdev/Learning-ROS/articubot_one/install/articubot_one
[2.157s] DEBUG:colcon.colcon_core.event_handler.log_command:Invoking command in '/home/harshdev/Learning-ROS/articubot_one/build/articubot_one': CMAKE_PREFIX_PATH=${CMAKE_PREFIX_PATH}:/opt/ros/jazzy DEBUGINFOD_URLS=https://debuginfod.ubuntu.com /usr/bin/cmake --build /home/harshdev/Learning-ROS/articubot_one/build/articubot_one -- -j12 -l12
[2.211s] DEBUG:colcon.colcon_core.event_handler.log_command:Invoked command in '/home/harshdev/Learning-ROS/articubot_one/build/articubot_one' returned '0': CMAKE_PREFIX_PATH=${CMAKE_PREFIX_PATH}:/opt/ros/jazzy DEBUGINFOD_URLS=https://debuginfod.ubuntu.com /usr/bin/cmake --build /home/harshdev/Learning-ROS/articubot_one/build/articubot_one -- -j12 -l12
[2.227s] DEBUG:colcon.colcon_core.event_handler.log_command:Invoking command in '/home/harshdev/Learning-ROS/articubot_one/build/articubot_one': CMAKE_PREFIX_PATH=${CMAKE_PREFIX_PATH}:/opt/ros/jazzy DEBUGINFOD_URLS=https://debuginfod.ubuntu.com /usr/bin/cmake --install /home/harshdev/Learning-ROS/articubot_one/build/articubot_one
[2.244s] Level 1:colcon.colcon_core.environment:create_environment_scripts_only(articubot_one)
[2.245s] DEBUG:colcon.colcon_core.event_handler.log_command:Invoked command in '/home/harshdev/Learning-ROS/articubot_one/build/articubot_one' returned '0': CMAKE_PREFIX_PATH=${CMAKE_PREFIX_PATH}:/opt/ros/jazzy DEBUGINFOD_URLS=https://debuginfod.ubuntu.com /usr/bin/cmake --install /home/harshdev/Learning-ROS/articubot_one/build/articubot_one
[2.247s] Level 1:colcon.colcon_core.environment:checking '/home/harshdev/Learning-ROS/articubot_one/install/articubot_one' for CMake module files
[2.248s] Level 1:colcon.colcon_core.environment:checking '/home/harshdev/Learning-ROS/articubot_one/install/articubot_one' for CMake config files
[2.248s] Level 1:colcon.colcon_core.shell:create_environment_hook('articubot_one', 'cmake_prefix_path')
[2.248s] INFO:colcon.colcon_core.shell:Creating environment hook '/home/harshdev/Learning-ROS/articubot_one/install/articubot_one/share/articubot_one/hook/cmake_prefix_path.ps1'
[2.249s] INFO:colcon.colcon_core.shell:Creating environment descriptor '/home/harshdev/Learning-ROS/articubot_one/install/articubot_one/share/articubot_one/hook/cmake_prefix_path.dsv'
[2.249s] INFO:colcon.colcon_core.shell:Creating environment hook '/home/harshdev/Learning-ROS/articubot_one/install/articubot_one/share/articubot_one/hook/cmake_prefix_path.sh'
[2.250s] Level 1:colcon.colcon_core.environment:checking '/home/harshdev/Learning-ROS/articubot_one/install/articubot_one/bin'
[2.250s] Level 1:colcon.colcon_core.environment:checking '/home/harshdev/Learning-ROS/articubot_one/install/articubot_one/lib/pkgconfig/articubot_one.pc'
[2.251s] Level 1:colcon.colcon_core.environment:checking '/home/harshdev/Learning-ROS/articubot_one/install/articubot_one/lib/python3.12/site-packages'
[2.251s] Level 1:colcon.colcon_core.environment:checking '/home/harshdev/Learning-ROS/articubot_one/install/articubot_one/bin'
[2.251s] INFO:colcon.colcon_core.shell:Creating package script '/home/harshdev/Learning-ROS/articubot_one/install/articubot_one/share/articubot_one/package.ps1'
[2.252s] INFO:colcon.colcon_core.shell:Creating package descriptor '/home/harshdev/Learning-ROS/articubot_one/install/articubot_one/share/articubot_one/package.dsv'
[2.253s] INFO:colcon.colcon_core.shell:Creating package script '/home/harshdev/Learning-ROS/articubot_one/install/articubot_one/share/articubot_one/package.sh'
[2.253s] INFO:colcon.colcon_core.shell:Creating package script '/home/harshdev/Learning-ROS/articubot_one/install/articubot_one/share/articubot_one/package.bash'
[2.254s] INFO:colcon.colcon_core.shell:Creating package script '/home/harshdev/Learning-ROS/articubot_one/install/articubot_one/share/articubot_one/package.zsh'
[2.254s] Level 1:colcon.colcon_core.environment:create_file_with_runtime_dependencies(/home/harshdev/Learning-ROS/articubot_one/install/articubot_one/share/colcon-core/packages/articubot_one)
[2.255s] Level 1:colcon.colcon_core.environment:create_environment_scripts_only(articubot_one)
[2.255s] Level 1:colcon.colcon_core.environment:checking '/home/harshdev/Learning-ROS/articubot_one/install/articubot_one' for CMake module files
[2.256s] Level 1:colcon.colcon_core.environment:checking '/home/harshdev/Learning-ROS/articubot_one/install/articubot_one' for CMake config files
[2.256s] Level 1:colcon.colcon_core.shell:create_environment_hook('articubot_one', 'cmake_prefix_path')
[2.256s] INFO:colcon.colcon_core.shell:Creating environment hook '/home/harshdev/Learning-ROS/articubot_one/install/articubot_one/share/articubot_one/hook/cmake_prefix_path.ps1'
[2.256s] INFO:colcon.colcon_core.shell:Creating environment descriptor '/home/harshdev/Learning-ROS/articubot_one/install/articubot_one/share/articubot_one/hook/cmake_prefix_path.dsv'
[2.257s] INFO:colcon.colcon_core.shell:Creating environment hook '/home/harshdev/Learning-ROS/articubot_one/install/articubot_one/share/articubot_one/hook/cmake_prefix_path.sh'
[2.257s] Level 1:colcon.colcon_core.environment:checking '/home/harshdev/Learning-ROS/articubot_one/install/articubot_one/bin'
[2.257s] Level 1:colcon.colcon_core.environment:checking '/home/harshdev/Learning-ROS/articubot_one/install/articubot_one/lib/pkgconfig/articubot_one.pc'
[2.258s] Level 1:colcon.colcon_core.environment:checking '/home/harshdev/Learning-ROS/articubot_one/install/articubot_one/lib/python3.12/site-packages'
[2.258s] Level 1:colcon.colcon_core.environment:checking '/home/harshdev/Learning-ROS/articubot_one/install/articubot_one/bin'
[2.258s] INFO:colcon.colcon_core.shell:Creating package script '/home/harshdev/Learning-ROS/articubot_one/install/articubot_one/share/articubot_one/package.ps1'
[2.259s] INFO:colcon.colcon_core.shell:Creating package descriptor '/home/harshdev/Learning-ROS/articubot_one/install/articubot_one/share/articubot_one/package.dsv'
[2.259s] INFO:colcon.colcon_core.shell:Creating package script '/home/harshdev/Learning-ROS/articubot_one/install/articubot_one/share/articubot_one/package.sh'
[2.259s] INFO:colcon.colcon_core.shell:Creating package script '/home/harshdev/Learning-ROS/articubot_one/install/articubot_one/share/articubot_one/package.bash'
[2.260s] INFO:colcon.colcon_core.shell:Creating package script '/home/harshdev/Learning-ROS/articubot_one/install/articubot_one/share/articubot_one/package.zsh'
[2.260s] Level 1:colcon.colcon_core.environment:create_file_with_runtime_dependencies(/home/harshdev/Learning-ROS/articubot_one/install/articubot_one/share/colcon-core/packages/articubot_one)
[2.260s] DEBUG:colcon.colcon_parallel_executor.executor.parallel:closing loop
[2.261s] DEBUG:colcon.colcon_parallel_executor.executor.parallel:loop closed
[2.261s] DEBUG:colcon.colcon_parallel_executor.executor.parallel:run_until_complete finished with '0'
[2.261s] DEBUG:colcon.colcon_core.event_reactor:joining thread
[2.267s] INFO:colcon.colcon_core.plugin_system:Skipping extension 'colcon_notification.desktop_notification.terminal_notifier': Not used on non-Darwin systems
[2.268s] INFO:colcon.colcon_core.plugin_system:Skipping extension 'colcon_notification.desktop_notification.win32': Not used on non-Windows systems
[2.268s] INFO:colcon.colcon_notification.desktop_notification:Sending desktop notification using 'notify2'
[2.295s] DEBUG:colcon.colcon_core.event_reactor:joined thread
[2.295s] INFO:colcon.colcon_core.shell:Creating prefix script '/home/harshdev/Learning-ROS/articubot_one/install/local_setup.ps1'
[2.297s] INFO:colcon.colcon_core.shell:Creating prefix util module '/home/harshdev/Learning-ROS/articubot_one/install/_local_setup_util_ps1.py'
[2.298s] INFO:colcon.colcon_core.shell:Creating prefix chain script '/home/harshdev/Learning-ROS/articubot_one/install/setup.ps1'
[2.300s] INFO:colcon.colcon_core.shell:Creating prefix script '/home/harshdev/Learning-ROS/articubot_one/install/local_setup.sh'
[2.301s] INFO:colcon.colcon_core.shell:Creating prefix util module '/home/harshdev/Learning-ROS/articubot_one/install/_local_setup_util_sh.py'
[2.302s] INFO:colcon.colcon_core.shell:Creating prefix chain script '/home/harshdev/Learning-ROS/articubot_one/install/setup.sh'
[2.303s] INFO:colcon.colcon_core.shell:Creating prefix script '/home/harshdev/Learning-ROS/articubot_one/install/local_setup.bash'
[2.304s] INFO:colcon.colcon_core.shell:Creating prefix chain script '/home/harshdev/Learning-ROS/articubot_one/install/setup.bash'
[2.306s] INFO:colcon.colcon_core.shell:Creating prefix script '/home/harshdev/Learning-ROS/articubot_one/install/local_setup.zsh'
[2.307s] INFO:colcon.colcon_core.shell:Creating prefix chain script '/home/harshdev/Learning-ROS/articubot_one/install/setup.zsh'
