[0.837s] Invoking command in '/home/harshdev/Learning-ROS/basicbotws/src/point_to_point_nav': DEBUGINFOD_URLS=https://debuginfod.ubuntu.com PYTHONPATH=/home/harshdev/Learning-ROS/basicbotws/build/point_to_point_nav/prefix_override:/usr/lib/python3/dist-packages/colcon_core/task/python/colcon_distutils_commands:/home/harshdev/Learning-ROS/basicbotws/install/point_to_point_nav/lib/python3.12/site-packages:${PYTHONPATH} /usr/bin/python3 -W ignore:setup.py install is deprecated -W ignore:easy_install command is deprecated setup.py egg_info --egg-base ../../build/point_to_point_nav build --build-base /home/harshdev/Learning-ROS/basicbotws/build/point_to_point_nav/build install --record /home/harshdev/Learning-ROS/basicbotws/build/point_to_point_nav/install.log --single-version-externally-managed install_data
[1.011s] running egg_info
[1.023s] writing ../../build/point_to_point_nav/point_to_point_nav.egg-info/PKG-INFO
[1.023s] writing dependency_links to ../../build/point_to_point_nav/point_to_point_nav.egg-info/dependency_links.txt
[1.023s] writing entry points to ../../build/point_to_point_nav/point_to_point_nav.egg-info/entry_points.txt
[1.023s] writing requirements to ../../build/point_to_point_nav/point_to_point_nav.egg-info/requires.txt
[1.023s] writing top-level names to ../../build/point_to_point_nav/point_to_point_nav.egg-info/top_level.txt
[1.047s] reading manifest file '../../build/point_to_point_nav/point_to_point_nav.egg-info/SOURCES.txt'
[1.048s] writing manifest file '../../build/point_to_point_nav/point_to_point_nav.egg-info/SOURCES.txt'
[1.048s] running build
[1.048s] running build_py
[1.048s] running install
[1.052s] running install_lib
[1.064s] running install_data
[1.065s] running install_egg_info
[1.077s] removing '/home/harshdev/Learning-ROS/basicbotws/install/point_to_point_nav/lib/python3.12/site-packages/point_to_point_nav-0.0.0-py3.12.egg-info' (and everything under it)
[1.077s] Copying ../../build/point_to_point_nav/point_to_point_nav.egg-info to /home/harshdev/Learning-ROS/basicbotws/install/point_to_point_nav/lib/python3.12/site-packages/point_to_point_nav-0.0.0-py3.12.egg-info
[1.078s] running install_scripts
[1.165s] Installing point_to_point_nav script to /home/harshdev/Learning-ROS/basicbotws/install/point_to_point_nav/lib/point_to_point_nav
[1.165s] writing list of installed files to '/home/harshdev/Learning-ROS/basicbotws/build/point_to_point_nav/install.log'
[1.192s] Invoked command in '/home/harshdev/Learning-ROS/basicbotws/src/point_to_point_nav' returned '0': DEBUGINFOD_URLS=https://debuginfod.ubuntu.com PYTHONPATH=/home/harshdev/Learning-ROS/basicbotws/build/point_to_point_nav/prefix_override:/usr/lib/python3/dist-packages/colcon_core/task/python/colcon_distutils_commands:/home/harshdev/Learning-ROS/basicbotws/install/point_to_point_nav/lib/python3.12/site-packages:${PYTHONPATH} /usr/bin/python3 -W ignore:setup.py install is deprecated -W ignore:easy_install command is deprecated setup.py egg_info --egg-base ../../build/point_to_point_nav build --build-base /home/harshdev/Learning-ROS/basicbotws/build/point_to_point_nav/build install --record /home/harshdev/Learning-ROS/basicbotws/build/point_to_point_nav/install.log --single-version-externally-managed install_data
