[0.024s] Invoking command in '/home/harshdev/Learning-ROS/alffybot/build/alffy_controller': CMAKE_PREFIX_PATH=${CMAKE_PREFIX_PATH}:/opt/ros/jazzy DEBUGINFOD_URLS=https://debuginfod.ubuntu.com /usr/bin/cmake /home/harshdev/Learning-ROS/alffybot/src/alffy_controller -DCMAKE_INSTALL_PREFIX=/home/harshdev/Learning-ROS/alffybot/install/alffy_controller
[0.192s] -- The C compiler identification is GNU 13.3.0
[0.323s] -- The CXX compiler identification is GNU 13.3.0
[0.358s] -- Detecting C compiler ABI info
[0.565s] -- Detecting C compiler ABI info - done
[0.594s] -- Check for working C compiler: /usr/bin/cc - skipped
[0.597s] -- Detecting C compile features
[0.598s] -- Detecting C compile features - done
[0.627s] -- Detecting CXX compiler ABI info
[0.811s] -- Detecting CXX compiler ABI info - done
[0.838s] -- Check for working CXX compiler: /usr/bin/c++ - skipped
[0.839s] -- Detecting CXX compile features
[0.840s] -- Detecting CXX compile features - done
[0.854s] -- Found ament_cmake: 2.5.3 (/opt/ros/jazzy/share/ament_cmake/cmake)
[1.136s] -- Found Python3: /usr/bin/python3 (found version "3.12.3") found components: Interpreter 
[1.343s] -- Found ament_lint_auto: 0.17.1 (/opt/ros/jazzy/share/ament_lint_auto/cmake)
[1.548s] -- Added test 'lint_cmake' to check CMake code style
[1.550s] -- Added test 'xmllint' to check XML markup files
[1.554s] -- Configuring done (1.5s)
[1.557s] -- Generating done (0.0s)
[1.560s] -- Build files have been written to: /home/harshdev/Learning-ROS/alffybot/build/alffy_controller
[1.569s] Invoked command in '/home/harshdev/Learning-ROS/alffybot/build/alffy_controller' returned '0': CMAKE_PREFIX_PATH=${CMAKE_PREFIX_PATH}:/opt/ros/jazzy DEBUGINFOD_URLS=https://debuginfod.ubuntu.com /usr/bin/cmake /home/harshdev/Learning-ROS/alffybot/src/alffy_controller -DCMAKE_INSTALL_PREFIX=/home/harshdev/Learning-ROS/alffybot/install/alffy_controller
[1.571s] Invoking command in '/home/harshdev/Learning-ROS/alffybot/build/alffy_controller': CMAKE_PREFIX_PATH=${CMAKE_PREFIX_PATH}:/opt/ros/jazzy DEBUGINFOD_URLS=https://debuginfod.ubuntu.com /usr/bin/cmake --build /home/harshdev/Learning-ROS/alffybot/build/alffy_controller -- -j12 -l12
[1.640s] Invoked command in '/home/harshdev/Learning-ROS/alffybot/build/alffy_controller' returned '0': CMAKE_PREFIX_PATH=${CMAKE_PREFIX_PATH}:/opt/ros/jazzy DEBUGINFOD_URLS=https://debuginfod.ubuntu.com /usr/bin/cmake --build /home/harshdev/Learning-ROS/alffybot/build/alffy_controller -- -j12 -l12
[1.643s] Invoking command in '/home/harshdev/Learning-ROS/alffybot/build/alffy_controller': CMAKE_PREFIX_PATH=${CMAKE_PREFIX_PATH}:/opt/ros/jazzy DEBUGINFOD_URLS=https://debuginfod.ubuntu.com /usr/bin/cmake --install /home/harshdev/Learning-ROS/alffybot/build/alffy_controller
[1.658s] -- Install configuration: ""
[1.658s] -- Installing: /home/harshdev/Learning-ROS/alffybot/install/alffy_controller/share/ament_index/resource_index/package_run_dependencies/alffy_controller
[1.658s] -- Installing: /home/harshdev/Learning-ROS/alffybot/install/alffy_controller/share/ament_index/resource_index/parent_prefix_path/alffy_controller
[1.658s] -- Installing: /home/harshdev/Learning-ROS/alffybot/install/alffy_controller/share/alffy_controller/environment/ament_prefix_path.sh
[1.659s] -- Installing: /home/harshdev/Learning-ROS/alffybot/install/alffy_controller/share/alffy_controller/environment/ament_prefix_path.dsv
[1.659s] -- Installing: /home/harshdev/Learning-ROS/alffybot/install/alffy_controller/share/alffy_controller/environment/path.sh
[1.659s] -- Installing: /home/harshdev/Learning-ROS/alffybot/install/alffy_controller/share/alffy_controller/environment/path.dsv
[1.659s] -- Installing: /home/harshdev/Learning-ROS/alffybot/install/alffy_controller/share/alffy_controller/local_setup.bash
[1.659s] -- Installing: /home/harshdev/Learning-ROS/alffybot/install/alffy_controller/share/alffy_controller/local_setup.sh
[1.659s] -- Installing: /home/harshdev/Learning-ROS/alffybot/install/alffy_controller/share/alffy_controller/local_setup.zsh
[1.660s] -- Installing: /home/harshdev/Learning-ROS/alffybot/install/alffy_controller/share/alffy_controller/local_setup.dsv
[1.660s] -- Installing: /home/harshdev/Learning-ROS/alffybot/install/alffy_controller/share/alffy_controller/package.dsv
[1.660s] -- Installing: /home/harshdev/Learning-ROS/alffybot/install/alffy_controller/share/ament_index/resource_index/packages/alffy_controller
[1.660s] -- Installing: /home/harshdev/Learning-ROS/alffybot/install/alffy_controller/share/alffy_controller/cmake/alffy_controllerConfig.cmake
[1.660s] -- Installing: /home/harshdev/Learning-ROS/alffybot/install/alffy_controller/share/alffy_controller/cmake/alffy_controllerConfig-version.cmake
[1.660s] -- Installing: /home/harshdev/Learning-ROS/alffybot/install/alffy_controller/share/alffy_controller/package.xml
[1.663s] Invoked command in '/home/harshdev/Learning-ROS/alffybot/build/alffy_controller' returned '0': CMAKE_PREFIX_PATH=${CMAKE_PREFIX_PATH}:/opt/ros/jazzy DEBUGINFOD_URLS=https://debuginfod.ubuntu.com /usr/bin/cmake --install /home/harshdev/Learning-ROS/alffybot/build/alffy_controller
