[0.119s] DEBUG:colcon:Command line arguments: ['/usr/bin/colcon', 'build']
[0.119s] DEBUG:colcon:Parsed command line arguments: Namespace(log_base=None, log_level=None, verb_name='build', build_base='build', install_base='install', merge_install=False, symlink_install=False, test_result_base=None, continue_on_error=False, executor='parallel', parallel_workers=12, event_handlers=None, ignore_user_meta=False, metas=['./colcon.meta'], base_paths=['.'], packages_ignore=None, packages_ignore_regex=None, paths=None, packages_up_to=None, packages_up_to_regex=None, packages_above=None, packages_above_and_dependencies=None, packages_above_depth=None, packages_select_by_dep=None, packages_skip_by_dep=None, packages_skip_up_to=None, packages_select_build_failed=False, packages_skip_build_finished=False, packages_select_test_failures=False, packages_skip_test_passed=False, packages_select=None, packages_skip=None, packages_select_regex=None, packages_skip_regex=None, packages_start=None, packages_end=None, allow_overriding=[], cmake_args=None, cmake_target=None, cmake_target_skip_unavailable=False, cmake_clean_cache=False, cmake_clean_first=False, cmake_force_configure=False, ament_cmake_args=None, catkin_cmake_args=None, catkin_skip_building_tests=False, mixin_files=None, mixin=None, verb_parser=<colcon_mixin.mixin.mixin_argument.MixinArgumentDecorator object at 0x70eb1477be60>, verb_extension=<colcon_core.verb.build.BuildVerb object at 0x70eb148c8680>, main=<bound method BuildVerb.main of <colcon_core.verb.build.BuildVerb object at 0x70eb148c8680>>, mixin_verb=('build',))
[0.163s] Level 1:colcon.colcon_core.package_discovery:discover_packages(colcon_meta) check parameters
[0.163s] Level 1:colcon.colcon_core.package_discovery:discover_packages(recursive) check parameters
[0.163s] Level 1:colcon.colcon_core.package_discovery:discover_packages(ignore) check parameters
[0.164s] Level 1:colcon.colcon_core.package_discovery:discover_packages(path) check parameters
[0.164s] Level 1:colcon.colcon_core.package_discovery:discover_packages(colcon_meta) discover
[0.164s] Level 1:colcon.colcon_core.package_discovery:discover_packages(recursive) discover
[0.164s] INFO:colcon.colcon_core.package_discovery:Crawling recursively for packages in '/home/harshdev/Learning-ROS/alffybot'
[0.164s] Level 1:colcon.colcon_core.package_identification:_identify(.) by extensions ['ignore', 'ignore_ament_install']
[0.164s] Level 1:colcon.colcon_core.package_identification:_identify(.) by extension 'ignore'
[0.164s] Level 1:colcon.colcon_core.package_identification:_identify(.) by extension 'ignore_ament_install'
[0.164s] Level 1:colcon.colcon_core.package_identification:_identify(.) by extensions ['colcon_pkg']
[0.164s] Level 1:colcon.colcon_core.package_identification:_identify(.) by extension 'colcon_pkg'
[0.164s] Level 1:colcon.colcon_core.package_identification:_identify(.) by extensions ['colcon_meta']
[0.164s] Level 1:colcon.colcon_core.package_identification:_identify(.) by extension 'colcon_meta'
[0.164s] Level 1:colcon.colcon_core.package_identification:_identify(.) by extensions ['ros']
[0.164s] Level 1:colcon.colcon_core.package_identification:_identify(.) by extension 'ros'
[0.195s] Level 1:colcon.colcon_core.package_identification:_identify(.) by extensions ['cmake', 'python']
[0.195s] Level 1:colcon.colcon_core.package_identification:_identify(.) by extension 'cmake'
[0.195s] Level 1:colcon.colcon_core.package_identification:_identify(.) by extension 'python'
[0.195s] Level 1:colcon.colcon_core.package_identification:_identify(.) by extensions ['python_setup_py']
[0.196s] Level 1:colcon.colcon_core.package_identification:_identify(.) by extension 'python_setup_py'
[0.196s] Level 1:colcon.colcon_core.package_identification:_identify(build) by extensions ['ignore', 'ignore_ament_install']
[0.196s] Level 1:colcon.colcon_core.package_identification:_identify(build) by extension 'ignore'
[0.196s] Level 1:colcon.colcon_core.package_identification:_identify(build) ignored
[0.196s] Level 1:colcon.colcon_core.package_identification:_identify(install) by extensions ['ignore', 'ignore_ament_install']
[0.196s] Level 1:colcon.colcon_core.package_identification:_identify(install) by extension 'ignore'
[0.196s] Level 1:colcon.colcon_core.package_identification:_identify(install) ignored
[0.196s] Level 1:colcon.colcon_core.package_identification:_identify(log) by extensions ['ignore', 'ignore_ament_install']
[0.196s] Level 1:colcon.colcon_core.package_identification:_identify(log) by extension 'ignore'
[0.196s] Level 1:colcon.colcon_core.package_identification:_identify(log) ignored
[0.196s] Level 1:colcon.colcon_core.package_identification:_identify(src) by extensions ['ignore', 'ignore_ament_install']
[0.197s] Level 1:colcon.colcon_core.package_identification:_identify(src) by extension 'ignore'
[0.197s] Level 1:colcon.colcon_core.package_identification:_identify(src) by extension 'ignore_ament_install'
[0.197s] Level 1:colcon.colcon_core.package_identification:_identify(src) by extensions ['colcon_pkg']
[0.197s] Level 1:colcon.colcon_core.package_identification:_identify(src) by extension 'colcon_pkg'
[0.197s] Level 1:colcon.colcon_core.package_identification:_identify(src) by extensions ['colcon_meta']
[0.197s] Level 1:colcon.colcon_core.package_identification:_identify(src) by extension 'colcon_meta'
[0.197s] Level 1:colcon.colcon_core.package_identification:_identify(src) by extensions ['ros']
[0.197s] Level 1:colcon.colcon_core.package_identification:_identify(src) by extension 'ros'
[0.197s] Level 1:colcon.colcon_core.package_identification:_identify(src) by extensions ['cmake', 'python']
[0.197s] Level 1:colcon.colcon_core.package_identification:_identify(src) by extension 'cmake'
[0.197s] Level 1:colcon.colcon_core.package_identification:_identify(src) by extension 'python'
[0.197s] Level 1:colcon.colcon_core.package_identification:_identify(src) by extensions ['python_setup_py']
[0.197s] Level 1:colcon.colcon_core.package_identification:_identify(src) by extension 'python_setup_py'
[0.197s] Level 1:colcon.colcon_core.package_identification:_identify(src/alffy_description) by extensions ['ignore', 'ignore_ament_install']
[0.197s] Level 1:colcon.colcon_core.package_identification:_identify(src/alffy_description) by extension 'ignore'
[0.197s] Level 1:colcon.colcon_core.package_identification:_identify(src/alffy_description) by extension 'ignore_ament_install'
[0.197s] Level 1:colcon.colcon_core.package_identification:_identify(src/alffy_description) by extensions ['colcon_pkg']
[0.197s] Level 1:colcon.colcon_core.package_identification:_identify(src/alffy_description) by extension 'colcon_pkg'
[0.197s] Level 1:colcon.colcon_core.package_identification:_identify(src/alffy_description) by extensions ['colcon_meta']
[0.197s] Level 1:colcon.colcon_core.package_identification:_identify(src/alffy_description) by extension 'colcon_meta'
[0.197s] Level 1:colcon.colcon_core.package_identification:_identify(src/alffy_description) by extensions ['ros']
[0.197s] Level 1:colcon.colcon_core.package_identification:_identify(src/alffy_description) by extension 'ros'
[0.200s] DEBUG:colcon.colcon_core.package_identification:Package 'src/alffy_description' with type 'ros.ament_cmake' and name 'alffy_description'
[0.201s] Level 1:colcon.colcon_core.package_identification:_identify(src/alffy_talks) by extensions ['ignore', 'ignore_ament_install']
[0.201s] Level 1:colcon.colcon_core.package_identification:_identify(src/alffy_talks) by extension 'ignore'
[0.201s] Level 1:colcon.colcon_core.package_identification:_identify(src/alffy_talks) by extension 'ignore_ament_install'
[0.201s] Level 1:colcon.colcon_core.package_identification:_identify(src/alffy_talks) by extensions ['colcon_pkg']
[0.201s] Level 1:colcon.colcon_core.package_identification:_identify(src/alffy_talks) by extension 'colcon_pkg'
[0.201s] Level 1:colcon.colcon_core.package_identification:_identify(src/alffy_talks) by extensions ['colcon_meta']
[0.201s] Level 1:colcon.colcon_core.package_identification:_identify(src/alffy_talks) by extension 'colcon_meta'
[0.201s] Level 1:colcon.colcon_core.package_identification:_identify(src/alffy_talks) by extensions ['ros']
[0.201s] Level 1:colcon.colcon_core.package_identification:_identify(src/alffy_talks) by extension 'ros'
[0.202s] DEBUG:colcon.colcon_core.package_identification:Package 'src/alffy_talks' with type 'ros.ament_python' and name 'alffy_talks'
[0.202s] Level 1:colcon.colcon_core.package_discovery:discover_packages(recursive) using defaults
[0.202s] Level 1:colcon.colcon_core.package_discovery:discover_packages(ignore) discover
[0.202s] Level 1:colcon.colcon_core.package_discovery:discover_packages(ignore) using defaults
[0.202s] Level 1:colcon.colcon_core.package_discovery:discover_packages(path) discover
[0.202s] Level 1:colcon.colcon_core.package_discovery:discover_packages(path) using defaults
[0.223s] Level 1:colcon.colcon_core.package_discovery:discover_packages(prefix_path) check parameters
[0.224s] Level 1:colcon.colcon_core.package_discovery:discover_packages(prefix_path) discover
[0.227s] DEBUG:colcon.colcon_installed_package_information.package_discovery:Found 382 installed packages in /opt/ros/jazzy
[0.228s] Level 1:colcon.colcon_core.package_discovery:discover_packages(prefix_path) using defaults
[0.279s] Level 5:colcon.colcon_core.verb:set package 'alffy_description' build argument 'cmake_args' from command line to 'None'
[0.279s] Level 5:colcon.colcon_core.verb:set package 'alffy_description' build argument 'cmake_target' from command line to 'None'
[0.279s] Level 5:colcon.colcon_core.verb:set package 'alffy_description' build argument 'cmake_target_skip_unavailable' from command line to 'False'
[0.279s] Level 5:colcon.colcon_core.verb:set package 'alffy_description' build argument 'cmake_clean_cache' from command line to 'False'
[0.279s] Level 5:colcon.colcon_core.verb:set package 'alffy_description' build argument 'cmake_clean_first' from command line to 'False'
[0.279s] Level 5:colcon.colcon_core.verb:set package 'alffy_description' build argument 'cmake_force_configure' from command line to 'False'
[0.279s] Level 5:colcon.colcon_core.verb:set package 'alffy_description' build argument 'ament_cmake_args' from command line to 'None'
[0.279s] Level 5:colcon.colcon_core.verb:set package 'alffy_description' build argument 'catkin_cmake_args' from command line to 'None'
[0.279s] Level 5:colcon.colcon_core.verb:set package 'alffy_description' build argument 'catkin_skip_building_tests' from command line to 'False'
[0.279s] DEBUG:colcon.colcon_core.verb:Building package 'alffy_description' with the following arguments: {'ament_cmake_args': None, 'build_base': '/home/harshdev/Learning-ROS/alffybot/build/alffy_description', 'catkin_cmake_args': None, 'catkin_skip_building_tests': False, 'cmake_args': None, 'cmake_clean_cache': False, 'cmake_clean_first': False, 'cmake_force_configure': False, 'cmake_target': None, 'cmake_target_skip_unavailable': False, 'install_base': '/home/harshdev/Learning-ROS/alffybot/install/alffy_description', 'merge_install': False, 'path': '/home/harshdev/Learning-ROS/alffybot/src/alffy_description', 'symlink_install': False, 'test_result_base': None}
[0.280s] Level 5:colcon.colcon_core.verb:set package 'alffy_talks' build argument 'cmake_args' from command line to 'None'
[0.280s] Level 5:colcon.colcon_core.verb:set package 'alffy_talks' build argument 'cmake_target' from command line to 'None'
[0.280s] Level 5:colcon.colcon_core.verb:set package 'alffy_talks' build argument 'cmake_target_skip_unavailable' from command line to 'False'
[0.280s] Level 5:colcon.colcon_core.verb:set package 'alffy_talks' build argument 'cmake_clean_cache' from command line to 'False'
[0.280s] Level 5:colcon.colcon_core.verb:set package 'alffy_talks' build argument 'cmake_clean_first' from command line to 'False'
[0.280s] Level 5:colcon.colcon_core.verb:set package 'alffy_talks' build argument 'cmake_force_configure' from command line to 'False'
[0.280s] Level 5:colcon.colcon_core.verb:set package 'alffy_talks' build argument 'ament_cmake_args' from command line to 'None'
[0.280s] Level 5:colcon.colcon_core.verb:set package 'alffy_talks' build argument 'catkin_cmake_args' from command line to 'None'
[0.280s] Level 5:colcon.colcon_core.verb:set package 'alffy_talks' build argument 'catkin_skip_building_tests' from command line to 'False'
[0.280s] DEBUG:colcon.colcon_core.verb:Building package 'alffy_talks' with the following arguments: {'ament_cmake_args': None, 'build_base': '/home/harshdev/Learning-ROS/alffybot/build/alffy_talks', 'catkin_cmake_args': None, 'catkin_skip_building_tests': False, 'cmake_args': None, 'cmake_clean_cache': False, 'cmake_clean_first': False, 'cmake_force_configure': False, 'cmake_target': None, 'cmake_target_skip_unavailable': False, 'install_base': '/home/harshdev/Learning-ROS/alffybot/install/alffy_talks', 'merge_install': False, 'path': '/home/harshdev/Learning-ROS/alffybot/src/alffy_talks', 'symlink_install': False, 'test_result_base': None}
[0.280s] INFO:colcon.colcon_core.executor:Executing jobs using 'parallel' executor
[0.281s] DEBUG:colcon.colcon_parallel_executor.executor.parallel:run_until_complete
[0.281s] INFO:colcon.colcon_ros.task.ament_cmake.build:Building ROS package in '/home/harshdev/Learning-ROS/alffybot/src/alffy_description' with build type 'ament_cmake'
[0.281s] INFO:colcon.colcon_cmake.task.cmake.build:Building CMake package in '/home/harshdev/Learning-ROS/alffybot/src/alffy_description'
[0.285s] INFO:colcon.colcon_core.plugin_system:Skipping extension 'colcon_core.shell.bat': Not used on non-Windows systems
[0.285s] INFO:colcon.colcon_core.shell:Skip shell extension 'powershell' for command environment: Not usable outside of PowerShell
[0.286s] DEBUG:colcon.colcon_core.shell:Skip shell extension 'dsv' for command environment
[0.290s] INFO:colcon.colcon_ros.task.ament_python.build:Building ROS package in '/home/harshdev/Learning-ROS/alffybot/src/alffy_talks' with build type 'ament_python'
[0.290s] Level 1:colcon.colcon_core.shell:create_environment_hook('alffy_talks', 'ament_prefix_path')
[0.290s] INFO:colcon.colcon_core.shell:Creating environment hook '/home/harshdev/Learning-ROS/alffybot/install/alffy_talks/share/alffy_talks/hook/ament_prefix_path.ps1'
[0.291s] INFO:colcon.colcon_core.shell:Creating environment descriptor '/home/harshdev/Learning-ROS/alffybot/install/alffy_talks/share/alffy_talks/hook/ament_prefix_path.dsv'
[0.291s] INFO:colcon.colcon_core.shell:Creating environment hook '/home/harshdev/Learning-ROS/alffybot/install/alffy_talks/share/alffy_talks/hook/ament_prefix_path.sh'
[0.292s] INFO:colcon.colcon_core.shell:Skip shell extension 'powershell' for command environment: Not usable outside of PowerShell
[0.292s] DEBUG:colcon.colcon_core.shell:Skip shell extension 'dsv' for command environment
[0.300s] DEBUG:colcon.colcon_core.event_handler.log_command:Invoking command in '/home/harshdev/Learning-ROS/alffybot/build/alffy_description': CMAKE_PREFIX_PATH=${CMAKE_PREFIX_PATH}:/opt/ros/jazzy DEBUGINFOD_URLS=https://debuginfod.ubuntu.com /usr/bin/cmake /home/harshdev/Learning-ROS/alffybot/src/alffy_description -DCMAKE_INSTALL_PREFIX=/home/harshdev/Learning-ROS/alffybot/install/alffy_description
[0.567s] INFO:colcon.colcon_core.task.python.build:Building Python package in '/home/harshdev/Learning-ROS/alffybot/src/alffy_talks'
[0.567s] INFO:colcon.colcon_core.shell:Skip shell extension 'powershell' for command environment: Not usable outside of PowerShell
[0.567s] DEBUG:colcon.colcon_core.shell:Skip shell extension 'dsv' for command environment
[1.241s] DEBUG:colcon.colcon_core.event_handler.log_command:Invoking command in '/home/harshdev/Learning-ROS/alffybot/src/alffy_talks': DEBUGINFOD_URLS=https://debuginfod.ubuntu.com PYTHONPATH=/home/harshdev/Learning-ROS/alffybot/build/alffy_talks/prefix_override:/usr/lib/python3/dist-packages/colcon_core/task/python/colcon_distutils_commands:/home/harshdev/Learning-ROS/alffybot/install/alffy_talks/lib/python3.12/site-packages:${PYTHONPATH} /usr/bin/python3 -W ignore:setup.py install is deprecated -W ignore:easy_install command is deprecated setup.py egg_info --egg-base ../../build/alffy_talks build --build-base /home/harshdev/Learning-ROS/alffybot/build/alffy_talks/build install --record /home/harshdev/Learning-ROS/alffybot/build/alffy_talks/install.log --single-version-externally-managed install_data
[1.294s] DEBUG:colcon.colcon_core.event_handler.log_command:Invoked command in '/home/harshdev/Learning-ROS/alffybot/build/alffy_description' returned '0': CMAKE_PREFIX_PATH=${CMAKE_PREFIX_PATH}:/opt/ros/jazzy DEBUGINFOD_URLS=https://debuginfod.ubuntu.com /usr/bin/cmake /home/harshdev/Learning-ROS/alffybot/src/alffy_description -DCMAKE_INSTALL_PREFIX=/home/harshdev/Learning-ROS/alffybot/install/alffy_description
[1.294s] DEBUG:colcon.colcon_core.event_handler.log_command:Invoking command in '/home/harshdev/Learning-ROS/alffybot/build/alffy_description': CMAKE_PREFIX_PATH=${CMAKE_PREFIX_PATH}:/opt/ros/jazzy DEBUGINFOD_URLS=https://debuginfod.ubuntu.com /usr/bin/cmake --build /home/harshdev/Learning-ROS/alffybot/build/alffy_description -- -j12 -l12
[1.351s] DEBUG:colcon.colcon_core.event_handler.log_command:Invoked command in '/home/harshdev/Learning-ROS/alffybot/build/alffy_description' returned '0': CMAKE_PREFIX_PATH=${CMAKE_PREFIX_PATH}:/opt/ros/jazzy DEBUGINFOD_URLS=https://debuginfod.ubuntu.com /usr/bin/cmake --build /home/harshdev/Learning-ROS/alffybot/build/alffy_description -- -j12 -l12
[1.364s] DEBUG:colcon.colcon_core.event_handler.log_command:Invoking command in '/home/harshdev/Learning-ROS/alffybot/build/alffy_description': CMAKE_PREFIX_PATH=${CMAKE_PREFIX_PATH}:/opt/ros/jazzy DEBUGINFOD_URLS=https://debuginfod.ubuntu.com /usr/bin/cmake --install /home/harshdev/Learning-ROS/alffybot/build/alffy_description
[1.396s] Level 1:colcon.colcon_core.environment:create_environment_scripts_only(alffy_description)
[1.397s] DEBUG:colcon.colcon_core.event_handler.log_command:Invoked command in '/home/harshdev/Learning-ROS/alffybot/build/alffy_description' returned '0': CMAKE_PREFIX_PATH=${CMAKE_PREFIX_PATH}:/opt/ros/jazzy DEBUGINFOD_URLS=https://debuginfod.ubuntu.com /usr/bin/cmake --install /home/harshdev/Learning-ROS/alffybot/build/alffy_description
[1.400s] Level 1:colcon.colcon_core.environment:checking '/home/harshdev/Learning-ROS/alffybot/install/alffy_description' for CMake module files
[1.401s] Level 1:colcon.colcon_core.environment:checking '/home/harshdev/Learning-ROS/alffybot/install/alffy_description' for CMake config files
[1.401s] Level 1:colcon.colcon_core.shell:create_environment_hook('alffy_description', 'cmake_prefix_path')
[1.401s] INFO:colcon.colcon_core.shell:Creating environment hook '/home/harshdev/Learning-ROS/alffybot/install/alffy_description/share/alffy_description/hook/cmake_prefix_path.ps1'
[1.402s] INFO:colcon.colcon_core.shell:Creating environment descriptor '/home/harshdev/Learning-ROS/alffybot/install/alffy_description/share/alffy_description/hook/cmake_prefix_path.dsv'
[1.403s] INFO:colcon.colcon_core.shell:Creating environment hook '/home/harshdev/Learning-ROS/alffybot/install/alffy_description/share/alffy_description/hook/cmake_prefix_path.sh'
[1.403s] Level 1:colcon.colcon_core.environment:checking '/home/harshdev/Learning-ROS/alffybot/install/alffy_description/bin'
[1.403s] Level 1:colcon.colcon_core.environment:checking '/home/harshdev/Learning-ROS/alffybot/install/alffy_description/lib/pkgconfig/alffy_description.pc'
[1.404s] Level 1:colcon.colcon_core.environment:checking '/home/harshdev/Learning-ROS/alffybot/install/alffy_description/lib/python3.12/site-packages'
[1.404s] Level 1:colcon.colcon_core.environment:checking '/home/harshdev/Learning-ROS/alffybot/install/alffy_description/bin'
[1.404s] INFO:colcon.colcon_core.shell:Creating package script '/home/harshdev/Learning-ROS/alffybot/install/alffy_description/share/alffy_description/package.ps1'
[1.405s] INFO:colcon.colcon_core.shell:Creating package descriptor '/home/harshdev/Learning-ROS/alffybot/install/alffy_description/share/alffy_description/package.dsv'
[1.405s] INFO:colcon.colcon_core.shell:Creating package script '/home/harshdev/Learning-ROS/alffybot/install/alffy_description/share/alffy_description/package.sh'
[1.406s] INFO:colcon.colcon_core.shell:Creating package script '/home/harshdev/Learning-ROS/alffybot/install/alffy_description/share/alffy_description/package.bash'
[1.406s] INFO:colcon.colcon_core.shell:Creating package script '/home/harshdev/Learning-ROS/alffybot/install/alffy_description/share/alffy_description/package.zsh'
[1.407s] Level 1:colcon.colcon_core.environment:create_file_with_runtime_dependencies(/home/harshdev/Learning-ROS/alffybot/install/alffy_description/share/colcon-core/packages/alffy_description)
[1.407s] Level 1:colcon.colcon_core.environment:create_environment_scripts_only(alffy_description)
[1.408s] Level 1:colcon.colcon_core.environment:checking '/home/harshdev/Learning-ROS/alffybot/install/alffy_description' for CMake module files
[1.408s] Level 1:colcon.colcon_core.environment:checking '/home/harshdev/Learning-ROS/alffybot/install/alffy_description' for CMake config files
[1.408s] Level 1:colcon.colcon_core.shell:create_environment_hook('alffy_description', 'cmake_prefix_path')
[1.408s] INFO:colcon.colcon_core.shell:Creating environment hook '/home/harshdev/Learning-ROS/alffybot/install/alffy_description/share/alffy_description/hook/cmake_prefix_path.ps1'
[1.409s] INFO:colcon.colcon_core.shell:Creating environment descriptor '/home/harshdev/Learning-ROS/alffybot/install/alffy_description/share/alffy_description/hook/cmake_prefix_path.dsv'
[1.409s] INFO:colcon.colcon_core.shell:Creating environment hook '/home/harshdev/Learning-ROS/alffybot/install/alffy_description/share/alffy_description/hook/cmake_prefix_path.sh'
[1.410s] Level 1:colcon.colcon_core.environment:checking '/home/harshdev/Learning-ROS/alffybot/install/alffy_description/bin'
[1.410s] Level 1:colcon.colcon_core.environment:checking '/home/harshdev/Learning-ROS/alffybot/install/alffy_description/lib/pkgconfig/alffy_description.pc'
[1.410s] Level 1:colcon.colcon_core.environment:checking '/home/harshdev/Learning-ROS/alffybot/install/alffy_description/lib/python3.12/site-packages'
[1.410s] Level 1:colcon.colcon_core.environment:checking '/home/harshdev/Learning-ROS/alffybot/install/alffy_description/bin'
[1.410s] INFO:colcon.colcon_core.shell:Creating package script '/home/harshdev/Learning-ROS/alffybot/install/alffy_description/share/alffy_description/package.ps1'
[1.411s] INFO:colcon.colcon_core.shell:Creating package descriptor '/home/harshdev/Learning-ROS/alffybot/install/alffy_description/share/alffy_description/package.dsv'
[1.411s] INFO:colcon.colcon_core.shell:Creating package script '/home/harshdev/Learning-ROS/alffybot/install/alffy_description/share/alffy_description/package.sh'
[1.412s] INFO:colcon.colcon_core.shell:Creating package script '/home/harshdev/Learning-ROS/alffybot/install/alffy_description/share/alffy_description/package.bash'
[1.412s] INFO:colcon.colcon_core.shell:Creating package script '/home/harshdev/Learning-ROS/alffybot/install/alffy_description/share/alffy_description/package.zsh'
[1.412s] Level 1:colcon.colcon_core.environment:create_file_with_runtime_dependencies(/home/harshdev/Learning-ROS/alffybot/install/alffy_description/share/colcon-core/packages/alffy_description)
[1.843s] Level 1:colcon.colcon_core.environment:checking '/home/harshdev/Learning-ROS/alffybot/install/alffy_talks' for CMake module files
[1.843s] DEBUG:colcon.colcon_core.event_handler.log_command:Invoked command in '/home/harshdev/Learning-ROS/alffybot/src/alffy_talks' returned '0': DEBUGINFOD_URLS=https://debuginfod.ubuntu.com PYTHONPATH=/home/harshdev/Learning-ROS/alffybot/build/alffy_talks/prefix_override:/usr/lib/python3/dist-packages/colcon_core/task/python/colcon_distutils_commands:/home/harshdev/Learning-ROS/alffybot/install/alffy_talks/lib/python3.12/site-packages:${PYTHONPATH} /usr/bin/python3 -W ignore:setup.py install is deprecated -W ignore:easy_install command is deprecated setup.py egg_info --egg-base ../../build/alffy_talks build --build-base /home/harshdev/Learning-ROS/alffybot/build/alffy_talks/build install --record /home/harshdev/Learning-ROS/alffybot/build/alffy_talks/install.log --single-version-externally-managed install_data
[1.844s] Level 1:colcon.colcon_core.environment:checking '/home/harshdev/Learning-ROS/alffybot/install/alffy_talks' for CMake config files
[1.844s] Level 1:colcon.colcon_core.environment:checking '/home/harshdev/Learning-ROS/alffybot/install/alffy_talks/lib'
[1.844s] Level 1:colcon.colcon_core.environment:checking '/home/harshdev/Learning-ROS/alffybot/install/alffy_talks/bin'
[1.845s] Level 1:colcon.colcon_core.environment:checking '/home/harshdev/Learning-ROS/alffybot/install/alffy_talks/lib/pkgconfig/alffy_talks.pc'
[1.845s] Level 1:colcon.colcon_core.environment:checking '/home/harshdev/Learning-ROS/alffybot/install/alffy_talks/lib/python3.12/site-packages'
[1.845s] Level 1:colcon.colcon_core.shell:create_environment_hook('alffy_talks', 'pythonpath')
[1.845s] INFO:colcon.colcon_core.shell:Creating environment hook '/home/harshdev/Learning-ROS/alffybot/install/alffy_talks/share/alffy_talks/hook/pythonpath.ps1'
[1.846s] INFO:colcon.colcon_core.shell:Creating environment descriptor '/home/harshdev/Learning-ROS/alffybot/install/alffy_talks/share/alffy_talks/hook/pythonpath.dsv'
[1.846s] INFO:colcon.colcon_core.shell:Creating environment hook '/home/harshdev/Learning-ROS/alffybot/install/alffy_talks/share/alffy_talks/hook/pythonpath.sh'
[1.847s] Level 1:colcon.colcon_core.environment:checking '/home/harshdev/Learning-ROS/alffybot/install/alffy_talks/bin'
[1.847s] Level 1:colcon.colcon_core.environment:create_environment_scripts_only(alffy_talks)
[1.847s] INFO:colcon.colcon_core.shell:Creating package script '/home/harshdev/Learning-ROS/alffybot/install/alffy_talks/share/alffy_talks/package.ps1'
[1.847s] INFO:colcon.colcon_core.shell:Creating package descriptor '/home/harshdev/Learning-ROS/alffybot/install/alffy_talks/share/alffy_talks/package.dsv'
[1.848s] INFO:colcon.colcon_core.shell:Creating package script '/home/harshdev/Learning-ROS/alffybot/install/alffy_talks/share/alffy_talks/package.sh'
[1.848s] INFO:colcon.colcon_core.shell:Creating package script '/home/harshdev/Learning-ROS/alffybot/install/alffy_talks/share/alffy_talks/package.bash'
[1.848s] INFO:colcon.colcon_core.shell:Creating package script '/home/harshdev/Learning-ROS/alffybot/install/alffy_talks/share/alffy_talks/package.zsh'
[1.849s] Level 1:colcon.colcon_core.environment:create_file_with_runtime_dependencies(/home/harshdev/Learning-ROS/alffybot/install/alffy_talks/share/colcon-core/packages/alffy_talks)
[1.849s] DEBUG:colcon.colcon_parallel_executor.executor.parallel:closing loop
[1.849s] DEBUG:colcon.colcon_parallel_executor.executor.parallel:loop closed
[1.849s] DEBUG:colcon.colcon_parallel_executor.executor.parallel:run_until_complete finished with '0'
[1.849s] DEBUG:colcon.colcon_core.event_reactor:joining thread
[1.858s] INFO:colcon.colcon_core.plugin_system:Skipping extension 'colcon_notification.desktop_notification.terminal_notifier': Not used on non-Darwin systems
[1.858s] INFO:colcon.colcon_core.plugin_system:Skipping extension 'colcon_notification.desktop_notification.win32': Not used on non-Windows systems
[1.858s] INFO:colcon.colcon_notification.desktop_notification:Sending desktop notification using 'notify2'
[1.885s] DEBUG:colcon.colcon_core.event_reactor:joined thread
[1.885s] INFO:colcon.colcon_core.shell:Creating prefix script '/home/harshdev/Learning-ROS/alffybot/install/local_setup.ps1'
[1.887s] INFO:colcon.colcon_core.shell:Creating prefix util module '/home/harshdev/Learning-ROS/alffybot/install/_local_setup_util_ps1.py'
[1.890s] INFO:colcon.colcon_core.shell:Creating prefix chain script '/home/harshdev/Learning-ROS/alffybot/install/setup.ps1'
[1.892s] INFO:colcon.colcon_core.shell:Creating prefix script '/home/harshdev/Learning-ROS/alffybot/install/local_setup.sh'
[1.893s] INFO:colcon.colcon_core.shell:Creating prefix util module '/home/harshdev/Learning-ROS/alffybot/install/_local_setup_util_sh.py'
[1.894s] INFO:colcon.colcon_core.shell:Creating prefix chain script '/home/harshdev/Learning-ROS/alffybot/install/setup.sh'
[1.896s] INFO:colcon.colcon_core.shell:Creating prefix script '/home/harshdev/Learning-ROS/alffybot/install/local_setup.bash'
[1.897s] INFO:colcon.colcon_core.shell:Creating prefix chain script '/home/harshdev/Learning-ROS/alffybot/install/setup.bash'
[1.899s] INFO:colcon.colcon_core.shell:Creating prefix script '/home/harshdev/Learning-ROS/alffybot/install/local_setup.zsh'
[1.899s] INFO:colcon.colcon_core.shell:Creating prefix chain script '/home/harshdev/Learning-ROS/alffybot/install/setup.zsh'
