[0.018s] Invoking command in '/home/harshdev/alfred_workspace/build/alfred_bot': CMAKE_PREFIX_PATH=${CMAKE_PREFIX_PATH}:/opt/ros/jazzy DEBUGINFOD_URLS=https://debuginfod.ubuntu.com /usr/bin/cmake --build /home/harshdev/alfred_workspace/build/alfred_bot -- -j12 -l12
[0.282s] Invoked command in '/home/harshdev/alfred_workspace/build/alfred_bot' returned '0': CMAKE_PREFIX_PATH=${CMAKE_PREFIX_PATH}:/opt/ros/jazzy DEBUGINFOD_URLS=https://debuginfod.ubuntu.com /usr/bin/cmake --build /home/harshdev/alfred_workspace/build/alfred_bot -- -j12 -l12
[0.284s] Invoking command in '/home/harshdev/alfred_workspace/build/alfred_bot': CMAKE_PREFIX_PATH=${CMAKE_PREFIX_PATH}:/opt/ros/jazzy DEBUGINFOD_URLS=https://debuginfod.ubuntu.com /usr/bin/cmake --install /home/harshdev/alfred_workspace/build/alfred_bot
[0.291s] -- Install configuration: ""
[0.291s] -- Up-to-date: /home/harshdev/alfred_workspace/install/alfred_bot/share/alfred_bot/config
[0.292s] -- Up-to-date: /home/harshdev/alfred_workspace/install/alfred_bot/share/alfred_bot/config/gz_bridge.yaml
[0.292s] -- Up-to-date: /home/harshdev/alfred_workspace/install/alfred_bot/share/alfred_bot/config/empty.yaml
[0.292s] -- Up-to-date: /home/harshdev/alfred_workspace/install/alfred_bot/share/alfred_bot/config/my_controllers.yaml
[0.293s] -- Up-to-date: /home/harshdev/alfred_workspace/install/alfred_bot/share/alfred_bot/config/gaz_ros2_ctl_use_sim.yaml
[0.293s] -- Up-to-date: /home/harshdev/alfred_workspace/install/alfred_bot/share/alfred_bot/description
[0.293s] -- Up-to-date: /home/harshdev/alfred_workspace/install/alfred_bot/share/alfred_bot/description/inertial_macros.xacro
[0.294s] -- Up-to-date: /home/harshdev/alfred_workspace/install/alfred_bot/share/alfred_bot/description/gazebo_control.xacro
[0.295s] -- Up-to-date: /home/harshdev/alfred_workspace/install/alfred_bot/share/alfred_bot/description/materials.xacro
[0.295s] -- Up-to-date: /home/harshdev/alfred_workspace/install/alfred_bot/share/alfred_bot/description/robot.urdf.xacro
[0.295s] -- Up-to-date: /home/harshdev/alfred_workspace/install/alfred_bot/share/alfred_bot/description/robot_core.xacro
[0.295s] -- Up-to-date: /home/harshdev/alfred_workspace/install/alfred_bot/share/alfred_bot/description/ros2_control.xacro
[0.295s] -- Installing: /home/harshdev/alfred_workspace/install/alfred_bot/share/alfred_bot/description/robot_measurements.xacro
[0.295s] -- Up-to-date: /home/harshdev/alfred_workspace/install/alfred_bot/share/alfred_bot/launch
[0.295s] -- Up-to-date: /home/harshdev/alfred_workspace/install/alfred_bot/share/alfred_bot/launch/rsp.launch.py
[0.296s] -- Up-to-date: /home/harshdev/alfred_workspace/install/alfred_bot/share/alfred_bot/launch/launch_sim.launch.py
[0.296s] -- Up-to-date: /home/harshdev/alfred_workspace/install/alfred_bot/share/alfred_bot/worlds
[0.296s] -- Up-to-date: /home/harshdev/alfred_workspace/install/alfred_bot/share/alfred_bot/worlds/empty.world
[0.296s] -- Up-to-date: /home/harshdev/alfred_workspace/install/alfred_bot/share/alfred_bot/hardware
[0.296s] -- Up-to-date: /home/harshdev/alfred_workspace/install/alfred_bot/share/alfred_bot/include
[0.296s] -- Up-to-date: /home/harshdev/alfred_workspace/install/alfred_bot/share/alfred_bot/include/alfred_bot
[0.296s] -- Up-to-date: /home/harshdev/alfred_workspace/install/alfred_bot/share/alfred_bot/rviz
[0.297s] -- Up-to-date: /home/harshdev/alfred_workspace/install/alfred_bot/share/alfred_bot/rviz/view_bot.rviz
[0.297s] -- Up-to-date: /home/harshdev/alfred_workspace/install/alfred_bot/share/ament_index/resource_index/package_run_dependencies/alfred_bot
[0.297s] -- Up-to-date: /home/harshdev/alfred_workspace/install/alfred_bot/share/ament_index/resource_index/parent_prefix_path/alfred_bot
[0.297s] -- Up-to-date: /home/harshdev/alfred_workspace/install/alfred_bot/share/alfred_bot/environment/ament_prefix_path.sh
[0.297s] -- Up-to-date: /home/harshdev/alfred_workspace/install/alfred_bot/share/alfred_bot/environment/ament_prefix_path.dsv
[0.297s] -- Up-to-date: /home/harshdev/alfred_workspace/install/alfred_bot/share/alfred_bot/environment/path.sh
[0.298s] -- Up-to-date: /home/harshdev/alfred_workspace/install/alfred_bot/share/alfred_bot/environment/path.dsv
[0.298s] -- Up-to-date: /home/harshdev/alfred_workspace/install/alfred_bot/share/alfred_bot/local_setup.bash
[0.298s] -- Up-to-date: /home/harshdev/alfred_workspace/install/alfred_bot/share/alfred_bot/local_setup.sh
[0.298s] -- Up-to-date: /home/harshdev/alfred_workspace/install/alfred_bot/share/alfred_bot/local_setup.zsh
[0.298s] -- Up-to-date: /home/harshdev/alfred_workspace/install/alfred_bot/share/alfred_bot/local_setup.dsv
[0.299s] -- Installing: /home/harshdev/alfred_workspace/install/alfred_bot/share/alfred_bot/package.dsv
[0.299s] -- Up-to-date: /home/harshdev/alfred_workspace/install/alfred_bot/share/ament_index/resource_index/packages/alfred_bot
[0.299s] -- Up-to-date: /home/harshdev/alfred_workspace/install/alfred_bot/share/alfred_bot/cmake/alfred_botConfig.cmake
[0.299s] -- Up-to-date: /home/harshdev/alfred_workspace/install/alfred_bot/share/alfred_bot/cmake/alfred_botConfig-version.cmake
[0.299s] -- Up-to-date: /home/harshdev/alfred_workspace/install/alfred_bot/share/alfred_bot/package.xml
[0.315s] Invoked command in '/home/harshdev/alfred_workspace/build/alfred_bot' returned '0': CMAKE_PREFIX_PATH=${CMAKE_PREFIX_PATH}:/opt/ros/jazzy DEBUGINFOD_URLS=https://debuginfod.ubuntu.com /usr/bin/cmake --install /home/harshdev/alfred_workspace/build/alfred_bot
