running egg_info
creating ../../build/bumperbot_py/bumperbot_py.egg-info
writing ../../build/bumperbot_py/bumperbot_py.egg-info/PKG-INFO
writing dependency_links to ../../build/bumperbot_py/bumperbot_py.egg-info/dependency_links.txt
writing requirements to ../../build/bumperbot_py/bumperbot_py.egg-info/requires.txt
writing top-level names to ../../build/bumperbot_py/bumperbot_py.egg-info/top_level.txt
writing manifest file '../../build/bumperbot_py/bumperbot_py.egg-info/SOURCES.txt'
reading manifest file '../../build/bumperbot_py/bumperbot_py.egg-info/SOURCES.txt'
writing manifest file '../../build/bumperbot_py/bumperbot_py.egg-info/SOURCES.txt'
running build
running build_py
creating /home/harshdev/Documents/harsh/ROS/bumperbot/build/bumperbot_py/build
creating /home/harshdev/Documents/harsh/ROS/bumperbot/build/bumperbot_py/build/lib
creating /home/harshdev/Documents/harsh/ROS/bumperbot/build/bumperbot_py/build/lib/bumperbot_py
copying bumperbot_py/__init__.py -> /home/harshdev/Documents/harsh/ROS/bumperbot/build/bumperbot_py/build/lib/bumperbot_py
running install
running install_lib
creating /home/harshdev/Documents/harsh/ROS/bumperbot/install/bumperbot_py/lib/python3.12/site-packages/bumperbot_py
copying /home/harshdev/Documents/harsh/ROS/bumperbot/build/bumperbot_py/build/lib/bumperbot_py/__init__.py -> /home/harshdev/Documents/harsh/ROS/bumperbot/install/bumperbot_py/lib/python3.12/site-packages/bumperbot_py
byte-compiling /home/harshdev/Documents/harsh/ROS/bumperbot/install/bumperbot_py/lib/python3.12/site-packages/bumperbot_py/__init__.py to __init__.cpython-312.pyc
running install_data
creating /home/harshdev/Documents/harsh/ROS/bumperbot/install/bumperbot_py/share/ament_index
creating /home/harshdev/Documents/harsh/ROS/bumperbot/install/bumperbot_py/share/ament_index/resource_index
creating /home/harshdev/Documents/harsh/ROS/bumperbot/install/bumperbot_py/share/ament_index/resource_index/packages
copying resource/bumperbot_py -> /home/harshdev/Documents/harsh/ROS/bumperbot/install/bumperbot_py/share/ament_index/resource_index/packages
copying package.xml -> /home/harshdev/Documents/harsh/ROS/bumperbot/install/bumperbot_py/share/bumperbot_py
running install_egg_info
Copying ../../build/bumperbot_py/bumperbot_py.egg-info to /home/harshdev/Documents/harsh/ROS/bumperbot/install/bumperbot_py/lib/python3.12/site-packages/bumperbot_py-0.0.0-py3.12.egg-info
running install_scripts
writing list of installed files to '/home/harshdev/Documents/harsh/ROS/bumperbot/build/bumperbot_py/install.log'
