[0.735s] Invoking command in '/home/harshdev/Documents/harsh/ROS/bumperbot/src/bumperbot_py': DEBUGINFOD_URLS=https://debuginfod.ubuntu.com PYTHONPATH=/home/harshdev/Documents/harsh/ROS/bumperbot/build/bumperbot_py/prefix_override:/usr/lib/python3/dist-packages/colcon_core/task/python/colcon_distutils_commands:/home/harshdev/Documents/harsh/ROS/bumperbot/install/bumperbot_py/lib/python3.12/site-packages:${PYTHONPATH} /usr/bin/python3 -W ignore:setup.py install is deprecated -W ignore:easy_install command is deprecated setup.py egg_info --egg-base ../../build/bumperbot_py build --build-base /home/harshdev/Documents/harsh/ROS/bumperbot/build/bumperbot_py/build install --record /home/harshdev/Documents/harsh/ROS/bumperbot/build/bumperbot_py/install.log --single-version-externally-managed install_data
[0.897s] running egg_info
[0.897s] creating ../../build/bumperbot_py/bumperbot_py.egg-info
[0.910s] writing ../../build/bumperbot_py/bumperbot_py.egg-info/PKG-INFO
[0.910s] writing dependency_links to ../../build/bumperbot_py/bumperbot_py.egg-info/dependency_links.txt
[0.910s] writing requirements to ../../build/bumperbot_py/bumperbot_py.egg-info/requires.txt
[0.910s] writing top-level names to ../../build/bumperbot_py/bumperbot_py.egg-info/top_level.txt
[0.910s] writing manifest file '../../build/bumperbot_py/bumperbot_py.egg-info/SOURCES.txt'
[0.933s] reading manifest file '../../build/bumperbot_py/bumperbot_py.egg-info/SOURCES.txt'
[0.933s] writing manifest file '../../build/bumperbot_py/bumperbot_py.egg-info/SOURCES.txt'
[0.933s] running build
[0.933s] running build_py
[0.933s] creating /home/harshdev/Documents/harsh/ROS/bumperbot/build/bumperbot_py/build
[0.933s] creating /home/harshdev/Documents/harsh/ROS/bumperbot/build/bumperbot_py/build/lib
[0.934s] creating /home/harshdev/Documents/harsh/ROS/bumperbot/build/bumperbot_py/build/lib/bumperbot_py
[0.934s] copying bumperbot_py/__init__.py -> /home/harshdev/Documents/harsh/ROS/bumperbot/build/bumperbot_py/build/lib/bumperbot_py
[0.934s] running install
[0.938s] running install_lib
[0.949s] creating /home/harshdev/Documents/harsh/ROS/bumperbot/install/bumperbot_py/lib/python3.12/site-packages/bumperbot_py
[0.949s] copying /home/harshdev/Documents/harsh/ROS/bumperbot/build/bumperbot_py/build/lib/bumperbot_py/__init__.py -> /home/harshdev/Documents/harsh/ROS/bumperbot/install/bumperbot_py/lib/python3.12/site-packages/bumperbot_py
[0.950s] byte-compiling /home/harshdev/Documents/harsh/ROS/bumperbot/install/bumperbot_py/lib/python3.12/site-packages/bumperbot_py/__init__.py to __init__.cpython-312.pyc
[0.950s] running install_data
[0.951s] creating /home/harshdev/Documents/harsh/ROS/bumperbot/install/bumperbot_py/share/ament_index
[0.951s] creating /home/harshdev/Documents/harsh/ROS/bumperbot/install/bumperbot_py/share/ament_index/resource_index
[0.951s] creating /home/harshdev/Documents/harsh/ROS/bumperbot/install/bumperbot_py/share/ament_index/resource_index/packages
[0.951s] copying resource/bumperbot_py -> /home/harshdev/Documents/harsh/ROS/bumperbot/install/bumperbot_py/share/ament_index/resource_index/packages
[0.951s] copying package.xml -> /home/harshdev/Documents/harsh/ROS/bumperbot/install/bumperbot_py/share/bumperbot_py
[0.951s] running install_egg_info
[0.967s] Copying ../../build/bumperbot_py/bumperbot_py.egg-info to /home/harshdev/Documents/harsh/ROS/bumperbot/install/bumperbot_py/lib/python3.12/site-packages/bumperbot_py-0.0.0-py3.12.egg-info
[0.967s] running install_scripts
[1.049s] writing list of installed files to '/home/harshdev/Documents/harsh/ROS/bumperbot/build/bumperbot_py/install.log'
[1.081s] Invoked command in '/home/harshdev/Documents/harsh/ROS/bumperbot/src/bumperbot_py' returned '0': DEBUGINFOD_URLS=https://debuginfod.ubuntu.com PYTHONPATH=/home/harshdev/Documents/harsh/ROS/bumperbot/build/bumperbot_py/prefix_override:/usr/lib/python3/dist-packages/colcon_core/task/python/colcon_distutils_commands:/home/harshdev/Documents/harsh/ROS/bumperbot/install/bumperbot_py/lib/python3.12/site-packages:${PYTHONPATH} /usr/bin/python3 -W ignore:setup.py install is deprecated -W ignore:easy_install command is deprecated setup.py egg_info --egg-base ../../build/bumperbot_py build --build-base /home/harshdev/Documents/harsh/ROS/bumperbot/build/bumperbot_py/build install --record /home/harshdev/Documents/harsh/ROS/bumperbot/build/bumperbot_py/install.log --single-version-externally-managed install_data
