[0.953s] Invoking command in '/home/harshdev/alfred_workspace/src/joy_input': DEBUGINFOD_URLS=https://debuginfod.ubuntu.com PYTHONPATH=/home/harshdev/alfred_workspace/build/joy_input/prefix_override:/usr/lib/python3/dist-packages/colcon_core/task/python/colcon_distutils_commands:/home/harshdev/alfred_workspace/install/joy_input/lib/python3.12/site-packages:${PYTHONPATH} /usr/bin/python3 -W ignore:setup.py install is deprecated -W ignore:easy_install command is deprecated setup.py egg_info --egg-base ../../build/joy_input build --build-base /home/harshdev/alfred_workspace/build/joy_input/build install --record /home/harshdev/alfred_workspace/build/joy_input/install.log --single-version-externally-managed install_data
[1.197s] running egg_info
[1.214s] writing ../../build/joy_input/joy_input.egg-info/PKG-INFO
[1.214s] writing dependency_links to ../../build/joy_input/joy_input.egg-info/dependency_links.txt
[1.214s] writing entry points to ../../build/joy_input/joy_input.egg-info/entry_points.txt
[1.214s] writing requirements to ../../build/joy_input/joy_input.egg-info/requires.txt
[1.214s] writing top-level names to ../../build/joy_input/joy_input.egg-info/top_level.txt
[1.250s] reading manifest file '../../build/joy_input/joy_input.egg-info/SOURCES.txt'
[1.250s] writing manifest file '../../build/joy_input/joy_input.egg-info/SOURCES.txt'
[1.251s] running build
[1.251s] running build_py
[1.251s] running install
[1.257s] running install_lib
[1.275s] running install_data
[1.275s] running install_egg_info
[1.295s] removing '/home/harshdev/alfred_workspace/install/joy_input/lib/python3.12/site-packages/joy_input-0.0.0-py3.12.egg-info' (and everything under it)
[1.295s] Copying ../../build/joy_input/joy_input.egg-info to /home/harshdev/alfred_workspace/install/joy_input/lib/python3.12/site-packages/joy_input-0.0.0-py3.12.egg-info
[1.296s] running install_scripts
[1.419s] Installing joy_to_cmdvel script to /home/harshdev/alfred_workspace/install/joy_input/lib/joy_input
[1.419s] writing list of installed files to '/home/harshdev/alfred_workspace/build/joy_input/install.log'
[1.450s] Invoked command in '/home/harshdev/alfred_workspace/src/joy_input' returned '0': DEBUGINFOD_URLS=https://debuginfod.ubuntu.com PYTHONPATH=/home/harshdev/alfred_workspace/build/joy_input/prefix_override:/usr/lib/python3/dist-packages/colcon_core/task/python/colcon_distutils_commands:/home/harshdev/alfred_workspace/install/joy_input/lib/python3.12/site-packages:${PYTHONPATH} /usr/bin/python3 -W ignore:setup.py install is deprecated -W ignore:easy_install command is deprecated setup.py egg_info --egg-base ../../build/joy_input build --build-base /home/harshdev/alfred_workspace/build/joy_input/build install --record /home/harshdev/alfred_workspace/build/joy_input/install.log --single-version-externally-managed install_data
