[0.676s] Invoking command in '/home/harshdev/Documents/harsh/ROS/bumperbot/src/bumperbot_package_py': DEBUGINFOD_URLS=https://debuginfod.ubuntu.com PYTHONPATH=/home/harshdev/Documents/harsh/ROS/bumperbot/build/bumperbot_package_py/prefix_override:/usr/lib/python3/dist-packages/colcon_core/task/python/colcon_distutils_commands:/home/harshdev/Documents/harsh/ROS/bumperbot/install/bumperbot_package_py/lib/python3.12/site-packages:${PYTHONPATH} /usr/bin/python3 -W ignore:setup.py install is deprecated -W ignore:easy_install command is deprecated setup.py egg_info --egg-base ../../build/bumperbot_package_py build --build-base /home/harshdev/Documents/harsh/ROS/bumperbot/build/bumperbot_package_py/build install --record /home/harshdev/Documents/harsh/ROS/bumperbot/build/bumperbot_package_py/install.log --single-version-externally-managed install_data
[0.846s] running egg_info
[0.858s] writing ../../build/bumperbot_package_py/bumperbot_package_py.egg-info/PKG-INFO
[0.858s] writing dependency_links to ../../build/bumperbot_package_py/bumperbot_package_py.egg-info/dependency_links.txt
[0.858s] writing entry points to ../../build/bumperbot_package_py/bumperbot_package_py.egg-info/entry_points.txt
[0.858s] writing requirements to ../../build/bumperbot_package_py/bumperbot_package_py.egg-info/requires.txt
[0.858s] writing top-level names to ../../build/bumperbot_package_py/bumperbot_package_py.egg-info/top_level.txt
[0.881s] reading manifest file '../../build/bumperbot_package_py/bumperbot_package_py.egg-info/SOURCES.txt'
[0.882s] writing manifest file '../../build/bumperbot_package_py/bumperbot_package_py.egg-info/SOURCES.txt'
[0.882s] running build
[0.882s] running build_py
[0.882s] running install
[0.887s] running install_lib
[0.898s] running install_data
[0.898s] copying package.xml -> /home/harshdev/Documents/harsh/ROS/bumperbot/install/bumperbot_package_py/share/bumperbot_package_py
[0.898s] running install_egg_info
[0.912s] removing '/home/harshdev/Documents/harsh/ROS/bumperbot/install/bumperbot_package_py/lib/python3.12/site-packages/bumperbot_package_py-0.0.0-py3.12.egg-info' (and everything under it)
[0.912s] Copying ../../build/bumperbot_package_py/bumperbot_package_py.egg-info to /home/harshdev/Documents/harsh/ROS/bumperbot/install/bumperbot_package_py/lib/python3.12/site-packages/bumperbot_package_py-0.0.0-py3.12.egg-info
[0.913s] running install_scripts
[0.999s] Installing publisher script to /home/harshdev/Documents/harsh/ROS/bumperbot/install/bumperbot_package_py/lib/bumperbot_package_py
[0.999s] writing list of installed files to '/home/harshdev/Documents/harsh/ROS/bumperbot/build/bumperbot_package_py/install.log'
[1.021s] Invoked command in '/home/harshdev/Documents/harsh/ROS/bumperbot/src/bumperbot_package_py' returned '0': DEBUGINFOD_URLS=https://debuginfod.ubuntu.com PYTHONPATH=/home/harshdev/Documents/harsh/ROS/bumperbot/build/bumperbot_package_py/prefix_override:/usr/lib/python3/dist-packages/colcon_core/task/python/colcon_distutils_commands:/home/harshdev/Documents/harsh/ROS/bumperbot/install/bumperbot_package_py/lib/python3.12/site-packages:${PYTHONPATH} /usr/bin/python3 -W ignore:setup.py install is deprecated -W ignore:easy_install command is deprecated setup.py egg_info --egg-base ../../build/bumperbot_package_py build --build-base /home/harshdev/Documents/harsh/ROS/bumperbot/build/bumperbot_package_py/build install --record /home/harshdev/Documents/harsh/ROS/bumperbot/build/bumperbot_package_py/install.log --single-version-externally-managed install_data
