[0.157s] Invoking command in '/home/harshdev/Learning-ROS/basicbotws/build/joy_to_cmdvel': CMAKE_PREFIX_PATH=${CMAKE_PREFIX_PATH}:/opt/ros/jazzy DEBUGINFOD_URLS=https://debuginfod.ubuntu.com /usr/bin/cmake --build /home/harshdev/Learning-ROS/basicbotws/build/joy_to_cmdvel -- -j12 -l12
[0.229s] Invoked command in '/home/harshdev/Learning-ROS/basicbotws/build/joy_to_cmdvel' returned '0': CMAKE_PREFIX_PATH=${CMAKE_PREFIX_PATH}:/opt/ros/jazzy DEBUGINFOD_URLS=https://debuginfod.ubuntu.com /usr/bin/cmake --build /home/harshdev/Learning-ROS/basicbotws/build/joy_to_cmdvel -- -j12 -l12
[0.231s] Invoking command in '/home/harshdev/Learning-ROS/basicbotws/build/joy_to_cmdvel': CMAKE_PREFIX_PATH=${CMAKE_PREFIX_PATH}:/opt/ros/jazzy DEBUGINFOD_URLS=https://debuginfod.ubuntu.com /usr/bin/cmake --install /home/harshdev/Learning-ROS/basicbotws/build/joy_to_cmdvel
[0.245s] -- Install configuration: ""
[0.245s] -- Up-to-date: /home/harshdev/Learning-ROS/basicbotws/install/joy_to_cmdvel/share/ament_index/resource_index/package_run_dependencies/joy_to_cmdvel
[0.245s] -- Up-to-date: /home/harshdev/Learning-ROS/basicbotws/install/joy_to_cmdvel/share/ament_index/resource_index/parent_prefix_path/joy_to_cmdvel
[0.246s] -- Up-to-date: /home/harshdev/Learning-ROS/basicbotws/install/joy_to_cmdvel/share/joy_to_cmdvel/environment/ament_prefix_path.sh
[0.246s] -- Up-to-date: /home/harshdev/Learning-ROS/basicbotws/install/joy_to_cmdvel/share/joy_to_cmdvel/environment/ament_prefix_path.dsv
[0.246s] -- Up-to-date: /home/harshdev/Learning-ROS/basicbotws/install/joy_to_cmdvel/share/joy_to_cmdvel/environment/path.sh
[0.246s] -- Up-to-date: /home/harshdev/Learning-ROS/basicbotws/install/joy_to_cmdvel/share/joy_to_cmdvel/environment/path.dsv
[0.246s] -- Up-to-date: /home/harshdev/Learning-ROS/basicbotws/install/joy_to_cmdvel/share/joy_to_cmdvel/local_setup.bash
[0.247s] -- Up-to-date: /home/harshdev/Learning-ROS/basicbotws/install/joy_to_cmdvel/share/joy_to_cmdvel/local_setup.sh
[0.247s] -- Up-to-date: /home/harshdev/Learning-ROS/basicbotws/install/joy_to_cmdvel/share/joy_to_cmdvel/local_setup.zsh
[0.247s] -- Up-to-date: /home/harshdev/Learning-ROS/basicbotws/install/joy_to_cmdvel/share/joy_to_cmdvel/local_setup.dsv
[0.247s] -- Installing: /home/harshdev/Learning-ROS/basicbotws/install/joy_to_cmdvel/share/joy_to_cmdvel/package.dsv
[0.248s] -- Up-to-date: /home/harshdev/Learning-ROS/basicbotws/install/joy_to_cmdvel/share/ament_index/resource_index/packages/joy_to_cmdvel
[0.248s] -- Up-to-date: /home/harshdev/Learning-ROS/basicbotws/install/joy_to_cmdvel/share/joy_to_cmdvel/cmake/joy_to_cmdvelConfig.cmake
[0.249s] -- Up-to-date: /home/harshdev/Learning-ROS/basicbotws/install/joy_to_cmdvel/share/joy_to_cmdvel/cmake/joy_to_cmdvelConfig-version.cmake
[0.250s] -- Up-to-date: /home/harshdev/Learning-ROS/basicbotws/install/joy_to_cmdvel/share/joy_to_cmdvel/package.xml
[0.250s] Invoked command in '/home/harshdev/Learning-ROS/basicbotws/build/joy_to_cmdvel' returned '0': CMAKE_PREFIX_PATH=${CMAKE_PREFIX_PATH}:/opt/ros/jazzy DEBUGINFOD_URLS=https://debuginfod.ubuntu.com /usr/bin/cmake --install /home/harshdev/Learning-ROS/basicbotws/build/joy_to_cmdvel
