[0.012s] Invoking command in '/home/harshdev/alfred_workspace/build/alfred_bot': CMAKE_PREFIX_PATH=${CMAKE_PREFIX_PATH}:/opt/ros/jazzy DEBUGINFOD_URLS=https://debuginfod.ubuntu.com /usr/bin/cmake --build /home/harshdev/alfred_workspace/build/alfred_bot -- -j12 -l12
[0.034s] -- Found ament_cmake: 2.5.3 (/opt/ros/jazzy/share/ament_cmake/cmake)
[0.207s] -- Found ament_lint_auto: 0.17.1 (/opt/ros/jazzy/share/ament_lint_auto/cmake)
[0.281s] -- Added test 'lint_cmake' to check CMake code style
[0.282s] -- Added test 'xmllint' to check XML markup files
[0.283s] -- Configuring done (0.3s)
[0.286s] -- Generating done (0.0s)
[0.287s] -- Build files have been written to: /home/harshdev/alfred_workspace/build/alfred_bot
[0.309s] Invoked command in '/home/harshdev/alfred_workspace/build/alfred_bot' returned '0': CMAKE_PREFIX_PATH=${CMAKE_PREFIX_PATH}:/opt/ros/jazzy DEBUGINFOD_URLS=https://debuginfod.ubuntu.com /usr/bin/cmake --build /home/harshdev/alfred_workspace/build/alfred_bot -- -j12 -l12
[0.310s] Invoking command in '/home/harshdev/alfred_workspace/build/alfred_bot': CMAKE_PREFIX_PATH=${CMAKE_PREFIX_PATH}:/opt/ros/jazzy DEBUGINFOD_URLS=https://debuginfod.ubuntu.com /usr/bin/cmake --install /home/harshdev/alfred_workspace/build/alfred_bot
[0.318s] -- Install configuration: ""
[0.318s] -- Up-to-date: /home/harshdev/alfred_workspace/install/alfred_bot/share/ament_index/resource_index/package_run_dependencies/alfred_bot
[0.319s] -- Up-to-date: /home/harshdev/alfred_workspace/install/alfred_bot/share/ament_index/resource_index/parent_prefix_path/alfred_bot
[0.319s] -- Up-to-date: /home/harshdev/alfred_workspace/install/alfred_bot/share/alfred_bot/environment/ament_prefix_path.sh
[0.319s] -- Up-to-date: /home/harshdev/alfred_workspace/install/alfred_bot/share/alfred_bot/environment/ament_prefix_path.dsv
[0.319s] -- Up-to-date: /home/harshdev/alfred_workspace/install/alfred_bot/share/alfred_bot/environment/path.sh
[0.319s] -- Up-to-date: /home/harshdev/alfred_workspace/install/alfred_bot/share/alfred_bot/environment/path.dsv
[0.319s] -- Up-to-date: /home/harshdev/alfred_workspace/install/alfred_bot/share/alfred_bot/local_setup.bash
[0.319s] -- Up-to-date: /home/harshdev/alfred_workspace/install/alfred_bot/share/alfred_bot/local_setup.sh
[0.319s] -- Up-to-date: /home/harshdev/alfred_workspace/install/alfred_bot/share/alfred_bot/local_setup.zsh
[0.319s] -- Up-to-date: /home/harshdev/alfred_workspace/install/alfred_bot/share/alfred_bot/local_setup.dsv
[0.319s] -- Installing: /home/harshdev/alfred_workspace/install/alfred_bot/share/alfred_bot/package.dsv
[0.320s] -- Up-to-date: /home/harshdev/alfred_workspace/install/alfred_bot/share/ament_index/resource_index/packages/alfred_bot
[0.320s] -- Up-to-date: /home/harshdev/alfred_workspace/install/alfred_bot/share/alfred_bot/cmake/alfred_botConfig.cmake
[0.320s] -- Up-to-date: /home/harshdev/alfred_workspace/install/alfred_bot/share/alfred_bot/cmake/alfred_botConfig-version.cmake
[0.320s] -- Installing: /home/harshdev/alfred_workspace/install/alfred_bot/share/alfred_bot/package.xml
[0.321s] Invoked command in '/home/harshdev/alfred_workspace/build/alfred_bot' returned '0': CMAKE_PREFIX_PATH=${CMAKE_PREFIX_PATH}:/opt/ros/jazzy DEBUGINFOD_URLS=https://debuginfod.ubuntu.com /usr/bin/cmake --install /home/harshdev/alfred_workspace/build/alfred_bot
