[0.721s] Invoking command in '/home/harshdev/Learning-ROS/alffybot/src/alffy_talks': DEBUGINFOD_URLS=https://debuginfod.ubuntu.com PYTHONPATH=/home/harshdev/Learning-ROS/alffybot/build/alffy_talks/prefix_override:/usr/lib/python3/dist-packages/colcon_core/task/python/colcon_distutils_commands:/home/harshdev/Learning-ROS/alffybot/install/alffy_talks/lib/python3.12/site-packages:${PYTHONPATH} /usr/bin/python3 -W ignore:setup.py install is deprecated -W ignore:easy_install command is deprecated setup.py egg_info --egg-base ../../build/alffy_talks build --build-base /home/harshdev/Learning-ROS/alffybot/build/alffy_talks/build install --record /home/harshdev/Learning-ROS/alffybot/build/alffy_talks/install.log --single-version-externally-managed install_data
[0.946s] running egg_info
[0.956s] writing ../../build/alffy_talks/alffy_talks.egg-info/PKG-INFO
[0.956s] writing dependency_links to ../../build/alffy_talks/alffy_talks.egg-info/dependency_links.txt
[0.956s] writing entry points to ../../build/alffy_talks/alffy_talks.egg-info/entry_points.txt
[0.956s] writing requirements to ../../build/alffy_talks/alffy_talks.egg-info/requires.txt
[0.956s] writing top-level names to ../../build/alffy_talks/alffy_talks.egg-info/top_level.txt
[0.979s] reading manifest file '../../build/alffy_talks/alffy_talks.egg-info/SOURCES.txt'
[0.979s] writing manifest file '../../build/alffy_talks/alffy_talks.egg-info/SOURCES.txt'
[0.979s] running build
[0.979s] running build_py
[0.980s] running install
[0.984s] running install_lib
[0.995s] running install_data
[0.995s] running install_egg_info
[1.007s] removing '/home/harshdev/Learning-ROS/alffybot/install/alffy_talks/lib/python3.12/site-packages/alffy_talks-0.0.0-py3.12.egg-info' (and everything under it)
[1.007s] Copying ../../build/alffy_talks/alffy_talks.egg-info to /home/harshdev/Learning-ROS/alffybot/install/alffy_talks/lib/python3.12/site-packages/alffy_talks-0.0.0-py3.12.egg-info
[1.008s] running install_scripts
[1.085s] Installing parameters script to /home/harshdev/Learning-ROS/alffybot/install/alffy_talks/lib/alffy_talks
[1.085s] Installing publisher script to /home/harshdev/Learning-ROS/alffybot/install/alffy_talks/lib/alffy_talks
[1.085s] Installing subscriber script to /home/harshdev/Learning-ROS/alffybot/install/alffy_talks/lib/alffy_talks
[1.086s] writing list of installed files to '/home/harshdev/Learning-ROS/alffybot/build/alffy_talks/install.log'
[1.110s] Invoked command in '/home/harshdev/Learning-ROS/alffybot/src/alffy_talks' returned '0': DEBUGINFOD_URLS=https://debuginfod.ubuntu.com PYTHONPATH=/home/harshdev/Learning-ROS/alffybot/build/alffy_talks/prefix_override:/usr/lib/python3/dist-packages/colcon_core/task/python/colcon_distutils_commands:/home/harshdev/Learning-ROS/alffybot/install/alffy_talks/lib/python3.12/site-packages:${PYTHONPATH} /usr/bin/python3 -W ignore:setup.py install is deprecated -W ignore:easy_install command is deprecated setup.py egg_info --egg-base ../../build/alffy_talks build --build-base /home/harshdev/Learning-ROS/alffybot/build/alffy_talks/build install --record /home/harshdev/Learning-ROS/alffybot/build/alffy_talks/install.log --single-version-externally-managed install_data
