[0.063s] DEBUG:colcon:Command line arguments: ['/usr/bin/colcon', 'build']
[0.063s] DEBUG:colcon:Parsed command line arguments: Namespace(log_base=None, log_level=None, verb_name='build', build_base='build', install_base='install', merge_install=False, symlink_install=False, test_result_base=None, continue_on_error=False, executor='parallel', parallel_workers=12, event_handlers=None, ignore_user_meta=False, metas=['./colcon.meta'], base_paths=['.'], packages_ignore=None, packages_ignore_regex=None, paths=None, packages_up_to=None, packages_up_to_regex=None, packages_above=None, packages_above_and_dependencies=None, packages_above_depth=None, packages_select_by_dep=None, packages_skip_by_dep=None, packages_skip_up_to=None, packages_select_build_failed=False, packages_skip_build_finished=False, packages_select_test_failures=False, packages_skip_test_passed=False, packages_select=None, packages_skip=None, packages_select_regex=None, packages_skip_regex=None, packages_start=None, packages_end=None, allow_overriding=[], cmake_args=None, cmake_target=None, cmake_target_skip_unavailable=False, cmake_clean_cache=False, cmake_clean_first=False, cmake_force_configure=False, ament_cmake_args=None, catkin_cmake_args=None, catkin_skip_building_tests=False, mixin_files=None, mixin=None, verb_parser=<colcon_mixin.mixin.mixin_argument.MixinArgumentDecorator object at 0x77679b7a41a0>, verb_extension=<colcon_core.verb.build.BuildVerb object at 0x77679b8cdb80>, main=<bound method BuildVerb.main of <colcon_core.verb.build.BuildVerb object at 0x77679b8cdb80>>, mixin_verb=('build',))
[0.089s] Level 1:colcon.colcon_core.package_discovery:discover_packages(colcon_meta) check parameters
[0.089s] Level 1:colcon.colcon_core.package_discovery:discover_packages(recursive) check parameters
[0.089s] Level 1:colcon.colcon_core.package_discovery:discover_packages(ignore) check parameters
[0.089s] Level 1:colcon.colcon_core.package_discovery:discover_packages(path) check parameters
[0.089s] Level 1:colcon.colcon_core.package_discovery:discover_packages(colcon_meta) discover
[0.089s] Level 1:colcon.colcon_core.package_discovery:discover_packages(recursive) discover
[0.089s] INFO:colcon.colcon_core.package_discovery:Crawling recursively for packages in '/home/harshdev/Documents/harsh/Learning-ROS/bumperbot'
[0.089s] Level 1:colcon.colcon_core.package_identification:_identify(.) by extensions ['ignore', 'ignore_ament_install']
[0.089s] Level 1:colcon.colcon_core.package_identification:_identify(.) by extension 'ignore'
[0.089s] Level 1:colcon.colcon_core.package_identification:_identify(.) by extension 'ignore_ament_install'
[0.089s] Level 1:colcon.colcon_core.package_identification:_identify(.) by extensions ['colcon_pkg']
[0.089s] Level 1:colcon.colcon_core.package_identification:_identify(.) by extension 'colcon_pkg'
[0.089s] Level 1:colcon.colcon_core.package_identification:_identify(.) by extensions ['colcon_meta']
[0.089s] Level 1:colcon.colcon_core.package_identification:_identify(.) by extension 'colcon_meta'
[0.089s] Level 1:colcon.colcon_core.package_identification:_identify(.) by extensions ['ros']
[0.089s] Level 1:colcon.colcon_core.package_identification:_identify(.) by extension 'ros'
[0.107s] Level 1:colcon.colcon_core.package_identification:_identify(.) by extensions ['cmake', 'python']
[0.107s] Level 1:colcon.colcon_core.package_identification:_identify(.) by extension 'cmake'
[0.107s] Level 1:colcon.colcon_core.package_identification:_identify(.) by extension 'python'
[0.107s] Level 1:colcon.colcon_core.package_identification:_identify(.) by extensions ['python_setup_py']
[0.107s] Level 1:colcon.colcon_core.package_identification:_identify(.) by extension 'python_setup_py'
[0.107s] Level 1:colcon.colcon_core.package_identification:_identify(build) by extensions ['ignore', 'ignore_ament_install']
[0.107s] Level 1:colcon.colcon_core.package_identification:_identify(build) by extension 'ignore'
[0.107s] Level 1:colcon.colcon_core.package_identification:_identify(build) ignored
[0.108s] Level 1:colcon.colcon_core.package_identification:_identify(install) by extensions ['ignore', 'ignore_ament_install']
[0.108s] Level 1:colcon.colcon_core.package_identification:_identify(install) by extension 'ignore'
[0.108s] Level 1:colcon.colcon_core.package_identification:_identify(install) ignored
[0.108s] Level 1:colcon.colcon_core.package_identification:_identify(log) by extensions ['ignore', 'ignore_ament_install']
[0.108s] Level 1:colcon.colcon_core.package_identification:_identify(log) by extension 'ignore'
[0.108s] Level 1:colcon.colcon_core.package_identification:_identify(log) ignored
[0.108s] Level 1:colcon.colcon_core.package_identification:_identify(src) by extensions ['ignore', 'ignore_ament_install']
[0.108s] Level 1:colcon.colcon_core.package_identification:_identify(src) by extension 'ignore'
[0.108s] Level 1:colcon.colcon_core.package_identification:_identify(src) by extension 'ignore_ament_install'
[0.108s] Level 1:colcon.colcon_core.package_identification:_identify(src) by extensions ['colcon_pkg']
[0.108s] Level 1:colcon.colcon_core.package_identification:_identify(src) by extension 'colcon_pkg'
[0.108s] Level 1:colcon.colcon_core.package_identification:_identify(src) by extensions ['colcon_meta']
[0.108s] Level 1:colcon.colcon_core.package_identification:_identify(src) by extension 'colcon_meta'
[0.108s] Level 1:colcon.colcon_core.package_identification:_identify(src) by extensions ['ros']
[0.108s] Level 1:colcon.colcon_core.package_identification:_identify(src) by extension 'ros'
[0.108s] Level 1:colcon.colcon_core.package_identification:_identify(src) by extensions ['cmake', 'python']
[0.108s] Level 1:colcon.colcon_core.package_identification:_identify(src) by extension 'cmake'
[0.108s] Level 1:colcon.colcon_core.package_identification:_identify(src) by extension 'python'
[0.108s] Level 1:colcon.colcon_core.package_identification:_identify(src) by extensions ['python_setup_py']
[0.108s] Level 1:colcon.colcon_core.package_identification:_identify(src) by extension 'python_setup_py'
[0.108s] Level 1:colcon.colcon_core.package_identification:_identify(src/build) by extensions ['ignore', 'ignore_ament_install']
[0.108s] Level 1:colcon.colcon_core.package_identification:_identify(src/build) by extension 'ignore'
[0.108s] Level 1:colcon.colcon_core.package_identification:_identify(src/build) ignored
[0.108s] Level 1:colcon.colcon_core.package_identification:_identify(src/bumberbot_controller) by extensions ['ignore', 'ignore_ament_install']
[0.108s] Level 1:colcon.colcon_core.package_identification:_identify(src/bumberbot_controller) by extension 'ignore'
[0.108s] Level 1:colcon.colcon_core.package_identification:_identify(src/bumberbot_controller) by extension 'ignore_ament_install'
[0.108s] Level 1:colcon.colcon_core.package_identification:_identify(src/bumberbot_controller) by extensions ['colcon_pkg']
[0.108s] Level 1:colcon.colcon_core.package_identification:_identify(src/bumberbot_controller) by extension 'colcon_pkg'
[0.108s] Level 1:colcon.colcon_core.package_identification:_identify(src/bumberbot_controller) by extensions ['colcon_meta']
[0.108s] Level 1:colcon.colcon_core.package_identification:_identify(src/bumberbot_controller) by extension 'colcon_meta'
[0.108s] Level 1:colcon.colcon_core.package_identification:_identify(src/bumberbot_controller) by extensions ['ros']
[0.108s] Level 1:colcon.colcon_core.package_identification:_identify(src/bumberbot_controller) by extension 'ros'
[0.110s] DEBUG:colcon.colcon_core.package_identification:Package 'src/bumberbot_controller' with type 'ros.ament_cmake' and name 'bumberbot_controller'
[0.110s] Level 1:colcon.colcon_core.package_identification:_identify(src/bumperbot_description) by extensions ['ignore', 'ignore_ament_install']
[0.110s] Level 1:colcon.colcon_core.package_identification:_identify(src/bumperbot_description) by extension 'ignore'
[0.110s] Level 1:colcon.colcon_core.package_identification:_identify(src/bumperbot_description) by extension 'ignore_ament_install'
[0.110s] Level 1:colcon.colcon_core.package_identification:_identify(src/bumperbot_description) by extensions ['colcon_pkg']
[0.110s] Level 1:colcon.colcon_core.package_identification:_identify(src/bumperbot_description) by extension 'colcon_pkg'
[0.110s] Level 1:colcon.colcon_core.package_identification:_identify(src/bumperbot_description) by extensions ['colcon_meta']
[0.110s] Level 1:colcon.colcon_core.package_identification:_identify(src/bumperbot_description) by extension 'colcon_meta'
[0.110s] Level 1:colcon.colcon_core.package_identification:_identify(src/bumperbot_description) by extensions ['ros']
[0.110s] Level 1:colcon.colcon_core.package_identification:_identify(src/bumperbot_description) by extension 'ros'
[0.112s] DEBUG:colcon.colcon_core.package_identification:Package 'src/bumperbot_description' with type 'ros.ament_cmake' and name 'bumperbot_description'
[0.112s] Level 1:colcon.colcon_core.package_identification:_identify(src/bumperbot_package_py) by extensions ['ignore', 'ignore_ament_install']
[0.112s] Level 1:colcon.colcon_core.package_identification:_identify(src/bumperbot_package_py) by extension 'ignore'
[0.112s] Level 1:colcon.colcon_core.package_identification:_identify(src/bumperbot_package_py) by extension 'ignore_ament_install'
[0.113s] Level 1:colcon.colcon_core.package_identification:_identify(src/bumperbot_package_py) by extensions ['colcon_pkg']
[0.113s] Level 1:colcon.colcon_core.package_identification:_identify(src/bumperbot_package_py) by extension 'colcon_pkg'
[0.113s] Level 1:colcon.colcon_core.package_identification:_identify(src/bumperbot_package_py) by extensions ['colcon_meta']
[0.113s] Level 1:colcon.colcon_core.package_identification:_identify(src/bumperbot_package_py) by extension 'colcon_meta'
[0.113s] Level 1:colcon.colcon_core.package_identification:_identify(src/bumperbot_package_py) by extensions ['ros']
[0.113s] Level 1:colcon.colcon_core.package_identification:_identify(src/bumperbot_package_py) by extension 'ros'
[0.113s] DEBUG:colcon.colcon_core.package_identification:Package 'src/bumperbot_package_py' with type 'ros.ament_python' and name 'bumperbot_package_py'
[0.113s] Level 1:colcon.colcon_core.package_identification:_identify(src/install) by extensions ['ignore', 'ignore_ament_install']
[0.113s] Level 1:colcon.colcon_core.package_identification:_identify(src/install) by extension 'ignore'
[0.113s] Level 1:colcon.colcon_core.package_identification:_identify(src/install) ignored
[0.113s] Level 1:colcon.colcon_core.package_identification:_identify(src/log) by extensions ['ignore', 'ignore_ament_install']
[0.113s] Level 1:colcon.colcon_core.package_identification:_identify(src/log) by extension 'ignore'
[0.113s] Level 1:colcon.colcon_core.package_identification:_identify(src/log) ignored
[0.113s] Level 1:colcon.colcon_core.package_discovery:discover_packages(recursive) using defaults
[0.113s] Level 1:colcon.colcon_core.package_discovery:discover_packages(ignore) discover
[0.113s] Level 1:colcon.colcon_core.package_discovery:discover_packages(ignore) using defaults
[0.113s] Level 1:colcon.colcon_core.package_discovery:discover_packages(path) discover
[0.113s] Level 1:colcon.colcon_core.package_discovery:discover_packages(path) using defaults
[0.125s] Level 1:colcon.colcon_core.package_discovery:discover_packages(prefix_path) check parameters
[0.125s] Level 1:colcon.colcon_core.package_discovery:discover_packages(prefix_path) discover
[0.127s] DEBUG:colcon.colcon_installed_package_information.package_discovery:Found 382 installed packages in /opt/ros/jazzy
[0.128s] Level 1:colcon.colcon_core.package_discovery:discover_packages(prefix_path) using defaults
[0.155s] Level 5:colcon.colcon_core.verb:set package 'bumberbot_controller' build argument 'cmake_args' from command line to 'None'
[0.155s] Level 5:colcon.colcon_core.verb:set package 'bumberbot_controller' build argument 'cmake_target' from command line to 'None'
[0.155s] Level 5:colcon.colcon_core.verb:set package 'bumberbot_controller' build argument 'cmake_target_skip_unavailable' from command line to 'False'
[0.155s] Level 5:colcon.colcon_core.verb:set package 'bumberbot_controller' build argument 'cmake_clean_cache' from command line to 'False'
[0.155s] Level 5:colcon.colcon_core.verb:set package 'bumberbot_controller' build argument 'cmake_clean_first' from command line to 'False'
[0.155s] Level 5:colcon.colcon_core.verb:set package 'bumberbot_controller' build argument 'cmake_force_configure' from command line to 'False'
[0.155s] Level 5:colcon.colcon_core.verb:set package 'bumberbot_controller' build argument 'ament_cmake_args' from command line to 'None'
[0.155s] Level 5:colcon.colcon_core.verb:set package 'bumberbot_controller' build argument 'catkin_cmake_args' from command line to 'None'
[0.155s] Level 5:colcon.colcon_core.verb:set package 'bumberbot_controller' build argument 'catkin_skip_building_tests' from command line to 'False'
[0.155s] DEBUG:colcon.colcon_core.verb:Building package 'bumberbot_controller' with the following arguments: {'ament_cmake_args': None, 'build_base': '/home/harshdev/Documents/harsh/Learning-ROS/bumperbot/build/bumberbot_controller', 'catkin_cmake_args': None, 'catkin_skip_building_tests': False, 'cmake_args': None, 'cmake_clean_cache': False, 'cmake_clean_first': False, 'cmake_force_configure': False, 'cmake_target': None, 'cmake_target_skip_unavailable': False, 'install_base': '/home/harshdev/Documents/harsh/Learning-ROS/bumperbot/install/bumberbot_controller', 'merge_install': False, 'path': '/home/harshdev/Documents/harsh/Learning-ROS/bumperbot/src/bumberbot_controller', 'symlink_install': False, 'test_result_base': None}
[0.155s] Level 5:colcon.colcon_core.verb:set package 'bumperbot_description' build argument 'cmake_args' from command line to 'None'
[0.155s] Level 5:colcon.colcon_core.verb:set package 'bumperbot_description' build argument 'cmake_target' from command line to 'None'
[0.155s] Level 5:colcon.colcon_core.verb:set package 'bumperbot_description' build argument 'cmake_target_skip_unavailable' from command line to 'False'
[0.155s] Level 5:colcon.colcon_core.verb:set package 'bumperbot_description' build argument 'cmake_clean_cache' from command line to 'False'
[0.155s] Level 5:colcon.colcon_core.verb:set package 'bumperbot_description' build argument 'cmake_clean_first' from command line to 'False'
[0.155s] Level 5:colcon.colcon_core.verb:set package 'bumperbot_description' build argument 'cmake_force_configure' from command line to 'False'
[0.155s] Level 5:colcon.colcon_core.verb:set package 'bumperbot_description' build argument 'ament_cmake_args' from command line to 'None'
[0.155s] Level 5:colcon.colcon_core.verb:set package 'bumperbot_description' build argument 'catkin_cmake_args' from command line to 'None'
[0.155s] Level 5:colcon.colcon_core.verb:set package 'bumperbot_description' build argument 'catkin_skip_building_tests' from command line to 'False'
[0.155s] DEBUG:colcon.colcon_core.verb:Building package 'bumperbot_description' with the following arguments: {'ament_cmake_args': None, 'build_base': '/home/harshdev/Documents/harsh/Learning-ROS/bumperbot/build/bumperbot_description', 'catkin_cmake_args': None, 'catkin_skip_building_tests': False, 'cmake_args': None, 'cmake_clean_cache': False, 'cmake_clean_first': False, 'cmake_force_configure': False, 'cmake_target': None, 'cmake_target_skip_unavailable': False, 'install_base': '/home/harshdev/Documents/harsh/Learning-ROS/bumperbot/install/bumperbot_description', 'merge_install': False, 'path': '/home/harshdev/Documents/harsh/Learning-ROS/bumperbot/src/bumperbot_description', 'symlink_install': False, 'test_result_base': None}
[0.155s] Level 5:colcon.colcon_core.verb:set package 'bumperbot_package_py' build argument 'cmake_args' from command line to 'None'
[0.155s] Level 5:colcon.colcon_core.verb:set package 'bumperbot_package_py' build argument 'cmake_target' from command line to 'None'
[0.155s] Level 5:colcon.colcon_core.verb:set package 'bumperbot_package_py' build argument 'cmake_target_skip_unavailable' from command line to 'False'
[0.155s] Level 5:colcon.colcon_core.verb:set package 'bumperbot_package_py' build argument 'cmake_clean_cache' from command line to 'False'
[0.155s] Level 5:colcon.colcon_core.verb:set package 'bumperbot_package_py' build argument 'cmake_clean_first' from command line to 'False'
[0.155s] Level 5:colcon.colcon_core.verb:set package 'bumperbot_package_py' build argument 'cmake_force_configure' from command line to 'False'
[0.155s] Level 5:colcon.colcon_core.verb:set package 'bumperbot_package_py' build argument 'ament_cmake_args' from command line to 'None'
[0.155s] Level 5:colcon.colcon_core.verb:set package 'bumperbot_package_py' build argument 'catkin_cmake_args' from command line to 'None'
[0.155s] Level 5:colcon.colcon_core.verb:set package 'bumperbot_package_py' build argument 'catkin_skip_building_tests' from command line to 'False'
[0.155s] DEBUG:colcon.colcon_core.verb:Building package 'bumperbot_package_py' with the following arguments: {'ament_cmake_args': None, 'build_base': '/home/harshdev/Documents/harsh/Learning-ROS/bumperbot/build/bumperbot_package_py', 'catkin_cmake_args': None, 'catkin_skip_building_tests': False, 'cmake_args': None, 'cmake_clean_cache': False, 'cmake_clean_first': False, 'cmake_force_configure': False, 'cmake_target': None, 'cmake_target_skip_unavailable': False, 'install_base': '/home/harshdev/Documents/harsh/Learning-ROS/bumperbot/install/bumperbot_package_py', 'merge_install': False, 'path': '/home/harshdev/Documents/harsh/Learning-ROS/bumperbot/src/bumperbot_package_py', 'symlink_install': False, 'test_result_base': None}
[0.155s] INFO:colcon.colcon_core.executor:Executing jobs using 'parallel' executor
[0.156s] DEBUG:colcon.colcon_parallel_executor.executor.parallel:run_until_complete
[0.156s] INFO:colcon.colcon_ros.task.ament_cmake.build:Building ROS package in '/home/harshdev/Documents/harsh/Learning-ROS/bumperbot/src/bumberbot_controller' with build type 'ament_cmake'
[0.156s] INFO:colcon.colcon_cmake.task.cmake.build:Building CMake package in '/home/harshdev/Documents/harsh/Learning-ROS/bumperbot/src/bumberbot_controller'
[0.158s] INFO:colcon.colcon_core.plugin_system:Skipping extension 'colcon_core.shell.bat': Not used on non-Windows systems
[0.158s] INFO:colcon.colcon_core.shell:Skip shell extension 'powershell' for command environment: Not usable outside of PowerShell
[0.158s] DEBUG:colcon.colcon_core.shell:Skip shell extension 'dsv' for command environment
[0.160s] INFO:colcon.colcon_ros.task.ament_cmake.build:Building ROS package in '/home/harshdev/Documents/harsh/Learning-ROS/bumperbot/src/bumperbot_description' with build type 'ament_cmake'
[0.160s] INFO:colcon.colcon_cmake.task.cmake.build:Building CMake package in '/home/harshdev/Documents/harsh/Learning-ROS/bumperbot/src/bumperbot_description'
[0.160s] INFO:colcon.colcon_core.shell:Skip shell extension 'powershell' for command environment: Not usable outside of PowerShell
[0.160s] DEBUG:colcon.colcon_core.shell:Skip shell extension 'dsv' for command environment
[0.162s] INFO:colcon.colcon_ros.task.ament_python.build:Building ROS package in '/home/harshdev/Documents/harsh/Learning-ROS/bumperbot/src/bumperbot_package_py' with build type 'ament_python'
[0.162s] Level 1:colcon.colcon_core.shell:create_environment_hook('bumperbot_package_py', 'ament_prefix_path')
[0.162s] INFO:colcon.colcon_core.shell:Creating environment hook '/home/harshdev/Documents/harsh/Learning-ROS/bumperbot/install/bumperbot_package_py/share/bumperbot_package_py/hook/ament_prefix_path.ps1'
[0.163s] INFO:colcon.colcon_core.shell:Creating environment descriptor '/home/harshdev/Documents/harsh/Learning-ROS/bumperbot/install/bumperbot_package_py/share/bumperbot_package_py/hook/ament_prefix_path.dsv'
[0.163s] INFO:colcon.colcon_core.shell:Creating environment hook '/home/harshdev/Documents/harsh/Learning-ROS/bumperbot/install/bumperbot_package_py/share/bumperbot_package_py/hook/ament_prefix_path.sh'
[0.163s] INFO:colcon.colcon_core.shell:Skip shell extension 'powershell' for command environment: Not usable outside of PowerShell
[0.163s] DEBUG:colcon.colcon_core.shell:Skip shell extension 'dsv' for command environment
[0.168s] DEBUG:colcon.colcon_core.event_handler.log_command:Invoking command in '/home/harshdev/Documents/harsh/Learning-ROS/bumperbot/build/bumberbot_controller': CMAKE_PREFIX_PATH=${CMAKE_PREFIX_PATH}:/opt/ros/jazzy DEBUGINFOD_URLS=https://debuginfod.ubuntu.com /usr/bin/cmake /home/harshdev/Documents/harsh/Learning-ROS/bumperbot/src/bumberbot_controller -DCMAKE_INSTALL_PREFIX=/home/harshdev/Documents/harsh/Learning-ROS/bumperbot/install/bumberbot_controller
[0.170s] DEBUG:colcon.colcon_core.event_handler.log_command:Invoking command in '/home/harshdev/Documents/harsh/Learning-ROS/bumperbot/build/bumperbot_description': CMAKE_PREFIX_PATH=${CMAKE_PREFIX_PATH}:/opt/ros/jazzy DEBUGINFOD_URLS=https://debuginfod.ubuntu.com /usr/bin/cmake --build /home/harshdev/Documents/harsh/Learning-ROS/bumperbot/build/bumperbot_description -- -j12 -l12
[0.324s] INFO:colcon.colcon_core.task.python.build:Building Python package in '/home/harshdev/Documents/harsh/Learning-ROS/bumperbot/src/bumperbot_package_py'
[0.324s] INFO:colcon.colcon_core.shell:Skip shell extension 'powershell' for command environment: Not usable outside of PowerShell
[0.324s] DEBUG:colcon.colcon_core.shell:Skip shell extension 'dsv' for command environment
[0.528s] DEBUG:colcon.colcon_core.event_handler.log_command:Invoked command in '/home/harshdev/Documents/harsh/Learning-ROS/bumperbot/build/bumperbot_description' returned '0': CMAKE_PREFIX_PATH=${CMAKE_PREFIX_PATH}:/opt/ros/jazzy DEBUGINFOD_URLS=https://debuginfod.ubuntu.com /usr/bin/cmake --build /home/harshdev/Documents/harsh/Learning-ROS/bumperbot/build/bumperbot_description -- -j12 -l12
[0.539s] DEBUG:colcon.colcon_core.event_handler.log_command:Invoking command in '/home/harshdev/Documents/harsh/Learning-ROS/bumperbot/build/bumperbot_description': CMAKE_PREFIX_PATH=${CMAKE_PREFIX_PATH}:/opt/ros/jazzy DEBUGINFOD_URLS=https://debuginfod.ubuntu.com /usr/bin/cmake --install /home/harshdev/Documents/harsh/Learning-ROS/bumperbot/build/bumperbot_description
[0.563s] Level 1:colcon.colcon_core.environment:create_environment_scripts_only(bumperbot_description)
[0.566s] DEBUG:colcon.colcon_core.event_handler.log_command:Invoked command in '/home/harshdev/Documents/harsh/Learning-ROS/bumperbot/build/bumperbot_description' returned '0': CMAKE_PREFIX_PATH=${CMAKE_PREFIX_PATH}:/opt/ros/jazzy DEBUGINFOD_URLS=https://debuginfod.ubuntu.com /usr/bin/cmake --install /home/harshdev/Documents/harsh/Learning-ROS/bumperbot/build/bumperbot_description
[0.567s] Level 1:colcon.colcon_core.environment:checking '/home/harshdev/Documents/harsh/Learning-ROS/bumperbot/install/bumperbot_description' for CMake module files
[0.568s] Level 1:colcon.colcon_core.environment:checking '/home/harshdev/Documents/harsh/Learning-ROS/bumperbot/install/bumperbot_description' for CMake config files
[0.568s] Level 1:colcon.colcon_core.shell:create_environment_hook('bumperbot_description', 'cmake_prefix_path')
[0.568s] INFO:colcon.colcon_core.shell:Creating environment hook '/home/harshdev/Documents/harsh/Learning-ROS/bumperbot/install/bumperbot_description/share/bumperbot_description/hook/cmake_prefix_path.ps1'
[0.569s] INFO:colcon.colcon_core.shell:Creating environment descriptor '/home/harshdev/Documents/harsh/Learning-ROS/bumperbot/install/bumperbot_description/share/bumperbot_description/hook/cmake_prefix_path.dsv'
[0.569s] INFO:colcon.colcon_core.shell:Creating environment hook '/home/harshdev/Documents/harsh/Learning-ROS/bumperbot/install/bumperbot_description/share/bumperbot_description/hook/cmake_prefix_path.sh'
[0.570s] Level 1:colcon.colcon_core.environment:checking '/home/harshdev/Documents/harsh/Learning-ROS/bumperbot/install/bumperbot_description/bin'
[0.570s] Level 1:colcon.colcon_core.environment:checking '/home/harshdev/Documents/harsh/Learning-ROS/bumperbot/install/bumperbot_description/lib/pkgconfig/bumperbot_description.pc'
[0.571s] Level 1:colcon.colcon_core.environment:checking '/home/harshdev/Documents/harsh/Learning-ROS/bumperbot/install/bumperbot_description/lib/python3.12/site-packages'
[0.571s] Level 1:colcon.colcon_core.environment:checking '/home/harshdev/Documents/harsh/Learning-ROS/bumperbot/install/bumperbot_description/bin'
[0.571s] INFO:colcon.colcon_core.shell:Creating package script '/home/harshdev/Documents/harsh/Learning-ROS/bumperbot/install/bumperbot_description/share/bumperbot_description/package.ps1'
[0.572s] INFO:colcon.colcon_core.shell:Creating package descriptor '/home/harshdev/Documents/harsh/Learning-ROS/bumperbot/install/bumperbot_description/share/bumperbot_description/package.dsv'
[0.573s] INFO:colcon.colcon_core.shell:Creating package script '/home/harshdev/Documents/harsh/Learning-ROS/bumperbot/install/bumperbot_description/share/bumperbot_description/package.sh'
[0.573s] INFO:colcon.colcon_core.shell:Creating package script '/home/harshdev/Documents/harsh/Learning-ROS/bumperbot/install/bumperbot_description/share/bumperbot_description/package.bash'
[0.574s] INFO:colcon.colcon_core.shell:Creating package script '/home/harshdev/Documents/harsh/Learning-ROS/bumperbot/install/bumperbot_description/share/bumperbot_description/package.zsh'
[0.574s] Level 1:colcon.colcon_core.environment:create_file_with_runtime_dependencies(/home/harshdev/Documents/harsh/Learning-ROS/bumperbot/install/bumperbot_description/share/colcon-core/packages/bumperbot_description)
[0.574s] Level 1:colcon.colcon_core.environment:create_environment_scripts_only(bumperbot_description)
[0.574s] Level 1:colcon.colcon_core.environment:checking '/home/harshdev/Documents/harsh/Learning-ROS/bumperbot/install/bumperbot_description' for CMake module files
[0.575s] Level 1:colcon.colcon_core.environment:checking '/home/harshdev/Documents/harsh/Learning-ROS/bumperbot/install/bumperbot_description' for CMake config files
[0.575s] Level 1:colcon.colcon_core.shell:create_environment_hook('bumperbot_description', 'cmake_prefix_path')
[0.575s] INFO:colcon.colcon_core.shell:Creating environment hook '/home/harshdev/Documents/harsh/Learning-ROS/bumperbot/install/bumperbot_description/share/bumperbot_description/hook/cmake_prefix_path.ps1'
[0.575s] INFO:colcon.colcon_core.shell:Creating environment descriptor '/home/harshdev/Documents/harsh/Learning-ROS/bumperbot/install/bumperbot_description/share/bumperbot_description/hook/cmake_prefix_path.dsv'
[0.576s] INFO:colcon.colcon_core.shell:Creating environment hook '/home/harshdev/Documents/harsh/Learning-ROS/bumperbot/install/bumperbot_description/share/bumperbot_description/hook/cmake_prefix_path.sh'
[0.576s] Level 1:colcon.colcon_core.environment:checking '/home/harshdev/Documents/harsh/Learning-ROS/bumperbot/install/bumperbot_description/bin'
[0.576s] Level 1:colcon.colcon_core.environment:checking '/home/harshdev/Documents/harsh/Learning-ROS/bumperbot/install/bumperbot_description/lib/pkgconfig/bumperbot_description.pc'
[0.576s] Level 1:colcon.colcon_core.environment:checking '/home/harshdev/Documents/harsh/Learning-ROS/bumperbot/install/bumperbot_description/lib/python3.12/site-packages'
[0.576s] Level 1:colcon.colcon_core.environment:checking '/home/harshdev/Documents/harsh/Learning-ROS/bumperbot/install/bumperbot_description/bin'
[0.576s] INFO:colcon.colcon_core.shell:Creating package script '/home/harshdev/Documents/harsh/Learning-ROS/bumperbot/install/bumperbot_description/share/bumperbot_description/package.ps1'
[0.577s] INFO:colcon.colcon_core.shell:Creating package descriptor '/home/harshdev/Documents/harsh/Learning-ROS/bumperbot/install/bumperbot_description/share/bumperbot_description/package.dsv'
[0.577s] INFO:colcon.colcon_core.shell:Creating package script '/home/harshdev/Documents/harsh/Learning-ROS/bumperbot/install/bumperbot_description/share/bumperbot_description/package.sh'
[0.577s] INFO:colcon.colcon_core.shell:Creating package script '/home/harshdev/Documents/harsh/Learning-ROS/bumperbot/install/bumperbot_description/share/bumperbot_description/package.bash'
[0.578s] INFO:colcon.colcon_core.shell:Creating package script '/home/harshdev/Documents/harsh/Learning-ROS/bumperbot/install/bumperbot_description/share/bumperbot_description/package.zsh'
[0.578s] Level 1:colcon.colcon_core.environment:create_file_with_runtime_dependencies(/home/harshdev/Documents/harsh/Learning-ROS/bumperbot/install/bumperbot_description/share/colcon-core/packages/bumperbot_description)
[0.779s] DEBUG:colcon.colcon_core.event_handler.log_command:Invoking command in '/home/harshdev/Documents/harsh/Learning-ROS/bumperbot/src/bumperbot_package_py': DEBUGINFOD_URLS=https://debuginfod.ubuntu.com PYTHONPATH=/home/harshdev/Documents/harsh/Learning-ROS/bumperbot/build/bumperbot_package_py/prefix_override:/usr/lib/python3/dist-packages/colcon_core/task/python/colcon_distutils_commands:/home/harshdev/Documents/harsh/Learning-ROS/bumperbot/install/bumperbot_package_py/lib/python3.12/site-packages:${PYTHONPATH} /usr/bin/python3 -W ignore:setup.py install is deprecated -W ignore:easy_install command is deprecated setup.py egg_info --egg-base ../../build/bumperbot_package_py build --build-base /home/harshdev/Documents/harsh/Learning-ROS/bumperbot/build/bumperbot_package_py/build install --record /home/harshdev/Documents/harsh/Learning-ROS/bumperbot/build/bumperbot_package_py/install.log --single-version-externally-managed install_data
[0.859s] DEBUG:colcon.colcon_core.event_handler.log_command:Invoked command in '/home/harshdev/Documents/harsh/Learning-ROS/bumperbot/build/bumberbot_controller' returned '0': CMAKE_PREFIX_PATH=${CMAKE_PREFIX_PATH}:/opt/ros/jazzy DEBUGINFOD_URLS=https://debuginfod.ubuntu.com /usr/bin/cmake /home/harshdev/Documents/harsh/Learning-ROS/bumperbot/src/bumberbot_controller -DCMAKE_INSTALL_PREFIX=/home/harshdev/Documents/harsh/Learning-ROS/bumperbot/install/bumberbot_controller
[0.860s] DEBUG:colcon.colcon_core.event_handler.log_command:Invoking command in '/home/harshdev/Documents/harsh/Learning-ROS/bumperbot/build/bumberbot_controller': CMAKE_PREFIX_PATH=${CMAKE_PREFIX_PATH}:/opt/ros/jazzy DEBUGINFOD_URLS=https://debuginfod.ubuntu.com /usr/bin/cmake --build /home/harshdev/Documents/harsh/Learning-ROS/bumperbot/build/bumberbot_controller -- -j12 -l12
[0.899s] DEBUG:colcon.colcon_core.event_handler.log_command:Invoked command in '/home/harshdev/Documents/harsh/Learning-ROS/bumperbot/build/bumberbot_controller' returned '0': CMAKE_PREFIX_PATH=${CMAKE_PREFIX_PATH}:/opt/ros/jazzy DEBUGINFOD_URLS=https://debuginfod.ubuntu.com /usr/bin/cmake --build /home/harshdev/Documents/harsh/Learning-ROS/bumperbot/build/bumberbot_controller -- -j12 -l12
[0.900s] DEBUG:colcon.colcon_core.event_handler.log_command:Invoking command in '/home/harshdev/Documents/harsh/Learning-ROS/bumperbot/build/bumberbot_controller': CMAKE_PREFIX_PATH=${CMAKE_PREFIX_PATH}:/opt/ros/jazzy DEBUGINFOD_URLS=https://debuginfod.ubuntu.com /usr/bin/cmake --install /home/harshdev/Documents/harsh/Learning-ROS/bumperbot/build/bumberbot_controller
[0.913s] Level 1:colcon.colcon_core.environment:create_environment_scripts_only(bumberbot_controller)
[0.913s] Level 1:colcon.colcon_core.environment:checking '/home/harshdev/Documents/harsh/Learning-ROS/bumperbot/install/bumberbot_controller' for CMake module files
[0.914s] DEBUG:colcon.colcon_core.event_handler.log_command:Invoked command in '/home/harshdev/Documents/harsh/Learning-ROS/bumperbot/build/bumberbot_controller' returned '0': CMAKE_PREFIX_PATH=${CMAKE_PREFIX_PATH}:/opt/ros/jazzy DEBUGINFOD_URLS=https://debuginfod.ubuntu.com /usr/bin/cmake --install /home/harshdev/Documents/harsh/Learning-ROS/bumperbot/build/bumberbot_controller
[0.914s] Level 1:colcon.colcon_core.environment:checking '/home/harshdev/Documents/harsh/Learning-ROS/bumperbot/install/bumberbot_controller' for CMake config files
[0.914s] Level 1:colcon.colcon_core.shell:create_environment_hook('bumberbot_controller', 'cmake_prefix_path')
[0.914s] INFO:colcon.colcon_core.shell:Creating environment hook '/home/harshdev/Documents/harsh/Learning-ROS/bumperbot/install/bumberbot_controller/share/bumberbot_controller/hook/cmake_prefix_path.ps1'
[0.915s] INFO:colcon.colcon_core.shell:Creating environment descriptor '/home/harshdev/Documents/harsh/Learning-ROS/bumperbot/install/bumberbot_controller/share/bumberbot_controller/hook/cmake_prefix_path.dsv'
[0.915s] INFO:colcon.colcon_core.shell:Creating environment hook '/home/harshdev/Documents/harsh/Learning-ROS/bumperbot/install/bumberbot_controller/share/bumberbot_controller/hook/cmake_prefix_path.sh'
[0.916s] Level 1:colcon.colcon_core.environment:checking '/home/harshdev/Documents/harsh/Learning-ROS/bumperbot/install/bumberbot_controller/bin'
[0.916s] Level 1:colcon.colcon_core.environment:checking '/home/harshdev/Documents/harsh/Learning-ROS/bumperbot/install/bumberbot_controller/lib/pkgconfig/bumberbot_controller.pc'
[0.916s] Level 1:colcon.colcon_core.environment:checking '/home/harshdev/Documents/harsh/Learning-ROS/bumperbot/install/bumberbot_controller/lib/python3.12/site-packages'
[0.917s] Level 1:colcon.colcon_core.environment:checking '/home/harshdev/Documents/harsh/Learning-ROS/bumperbot/install/bumberbot_controller/bin'
[0.917s] INFO:colcon.colcon_core.shell:Creating package script '/home/harshdev/Documents/harsh/Learning-ROS/bumperbot/install/bumberbot_controller/share/bumberbot_controller/package.ps1'
[0.917s] INFO:colcon.colcon_core.shell:Creating package descriptor '/home/harshdev/Documents/harsh/Learning-ROS/bumperbot/install/bumberbot_controller/share/bumberbot_controller/package.dsv'
[0.918s] INFO:colcon.colcon_core.shell:Creating package script '/home/harshdev/Documents/harsh/Learning-ROS/bumperbot/install/bumberbot_controller/share/bumberbot_controller/package.sh'
[0.918s] INFO:colcon.colcon_core.shell:Creating package script '/home/harshdev/Documents/harsh/Learning-ROS/bumperbot/install/bumberbot_controller/share/bumberbot_controller/package.bash'
[0.918s] INFO:colcon.colcon_core.shell:Creating package script '/home/harshdev/Documents/harsh/Learning-ROS/bumperbot/install/bumberbot_controller/share/bumberbot_controller/package.zsh'
[0.919s] Level 1:colcon.colcon_core.environment:create_file_with_runtime_dependencies(/home/harshdev/Documents/harsh/Learning-ROS/bumperbot/install/bumberbot_controller/share/colcon-core/packages/bumberbot_controller)
[0.919s] Level 1:colcon.colcon_core.environment:create_environment_scripts_only(bumberbot_controller)
[0.919s] Level 1:colcon.colcon_core.environment:checking '/home/harshdev/Documents/harsh/Learning-ROS/bumperbot/install/bumberbot_controller' for CMake module files
[0.920s] Level 1:colcon.colcon_core.environment:checking '/home/harshdev/Documents/harsh/Learning-ROS/bumperbot/install/bumberbot_controller' for CMake config files
[0.920s] Level 1:colcon.colcon_core.shell:create_environment_hook('bumberbot_controller', 'cmake_prefix_path')
[0.920s] INFO:colcon.colcon_core.shell:Creating environment hook '/home/harshdev/Documents/harsh/Learning-ROS/bumperbot/install/bumberbot_controller/share/bumberbot_controller/hook/cmake_prefix_path.ps1'
[0.921s] INFO:colcon.colcon_core.shell:Creating environment descriptor '/home/harshdev/Documents/harsh/Learning-ROS/bumperbot/install/bumberbot_controller/share/bumberbot_controller/hook/cmake_prefix_path.dsv'
[0.921s] INFO:colcon.colcon_core.shell:Creating environment hook '/home/harshdev/Documents/harsh/Learning-ROS/bumperbot/install/bumberbot_controller/share/bumberbot_controller/hook/cmake_prefix_path.sh'
[0.922s] Level 1:colcon.colcon_core.environment:checking '/home/harshdev/Documents/harsh/Learning-ROS/bumperbot/install/bumberbot_controller/bin'
[0.922s] Level 1:colcon.colcon_core.environment:checking '/home/harshdev/Documents/harsh/Learning-ROS/bumperbot/install/bumberbot_controller/lib/pkgconfig/bumberbot_controller.pc'
[0.922s] Level 1:colcon.colcon_core.environment:checking '/home/harshdev/Documents/harsh/Learning-ROS/bumperbot/install/bumberbot_controller/lib/python3.12/site-packages'
[0.922s] Level 1:colcon.colcon_core.environment:checking '/home/harshdev/Documents/harsh/Learning-ROS/bumperbot/install/bumberbot_controller/bin'
[0.922s] INFO:colcon.colcon_core.shell:Creating package script '/home/harshdev/Documents/harsh/Learning-ROS/bumperbot/install/bumberbot_controller/share/bumberbot_controller/package.ps1'
[0.923s] INFO:colcon.colcon_core.shell:Creating package descriptor '/home/harshdev/Documents/harsh/Learning-ROS/bumperbot/install/bumberbot_controller/share/bumberbot_controller/package.dsv'
[0.923s] INFO:colcon.colcon_core.shell:Creating package script '/home/harshdev/Documents/harsh/Learning-ROS/bumperbot/install/bumberbot_controller/share/bumberbot_controller/package.sh'
[0.924s] INFO:colcon.colcon_core.shell:Creating package script '/home/harshdev/Documents/harsh/Learning-ROS/bumperbot/install/bumberbot_controller/share/bumberbot_controller/package.bash'
[0.924s] INFO:colcon.colcon_core.shell:Creating package script '/home/harshdev/Documents/harsh/Learning-ROS/bumperbot/install/bumberbot_controller/share/bumberbot_controller/package.zsh'
[0.925s] Level 1:colcon.colcon_core.environment:create_file_with_runtime_dependencies(/home/harshdev/Documents/harsh/Learning-ROS/bumperbot/install/bumberbot_controller/share/colcon-core/packages/bumberbot_controller)
[1.123s] Level 1:colcon.colcon_core.environment:checking '/home/harshdev/Documents/harsh/Learning-ROS/bumperbot/install/bumperbot_package_py' for CMake module files
[1.124s] DEBUG:colcon.colcon_core.event_handler.log_command:Invoked command in '/home/harshdev/Documents/harsh/Learning-ROS/bumperbot/src/bumperbot_package_py' returned '0': DEBUGINFOD_URLS=https://debuginfod.ubuntu.com PYTHONPATH=/home/harshdev/Documents/harsh/Learning-ROS/bumperbot/build/bumperbot_package_py/prefix_override:/usr/lib/python3/dist-packages/colcon_core/task/python/colcon_distutils_commands:/home/harshdev/Documents/harsh/Learning-ROS/bumperbot/install/bumperbot_package_py/lib/python3.12/site-packages:${PYTHONPATH} /usr/bin/python3 -W ignore:setup.py install is deprecated -W ignore:easy_install command is deprecated setup.py egg_info --egg-base ../../build/bumperbot_package_py build --build-base /home/harshdev/Documents/harsh/Learning-ROS/bumperbot/build/bumperbot_package_py/build install --record /home/harshdev/Documents/harsh/Learning-ROS/bumperbot/build/bumperbot_package_py/install.log --single-version-externally-managed install_data
[1.124s] Level 1:colcon.colcon_core.environment:checking '/home/harshdev/Documents/harsh/Learning-ROS/bumperbot/install/bumperbot_package_py' for CMake config files
[1.125s] Level 1:colcon.colcon_core.environment:checking '/home/harshdev/Documents/harsh/Learning-ROS/bumperbot/install/bumperbot_package_py/lib'
[1.125s] Level 1:colcon.colcon_core.environment:checking '/home/harshdev/Documents/harsh/Learning-ROS/bumperbot/install/bumperbot_package_py/bin'
[1.125s] Level 1:colcon.colcon_core.environment:checking '/home/harshdev/Documents/harsh/Learning-ROS/bumperbot/install/bumperbot_package_py/lib/pkgconfig/bumperbot_package_py.pc'
[1.126s] Level 1:colcon.colcon_core.environment:checking '/home/harshdev/Documents/harsh/Learning-ROS/bumperbot/install/bumperbot_package_py/lib/python3.12/site-packages'
[1.126s] Level 1:colcon.colcon_core.shell:create_environment_hook('bumperbot_package_py', 'pythonpath')
[1.126s] INFO:colcon.colcon_core.shell:Creating environment hook '/home/harshdev/Documents/harsh/Learning-ROS/bumperbot/install/bumperbot_package_py/share/bumperbot_package_py/hook/pythonpath.ps1'
[1.126s] INFO:colcon.colcon_core.shell:Creating environment descriptor '/home/harshdev/Documents/harsh/Learning-ROS/bumperbot/install/bumperbot_package_py/share/bumperbot_package_py/hook/pythonpath.dsv'
[1.126s] INFO:colcon.colcon_core.shell:Creating environment hook '/home/harshdev/Documents/harsh/Learning-ROS/bumperbot/install/bumperbot_package_py/share/bumperbot_package_py/hook/pythonpath.sh'
[1.127s] Level 1:colcon.colcon_core.environment:checking '/home/harshdev/Documents/harsh/Learning-ROS/bumperbot/install/bumperbot_package_py/bin'
[1.127s] Level 1:colcon.colcon_core.environment:create_environment_scripts_only(bumperbot_package_py)
[1.127s] INFO:colcon.colcon_core.shell:Creating package script '/home/harshdev/Documents/harsh/Learning-ROS/bumperbot/install/bumperbot_package_py/share/bumperbot_package_py/package.ps1'
[1.127s] INFO:colcon.colcon_core.shell:Creating package descriptor '/home/harshdev/Documents/harsh/Learning-ROS/bumperbot/install/bumperbot_package_py/share/bumperbot_package_py/package.dsv'
[1.127s] INFO:colcon.colcon_core.shell:Creating package script '/home/harshdev/Documents/harsh/Learning-ROS/bumperbot/install/bumperbot_package_py/share/bumperbot_package_py/package.sh'
[1.128s] INFO:colcon.colcon_core.shell:Creating package script '/home/harshdev/Documents/harsh/Learning-ROS/bumperbot/install/bumperbot_package_py/share/bumperbot_package_py/package.bash'
[1.128s] INFO:colcon.colcon_core.shell:Creating package script '/home/harshdev/Documents/harsh/Learning-ROS/bumperbot/install/bumperbot_package_py/share/bumperbot_package_py/package.zsh'
[1.128s] Level 1:colcon.colcon_core.environment:create_file_with_runtime_dependencies(/home/harshdev/Documents/harsh/Learning-ROS/bumperbot/install/bumperbot_package_py/share/colcon-core/packages/bumperbot_package_py)
[1.128s] DEBUG:colcon.colcon_parallel_executor.executor.parallel:closing loop
[1.128s] DEBUG:colcon.colcon_parallel_executor.executor.parallel:loop closed
[1.128s] DEBUG:colcon.colcon_parallel_executor.executor.parallel:run_until_complete finished with '0'
[1.128s] DEBUG:colcon.colcon_core.event_reactor:joining thread
[1.133s] INFO:colcon.colcon_core.plugin_system:Skipping extension 'colcon_notification.desktop_notification.terminal_notifier': Not used on non-Darwin systems
[1.133s] INFO:colcon.colcon_core.plugin_system:Skipping extension 'colcon_notification.desktop_notification.win32': Not used on non-Windows systems
[1.133s] INFO:colcon.colcon_notification.desktop_notification:Sending desktop notification using 'notify2'
[1.145s] DEBUG:colcon.colcon_core.event_reactor:joined thread
[1.145s] INFO:colcon.colcon_core.shell:Creating prefix script '/home/harshdev/Documents/harsh/Learning-ROS/bumperbot/install/local_setup.ps1'
[1.146s] INFO:colcon.colcon_core.shell:Creating prefix util module '/home/harshdev/Documents/harsh/Learning-ROS/bumperbot/install/_local_setup_util_ps1.py'
[1.146s] INFO:colcon.colcon_core.shell:Creating prefix chain script '/home/harshdev/Documents/harsh/Learning-ROS/bumperbot/install/setup.ps1'
[1.147s] INFO:colcon.colcon_core.shell:Creating prefix script '/home/harshdev/Documents/harsh/Learning-ROS/bumperbot/install/local_setup.sh'
[1.147s] INFO:colcon.colcon_core.shell:Creating prefix util module '/home/harshdev/Documents/harsh/Learning-ROS/bumperbot/install/_local_setup_util_sh.py'
[1.148s] INFO:colcon.colcon_core.shell:Creating prefix chain script '/home/harshdev/Documents/harsh/Learning-ROS/bumperbot/install/setup.sh'
[1.148s] INFO:colcon.colcon_core.shell:Creating prefix script '/home/harshdev/Documents/harsh/Learning-ROS/bumperbot/install/local_setup.bash'
[1.149s] INFO:colcon.colcon_core.shell:Creating prefix chain script '/home/harshdev/Documents/harsh/Learning-ROS/bumperbot/install/setup.bash'
[1.149s] INFO:colcon.colcon_core.shell:Creating prefix script '/home/harshdev/Documents/harsh/Learning-ROS/bumperbot/install/local_setup.zsh'
[1.149s] INFO:colcon.colcon_core.shell:Creating prefix chain script '/home/harshdev/Documents/harsh/Learning-ROS/bumperbot/install/setup.zsh'
