[0.011s] Invoking command in '/home/harshdev/Documents/harsh/Learning-ROS/bumperbot/build/bumberbot_controller': CMAKE_PREFIX_PATH=${CMAKE_PREFIX_PATH}:/opt/ros/jazzy DEBUGINFOD_URLS=https://debuginfod.ubuntu.com /usr/bin/cmake /home/harshdev/Documents/harsh/Learning-ROS/bumperbot/src/bumberbot_controller -DCMAKE_INSTALL_PREFIX=/home/harshdev/Documents/harsh/Learning-ROS/bumperbot/install/bumberbot_controller
[0.065s] -- The C compiler identification is GNU 13.3.0
[0.124s] -- The CXX compiler identification is GNU 13.3.0
[0.140s] -- Detecting C compiler ABI info
[0.231s] -- Detecting C compiler ABI info - done
[0.243s] -- Check for working C compiler: /usr/bin/cc - skipped
[0.243s] -- Detecting C compile features
[0.243s] -- Detecting C compile features - done
[0.253s] -- Detecting CXX compiler ABI info
[0.347s] -- Detecting CXX compiler ABI info - done
[0.359s] -- Check for working CXX compiler: /usr/bin/c++ - skipped
[0.359s] -- Detecting CXX compile features
[0.360s] -- Detecting CXX compile features - done
[0.365s] -- Found ament_cmake: 2.5.3 (/opt/ros/jazzy/share/ament_cmake/cmake)
[0.498s] -- Found Python3: /usr/bin/python3 (found version "3.12.3") found components: Interpreter 
[0.611s] -- Found ament_lint_auto: 0.17.1 (/opt/ros/jazzy/share/ament_lint_auto/cmake)
[0.693s] -- Added test 'lint_cmake' to check CMake code style
[0.694s] -- Added test 'xmllint' to check XML markup files
[0.695s] -- Configuring done (0.7s)
[0.696s] -- Generating done (0.0s)
[0.697s] -- Build files have been written to: /home/harshdev/Documents/harsh/Learning-ROS/bumperbot/build/bumberbot_controller
[0.702s] Invoked command in '/home/harshdev/Documents/harsh/Learning-ROS/bumperbot/build/bumberbot_controller' returned '0': CMAKE_PREFIX_PATH=${CMAKE_PREFIX_PATH}:/opt/ros/jazzy DEBUGINFOD_URLS=https://debuginfod.ubuntu.com /usr/bin/cmake /home/harshdev/Documents/harsh/Learning-ROS/bumperbot/src/bumberbot_controller -DCMAKE_INSTALL_PREFIX=/home/harshdev/Documents/harsh/Learning-ROS/bumperbot/install/bumberbot_controller
[0.703s] Invoking command in '/home/harshdev/Documents/harsh/Learning-ROS/bumperbot/build/bumberbot_controller': CMAKE_PREFIX_PATH=${CMAKE_PREFIX_PATH}:/opt/ros/jazzy DEBUGINFOD_URLS=https://debuginfod.ubuntu.com /usr/bin/cmake --build /home/harshdev/Documents/harsh/Learning-ROS/bumperbot/build/bumberbot_controller -- -j12 -l12
[0.742s] Invoked command in '/home/harshdev/Documents/harsh/Learning-ROS/bumperbot/build/bumberbot_controller' returned '0': CMAKE_PREFIX_PATH=${CMAKE_PREFIX_PATH}:/opt/ros/jazzy DEBUGINFOD_URLS=https://debuginfod.ubuntu.com /usr/bin/cmake --build /home/harshdev/Documents/harsh/Learning-ROS/bumperbot/build/bumberbot_controller -- -j12 -l12
[0.743s] Invoking command in '/home/harshdev/Documents/harsh/Learning-ROS/bumperbot/build/bumberbot_controller': CMAKE_PREFIX_PATH=${CMAKE_PREFIX_PATH}:/opt/ros/jazzy DEBUGINFOD_URLS=https://debuginfod.ubuntu.com /usr/bin/cmake --install /home/harshdev/Documents/harsh/Learning-ROS/bumperbot/build/bumberbot_controller
[0.752s] -- Install configuration: ""
[0.752s] -- Installing: /home/harshdev/Documents/harsh/Learning-ROS/bumperbot/install/bumberbot_controller/share/ament_index/resource_index/package_run_dependencies/bumberbot_controller
[0.753s] -- Installing: /home/harshdev/Documents/harsh/Learning-ROS/bumperbot/install/bumberbot_controller/share/ament_index/resource_index/parent_prefix_path/bumberbot_controller
[0.753s] -- Installing: /home/harshdev/Documents/harsh/Learning-ROS/bumperbot/install/bumberbot_controller/share/bumberbot_controller/environment/ament_prefix_path.sh
[0.753s] -- Installing: /home/harshdev/Documents/harsh/Learning-ROS/bumperbot/install/bumberbot_controller/share/bumberbot_controller/environment/ament_prefix_path.dsv
[0.753s] -- Installing: /home/harshdev/Documents/harsh/Learning-ROS/bumperbot/install/bumberbot_controller/share/bumberbot_controller/environment/path.sh
[0.753s] -- Installing: /home/harshdev/Documents/harsh/Learning-ROS/bumperbot/install/bumberbot_controller/share/bumberbot_controller/environment/path.dsv
[0.753s] -- Installing: /home/harshdev/Documents/harsh/Learning-ROS/bumperbot/install/bumberbot_controller/share/bumberbot_controller/local_setup.bash
[0.754s] -- Installing: /home/harshdev/Documents/harsh/Learning-ROS/bumperbot/install/bumberbot_controller/share/bumberbot_controller/local_setup.sh
[0.754s] -- Installing: /home/harshdev/Documents/harsh/Learning-ROS/bumperbot/install/bumberbot_controller/share/bumberbot_controller/local_setup.zsh
[0.754s] -- Installing: /home/harshdev/Documents/harsh/Learning-ROS/bumperbot/install/bumberbot_controller/share/bumberbot_controller/local_setup.dsv
[0.754s] -- Installing: /home/harshdev/Documents/harsh/Learning-ROS/bumperbot/install/bumberbot_controller/share/bumberbot_controller/package.dsv
[0.754s] -- Installing: /home/harshdev/Documents/harsh/Learning-ROS/bumperbot/install/bumberbot_controller/share/ament_index/resource_index/packages/bumberbot_controller
[0.754s] -- Installing: /home/harshdev/Documents/harsh/Learning-ROS/bumperbot/install/bumberbot_controller/share/bumberbot_controller/cmake/bumberbot_controllerConfig.cmake
[0.754s] -- Installing: /home/harshdev/Documents/harsh/Learning-ROS/bumperbot/install/bumberbot_controller/share/bumberbot_controller/cmake/bumberbot_controllerConfig-version.cmake
[0.754s] -- Installing: /home/harshdev/Documents/harsh/Learning-ROS/bumperbot/install/bumberbot_controller/share/bumberbot_controller/package.xml
[0.757s] Invoked command in '/home/harshdev/Documents/harsh/Learning-ROS/bumperbot/build/bumberbot_controller' returned '0': CMAKE_PREFIX_PATH=${CMAKE_PREFIX_PATH}:/opt/ros/jazzy DEBUGINFOD_URLS=https://debuginfod.ubuntu.com /usr/bin/cmake --install /home/harshdev/Documents/harsh/Learning-ROS/bumperbot/build/bumberbot_controller
