[0.020s] Invoking command in '/home/harshdev/Learning-ROS/basicbotws/build/joy_to_cmdvel': CMAKE_PREFIX_PATH=${CMAKE_PREFIX_PATH}:/opt/ros/jazzy DEBUGINFOD_URLS=https://debuginfod.ubuntu.com /usr/bin/cmake /home/harshdev/Learning-ROS/basicbotws/src/joy_to_cmdvel -DCMAKE_INSTALL_PREFIX=/home/harshdev/Learning-ROS/basicbotws/install/joy_to_cmdvel
[0.188s] -- The C compiler identification is GNU 13.3.0
[0.320s] -- The CXX compiler identification is GNU 13.3.0
[0.346s] -- Detecting C compiler ABI info
[0.512s] -- Detecting C compiler ABI info - done
[0.529s] -- Check for working C compiler: /usr/bin/cc - skipped
[0.531s] -- Detecting C compile features
[0.532s] -- Detecting C compile features - done
[0.552s] -- Detecting CXX compiler ABI info
[0.710s] -- Detecting CXX compiler ABI info - done
[0.733s] -- Check for working CXX compiler: /usr/bin/c++ - skipped
[0.733s] -- Detecting CXX compile features
[0.734s] -- Detecting CXX compile features - done
[0.747s] -- Found ament_cmake: 2.5.3 (/opt/ros/jazzy/share/ament_cmake/cmake)
[0.992s] -- Found Python3: /usr/bin/python3 (found version "3.12.3") found components: Interpreter 
[1.133s] [31mCMake Error at /opt/ros/jazzy/share/ament_cmake_target_dependencies/cmake/ament_target_dependencies.cmake:77 (message):
[1.133s]   ament_target_dependencies() the passed package name 'rclcpp' was not found
[1.133s]   before
[1.133s] Call Stack (most recent call first):
[1.133s]   CMakeLists.txt:16 (ament_target_dependencies)
[1.134s] 
[1.134s] [0m
[1.134s] -- Configuring incomplete, errors occurred!
[1.140s] Invoked command in '/home/harshdev/Learning-ROS/basicbotws/build/joy_to_cmdvel' returned '1': CMAKE_PREFIX_PATH=${CMAKE_PREFIX_PATH}:/opt/ros/jazzy DEBUGINFOD_URLS=https://debuginfod.ubuntu.com /usr/bin/cmake /home/harshdev/Learning-ROS/basicbotws/src/joy_to_cmdvel -DCMAKE_INSTALL_PREFIX=/home/harshdev/Learning-ROS/basicbotws/install/joy_to_cmdvel
